[INFO] Scanning for projects...
[INFO]                                                                         
[INFO] ------------------------------------------------------------------------
[INFO] Building eu.supersede.if.api 0.4.0-SNAPSHOT
[INFO] ------------------------------------------------------------------------
[WARNING] The POM for org.wso2.carbon:org.wso2.carbon.um.ws.api.stub:jar:4.2.2 is missing, no dependency information available
[WARNING] The POM for org.wso2.carbon:org.wso2.carbon.tenant.mgt.stub:jar:4.2.0 is missing, no dependency information available
[WARNING] The POM for org.wso2.carbon:org.wso2.carbon.um.ws.api:jar:4.2.2 is missing, no dependency information available
[WARNING] The POM for org.wso2.carbon:org.wso2.carbon.user.api:jar:4.2.0 is missing, no dependency information available
[WARNING] The POM for org.wso2.carbon:org.wso2.carbon.user.core:jar:4.2.0 is missing, no dependency information available
[WARNING] The POM for org.wso2.carbon:org.wso2.carbon.utils:jar:4.2.0 is missing, no dependency information available
[WARNING] The POM for opensaml.wso2:opensaml2:jar:2.4.1.wso2v1 is missing, no dependency information available
[WARNING] The POM for org.apache.geronimo.specs.wso2:geronimo-jms_1.1_spec:jar:1.1.0.wso2v1 is missing, no dependency information available
[WARNING] The POM for org.wso2.carbon:org.wso2.carbon.logging:jar:4.4.1 is missing, no dependency information available
[INFO] 
[INFO] --- pitest-maven:1.4.2:mutationCoverage (default-cli) @ eu.supersede.if.api ---
[INFO] Found plugin : Default csv report plugin
[INFO] Found plugin : Default xml report plugin
[INFO] Found plugin : Default html report plugin
[INFO] Found plugin : Static initializer code detector plugin
[INFO] Found plugin : Static initializer filter plugin
[INFO] Found plugin : Excluded annotations plugin
[INFO] Found plugin : Inlined finally block filter plugin
[INFO] Found plugin : Try with resources filter
[INFO] Found plugin : Implicit null check filter
[INFO] Found plugin : For each loop filter
[INFO] Found plugin : Logging calls filter
[INFO] Found plugin : Infinite for loop filter
[INFO] Found plugin : Long running iterator loop filter
[INFO] Found plugin : For loop counter filter
[INFO] Found plugin : Kotlin junk mutations filter
[INFO] Found plugin : Max mutations per class limit
[INFO] Found plugin : Equals shortcut equivalent mutant filter
[INFO] Found plugin : Trivial return vals equivalence filter
[INFO] Found plugin : Mutant export plugin
[INFO] Found shared classpath plugin : Default mutation engine
[INFO] Found shared classpath plugin : JUnit plugin
[INFO] Found shared classpath plugin : TestNG plugin
[INFO] Adding org.pitest:pitest to SUT classpath
[INFO] Mutating from /home/stamp/Git/Supersede/integration/IF/API/eu.supersede.if.api/target/classes
[INFO] Defaulting target classes to match packages in build directory
3:49:47 PM PIT >> INFO : Verbose logging is disabled. If you encounter an problem please enable it before reporting an issue.
3:49:48 PM PIT >> INFO : Sending 280 test classes to minion
3:49:48 PM PIT >> INFO : Sent tests to minion
3:49:48 PM PIT >> INFO : MINION : 3:49:48 PM PIT >> INFO : Checking environment

3:49:49 PM PIT >> INFO : MINION : 3:49:49 PM PIT >> INFO : Found  24 tests

3:49:49 PM PIT >> INFO : MINION : 3:49:49 PM PIT >> INFO : Dependency analysis reduced number of potential tests by 0
3:49:49 PM PIT >> INFO : 24 tests received

3:49:51 PM PIT >> INFO : MINION : 3:49:51 PM PIT >> WARNING : More threads at end of test (5) eu.supersede.integration.api.adaptation.dashboard.proxies.test.AdaptationDashboardProxyTest than start. (4)

/3:51:23 PM PIT >> INFO : MINION : Sep 25, 2019 3:51:23 PM org.apache.axis2.deployment.util.TempFileManager <clinit>
INFO: TempFileManager::unable to delete /tmp/axis2-tmp-783882785330287180.tmp

3:51:23 PM PIT >> INFO : MINION : Sep 25, 2019 3:51:23 PM org.apache.axis2.deployment.util.TempFileManager <clinit>
INFO: TempFileManager::unable to delete /tmp/axis2-tmp-1973393805628805793.tmp

3:51:25 PM PIT >> INFO : MINION : 3:51:25 PM PIT >> WARNING : More threads at end of test (37) eu.supersede.integration.api.dm.proxies.test.DMOptimizerProxyTest than start. (5)

-\|/-\|/3:54:00 PM PIT >> INFO : MINION : 3:54:00 PM PIT >> WARNING : More threads at end of test (47) testPublishAdaptionAlertMessage(eu.supersede.integration.api.pubsub.test.AdaptationAlertPubSubTest) than start. (21)

3:54:04 PM PIT >> INFO : MINION : 3:54:04 PM PIT >> WARNING : More threads at end of test (50) testPublishAlertMessage(eu.supersede.integration.api.pubsub.test.AlertPubSubTest) than start. (23)

-\|/3:54:14 PM PIT >> INFO : MINION : 3:54:14 PM PIT >> WARNING : More threads at end of test (50) testPublishTextMessage(eu.supersede.integration.api.pubsub.test.PubSubTest) than start. (23)

3:54:30 PM PIT >> INFO : MINION : 3:54:30 PM PIT >> WARNING : More threads at end of test (22) eu.supersede.integration.api.security.test.IFAuthenticationManagerTest than start. (21)

-\|/-\|/-\|3:54:31 PM PIT >> INFO : Calculated coverage in 283 seconds.
3:54:32 PM PIT >> INFO : Created  222 mutation test units
stderr  : Sep 25, 2019 3:54:39 PM org.apache.axis2.deployment.util.TempFileManager <clinit>
INFO: TempFileManager::unable to delete /tmp/axis2-tmp-783882785330287180.tmp
Sep 25, 2019 3:54:39 PM org.apache.axis2.deployment.util.TempFileManager <clinit>
INFO: TempFilestderr  : Manager::unable to delete /tmp/axis2-tmp-1973393805628805793.tmp
stderr  : Sep 25, 2019 3:54:39 PM org.apache.axis2.deployment.util.TempFileManager <clinit>
INFO: TempFileManager::unable to delete /tmp/axis2-tmp-783882785330287180.tmp
Sep 25, 2019 3:54:39 PM org.apache.axis2.deployment.util.TempFileManager <clinit>
INFO: TempFilestderr  : Manager::unable to delete /tmp/axis2-tmp-1973393805628805793.tmp
stderr  : Sep 25, 2019 3:54:39 PM org.apache.axis2.deployment.util.TempFileManager <clinit>
INFO: TempFileManager::unable to delete /tmp/axis2-tmp-783882785330287180.tmp
Sep 25, 2019 3:54:39 PM org.apache.axis2.deployment.util.TempFileManager <clinit>
INFO: TempFilestderr  : Manager::unable to delete /tmp/axis2-tmp-1973393805628805793.tmp
stderr  : Sep 25, 2019 3:54:39 PM org.apache.axis2.deployment.util.TempFileManager <clinit>
INFO: TempFileManager::unable to delete /tmp/axis2-tmp-783882785330287180.tmp
Sep 25, 2019 3:54:39 PM org.apache.axis2.deployment.util.TempFileManager <clinit>
INFO: TempFilestderr  : Sep 25, 2019 3:54:39 PM org.apache.axis2.deployment.util.TempFileManager <clinit>
INFO: TempFileManager::unable to delete /tmp/axis2-tmp-783882785330287180.tmp
Sep 25, 2019 3:54:39 PM org.apache.axis2.deployment.util.TempFileManager <clinit>
INFO: TempFilestderr  : Manager::unable to delete /tmp/axis2-tmp-1973393805628805793.tmp
Sep 25, 2019 3:54:39 PM org.apache.axis2.deployment.util.TempFileManager <clinit>
INFO: TempFileManager::unable to delete /tmp/axis2-tmp-5271435217416451264.tmp
stderr  : Manager::unable to delete /tmp/axis2-tmp-1973393805628805793.tmp
stderr  : Sep 25, 2019 3:54:39 PM org.apache.axis2.deployment.util.TempFileManager <clinit>
INFO: TempFileManager::unable to delete /tmp/axis2-tmp-783882785330287180.tmp
Sep 25, 2019 3:54:39 PM org.apache.axis2.deployment.util.TempFileManager <clinit>
INFO: TempFilestderr  : Manager::unable to delete /tmp/axis2-tmp-1973393805628805793.tmp
Sep 25, 2019 3:54:39 PM org.apache.axis2.deployment.util.TempFileManager <clinit>
INFO: TempFileManager::unable to delete /tmp/axis2-tmp-5271435217416451264.tmp
stderr  : java.lang.StringIndexOutOfBoundsException: String index out of range: -2
	at java.lang.String.substring(String.java:1967)
	at eu.supersede.integration.api.datastore.util.PasswordCrypt.hexStringToByteArray(PasswordCrypt.java:57)
	at eu.supersede.integrationstderr  : .api.datastore.util.PasswordCrypt.decryptPassword(PasswordCrypt.java:86)
	at eu.supersede.integration.api.datastore.proxies.IFDataStoreProxy.getSupersedePlatforms(IFDataStoreProxy.java:58)
	at eu.supersede.integration.federation.SupersedeFederation.<init>(stderr  : SupersedeFederation.java:32)
	at eu.supersede.integration.federation.test.IFSupersedeFederationTest.setup(IFSupersedeFederationTest.java:40)
	at sun.reflect.NativeMethodAccessorImpl.invoke0(Native Method)
	at sun.reflect.NativeMethodAccessorImpl.invoke(Natstderr  : iveMethodAccessorImpl.java:62)
	at sun.reflect.DelegatingMethodAccessorImpl.invoke(DelegatingMethodAccessorImpl.java:43)
	at java.lang.reflect.Method.invoke(Method.java:498)
	at org.junit.runners.model.FrameworkMethod$1.runReflectiveCall(FrameworkMethod.jastderr  : va:50)
	at org.junit.internal.runners.model.ReflectiveCallable.run(ReflectiveCallable.java:12)
	at org.junit.runners.model.FrameworkMethod.invokeExplosively(FrameworkMethod.java:47)
	at org.junit.internal.runners.statements.RunBefores.evaluate(RunBefores.jstderr  : ava:24)
	at org.junit.runners.ParentRunner.run(ParentRunner.java:363)
	at org.pitest.junit.adapter.CustomRunnerExecutor.run(CustomRunnerExecutor.java:42)
	at org.pitest.junit.adapter.AdaptedJUnitTestUnit.execute(AdaptedJUnitTestUnit.java:69)
	at org.piteststderr  : .mutationtest.execute.MutationTimeoutDecorator.lambda$createRunnable$0(MutationTimeoutDecorator.java:83)
	at java.util.concurrent.Executors$RunnableAdapter.call(Executors.java:511)
	at java.util.concurrent.FutureTask.run(FutureTask.java:266)
	at java.lang.stderr  : Thread.run(Thread.java:748)
stderr  : javax.crypto.BadPaddingException: Given final block not properly padded. Such issues can arise if a bad key is used during decryption.
stderr  : 	at com.sun.crypto.provider.CipherCore.doFinal(CipherCore.java:991)
	at com.sun.crypto.provider.CipherCore.doFinal(CipherCore.java:847)
	at com.sun.crypto.provider.AESCipher.engineDoFinal(AESCipher.java:446)
	at javax.crypto.Cipher.doFinal(Cipher.java:2164stderr  : )
	at eu.supersede.integration.api.datastore.util.PasswordCrypt.decryptPassword(PasswordCrypt.java:90)
	at eu.supersede.integration.api.datastore.proxies.IFDataStoreProxy.getSupersedePlatforms(IFDataStoreProxy.java:58)
	at eu.supersede.integration.federatistderr  : on.SupersedeFederation.<init>(SupersedeFederation.java:32)
	at eu.supersede.integration.federation.test.IFSupersedeFederationTest.setup(IFSupersedeFederationTest.java:40)
	at sun.reflect.NativeMethodAccessorImpl.invoke0(Native Method)
	at sun.reflect.Nativstderr  : eMethodAccessorImpl.invoke(NativeMethodAccessorImpl.java:62)
	at sun.reflect.DelegatingMethodAccessorImpl.invoke(DelegatingMethodAccessorImpl.java:43)
	at java.lang.reflect.Method.invoke(Method.java:498)
	at org.junit.runners.model.FrameworkMethod$1.runRefstderr  : lectiveCall(FrameworkMethod.java:50)
	at org.junit.internal.runners.model.ReflectiveCallable.run(ReflectiveCallable.java:12)
	at org.junit.runners.model.FrameworkMethod.invokeExplosively(FrameworkMethod.java:47)
	at org.junit.internal.runners.statements.Rustderr  : nBefores.evaluate(RunBefores.java:24)
	at org.junit.runners.ParentRunner.run(ParentRunner.java:363)
	at org.pitest.junit.adapter.CustomRunnerExecutor.run(CustomRunnerExecutor.java:42)
	at org.pitest.junit.adapter.AdaptedJUnitTestUnit.execute(AdaptedJUnitTestderr  : stUnit.java:69)
	at org.pitest.mutationtest.execute.MutationTimeoutDecorator.lambda$createRunnable$0(MutationTimeoutDecorator.java:83)
	at java.util.concurrent.Executors$RunnableAdapter.call(Executors.java:511)stderr  : 
	at java.util.concurrent.FutureTask.run(FutureTask.java:266)stderr  : 
	at java.lang.Thread.run(Thread.java:748)
stderr  : java.lang.StringIndexOutOfBoundsException: String index out of range: 34stderr  : 
stderr  : 	at java.lang.String.substring(String.java:1963)stderr  : 
stderr  : 	at eu.supersede.integration.api.datastore.util.PasswordCrypt.hexStringToByteArray(PasswordCrypt.java:57)stderr  : 
stderr  : 	at eu.supersede.integration.api.datastore.util.PasswordCrypt.decryptPassword(PasswordCrypt.java:86)stderr  : 
stderr  : 	at eu.supersede.integration.api.datastore.proxies.IFDataStoreProxy.getSupersedePlatforms(IFDataStoreProxy.java:58)stderr  : 
stderr  : 	at eu.supersede.integration.federation.SupersedeFederation.<init>(SupersedeFederation.java:32)stderr  : 
stderr  : 	at eu.supersede.integration.federation.test.IFSupersedeFederationTest.setup(IFSupersedeFederationTest.java:40)stderr  : 
stderr  : 	at sun.reflect.NativeMethodAccessorImpl.invoke0(Native Method)stderr  : 
stderr  : 	at sun.reflect.NativeMethodAccessorImpl.invoke(NativeMethodAccessorImpl.java:62)stderr  : 
stderr  : 	at sun.reflect.DelegatingMethodAccessorImpl.invoke(DelegatingMethodAccessorImpl.java:43)stderr  : 
stderr  : 	at java.lang.reflect.Method.invoke(Method.java:498)stderr  : 
stderr  : 	at org.junit.runners.model.FrameworkMethod$1.runReflectiveCall(FrameworkMethod.java:50)stderr  : 
stderr  : 	at org.junit.internal.runners.model.ReflectiveCallable.run(ReflectiveCallable.java:12)stderr  : 
stderr  : 	at org.junit.runners.model.FrameworkMethod.invokeExplosively(FrameworkMethod.java:47)stderr  : 
stderr  : 	at org.junit.internal.runners.statements.RunBefores.evaluate(RunBefores.java:24)stderr  : 
stderr  : 	at org.junit.runners.ParentRunner.run(ParentRunner.java:363)stderr  : 
stderr  : 	at org.pitest.junit.adapter.CustomRunnerExecutor.run(CustomRunnerExecutor.java:42)stderr  : 
stderr  : 	at org.pitest.junit.adapter.AdaptedJUnitTestUnit.execute(AdaptedJUnitTestUnit.java:69)stderr  : 
stderr  : 	at org.pitest.mutationtest.execute.MutationTimeoutDecorator.lambda$createRunnable$0(MutationTimeoutDecorator.java:83)stderr  : 
stderr  : 	at java.util.concurrent.Executors$RunnableAdapter.call(Executors.java:511)stderr  : 
stderr  : 	at java.util.concurrent.FutureTask.run(FutureTask.java:266)stderr  : 
stderr  : 	at java.lang.Thread.run(Thread.java:748)stderr  : 
stderr  : java.lang.StringIndexOutOfBoundsException: String index out of range: 34stderr  : 
stderr  : 	at java.lang.String.substring(String.java:1963)stderr  : 
stderr  : 	at eu.supersede.integration.api.datastore.util.PasswordCrypt.hexStringToByteArray(PasswordCrypt.java:57)stderr  : 
stderr  : 	at eu.supersede.integration.api.datastore.util.PasswordCrypt.decryptPassword(PasswordCrypt.java:86)stderr  : 
stderr  : 	at eu.supersede.integration.api.datastore.proxies.IFDataStoreProxy.getSupersedePlatforms(IFDataStoreProxy.java:58)stderr  : 
stderr  : 	at eu.supersede.integration.federation.SupersedeFederation.<init>(SupersedeFederation.java:32)stderr  : 
stderr  : 	at eu.supersede.integration.federation.test.IFSupersedeFederationTest.setup(IFSupersedeFederationTest.java:40)stderr  : 
stderr  : 	at sun.reflect.NativeMethodAccessorImpl.invoke0(Native Method)stderr  : 
stderr  : 	at sun.reflect.NativeMethodAccessorImpl.invoke(NativeMethodAccessorImpl.java:62)stderr  : 
stderr  : 	at sun.reflect.DelegatingMethodAccessorImpl.invoke(DelegatingMethodAccessorImpl.java:43)stderr  : 
stderr  : 	at java.lang.reflect.Method.invoke(Method.java:498)stderr  : 
stderr  : 	at org.junit.runners.model.FrameworkMethod$1.runReflectiveCall(FrameworkMethod.java:50)stderr  : 
stderr  : 	at org.junit.internal.runners.model.ReflectiveCallable.run(ReflectiveCallable.java:12)stderr  : 
stderr  : 	at org.junit.runners.model.FrameworkMethod.invokeExplosively(FrameworkMethod.java:47)stderr  : 
stderr  : 	at org.junit.internal.runners.statements.RunBefores.evaluate(RunBefores.java:24)stderr  : 
stderr  : 	at org.junit.runners.ParentRunner.run(ParentRunner.java:363)stderr  : 
stderr  : 	at org.pitest.junit.adapter.CustomRunnerExecutor.run(CustomRunnerExecutor.java:42)stderr  : 
stderr  : 	at org.pitest.junit.adapter.AdaptedJUnitTestUnit.execute(AdaptedJUnitTestUnit.java:69)stderr  : 
stderr  : 	at org.pitest.mutationtest.execute.MutationTimeoutDecorator.lambda$createRunnable$0(MutationTimeoutDecorator.java:83)stderr  : 
stderr  : 	at java.util.concurrent.Executors$RunnableAdapter.call(Executors.java:511)stderr  : 
stderr  : 	at java.util.concurrent.FutureTask.run(FutureTask.java:266)stderr  : 
stderr  : 	at java.lang.Thread.run(Thread.java:748)stderr  : 
stderr  : java.lang.IllegalStateException: Cipher not initializedstderr  : 
stderr  : 	at javax.crypto.Cipher.checkCipherState(Cipher.java:1749)stderr  : 
stderr  : 	at javax.crypto.Cipher.doFinal(Cipher.java:2156)stderr  : 
stderr  : 	at eu.supersede.integration.api.datastore.util.PasswordCrypt.decryptPassword(PasswordCrypt.java:90)stderr  : 
stderr  : 	at eu.supersede.integration.api.datastore.proxies.IFDataStoreProxy.getSupersedePlatforms(IFDataStoreProxy.java:58)stderr  : 
stderr  : 	at eu.supersede.integration.federation.SupersedeFederation.<init>(SupersedeFederation.java:32)stderr  : 
stderr  : 	at eu.supersede.integration.federation.test.IFSupersedeFederationTest.setup(IFSupersedeFederationTest.java:40)stderr  : 
stderr  : 	at sun.reflect.NativeMethodAccessorImpl.invoke0(Native Method)stderr  : 
stderr  : 	at sun.reflect.NativeMethodAccessorImpl.invoke(NativeMethodAccessorImpl.java:62)stderr  : 
stderr  : 	at sun.reflect.DelegatingMethodAccessorImpl.invoke(DelegatingMethodAccessorImpl.java:43)stderr  : 
stderr  : 	at java.lang.reflect.Method.invoke(Method.java:498)stderr  : 
stderr  : 	at org.junit.runners.model.FrameworkMethod$1.runReflectiveCall(FrameworkMethod.java:50)stderr  : 
stderr  : 	at org.junit.internal.runners.model.ReflectiveCallable.run(ReflectiveCallable.java:12)stderr  : 
stderr  : 	at org.junit.runners.model.FrameworkMethod.invokeExplosively(FrameworkMethod.java:47)stderr  : 
stderr  : 	at org.junit.internal.runners.statements.RunBefores.evaluate(RunBefores.java:24)stderr  : 
stderr  : 	at org.junit.runners.ParentRunner.run(ParentRunner.java:363)stderr  : 
stderr  : 	at org.pitest.junit.adapter.CustomRunnerExecutor.run(CustomRunnerExecutor.java:42)stderr  : 
stderr  : 	at org.pitest.junit.adapter.AdaptedJUnitTestUnit.execute(AdaptedJUnitTestUnit.java:69)stderr  : 
stderr  : 	at org.pitest.mutationtest.execute.MutationTimeoutDecorator.lambda$createRunnable$0(MutationTimeoutDecorator.java:83)stderr  : 
stderr  : 	at java.util.concurrent.Executors$RunnableAdapter.call(Executors.java:511)stderr  : 
stderr  : 	at java.util.concurrent.FutureTask.run(FutureTask.java:266)stderr  : 
stderr  : 	at java.lang.Thread.run(Thread.java:748)
stderr  : javax.crypto.BadPaddingException: Given final block not properly padded. Such issues can arise if a bad key is used during decryption.stderr  : 
stderr  : 	at com.sun.crypto.provider.CipherCore.doFinal(CipherCore.java:991)stderr  : 
stderr  : 	at com.sun.crypto.provider.CipherCore.doFinal(CipherCore.java:847)stderr  : 
stderr  : 	at com.sun.crypto.provider.AESCipher.engineDoFinal(AESCipher.java:446)stderr  : 
stderr  : 	at javax.crypto.Cipher.doFinal(Cipher.java:2164)stderr  : 
stderr  : 	at eu.supersede.integration.api.datastore.util.PasswordCrypt.decryptPassword(PasswordCrypt.java:90)stderr  : 
stderr  : 	at eu.supersede.integration.api.datastore.proxies.IFDataStoreProxy.getSupersedePlatforms(IFDataStoreProxy.java:58)stderr  : 
stderr  : 	at eu.supersede.integration.federation.SupersedeFederation.<init>(SupersedeFederation.java:32)stderr  : 
stderr  : 	at eu.supersede.integration.federation.test.IFSupersedeFederationTest.setup(IFSupersedeFederationTest.java:40)stderr  : 
stderr  : 	at sun.reflect.NativeMethodAccessorImpl.invoke0(Native Method)stderr  : 
stderr  : 	at sun.reflect.NativeMethodAccessorImpl.invoke(NativeMethodAccessorImpl.java:62)stderr  : 
stderr  : 	at sun.reflect.DelegatingMethodAccessorImpl.invoke(DelegatingMethodAccessorImpl.java:43)stderr  : 
stderr  : 	at java.lang.reflect.Method.invoke(Method.java:498)stderr  : 
stderr  : 	at org.junit.runners.model.FrameworkMethod$1.runReflectiveCall(FrameworkMethod.java:50)stderr  : 
stderr  : 	at org.junit.internal.runners.model.ReflectiveCallable.run(ReflectiveCallable.java:12)stderr  : 
stderr  : 	at org.junit.runners.model.FrameworkMethod.invokeExplosively(FrameworkMethod.java:47)stderr  : 
stderr  : 	at org.junit.internal.runners.statements.RunBefores.evaluate(RunBefores.java:24)stderr  : 
stderr  : 	at org.junit.runners.ParentRunner.run(ParentRunner.java:363)stderr  : 
stderr  : 	at org.pitest.junit.adapter.CustomRunnerExecutor.run(CustomRunnerExecutor.java:42)stderr  : 
stderr  : 	at org.pitest.junit.adapter.AdaptedJUnitTestUnit.execute(AdaptedJUnitTestUnit.java:69)stderr  : 
stderr  : 	at org.pitest.mutationtest.execute.MutationTimeoutDecorator.lambda$createRunnable$0(MutationTimeoutDecorator.java:83)stderr  : 
stderr  : 	at java.util.concurrent.Executors$RunnableAdapter.call(Executors.java:511)stderr  : 
stderr  : 	at java.util.concurrent.FutureTask.run(FutureTask.java:266)stderr  : 
stderr  : 	at java.lang.Thread.run(Thread.java:748)stderr  : 
stderr  : java.lang.StringIndexOutOfBoundsException: String index out of range: -2stderr  : 
stderr  : 	at java.lang.String.substring(String.java:1960)stderr  : 
stderr  : 	at eu.supersede.integration.api.datastore.util.PasswordCrypt.hexStringToByteArray(PasswordCrypt.java:57)stderr  : 
stderr  : 	at eu.supersede.integration.api.datastore.util.PasswordCrypt.decryptPassword(PasswordCrypt.java:86)stderr  : 
stderr  : 	at eu.supersede.integration.api.datastore.proxies.IFDataStoreProxy.getSupersedePlatforms(IFDataStoreProxy.java:58)stderr  : 
stderr  : 	at eu.supersede.integration.federation.SupersedeFederation.<init>(SupersedeFederation.java:32)stderr  : 
stderr  : 	at eu.supersede.integration.federation.test.IFSupersedeFederationTest.setup(IFSupersedeFederationTest.java:40)stderr  : 
stderr  : 	at sun.reflect.NativeMethodAccessorImpl.invoke0(Native Method)stderr  : 
stderr  : 	at sun.reflect.NativeMethodAccessorImpl.invoke(NativeMethodAccessorImpl.java:62)stderr  : 
stderr  : 	at sun.reflect.DelegatingMethodAccessorImpl.invoke(DelegatingMethodAccessorImpl.java:43)stderr  : 
stderr  : 	at java.lang.reflect.Method.invoke(Method.java:498)stderr  : 
stderr  : 	at org.junit.runners.model.FrameworkMethod$1.runReflectiveCall(FrameworkMethod.java:50)stderr  : 
stderr  : 	at org.junit.internal.runners.model.ReflectiveCallable.run(ReflectiveCallable.java:12)stderr  : 
stderr  : 	at org.junit.runners.model.FrameworkMethod.invokeExplosively(FrameworkMethod.java:47)stderr  : 
stderr  : 	at org.junit.internal.runners.statements.RunBefores.evaluate(RunBefores.java:24)stderr  : 
stderr  : 	at org.junit.runners.ParentRunner.run(ParentRunner.java:363)stderr  : 
stderr  : 	at org.pitest.junit.adapter.CustomRunnerExecutor.run(CustomRunnerExecutor.java:42)stderr  : 
stderr  : 	at org.pitest.junit.adapter.AdaptedJUnitTestUnit.execute(AdaptedJUnitTestUnit.java:69)stderr  : 
stderr  : 	at org.pitest.mutationtest.execute.MutationTimeoutDecorator.lambda$createRunnable$0(MutationTimeoutDecorator.java:83)stderr  : 
stderr  : 	at java.util.concurrent.Executors$RunnableAdapter.call(Executors.java:511)stderr  : 
stderr  : 	at java.util.concurrent.FutureTask.run(FutureTask.java:266)stderr  : 
stderr  : 	at java.lang.Thread.run(Thread.java:748)stderr  : 
stderr  : java.lang.IllegalArgumentException: Missing argument
	at javax.crypto.spec.SecretKeySpec.<init>(SecretKeySpec.java:93)
	at eu.supersede.integration.api.datastore.util.PasswordCrypt.decryptPassword(PasswordCrypt.java:87)
	at eu.supersede.integration.api.datstderr  : astore.proxies.IFDataStoreProxy.getSupersedePlatforms(IFDataStoreProxy.java:58)
	at eu.supersede.integration.federation.SupersedeFederation.<init>(SupersedeFederation.java:32)
	at eu.supersede.integration.federation.test.IFSupersedeFederationTest.setup(IFSstderr  : upersedeFederationTest.java:40)
	at sun.reflect.NativeMethodAccessorImpl.invoke0(Native Method)
	at sun.reflect.NativeMethodAccessorImpl.invoke(NativeMethodAccessorImpl.java:62)
	at sun.reflect.DelegatingMethodAccessorImpl.invoke(DelegatingMethodAccessorImstderr  : pl.java:43)
	at java.lang.reflect.Method.invoke(Method.java:498)
	at org.junit.runners.model.FrameworkMethod$1.runReflectiveCall(FrameworkMethod.java:50)
	at org.junit.internal.runners.model.ReflectiveCallable.run(ReflectiveCallable.java:12)
	at org.junit.stderr  : runners.model.FrameworkMethod.invokeExplosively(FrameworkMethod.java:47)
	at org.junit.internal.runners.statements.RunBefores.evaluate(RunBefores.java:24)
	at org.junit.runners.ParentRunner.run(ParentRunner.java:363)
	at org.pitest.junit.adapter.CustomRunnstderr  : erExecutor.run(CustomRunnerExecutor.java:42)
	at org.pitest.junit.adapter.AdaptedJUnitTestUnit.execute(AdaptedJUnitTestUnit.java:69)
	at org.pitest.mutationtest.execute.MutationTimeoutDecorator.lambda$createRunnable$0(MutationTimeoutDecorator.java:83)
	at stderr  : java.util.concurrent.Executors$RunnableAdapter.call(Executors.java:511)
	at java.util.concurrent.FutureTask.run(FutureTask.java:266)
	at java.lang.Thread.run(Thread.java:748)
stderr  : com.fasterxml.jackson.core.JsonParseException: Unrecognized token 'Analysis': was expecting ('true', 'false' or 'null')
 at [Source: Analysis event for DM: detected memory leak in managed system; line: 1, column: 9]stderr  : 
stderr  : 	at com.fasterxml.jackson.core.JsonParser._constructError(JsonParser.java:1702)stderr  : 
stderr  : 	at com.fasterxml.jackson.core.base.ParserMinimalBase._reportError(ParserMinimalBase.java:558)stderr  : 
stderr  : 	at com.fasterxml.jackson.core.json.ReaderBasedJsonParser._reportInvalidToken(ReaderBasedJsonParser.java:2835)stderr  : 
stderr  : 	at com.fasterxml.jackson.core.json.ReaderBasedJsonParser._handleOddValue(ReaderBasedJsonParser.java:1903)stderr  : 
stderr  : 	at com.fasterxml.jackson.core.json.ReaderBasedJsonParser.nextToken(ReaderBasedJsonParser.java:749)stderr  : 
stderr  : 	at com.fasterxml.jackson.databind.ObjectMapper._initForReading(ObjectMapper.java:3834)stderr  : 
stderr  : 	at com.fasterxml.jackson.databind.ObjectMapper._readMapAndClose(ObjectMapper.java:3783)stderr  : 
stderr  : 	at com.fasterxml.jackson.databind.ObjectMapper.readValue(ObjectMapper.java:2842)stderr  : 
stderr  : 	at eu.supersede.integration.api.json.JsonUtils.deserializeJsonStringAsObject(JsonUtils.java:59)stderr  : 
stderr  : 	at eu.supersede.integration.api.pubsub.test.AlertPubSubTest$AlertMessageListener.onMessage(AlertPubSubTest.java:127)stderr  : 
stderr  : 	at org.wso2.andes.client.BasicMessageConsumer.notifyMessage(BasicMessageConsumer.java:747)stderr  : 
stderr  : 	at org.wso2.andes.client.BasicMessageConsumer.notifyMessage(BasicMessageConsumer.java:721)stderr  : 
stderr  : 	at org.wso2.andes.client.AMQSession$Dispatcher.notifyConsumer(AMQSession.java:3537)stderr  : 
stderr  : 	at org.wso2.andes.client.AMQSession$Dispatcher.dispatchMessage(AMQSession.java:3477)stderr  : 
stderr  : 	at org.wso2.andes.client.AMQSession$Dispatcher.access$1200(AMQSession.java:3226)stderr  : 
stderr  : 	at org.wso2.andes.client.AMQSession.dispatch(AMQSession.java:3219)stderr  : 
stderr  : 	at org.wso2.andes.client.message.UnprocessedMessage.dispatch(UnprocessedMessage.java:54)stderr  : 
stderr  : 	at org.wso2.andes.client.AMQSession$Dispatcher.run(AMQSession.java:3399)stderr  : 
stderr  : 	at java.lang.Thread.run(Thread.java:748)stderr  : 
stderr  : com.fasterxml.jackson.core.JsonParseException: Unrecognized token 'Analysis': was expecting ('true', 'false' or 'null')
 at [Source: Analysis event for DM: detected memory leak in managed system; line: 1, column: 9]
	at com.fasterxml.jackson.core.JsonParsestderr  : r._constructError(JsonParser.java:1702)
	at com.fasterxml.jackson.core.base.ParserMinimalBase._reportError(ParserMinimalBase.java:558)
	at com.fasterxml.jackson.core.json.ReaderBasedJsonParser._reportInvalidToken(ReaderBasedJsonParser.java:2835)
	at com.fastderr  : sterxml.jackson.core.json.ReaderBasedJsonParser._handleOddValue(ReaderBasedJsonParser.java:1903)
	at com.fasterxml.jackson.core.json.ReaderBasedJsonParser.nextToken(ReaderBasedJsonParser.java:749)
	at com.fasterxml.jackson.databind.ObjectMapper._initForReastderr  : ding(ObjectMapper.java:3834)
	at com.fasterxml.jackson.databind.ObjectMapper._readMapAndClose(ObjectMapper.java:3783)
	at com.fasterxml.jackson.databind.ObjectMapper.readValue(ObjectMapper.java:2842)
	at eu.supersede.integration.api.json.JsonUtils.deserialstderr  : izeJsonStringAsObject(JsonUtils.java:59)
	at eu.supersede.integration.api.pubsub.test.AlertPubSubTest$AlertMessageListener.onMessage(AlertPubSubTest.java:127)
	at org.wso2.andes.client.BasicMessageConsumer.notifyMessage(BasicMessageConsumer.java:747)
	at ostderr  : rg.wso2.andes.client.BasicMessageConsumer.notifyMessage(BasicMessageConsumer.java:721)
	at org.wso2.andes.client.AMQSession$Dispatcher.notifyConsumer(AMQSession.java:3537)
	at org.wso2.andes.client.AMQSession$Dispatcher.dispatchMessage(AMQSession.java:3477stderr  : )
	at org.wso2.andes.client.AMQSession$Dispatcher.access$1200(AMQSession.java:3226)
	at org.wso2.andes.client.AMQSession.dispatch(AMQSession.java:3219)
	at org.wso2.andes.client.message.UnprocessedMessage.dispatch(UnprocessedMessage.java:54)
	at org.wso2.astderr  : ndes.client.AMQSession$Dispatcher.run(AMQSession.java:3399)
	at java.lang.Thread.run(Thread.java:748)
stderr  : java.lang.IllegalArgumentException: Provide a valid authentication tokenstderr  : 
stderr  : 	at org.springframework.util.Assert.notNull(Assert.java:115)stderr  : 
stderr  : 	at eu.supersede.integration.api.datastore.proxies.IFDataStoreProxy.getSupersedePlatforms(IFDataStoreProxy.java:47)stderr  : 
stderr  : 	at eu.supersede.integration.federation.SupersedeFederation.<init>(SupersedeFederation.java:32)stderr  : 
stderr  : 	at eu.supersede.integration.federation.test.IFSupersedeFederationTest.setup(IFSupersedeFederationTest.java:40)stderr  : 
stderr  : 	at sun.reflect.NativeMethodAccessorImpl.invoke0(Native Method)stderr  : 
stderr  : 	at sun.reflect.NativeMethodAccessorImpl.invoke(NativeMethodAccessorImpl.java:62)stderr  : 
stderr  : 	at sun.reflect.DelegatingMethodAccessorImpl.invoke(DelegatingMethodAccessorImpl.java:43)stderr  : 
stderr  : 	at java.lang.reflect.Method.invoke(Method.java:498)stderr  : 
stderr  : 	at org.junit.runners.model.FrameworkMethod$1.runReflectiveCall(FrameworkMethod.java:50)stderr  : 
stderr  : 	at org.junit.internal.runners.model.ReflectiveCallable.run(ReflectiveCallable.java:12)stderr  : 
stderr  : 	at org.junit.runners.model.FrameworkMethod.invokeExplosively(FrameworkMethod.java:47)stderr  : 
stderr  : 	at org.junit.internal.runners.statements.RunBefores.evaluate(RunBefores.java:24)stderr  : 
stderr  : 	at org.junit.runners.ParentRunner.run(ParentRunner.java:363)stderr  : 
stderr  : 	at org.pitest.junit.adapter.CustomRunnerExecutor.run(CustomRunnerExecutor.java:42)stderr  : 
stderr  : 	at org.pitest.junit.adapter.AdaptedJUnitTestUnit.execute(AdaptedJUnitTestUnit.java:69)stderr  : 
stderr  : 	at org.pitest.mutationtest.execute.MutationTimeoutDecorator.lambda$createRunnable$0(MutationTimeoutDecorator.java:83)stderr  : 
stderr  : 	at java.util.concurrent.Executors$RunnableAdapter.call(Executors.java:511)stderr  : 
stderr  : 	at java.util.concurrent.FutureTask.run(FutureTask.java:266)stderr  : 
stderr  : 	at java.lang.Thread.run(Thread.java:748)stderr  : 
stderr  : java.lang.IllegalArgumentException: Username not setstderr  : 
stderr  : 	at org.springframework.util.Assert.isTrue(Assert.java:68)stderr  : 
stderr  : 	at eu.supersede.integration.api.security.IFAuthenticationManager.getAuthorizationToken(IFAuthenticationManager.java:294)stderr  : 
stderr  : 	at eu.supersede.integration.federation.SupersedeFederation.<init>(SupersedeFederation.java:27)stderr  : 
stderr  : 	at eu.supersede.integration.federation.test.IFSupersedeFederationTest.setup(IFSupersedeFederationTest.java:40)stderr  : 
stderr  : 	at sun.reflect.NativeMethodAccessorImpl.invoke0(Native Method)stderr  : 
stderr  : 	at sun.reflect.NativeMethodAccessorImpl.invoke(NativeMethodAccessorImpl.java:62)stderr  : 
stderr  : 	at sun.reflect.DelegatingMethodAccessorImpl.invoke(DelegatingMethodAccessorImpl.java:43)stderr  : 
stderr  : 	at java.lang.reflect.Method.invoke(Method.java:498)stderr  : 
stderr  : 	at org.junit.runners.model.FrameworkMethod$1.runReflectiveCall(FrameworkMethod.java:50)stderr  : 
stderr  : 	at org.junit.internal.runners.model.ReflectiveCallable.run(ReflectiveCallable.java:12)stderr  : 
stderr  : 	at org.junit.runners.model.FrameworkMethod.invokeExplosively(FrameworkMethod.java:47)stderr  : 
stderr  : 	at org.junit.internal.runners.statements.RunBefores.evaluate(RunBefores.java:24)stderr  : 
stderr  : 	at org.junit.runners.ParentRunner.run(ParentRunner.java:363)stderr  : 
stderr  : 	at org.pitest.junit.adapter.CustomRunnerExecutor.run(CustomRunnerExecutor.java:42)stderr  : 
stderr  : 	at org.pitest.junit.adapter.AdaptedJUnitTestUnit.execute(AdaptedJUnitTestUnit.java:69)stderr  : 
stderr  : 	at org.pitest.mutationtest.execute.MutationTimeoutDecorator.lambda$createRunnable$0(MutationTimeoutDecorator.java:83)stderr  : 
stderr  : 	at java.util.concurrent.Executors$RunnableAdapter.call(Executors.java:511)stderr  : 
stderr  : 	at java.util.concurrent.FutureTask.run(FutureTask.java:266)stderr  : 
stderr  : 	at java.lang.Thread.run(Thread.java:748)stderr  : 
stderr  : java.lang.IllegalArgumentException: Username not set
stderr  : 	at org.springframework.util.Assert.isTrue(Assert.java:68)
	at eu.supersede.integration.api.security.IFAuthenticationManager.getAuthorizationToken(IFAuthenticationManager.java:294)
	at eu.supersede.integration.federation.SupersedeFederation.<init>(Supersedstderr  : eFederation.java:27)
	at eu.supersede.integration.federation.test.IFSupersedeFederationTest.setup(IFSupersedeFederationTest.java:40)
	at sun.reflect.NativeMethodAccessorImpl.invoke0(Native Method)
	at sun.reflect.NativeMethodAccessorImpl.invoke(NativeMethostderr  : dAccessorImpl.java:62)
	at sun.reflect.DelegatingMethodAccessorImpl.invoke(DelegatingMethodAccessorImpl.java:43)
	at java.lang.reflect.Method.invoke(Method.java:498)
	at org.junit.runners.model.FrameworkMethod$1.runReflectiveCall(FrameworkMethod.java:50)
	stderr  : at org.junit.internal.runners.model.ReflectiveCallable.run(ReflectiveCallable.java:12)
	at org.junit.runners.model.FrameworkMethod.invokeExplosively(FrameworkMethod.java:47)
	at org.junit.internal.runners.statements.RunBefores.evaluate(RunBefores.java:24)
stderr  : 	at org.junit.runners.ParentRunner.run(ParentRunner.java:363)
stderr  : 	at org.pitest.junit.adapter.CustomRunnerExecutor.run(CustomRunnerExecutor.java:42)
stderr  : 	at org.pitest.junit.adapter.AdaptedJUnitTestUnit.execute(AdaptedJUnitTestUnit.java:69)
stderr  : 	at org.pitest.mutationtest.execute.MutationTimeoutDecorator.lambda$createRunnable$0(MutationTimeoutDecorator.java:83)
stderr  : 	at java.util.concurrent.Executors$RunnableAdapter.call(Executors.java:511)
stderr  : 	at java.util.concurrent.FutureTask.run(FutureTask.java:266)
stderr  : 	at java.lang.Thread.run(Thread.java:748)
stderr  : java.lang.IllegalArgumentException: Credential not setstderr  : 
stderr  : 	at org.springframework.util.Assert.isTrue(Assert.java:68)
stderr  : 	at eu.supersede.integration.api.security.IFAuthenticationManager.getAuthorizationToken(IFAuthenticationManager.java:295)
stderr  : 	at eu.supersede.integration.federation.SupersedeFederation.<init>(SupersedeFederation.java:27)
stderr  : 	at eu.supersede.integration.federation.test.IFSupersedeFederationTest.setup(IFSupersedeFederationTest.java:40)stderr  : 
stderr  : 	at sun.reflect.NativeMethodAccessorImpl.invoke0(Native Method)stderr  : 
stderr  : 	at sun.reflect.NativeMethodAccessorImpl.invoke(NativeMethodAccessorImpl.java:62)stderr  : 
stderr  : 	at sun.reflect.DelegatingMethodAccessorImpl.invoke(DelegatingMethodAccessorImpl.java:43)
stderr  : 	at java.lang.reflect.Method.invoke(Method.java:498)
stderr  : 	at org.junit.runners.model.FrameworkMethod$1.runReflectiveCall(FrameworkMethod.java:50)stderr  : 
stderr  : 	at org.junit.internal.runners.model.ReflectiveCallable.run(ReflectiveCallable.java:12)
stderr  : 	at org.junit.runners.model.FrameworkMethod.invokeExplosively(FrameworkMethod.java:47)
stderr  : 	at org.junit.internal.runners.statements.RunBefores.evaluate(RunBefores.java:24)stderr  : 
	at org.junit.runners.ParentRunner.run(ParentRunner.java:363)
stderr  : 	at org.pitest.junit.adapter.CustomRunnerExecutor.run(CustomRunnerExecutor.java:42)
stderr  : 	at org.pitest.junit.adapter.AdaptedJUnitTestUnit.execute(AdaptedJUnitTestUnit.java:69)stderr  : 
stderr  : 	at org.pitest.mutationtest.execute.MutationTimeoutDecorator.lambda$createRunnable$0(MutationTimeoutDecorator.java:83)stderr  : 
stderr  : 	at java.util.concurrent.Executors$RunnableAdapter.call(Executors.java:511)stderr  : 
stderr  : 	at java.util.concurrent.FutureTask.run(FutureTask.java:266)stderr  : 
stderr  : 	at java.lang.Thread.run(Thread.java:748)stderr  : 
3:57:25 PM PIT >> WARNING : Minion exited abnormally due to TIMED_OUT
stderr  : Sep 25, 2019 3:57:34 PM org.apache.axis2.deployment.util.TempFileManager <clinit>
INFO: TempFileManager::unable to delete /tmp/axis2-tmp-783882785330287180.tmp
Sep 25, 2019 3:57:34 PM org.apache.axis2.deployment.util.TempFileManager <clinit>
INFO: TempFilestderr  : Manager::unable to delete /tmp/axis2-tmp-1973393805628805793.tmp
stderr  : java.lang.NullPointerException
stderr  : 	at java.util.Objects.requireNonNull(Objects.java:203)
	at java.util.Arrays$ArrayList.<init>(Arrays.java:3813)
	at java.util.Arrays.asList(Arrays.java:3800)
	at eu.supersede.integration.api.proxy.IFServiceProxy.getObjectsListForType(IFServiceProxy.java:116stderr  : )
	at eu.supersede.integration.api.datastore.proxies.IFDataStoreProxy.getSupersedePlatforms(IFDataStoreProxy.java:53)
	at eu.supersede.integration.federation.SupersedeFederation.<init>(SupersedeFederation.java:32)
	at eu.supersede.integration.federation.testderr  : st.IFSupersedeFederationTest.setup(IFSupersedeFederationTest.java:40)
	at sun.reflect.NativeMethodAccessorImpl.invoke0(Native Method)stderr  : 
stderr  : 	at sun.reflect.NativeMethodAccessorImpl.invoke(NativeMethodAccessorImpl.java:62)
stderr  : 	at sun.reflect.DelegatingMethodAccessorImpl.invoke(DelegatingMethodAccessorImpl.java:43)
stderr  : 	at java.lang.reflect.Method.invoke(Method.java:498)
stderr  : 	at org.junit.runners.model.FrameworkMethod$1.runReflectiveCall(FrameworkMethod.java:50)
stderr  : 	at org.junit.internal.runners.model.ReflectiveCallable.run(ReflectiveCallable.java:12)
stderr  : 	at org.junit.runners.model.FrameworkMethod.invokeExplosively(FrameworkMethod.java:47)
stderr  : 	at org.junit.internal.runners.statements.RunBefores.evaluate(RunBefores.java:24)stderr  : 
stderr  : 	at org.junit.runners.ParentRunner.run(ParentRunner.java:363)
stderr  : 	at org.pitest.junit.adapter.CustomRunnerExecutor.run(CustomRunnerExecutor.java:42)
stderr  : 	at org.pitest.junit.adapter.AdaptedJUnitTestUnit.execute(AdaptedJUnitTestUnit.java:69)stderr  : 
	at org.pitest.mutationtest.execute.MutationTimeoutDecorator.lambda$createRunnable$0(MutationTimeoutDecorator.java:83)
stderr  : 	at java.util.concurrent.Executors$RunnableAdapter.call(Executors.java:511)
stderr  : 	at java.util.concurrent.FutureTask.run(FutureTask.java:266)
stderr  : 	at java.lang.Thread.run(Thread.java:748)
stderr  : java.lang.NullPointerException
stderr  : 	at java.util.Objects.requireNonNull(Objects.java:203)
	at java.util.Arrays$ArrayList.<init>(Arrays.java:3813)
	at java.util.Arrays.asList(Arrays.java:3800)stderr  : 
stderr  : 	at eu.supersede.integration.api.proxy.IFServiceProxy.getObjectsListForType(IFServiceProxy.java:116)stderr  : 
	at eu.supersede.integration.api.datastore.proxies.IFDataStoreProxy.getSupersedePlatforms(IFDataStoreProxy.java:53)stderr  : 
stderr  : 	at eu.supersede.integration.federation.SupersedeFederation.<init>(SupersedeFederation.java:32)stderr  : 
stderr  : 	at eu.supersede.integration.federation.test.IFSupersedeFederationTest.setup(IFSupersedeFederationTest.java:40)stderr  : 
stderr  : 	at sun.reflect.NativeMethodAccessorImpl.invoke0(Native Method)
stderr  : 	at sun.reflect.NativeMethodAccessorImpl.invoke(NativeMethodAccessorImpl.java:62)
stderr  : 	at sun.reflect.DelegatingMethodAccessorImpl.invoke(DelegatingMethodAccessorImpl.java:43)
stderr  : 	at java.lang.reflect.Method.invoke(Method.java:498)
stderr  : 	at org.junit.runners.model.FrameworkMethod$1.runReflectiveCall(FrameworkMethod.java:50)stderr  : 
stderr  : 	at org.junit.internal.runners.model.ReflectiveCallable.run(ReflectiveCallable.java:12)
stderr  : 	at org.junit.runners.model.FrameworkMethod.invokeExplosively(FrameworkMethod.java:47)
stderr  : 	at org.junit.internal.runners.statements.RunBefores.evaluate(RunBefores.java:24)
stderr  : 	at org.junit.runners.ParentRunner.run(ParentRunner.java:363)stderr  : 
stderr  : 	at org.pitest.junit.adapter.CustomRunnerExecutor.run(CustomRunnerExecutor.java:42)
stderr  : 	at org.pitest.junit.adapter.AdaptedJUnitTestUnit.execute(AdaptedJUnitTestUnit.java:69)stderr  : 
	at org.pitest.mutationtest.execute.MutationTimeoutDecorator.lambda$createRunnable$0(MutationTimeoutDecorator.java:83)stderr  : 
stderr  : 	at java.util.concurrent.Executors$RunnableAdapter.call(Executors.java:511)stderr  : 
stderr  : 	at java.util.concurrent.FutureTask.run(FutureTask.java:266)
stderr  : 	at java.lang.Thread.run(Thread.java:748)
3:57:49 PM PIT >> WARNING : Minion exited abnormally due to TIMED_OUT
stderr  : java.lang.NullPointerExceptionstderr  : 
stderr  : 	at java.util.Objects.requireNonNull(Objects.java:203)stderr  : 
stderr  : 	at java.util.Arrays$ArrayList.<init>(Arrays.java:3813)stderr  : 
stderr  : 	at java.util.Arrays.asList(Arrays.java:3800)stderr  : 
stderr  : 	at eu.supersede.integration.api.proxy.IFServiceProxy.getObjectsListForType(IFServiceProxy.java:116)stderr  : 
stderr  : 	at eu.supersede.integration.api.datastore.proxies.IFDataStoreProxy.getSupersedePlatforms(IFDataStoreProxy.java:53)stderr  : 
stderr  : 	at eu.supersede.integration.federation.SupersedeFederation.<init>(SupersedeFederation.java:32)stderr  : 
stderr  : 	at eu.supersede.integration.federation.test.IFSupersedeFederationTest.setup(IFSupersedeFederationTest.java:40)stderr  : 
stderr  : 	at sun.reflect.NativeMethodAccessorImpl.invoke0(Native Method)stderr  : 
stderr  : 	at sun.reflect.NativeMethodAccessorImpl.invoke(NativeMethodAccessorImpl.java:62)stderr  : 
stderr  : 	at sun.reflect.DelegatingMethodAccessorImpl.invoke(DelegatingMethodAccessorImpl.java:43)stderr  : 
stderr  : 	at java.lang.reflect.Method.invoke(Method.java:498)stderr  : 
stderr  : 	at org.junit.runners.model.FrameworkMethod$1.runReflectiveCall(FrameworkMethod.java:50)stderr  : 
stderr  : 	at org.junit.internal.runners.model.ReflectiveCallable.run(ReflectiveCallable.java:12)stderr  : 
stderr  : 	at org.junit.runners.model.FrameworkMethod.invokeExplosively(FrameworkMethod.java:47)stderr  : 
stderr  : 	at org.junit.internal.runners.statements.RunBefores.evaluate(RunBefores.java:24)stderr  : 
stderr  : 	at org.junit.runners.ParentRunner.run(ParentRunner.java:363)stderr  : 
stderr  : 	at org.pitest.junit.adapter.CustomRunnerExecutor.run(CustomRunnerExecutor.java:42)stderr  : 
stderr  : 	at org.pitest.junit.adapter.AdaptedJUnitTestUnit.execute(AdaptedJUnitTestUnit.java:69)stderr  : 
stderr  : 	at org.pitest.mutationtest.execute.MutationTimeoutDecorator.lambda$createRunnable$0(MutationTimeoutDecorator.java:83)stderr  : 
stderr  : 	at java.util.concurrent.Executors$RunnableAdapter.call(Executors.java:511)stderr  : 
stderr  : 	at java.util.concurrent.FutureTask.run(FutureTask.java:266)stderr  : 
stderr  : 	at java.lang.Thread.run(Thread.java:748)stderr  : 
stderr  : java.lang.IllegalArgumentException: Provide a valid authentication token
	at org.springframework.util.Assert.isTrue(Assert.java:68)
	at eu.supersede.integration.api.datastore.proxies.IFDataStoreProxy.getSupersedePlatforms(IFDataStoreProxy.java:49)
	at eu.sstderr  : upersede.integration.federation.SupersedeFederation.<init>(SupersedeFederation.java:32)
	at eu.supersede.integration.federation.test.IFSupersedeFederationTest.setup(IFSupersedeFederationTest.java:40)
	at sun.reflect.NativeMethodAccessorImpl.invoke0(Native stderr  : Method)
	at sun.reflect.NativeMethodAccessorImpl.invoke(NativeMethodAccessorImpl.java:62)
	at sun.reflect.DelegatingMethodAccessorImpl.invoke(DelegatingMethodAccessorImpl.java:43)
	at java.lang.reflect.Method.invoke(Method.java:498)
	at org.junit.runners.mstderr  : odel.FrameworkMethod$1.runReflectiveCall(FrameworkMethod.java:50)
	at org.junit.internal.runners.model.ReflectiveCallable.run(ReflectiveCallable.java:12)
	at org.junit.runners.model.FrameworkMethod.invokeExplosively(FrameworkMethod.java:47)
	at org.junit.istderr  : nternal.runners.statements.RunBefores.evaluate(RunBefores.java:24)
	at org.junit.runners.ParentRunner.run(ParentRunner.java:363)
	at org.pitest.junit.adapter.CustomRunnerExecutor.run(CustomRunnerExecutor.java:42)
	at org.pitest.junit.adapter.AdaptedJUnitTestderr  : stUnit.execute(AdaptedJUnitTestUnit.java:69)
	at org.pitest.mutationtest.execute.MutationTimeoutDecorator.lambda$createRunnable$0(MutationTimeoutDecorator.java:83)
	at java.util.concurrent.Executors$RunnableAdapter.call(Executors.java:511)
	at java.util.costderr  : ncurrent.FutureTask.run(FutureTask.java:266)
	at java.lang.Thread.run(Thread.java:748)
stderr  : java.lang.NullPointerExceptionstderr  : 
stderr  : 	at java.util.Objects.requireNonNull(Objects.java:203)stderr  : 
stderr  : 	at java.util.Arrays$ArrayList.<init>(Arrays.java:3813)
stderr  : 	at java.util.Arrays.asList(Arrays.java:3800)
stderr  : 	at eu.supersede.integration.api.proxy.IFServiceProxy.getObjectsListForType(IFServiceProxy.java:116)
stderr  : 	at eu.supersede.integration.api.datastore.proxies.IFDataStoreProxy.getSupersedePlatforms(IFDataStoreProxy.java:53)
stderr  : 	at eu.supersede.integration.federation.SupersedeFederation.<init>(SupersedeFederation.java:32)
	at eu.supersede.integration.federation.test.IFSupersedeFederationTest.setup(IFSupersedeFederationTest.java:40)
stderr  : 	at sun.reflect.NativeMethodAccessorImpl.invoke0(Native Method)
stderr  : 	at sun.reflect.NativeMethodAccessorImpl.invoke(NativeMethodAccessorImpl.java:62)
stderr  : 	at sun.reflect.DelegatingMethodAccessorImpl.invoke(DelegatingMethodAccessorImpl.java:43)
stderr  : 	at java.lang.reflect.Method.invoke(Method.java:498)
	at org.junit.runners.model.FrameworkMethod$1.runReflectiveCall(FrameworkMethod.java:50)
stderr  : 	at org.junit.internal.runners.model.ReflectiveCallable.run(ReflectiveCallable.java:12)
stderr  : 	at org.junit.runners.model.FrameworkMethod.invokeExplosively(FrameworkMethod.java:47)
stderr  : 	at org.junit.internal.runners.statements.RunBefores.evaluate(RunBefores.java:24)
stderr  : 	at org.junit.runners.ParentRunner.run(ParentRunner.java:363)
stderr  : 	at org.pitest.junit.adapter.CustomRunnerExecutor.run(CustomRunnerExecutor.java:42)
	at org.pitest.junit.adapter.AdaptedJUnitTestUnit.execute(AdaptedJUnitTestUnit.java:69)
stderr  : 	at org.pitest.mutationtest.execute.MutationTimeoutDecorator.lambda$createRunnable$0(MutationTimeoutDecorator.java:83)
stderr  : 	at java.util.concurrent.Executors$RunnableAdapter.call(Executors.java:511)
stderr  : 	at java.util.concurrent.FutureTask.run(FutureTask.java:266)stderr  : 
stderr  : 	at java.lang.Thread.run(Thread.java:748)stderr  : 
stderr  : java.lang.NullPointerExceptionstderr  : 
stderr  : 	at java.util.Objects.requireNonNull(Objects.java:203)stderr  : 
stderr  : 	at java.util.Arrays$ArrayList.<init>(Arrays.java:3813)stderr  : 
stderr  : 	at java.util.Arrays.asList(Arrays.java:3800)stderr  : 
stderr  : 	at eu.supersede.integration.api.proxy.IFServiceProxy.getObjectsListForType(IFServiceProxy.java:116)stderr  : 
stderr  : 	at eu.supersede.integration.api.datastore.proxies.IFDataStoreProxy.getSupersedePlatforms(IFDataStoreProxy.java:53)stderr  : 
stderr  : 	at eu.supersede.integration.federation.SupersedeFederation.<init>(SupersedeFederation.java:32)stderr  : 
stderr  : 	at eu.supersede.integration.federation.test.IFSupersedeFederationTest.setup(IFSupersedeFederationTest.java:40)stderr  : 
stderr  : 	at sun.reflect.NativeMethodAccessorImpl.invoke0(Native Method)stderr  : 
stderr  : 	at sun.reflect.NativeMethodAccessorImpl.invoke(NativeMethodAccessorImpl.java:62)stderr  : 
stderr  : 	at sun.reflect.DelegatingMethodAccessorImpl.invoke(DelegatingMethodAccessorImpl.java:43)stderr  : 
stderr  : 	at java.lang.reflect.Method.invoke(Method.java:498)stderr  : 
stderr  : 	at org.junit.runners.model.FrameworkMethod$1.runReflectiveCall(FrameworkMethod.java:50)stderr  : 
stderr  : 	at org.junit.internal.runners.model.ReflectiveCallable.run(ReflectiveCallable.java:12)stderr  : 
stderr  : 	at org.junit.runners.model.FrameworkMethod.invokeExplosively(FrameworkMethod.java:47)stderr  : 
stderr  : 	at org.junit.internal.runners.statements.RunBefores.evaluate(RunBefores.java:24)stderr  : 
stderr  : 	at org.junit.runners.ParentRunner.run(ParentRunner.java:363)stderr  : 
stderr  : 	at org.pitest.junit.adapter.CustomRunnerExecutor.run(CustomRunnerExecutor.java:42)stderr  : 
stderr  : 	at org.pitest.junit.adapter.AdaptedJUnitTestUnit.execute(AdaptedJUnitTestUnit.java:69)stderr  : 
stderr  : 	at org.pitest.mutationtest.execute.MutationTimeoutDecorator.lambda$createRunnable$0(MutationTimeoutDecorator.java:83)stderr  : 
stderr  : 	at java.util.concurrent.Executors$RunnableAdapter.call(Executors.java:511)stderr  : 
stderr  : 	at java.util.concurrent.FutureTask.run(FutureTask.java:266)stderr  : 
stderr  : 	at java.lang.Thread.run(Thread.java:748)stderr  : 
stderr  : java.lang.IllegalArgumentException: Credential not setstderr  : 
stderr  : 	at org.springframework.util.Assert.isTrue(Assert.java:68)stderr  : 
stderr  : 	at eu.supersede.integration.api.security.IFAuthenticationManager.getAuthorizationToken(IFAuthenticationManager.java:295)stderr  : 
stderr  : 	at eu.supersede.integration.federation.SupersedeFederation.<init>(SupersedeFederation.java:27)stderr  : 
stderr  : 	at eu.supersede.integration.federation.test.IFSupersedeFederationTest.setup(IFSupersedeFederationTest.java:40)stderr  : 
stderr  : 	at sun.reflect.NativeMethodAccessorImpl.invoke0(Native Method)stderr  : 
stderr  : 	at sun.reflect.NativeMethodAccessorImpl.invoke(NativeMethodAccessorImpl.java:62)stderr  : 
stderr  : 	at sun.reflect.DelegatingMethodAccessorImpl.invoke(DelegatingMethodAccessorImpl.java:43)stderr  : 
stderr  : 	at java.lang.reflect.Method.invoke(Method.java:498)stderr  : 
stderr  : 	at org.junit.runners.model.FrameworkMethod$1.runReflectiveCall(FrameworkMethod.java:50)stderr  : 
stderr  : 	at org.junit.internal.runners.model.ReflectiveCallable.run(ReflectiveCallable.java:12)stderr  : 
stderr  : 	at org.junit.runners.model.FrameworkMethod.invokeExplosively(FrameworkMethod.java:47)stderr  : 
stderr  : 	at org.junit.internal.runners.statements.RunBefores.evaluate(RunBefores.java:24)stderr  : 
stderr  : 	at org.junit.runners.ParentRunner.run(ParentRunner.java:363)stderr  : 
stderr  : 	at org.pitest.junit.adapter.CustomRunnerExecutor.run(CustomRunnerExecutor.java:42)stderr  : 
stderr  : 	at org.pitest.junit.adapter.AdaptedJUnitTestUnit.execute(AdaptedJUnitTestUnit.java:69)stderr  : 
stderr  : 	at org.pitest.mutationtest.execute.MutationTimeoutDecorator.lambda$createRunnable$0(MutationTimeoutDecorator.java:83)stderr  : 
stderr  : 	at java.util.concurrent.Executors$RunnableAdapter.call(Executors.java:511)stderr  : 
stderr  : 	at java.util.concurrent.FutureTask.run(FutureTask.java:266)stderr  : 
stderr  : 	at java.lang.Thread.run(Thread.java:748)stderr  : 
3:57:55 PM PIT >> WARNING : Minion exited abnormally due to TIMED_OUT
3:57:56 PM PIT >> WARNING : Minion exited abnormally due to TIMED_OUT
3:57:56 PM PIT >> WARNING : Minion exited abnormally due to TIMED_OUT
3:57:56 PM PIT >> WARNING : Minion exited abnormally due to TIMED_OUT
stderr  : Sep 25, 2019 3:57:57 PM org.apache.axis2.deployment.util.TempFileManager <clinit>
INFO: TempFileManager::unable to delete /tmp/axis2-tmp-783882785330287180.tmp
Sep 25, 2019 3:57:57 PM org.apache.axis2.deployment.util.TempFileManager <clinit>
INFO: TempFilestderr  : Manager::unable to delete /tmp/axis2-tmp-1973393805628805793.tmp
stderr  : java.lang.NullPointerExceptionstderr  : 
stderr  : 	at java.util.Objects.requireNonNull(Objects.java:203)stderr  : 
stderr  : 	at java.util.Arrays$ArrayList.<init>(Arrays.java:3813)stderr  : 
stderr  : 	at java.util.Arrays.asList(Arrays.java:3800)stderr  : 
stderr  : 	at eu.supersede.integration.api.proxy.IFServiceProxy.getObjectsListForType(IFServiceProxy.java:116)stderr  : 
stderr  : 	at eu.supersede.integration.api.datastore.proxies.IFDataStoreProxy.getSupersedePlatforms(IFDataStoreProxy.java:53)stderr  : 
stderr  : 	at eu.supersede.integration.federation.SupersedeFederation.<init>(SupersedeFederation.java:32)stderr  : 
stderr  : 	at eu.supersede.integration.api.pubsub.test.AlertPubSubTest.<clinit>(AlertPubSubTest.java:32)stderr  : 
stderr  : 	at sun.reflect.NativeConstructorAccessorImpl.newInstance0(Native Method)stderr  : 
stderr  : 	at sun.reflect.NativeConstructorAccessorImpl.newInstance(NativeConstructorAccessorImpl.java:62)stderr  : 
stderr  : 	at sun.reflect.DelegatingConstructorAccessorImpl.newInstance(DelegatingConstructorAccessorImpl.java:45)stderr  : 
stderr  : 	at java.lang.reflect.Constructor.newInstance(Constructor.java:423)stderr  : 
stderr  : 	at org.junit.runners.BlockJUnit4ClassRunner.createTest(BlockJUnit4ClassRunner.java:217)stderr  : 
stderr  : 	at org.junit.runners.BlockJUnit4ClassRunner$1.runReflectiveCall(BlockJUnit4ClassRunner.java:266)stderr  : 
stderr  : 	at org.junit.internal.runners.model.ReflectiveCallable.run(ReflectiveCallable.java:12)stderr  : 
stderr  : 	at org.junit.runners.BlockJUnit4ClassRunner.methodBlock(BlockJUnit4ClassRunner.java:263)stderr  : 
stderr  : 	at org.junit.runners.BlockJUnit4ClassRunner.runChild(BlockJUnit4ClassRunner.java:78)stderr  : 
stderr  : 	at org.junit.runners.BlockJUnit4ClassRunner.runChild(BlockJUnit4ClassRunner.java:57)stderr  : 
stderr  : 	at org.junit.runners.ParentRunner$3.run(ParentRunner.java:290)stderr  : 
stderr  : 	at org.junit.runners.ParentRunner$1.schedule(ParentRunner.java:71)stderr  : 
stderr  : 	at org.junit.runners.ParentRunner.runChildren(ParentRunner.java:288)stderr  : 
stderr  : 	at org.junit.runners.ParentRunner.access$000(ParentRunner.java:58)stderr  : 
stderr  : 	at org.junit.runners.ParentRunner$2.evaluate(ParentRunner.java:268)stderr  : 
stderr  : 	at org.junit.runners.ParentRunner.run(ParentRunner.java:363)stderr  : 
stderr  : 	at org.pitest.junit.adapter.CustomRunnerExecutor.run(CustomRunnerExecutor.java:42)stderr  : 
stderr  : 	at org.pitest.junit.adapter.AdaptedJUnitTestUnit.execute(AdaptedJUnitTestUnit.java:69)stderr  : 
stderr  : 	at org.pitest.mutationtest.execute.MutationTimeoutDecorator.lambda$createRunnable$0(MutationTimeoutDecorator.java:83)stderr  : 
stderr  : 	at java.util.concurrent.Executors$RunnableAdapter.call(Executors.java:511)stderr  : 
stderr  : 	at java.util.concurrent.FutureTask.run(FutureTask.java:266)stderr  : 
stderr  : 	at java.lang.Thread.run(Thread.java:748)stderr  : 
stderr  : java.lang.NullPointerException
stderr  : 	at java.util.Objects.requireNonNull(Objects.java:203)
stderr  : 	at java.util.Arrays$ArrayList.<init>(Arrays.java:3813)stderr  : 
stderr  : 	at java.util.Arrays.asList(Arrays.java:3800)stderr  : 
stderr  : 	at eu.supersede.integration.api.proxy.IFServiceProxy.getObjectsListForType(IFServiceProxy.java:116)stderr  : 
stderr  : 	at eu.supersede.integration.api.datastore.proxies.IFDataStoreProxy.getSupersedePlatforms(IFDataStoreProxy.java:53)stderr  : 
stderr  : 	at eu.supersede.integration.federation.SupersedeFederation.<init>(SupersedeFederation.java:32)stderr  : 
stderr  : 	at eu.supersede.integration.properties.IntegrationProperty.getFederation(IntegrationProperty.java:94)stderr  : 
stderr  : 	at eu.supersede.integration.properties.IntegrationProperty.getLocalPlatform(IntegrationProperty.java:108)stderr  : 
stderr  : 	at eu.supersede.integration.properties.IntegrationProperty.getMBConnection(IntegrationProperty.java:85)stderr  : 
stderr  : 	at eu.supersede.integration.api.pubsub.TopicMessageAgent.<init>(TopicMessageAgent.java:37)stderr  : 
stderr  : 	at eu.supersede.integration.api.pubsub.TopicSubscriber.<init>(TopicSubscriber.java:66)stderr  : 
stderr  : 	at eu.supersede.integration.api.pubsub.test.AlertPubSubTest.startSubscriber(AlertPubSubTest.java:92)stderr  : 
stderr  : 	at eu.supersede.integration.api.pubsub.test.AlertPubSubTest.run(AlertPubSubTest.java:83)stderr  : 
stderr  : 	at java.lang.Thread.run(Thread.java:748)stderr  : 
stderr  : Exception in thread "Thread-2" stderr  : java.lang.NullPointerExceptionstderr  : 
stderr  : 	at eu.supersede.integration.federation.SupersedeFederation.getFederatedSupersedePlatform(SupersedeFederation.java:50)stderr  : 
stderr  : 	at eu.supersede.integration.properties.IntegrationProperty.getPlatform(IntegrationProperty.java:89)stderr  : 
stderr  : 	at eu.supersede.integration.properties.IntegrationProperty.computeMBConnection(IntegrationProperty.java:74)stderr  : 
stderr  : 	at eu.supersede.integration.properties.IntegrationProperty.getMBConnection(IntegrationProperty.java:85)stderr  : 
stderr  : 	at eu.supersede.integration.api.pubsub.TopicMessageAgent.<init>(TopicMessageAgent.java:37)stderr  : 
stderr  : 	at eu.supersede.integration.api.pubsub.TopicSubscriber.<init>(TopicSubscriber.java:66)stderr  : 
stderr  : 	at eu.supersede.integration.api.pubsub.test.AlertPubSubTest.startSubscriber(AlertPubSubTest.java:92)stderr  : 
stderr  : 	at eu.supersede.integration.api.pubsub.test.AlertPubSubTest.run(AlertPubSubTest.java:83)stderr  : 
stderr  : 	at java.lang.Thread.run(Thread.java:748)stderr  : 
3:58:00 PM PIT >> WARNING : Minion exited abnormally due to TIMED_OUT
3:58:02 PM PIT >> WARNING : Minion exited abnormally due to TIMED_OUT
3:58:04 PM PIT >> WARNING : Minion exited abnormally due to TIMED_OUT
stderr  : Sep 25, 2019 3:58:08 PM org.apache.axis2.deployment.util.TempFileManager <clinit>
INFO: TempFileManager::unable to delete /tmp/axis2-tmp-783882785330287180.tmp
Sep 25, 2019 3:58:08 PM org.apache.axis2.deployment.util.TempFileManager <clinit>
INFO: TempFilestderr  : Manager::unable to delete /tmp/axis2-tmp-1973393805628805793.tmp
3:58:11 PM PIT >> WARNING : Minion exited abnormally due to TIMED_OUT
3:58:16 PM PIT >> WARNING : Minion exited abnormally due to TIMED_OUT
stderr  : Sep 25, 2019 3:58:19 PM org.apache.axis2.deployment.util.TempFileManager <clinit>
INFO: TempFileManager::unable to delete /tmp/axis2-tmp-783882785330287180.tmp
Sep 25, 2019 3:58:19 PM org.apache.axis2.deployment.util.TempFileManager <clinit>
INFO: TempFilestderr  : Manager::unable to delete /tmp/axis2-tmp-1973393805628805793.tmp
3:58:28 PM PIT >> WARNING : Minion exited abnormally due to TIMED_OUT
3:58:29 PM PIT >> WARNING : Minion exited abnormally due to TIMED_OUT
stderr  : Sep 25, 2019 3:58:36 PM org.apache.axis2.deployment.util.TempFileManager <clinit>
INFO: TempFileManager::unable to delete /tmp/axis2-tmp-783882785330287180.tmp
Sep 25, 2019 3:58:36 PM org.apache.axis2.deployment.util.TempFileManager <clinit>
INFO: TempFilestderr  : Manager::unable to delete /tmp/axis2-tmp-1973393805628805793.tmp
3:58:38 PM PIT >> WARNING : Minion exited abnormally due to TIMED_OUT
3:58:43 PM PIT >> WARNING : Minion exited abnormally due to TIMED_OUT
stderr  : Sep 25, 2019 3:58:49 PM org.apache.axis2.deployment.util.TempFileManager <clinit>
INFO: TempFileManager::unable to delete /tmp/axis2-tmp-783882785330287180.tmp
Sep 25, 2019 3:58:49 PM org.apache.axis2.deployment.util.TempFileManager <clinit>
INFO: TempFilestderr  : Manager::unable to delete /tmp/axis2-tmp-1973393805628805793.tmp
stderr  : java.lang.IllegalArgumentException: Tenant base 64 authorization pair not retrieved from configuration
stderr  : 	at org.springframework.util.Assert.isTrue(Assert.java:68)
stderr  : 	at eu.supersede.integration.api.security.IFAuthenticationManager.getAuthorizationToken(IFAuthenticationManager.java:310)
stderr  : 	at eu.supersede.integration.federation.SupersedeFederation.<init>(SupersedeFederation.java:27)
stderr  : 	at eu.supersede.integration.federation.test.IFSupersedeFederationTest.setup(IFSupersedeFederationTest.java:40)stderr  : 
stderr  : 	at sun.reflect.NativeMethodAccessorImpl.invoke0(Native Method)
stderr  : 	at sun.reflect.NativeMethodAccessorImpl.invoke(NativeMethodAccessorImpl.java:62)
stderr  : 	at sun.reflect.DelegatingMethodAccessorImpl.invoke(DelegatingMethodAccessorImpl.java:43)
	at java.lang.reflect.Method.invoke(Method.java:498)
stderr  : 	at org.junit.runners.model.FrameworkMethod$1.runReflectiveCall(FrameworkMethod.java:50)
stderr  : 	at org.junit.internal.runners.model.ReflectiveCallable.run(ReflectiveCallable.java:12)
stderr  : 	at org.junit.runners.model.FrameworkMethod.invokeExplosively(FrameworkMethod.java:47)
stderr  : 	at org.junit.internal.runners.statements.RunBefores.evaluate(RunBefores.java:24)
stderr  : 	at org.junit.runners.ParentRunner.run(ParentRunner.java:363)stderr  : 
stderr  : 	at org.pitest.junit.adapter.CustomRunnerExecutor.run(CustomRunnerExecutor.java:42)
stderr  : 	at org.pitest.junit.adapter.AdaptedJUnitTestUnit.execute(AdaptedJUnitTestUnit.java:69)
stderr  : 	at org.pitest.mutationtest.execute.MutationTimeoutDecorator.lambda$createRunnable$0(MutationTimeoutDecorator.java:83)stderr  : 
stderr  : 	at java.util.concurrent.Executors$RunnableAdapter.call(Executors.java:511)stderr  : 
stderr  : 	at java.util.concurrent.FutureTask.run(FutureTask.java:266)stderr  : 
stderr  : 	at java.lang.Thread.run(Thread.java:748)stderr  : 
3:59:13 PM PIT >> WARNING : Minion exited abnormally due to TIMED_OUT
3:59:23 PM PIT >> WARNING : Minion exited abnormally due to TIMED_OUT
3:59:25 PM PIT >> WARNING : Minion exited abnormally due to TIMED_OUT
3:59:34 PM PIT >> WARNING : Minion exited abnormally due to TIMED_OUT
stderr  : Sep 25, 2019 3:59:38 PM org.apache.axis2.deployment.util.TempFileManager <clinit>
INFO: TempFileManager::unable to delete /tmp/axis2-tmp-783882785330287180.tmp
Sep 25, 2019 3:59:38 PM org.apache.axis2.deployment.util.TempFileManager <clinit>
INFO: TempFilestderr  : Manager::unable to delete /tmp/axis2-tmp-1973393805628805793.tmp
4:00:10 PM PIT >> WARNING : Minion exited abnormally due to TIMED_OUT
4:00:11 PM PIT >> WARNING : Minion exited abnormally due to TIMED_OUT
4:00:57 PM PIT >> WARNING : Minion exited abnormally due to TIMED_OUT
stderr  : java.lang.RuntimeException: Property 'is.authorization..tenant.pair.base64' not found exception
stderr  : 	at eu.supersede.integration.properties.IntegrationProperty.getProperty(IntegrationProperty.java:68)
stderr  : 	at eu.supersede.integration.api.security.IFAuthenticationManager.getAuthorizationToken(IFAuthenticationManager.java:301)
	at eu.supersede.integration.federation.SupersedeFederation.<init>(SupersedeFederation.java:27)
stderr  : 	at eu.supersede.integration.federation.test.IFSupersedeFederationTest.setup(IFSupersedeFederationTest.java:40)
	at sun.reflect.NativeMethodAccessorImpl.invoke0(Native Method)
stderr  : 	at sun.reflect.NativeMethodAccessorImpl.invoke(NativeMethodAccessorImpl.java:62)
stderr  : 	at sun.reflect.DelegatingMethodAccessorImpl.invoke(DelegatingMethodAccessorImpl.java:43)
	at java.lang.reflect.Method.invoke(Method.java:498)
stderr  : 	at org.junit.runners.model.FrameworkMethod$1.runReflectiveCall(FrameworkMethod.java:50)
stderr  : 	at org.junit.internal.runners.model.ReflectiveCallable.run(ReflectiveCallable.java:12)
	at org.junit.runners.model.FrameworkMethod.invokeExplosively(FrameworkMethod.java:47)
stderr  : 	at org.junit.internal.runners.statements.RunBefores.evaluate(RunBefores.java:24)
stderr  : 	at org.junit.runners.ParentRunner.run(ParentRunner.java:363)
	at org.pitest.junit.adapter.CustomRunnerExecutor.run(CustomRunnerExecutor.java:42)
stderr  : 	at org.pitest.junit.adapter.AdaptedJUnitTestUnit.execute(AdaptedJUnitTestUnit.java:69)
stderr  : 	at org.pitest.mutationtest.execute.MutationTimeoutDecorator.lambda$createRunnable$0(MutationTimeoutDecorator.java:83)
	at java.util.concurrent.Executors$RunnableAdapter.call(Executors.java:511)
stderr  : 	at java.util.concurrent.FutureTask.run(FutureTask.java:266)
stderr  : 	at java.lang.Thread.run(Thread.java:748)
stderr  : Sep 25, 2019 4:01:10 PM org.apache.axis2.deployment.util.TempFileManager <clinit>
INFO: TempFileManager::unable to delete /tmp/axis2-tmp-783882785330287180.tmp
Sep 25, 2019 4:01:10 PM org.apache.axis2.deployment.util.TempFileManager <clinit>
INFO: TempFilestderr  : Manager::unable to delete /tmp/axis2-tmp-1973393805628805793.tmp
stderr  : Sep 25, 2019 4:01:13 PM org.apache.axis2.deployment.util.TempFileManager <clinit>
INFO: TempFileManager::unable to delete /tmp/axis2-tmp-783882785330287180.tmp
Sep 25, 2019 4:01:13 PM org.apache.axis2.deployment.util.TempFileManager <clinit>
INFO: TempFilestderr  : Manager::unable to delete /tmp/axis2-tmp-1973393805628805793.tmp
stderr  : Sep 25, 2019 4:01:13 PM org.apache.axis2.deployment.util.TempFileManager <clinit>
INFO: TempFileManager::unable to delete /tmp/axis2-tmp-783882785330287180.tmp
Sep 25, 2019 4:01:13 PM org.apache.axis2.deployment.util.TempFileManager <clinit>
INFO: TempFilestderr  : Manager::unable to delete /tmp/axis2-tmp-1973393805628805793.tmp
stderr  : Sep 25, 2019 4:01:14 PM org.apache.axis2.deployment.util.TempFileManager <clinit>
INFO: TempFileManager::unable to delete /tmp/axis2-tmp-783882785330287180.tmp
Sep 25, 2019 4:01:14 PM org.apache.axis2.deployment.util.TempFileManager <clinit>
INFO: TempFilestderr  : Manager::unable to delete /tmp/axis2-tmp-1973393805628805793.tmp
stderr  : Exception in thread "Thread-3" stderr  : java.lang.NullPointerExceptionstderr  : 
stderr  : 	at eu.supersede.integration.properties.IntegrationProperty.getMBConnection(IntegrationProperty.java:85)stderr  : 
stderr  : 	at eu.supersede.integration.api.pubsub.TopicMessageAgent.<init>(TopicMessageAgent.java:37)stderr  : 
stderr  : 	at eu.supersede.integration.api.pubsub.TopicSubscriber.<init>(TopicSubscriber.java:66)stderr  : 
stderr  : 	at eu.supersede.integration.api.pubsub.test.AlertPubSubTest.startSubscriber(AlertPubSubTest.java:92)stderr  : 
stderr  : 	at eu.supersede.integration.api.pubsub.test.AlertPubSubTest.run(AlertPubSubTest.java:83)stderr  : 
	at java.lang.Thread.run(Thread.java:748)stderr  : 
stderr  : Sep 25, 2019 4:01:16 PM org.apache.axis2.deployment.util.TempFileManager <clinit>
INFO: TempFileManager::unable to delete /tmp/axis2-tmp-783882785330287180.tmp
Sep 25, 2019 4:01:16 PM org.apache.axis2.deployment.util.TempFileManager <clinit>
INFO: TempFilestderr  : Manager::unable to delete /tmp/axis2-tmp-1973393805628805793.tmp
stderr  : Sep 25, 2019 4:01:20 PM org.apache.axis2.deployment.util.TempFileManager <clinit>
INFO: TempFileManager::unable to delete /tmp/axis2-tmp-783882785330287180.tmp
Sep 25, 2019 4:01:20 PM org.apache.axis2.deployment.util.TempFileManager <clinit>
INFO: TempFilestderr  : Manager::unable to delete /tmp/axis2-tmp-1973393805628805793.tmp
stderr  : Sep 25, 2019 4:01:20 PM org.apache.axis2.deployment.util.TempFileManager <clinit>
INFO: TempFileManager::unable to delete /tmp/axis2-tmp-783882785330287180.tmp
Sep 25, 2019 4:01:20 PM org.apache.axis2.deployment.util.TempFileManager <clinit>
INFO: TempFilestderr  : Manager::unable to delete /tmp/axis2-tmp-1973393805628805793.tmp
stderr  : Sep 25, 2019 4:01:25 PM org.apache.axis2.deployment.util.TempFileManager <clinit>
INFO: TempFileManager::unable to delete /tmp/axis2-tmp-783882785330287180.tmp
Sep 25, 2019 4:01:25 PM org.apache.axis2.deployment.util.TempFileManager <clinit>
INFO: TempFilestderr  : Manager::unable to delete /tmp/axis2-tmp-1973393805628805793.tmp
stderr  : Sep 25, 2019 4:01:30 PM org.apache.axis2.deployment.util.TempFileManager <clinit>
INFO: TempFileManager::unable to delete /tmp/axis2-tmp-783882785330287180.tmp
Sep 25, 2019 4:01:30 PM org.apache.axis2.deployment.util.TempFileManager <clinit>
INFO: TempFilestderr  : Manager::unable to delete /tmp/axis2-tmp-1973393805628805793.tmp
stderr  : Sep 25, 2019 4:01:30 PM org.apache.axis2.deployment.util.TempFileManager <clinit>
INFO: TempFileManager::unable to delete /tmp/axis2-tmp-783882785330287180.tmp
Sep 25, 2019 4:01:30 PM org.apache.axis2.deployment.util.TempFileManager <clinit>
INFO: TempFilestderr  : Manager::unable to delete /tmp/axis2-tmp-1973393805628805793.tmp
stderr  : java.lang.IllegalArgumentException: Tenant base 64 authorization pair not retrieved from configuration
stderr  : 	at org.springframework.util.Assert.isTrue(Assert.java:68)
	at eu.supersede.integration.api.security.IFAuthenticationManager.getAuthorizationToken(IFAuthenticationManager.java:310)
	at eu.supersede.integration.federation.SupersedeFederation.<init>(Supersedstderr  : eFederation.java:27)
	at eu.supersede.integration.federation.test.IFSupersedeFederationTest.setup(IFSupersedeFederationTest.java:40)
stderr  : 	at sun.reflect.NativeMethodAccessorImpl.invoke0(Native Method)stderr  : 
stderr  : 	at sun.reflect.NativeMethodAccessorImpl.invoke(NativeMethodAccessorImpl.java:62)
stderr  : 	at sun.reflect.DelegatingMethodAccessorImpl.invoke(DelegatingMethodAccessorImpl.java:43)
	at java.lang.reflect.Method.invoke(Method.java:498)
stderr  : 	at org.junit.runners.model.FrameworkMethod$1.runReflectiveCall(FrameworkMethod.java:50)
stderr  : 	at org.junit.internal.runners.model.ReflectiveCallable.run(ReflectiveCallable.java:12)
stderr  : 	at org.junit.runners.model.FrameworkMethod.invokeExplosively(FrameworkMethod.java:47)
stderr  : 	at org.junit.internal.runners.statements.RunBefores.evaluate(RunBefores.java:24)
	at org.junit.runners.ParentRunner.run(ParentRunner.java:363)
stderr  : 	at org.pitest.junit.adapter.CustomRunnerExecutor.run(CustomRunnerExecutor.java:42)
stderr  : 	at org.pitest.junit.adapter.AdaptedJUnitTestUnit.execute(AdaptedJUnitTestUnit.java:69)
stderr  : 	at org.pitest.mutationtest.execute.MutationTimeoutDecorator.lambda$createRunnable$0(MutationTimeoutDecorator.java:83)
stderr  : 	at java.util.concurrent.Executors$RunnableAdapter.call(Executors.java:511)
stderr  : 	at java.util.concurrent.FutureTask.run(FutureTask.java:266)
	at java.lang.Thread.run(Thread.java:748)
stderr  : Sep 25, 2019 4:01:37 PM org.apache.axis2.deployment.util.TempFileManager <clinit>
INFO: TempFileManager::unable to delete /tmp/axis2-tmp-783882785330287180.tmp
Sep 25, 2019 4:01:37 PM org.apache.axis2.deployment.util.TempFileManager <clinit>
INFO: TempFilestderr  : Manager::unable to delete /tmp/axis2-tmp-1973393805628805793.tmp
stderr  : Sep 25, 2019 4:01:39 PM org.apache.axis2.deployment.util.TempFileManager <clinit>
INFO: TempFileManager::unable to delete /tmp/axis2-tmp-783882785330287180.tmp
Sep 25, 2019 4:01:39 PM org.apache.axis2.deployment.util.TempFileManager <clinit>
INFO: TempFilestderr  : Manager::unable to delete /tmp/axis2-tmp-1973393805628805793.tmp
stderr  : Sep 25, 2019 4:01:41 PM org.apache.axis2.deployment.util.TempFileManager <clinit>
INFO: TempFileManager::unable to delete /tmp/axis2-tmp-783882785330287180.tmp
Sep 25, 2019 4:01:41 PM org.apache.axis2.deployment.util.TempFileManager <clinit>
INFO: TempFilestderr  : Manager::unable to delete /tmp/axis2-tmp-1973393805628805793.tmp
4:01:43 PM PIT >> WARNING : Minion exited abnormally due to TIMED_OUT
stderr  : Sep 25, 2019 4:01:45 PM org.apache.axis2.deployment.util.TempFileManager <clinit>
INFO: TempFileManager::unable to delete /tmp/axis2-tmp-783882785330287180.tmp
Sep 25, 2019 4:01:45 PM org.apache.axis2.deployment.util.TempFileManager <clinit>
INFO: TempFilestderr  : Manager::unable to delete /tmp/axis2-tmp-1973393805628805793.tmp
stderr  : Exception in thread "Thread-2" stderr  : java.lang.NullPointerExceptionstderr  : 
stderr  : 	at eu.supersede.integration.api.pubsub.test.AdaptationAlertPubSubTest.startSubscriber(AdaptationAlertPubSubTest.java:93)stderr  : 
	at eu.supersede.integration.api.pubsub.test.AdaptationAlertPubSubTest.run(AdaptationAlertPubSubTest.java:78)stderr  : 
stderr  : 	at java.lang.Thread.run(Thread.java:748)stderr  : 
4:01:50 PM PIT >> WARNING : Minion exited abnormally due to TIMED_OUT
4:01:52 PM PIT >> WARNING : Minion exited abnormally due to TIMED_OUT
stderr  : Sep 25, 2019 4:01:53 PM org.apache.axis2.deployment.util.TempFileManager <clinit>
INFO: TempFileManager::unable to delete /tmp/axis2-tmp-783882785330287180.tmp
Sep 25, 2019 4:01:53 PM org.apache.axis2.deployment.util.TempFileManager <clinit>
INFO: TempFilestderr  : Manager::unable to delete /tmp/axis2-tmp-1973393805628805793.tmp
4:01:56 PM PIT >> WARNING : Minion exited abnormally due to TIMED_OUT
stderr  : Sep 25, 2019 4:01:56 PM org.apache.axis2.deployment.util.TempFileManager <clinit>
INFO: TempFileManager::unable to delete /tmp/axis2-tmp-783882785330287180.tmp
Sep 25, 2019 4:01:56 PM org.apache.axis2.deployment.util.TempFileManager <clinit>
INFO: TempFilestderr  : Manager::unable to delete /tmp/axis2-tmp-1973393805628805793.tmp
stderr  : Sep 25, 2019 4:01:56 PM org.apache.axis2.deployment.util.TempFileManager <clinit>
INFO: TempFileManager::unable to delete /tmp/axis2-tmp-783882785330287180.tmp
Sep 25, 2019 4:01:56 PM org.apache.axis2.deployment.util.TempFileManager <clinit>
INFO: TempFilestderr  : Manager::unable to delete /tmp/axis2-tmp-1973393805628805793.tmp
4:01:58 PM PIT >> WARNING : Minion exited abnormally due to TIMED_OUT
stderr  : java.lang.NullPointerException
stderr  : 	at eu.supersede.integration.api.datastore.util.PasswordCrypt.hexStringToByteArray(PasswordCrypt.java:54)stderr  : 
stderr  : 	at eu.supersede.integration.api.datastore.util.PasswordCrypt.decryptPassword(PasswordCrypt.java:90)
stderr  : 	at eu.supersede.integration.api.datastore.proxies.IFDataStoreProxy.getSupersedePlatforms(IFDataStoreProxy.java:58)stderr  : 
stderr  : 	at eu.supersede.integration.federation.SupersedeFederation.<init>(SupersedeFederation.java:32)stderr  : 
stderr  : 	at eu.supersede.integration.federation.test.IFSupersedeFederationTest.setup(IFSupersedeFederationTest.java:40)stderr  : 
stderr  : 	at sun.reflect.NativeMethodAccessorImpl.invoke0(Native Method)stderr  : 
stderr  : 	at sun.reflect.NativeMethodAccessorImpl.invoke(NativeMethodAccessorImpl.java:62)stderr  : 
stderr  : 	at sun.reflect.DelegatingMethodAccessorImpl.invoke(DelegatingMethodAccessorImpl.java:43)stderr  : 
stderr  : 	at java.lang.reflect.Method.invoke(Method.java:498)stderr  : 
stderr  : 	at org.junit.runners.model.FrameworkMethod$1.runReflectiveCall(FrameworkMethod.java:50)stderr  : 
stderr  : 	at org.junit.internal.runners.model.ReflectiveCallable.run(ReflectiveCallable.java:12)stderr  : 
stderr  : 	at org.junit.runners.model.FrameworkMethod.invokeExplosively(FrameworkMethod.java:47)stderr  : 
stderr  : 	at org.junit.internal.runners.statements.RunBefores.evaluate(RunBefores.java:24)stderr  : 
stderr  : 	at org.junit.runners.ParentRunner.run(ParentRunner.java:363)stderr  : 
stderr  : 	at org.pitest.junit.adapter.CustomRunnerExecutor.run(CustomRunnerExecutor.java:42)stderr  : 
stderr  : 	at org.pitest.junit.adapter.AdaptedJUnitTestUnit.execute(AdaptedJUnitTestUnit.java:69)stderr  : 
stderr  : 	at org.pitest.mutationtest.execute.MutationTimeoutDecorator.lambda$createRunnable$0(MutationTimeoutDecorator.java:83)stderr  : 
stderr  : 	at java.util.concurrent.Executors$RunnableAdapter.call(Executors.java:511)stderr  : 
stderr  : 	at java.util.concurrent.FutureTask.run(FutureTask.java:266)stderr  : 
stderr  : 	at java.lang.Thread.run(Thread.java:748)stderr  : 
4:01:58 PM PIT >> WARNING : Minion exited abnormally due to TIMED_OUT
stderr  : Sep 25, 2019 4:01:58 PM org.apache.axis2.deployment.util.TempFileManager <clinit>
INFO: TempFileManager::unable to delete /tmp/axis2-tmp-783882785330287180.tmp
stderr  : Sep 25, 2019 4:01:58 PM org.apache.axis2.deployment.util.TempFileManager <clinit>
INFO: TempFileManager::unable to delete /tmp/axis2-tmp-1973393805628805793.tmp
stderr  : Exception in thread "Thread-2" stderr  : java.lang.NullPointerExceptionstderr  : 
stderr  : 	at eu.supersede.integration.api.pubsub.test.EvolutionAlertPubSubTest.startSubscriber(EvolutionAlertPubSubTest.java:97)stderr  : 
	at eu.supersede.integration.api.pubsub.test.EvolutionAlertPubSubTest.run(EvolutionAlertPubSubTest.java:82)stderr  : 
stderr  : 	at java.lang.Thread.run(Thread.java:748)stderr  : 
4:02:01 PM PIT >> WARNING : Minion exited abnormally due to TIMED_OUT
stderr  : Sep 25, 2019 4:02:01 PM org.apache.axis2.deployment.util.TempFileManager <clinit>
INFO: TempFileManager::unable to delete /tmp/axis2-tmp-783882785330287180.tmp
Sep 25, 2019 4:02:01 PM org.apache.axis2.deployment.util.TempFileManager <clinit>
INFO: TempFilestderr  : Manager::unable to delete /tmp/axis2-tmp-1973393805628805793.tmp
stderr  : Sep 25, 2019 4:02:02 PM org.apache.axis2.deployment.util.TempFileManager <clinit>
INFO: TempFileManager::unable to delete /tmp/axis2-tmp-783882785330287180.tmp
Sep 25, 2019 4:02:02 PM org.apache.axis2.deployment.util.TempFileManager <clinit>
INFO: TempFilestderr  : Manager::unable to delete /tmp/axis2-tmp-1973393805628805793.tmp
4:02:03 PM PIT >> WARNING : Minion exited abnormally due to TIMED_OUT
stderr  : com.fasterxml.jackson.core.JsonParseException: Unrecognized token 'Analysis': was expecting ('true', 'false' or 'null')
 at [Source: Analysis event for DM: detected memory leak in managed system; line: 1, column: 9]
stderr  : 	at com.fasterxml.jackson.core.JsonParser._constructError(JsonParser.java:1702)
stderr  : 	at com.fasterxml.jackson.core.base.ParserMinimalBase._reportError(ParserMinimalBase.java:558)stderr  : 
	at com.fasterxml.jackson.core.json.ReaderBasedJsonParser._reportInvalidToken(ReaderBasedJsonParser.java:2835)
stderr  : 	at com.fasterxml.jackson.core.json.ReaderBasedJsonParser._handleOddValue(ReaderBasedJsonParser.java:1903)
stderr  : 	at com.fasterxml.jackson.core.json.ReaderBasedJsonParser.nextToken(ReaderBasedJsonParser.java:749)
stderr  : 	at com.fasterxml.jackson.databind.ObjectMapper._initForReading(ObjectMapper.java:3834)stderr  : 
stderr  : 	at com.fasterxml.jackson.databind.ObjectMapper._readMapAndClose(ObjectMapper.java:3783)stderr  : 
stderr  : 	at com.fasterxml.jackson.databind.ObjectMapper.readValue(ObjectMapper.java:2842)
stderr  : 	at eu.supersede.integration.api.json.JsonUtils.deserializeJsonStringAsObject(JsonUtils.java:59)stderr  : 
stderr  : 	at eu.supersede.integration.api.pubsub.test.AlertPubSubTest$AlertMessageListener.onMessage(AlertPubSubTest.java:127)
stderr  : 	at org.wso2.andes.client.BasicMessageConsumer.notifyMessage(BasicMessageConsumer.java:747)
stderr  : 	at org.wso2.andes.client.BasicMessageConsumer.notifyMessage(BasicMessageConsumer.java:721)
stderr  : 	at org.wso2.andes.client.AMQSession$Dispatcher.notifyConsumer(AMQSession.java:3537)
stderr  : 	at org.wso2.andes.client.AMQSession$Dispatcher.dispatchMessage(AMQSession.java:3477)stderr  : 
stderr  : 	at org.wso2.andes.client.AMQSession$Dispatcher.access$1200(AMQSession.java:3226)
stderr  : 	at org.wso2.andes.client.AMQSession.dispatch(AMQSession.java:3219)stderr  : 
stderr  : 	at org.wso2.andes.client.message.UnprocessedMessage.dispatch(UnprocessedMessage.java:54)
stderr  : 	at org.wso2.andes.client.AMQSession$Dispatcher.run(AMQSession.java:3399)
stderr  : 	at java.lang.Thread.run(Thread.java:748)
stderr  : Sep 25, 2019 4:02:05 PM org.apache.axis2.deployment.util.TempFileManager <clinit>
INFO: TempFileManager::unable to delete /tmp/axis2-tmp-783882785330287180.tmp
Sep 25, 2019 4:02:05 PM org.apache.axis2.deployment.util.TempFileManager <clinit>
INFO: TempFilestderr  : Manager::unable to delete /tmp/axis2-tmp-1973393805628805793.tmp
stderr  : Sep 25, 2019 4:02:11 PM org.apache.axis2.deployment.util.TempFileManager <clinit>
INFO: TempFileManager::unable to delete /tmp/axis2-tmp-783882785330287180.tmp
Sep 25, 2019 4:02:11 PM org.apache.axis2.deployment.util.TempFileManager <clinit>
INFO: TempFilestderr  : Manager::unable to delete /tmp/axis2-tmp-1973393805628805793.tmp
stderr  : java.lang.NullPointerException
stderr  : 	at eu.supersede.integration.api.proxy.IFServiceProxy.getObjectsListForType(IFServiceProxy.java:110)
	at eu.supersede.integration.api.datastore.proxies.IFDataStoreProxy.getSupersedePlatforms(IFDataStoreProxy.java:53)
	at eu.supersede.integration.federationstderr  : .SupersedeFederation.<init>(SupersedeFederation.java:32)
	at eu.supersede.integration.federation.test.IFSupersedeFederationTest.setup(IFSupersedeFederationTest.java:40)
	at sun.reflect.NativeMethodAccessorImpl.invoke0(Native Method)
	at sun.reflect.NativeMstderr  : ethodAccessorImpl.invoke(NativeMethodAccessorImpl.java:62)
	at sun.reflect.DelegatingMethodAccessorImpl.invoke(DelegatingMethodAccessorImpl.java:43)
	at java.lang.reflect.Method.invoke(Method.java:498)
	at org.junit.runners.model.FrameworkMethod$1.runReflestderr  : ctiveCall(FrameworkMethod.java:50)
	at org.junit.internal.runners.model.ReflectiveCallable.run(ReflectiveCallable.java:12)
	at org.junit.runners.model.FrameworkMethod.invokeExplosively(FrameworkMethod.java:47)
stderr  : 	at org.junit.internal.runners.statements.RunBefores.evaluate(RunBefores.java:24)
	at org.junit.runners.ParentRunner.run(ParentRunner.java:363)
	at org.pitest.junit.adapter.CustomRunnerExecutor.run(CustomRunnerExecutor.java:42)
	at org.pitest.junit.adapterstderr  : .AdaptedJUnitTestUnit.execute(AdaptedJUnitTestUnit.java:69)
	at org.pitest.mutationtest.execute.MutationTimeoutDecorator.lambda$createRunnable$0(MutationTimeoutDecorator.java:83)
stderr  : 	at java.util.concurrent.Executors$RunnableAdapter.call(Executors.java:511)
	at java.util.concurrent.FutureTask.run(FutureTask.java:266)
stderr  : 	at java.lang.Thread.run(Thread.java:748)
4:02:12 PM PIT >> WARNING : Minion exited abnormally due to TIMED_OUT
stderr  : Sep 25, 2019 4:02:14 PM org.apache.axis2.deployment.util.TempFileManager <clinit>
INFO: TempFileManager::unable to delete /tmp/axis2-tmp-783882785330287180.tmp
Sep 25, 2019 4:02:14 PM org.apache.axis2.deployment.util.TempFileManager <clinit>
INFO: TempFilestderr  : Manager::unable to delete /tmp/axis2-tmp-1973393805628805793.tmp
4:02:19 PM PIT >> WARNING : Minion exited abnormally due to TIMED_OUT
stderr  : Sep 25, 2019 4:02:21 PM org.apache.axis2.deployment.util.TempFileManager <clinit>
INFO: TempFileManager::unable to delete /tmp/axis2-tmp-783882785330287180.tmp
Sep 25, 2019 4:02:21 PM org.apache.axis2.deployment.util.TempFileManager <clinit>
INFO: TempFilestderr  : Manager::unable to delete /tmp/axis2-tmp-1973393805628805793.tmp
4:02:21 PM PIT >> WARNING : Minion exited abnormally due to TIMED_OUT
stderr  : Sep 25, 2019 4:02:23 PM org.apache.axis2.deployment.util.TempFileManager <clinit>
INFO: TempFileManager::unable to delete /tmp/axis2-tmp-783882785330287180.tmp
Sep 25, 2019 4:02:24 PM org.apache.axis2.deployment.util.TempFileManager <clinit>
INFO: TempFilestderr  : Manager::unable to delete /tmp/axis2-tmp-1973393805628805793.tmp
stderr  : Sep 25, 2019 4:02:25 PM org.apache.axis2.deployment.util.TempFileManager <clinit>
INFO: TempFileManager::unable to delete /tmp/axis2-tmp-783882785330287180.tmp
Sep 25, 2019 4:02:25 PM org.apache.axis2.deployment.util.TempFileManager <clinit>
INFO: TempFilestderr  : Manager::unable to delete /tmp/axis2-tmp-1973393805628805793.tmp
stderr  : Exception in thread "Thread-2" stderr  : java.lang.NullPointerException
stderr  : 	at eu.supersede.integration.api.pubsub.test.EvolutionAlertPubSubTest.startSubscriber(EvolutionAlertPubSubTest.java:104)
stderr  : 	at eu.supersede.integration.api.pubsub.test.EvolutionAlertPubSubTest.run(EvolutionAlertPubSubTest.java:82)stderr  : 
stderr  : 	at java.lang.Thread.run(Thread.java:748)
4:02:31 PM PIT >> WARNING : Minion exited abnormally due to TIMED_OUT
stderr  : Sep 25, 2019 4:02:32 PM org.apache.axis2.deployment.util.TempFileManager <clinit>
INFO: TempFileManager::unable to delete /tmp/axis2-tmp-783882785330287180.tmp
Sep 25, 2019 4:02:32 PM org.apache.axis2.deployment.util.TempFileManager <clinit>
INFO: TempFilestderr  : Manager::unable to delete /tmp/axis2-tmp-1973393805628805793.tmp
4:02:33 PM PIT >> WARNING : Minion exited abnormally due to TIMED_OUT
stderr  : Sep 25, 2019 4:02:33 PM org.apache.axis2.deployment.util.TempFileManager <clinit>
INFO: TempFileManager::unable to delete /tmp/axis2-tmp-783882785330287180.tmp
Sep 25, 2019 4:02:33 PM org.apache.axis2.deployment.util.TempFileManager <clinit>
INFO: TempFilestderr  : Manager::unable to delete /tmp/axis2-tmp-1973393805628805793.tmp
stderr  : java.lang.IllegalArgumentException: Provide a valid authentication token
stderr  : 	at org.springframework.util.Assert.notNull(Assert.java:115)
	at eu.supersede.integration.api.datastore.proxies.IFDataStoreProxy.getSupersedePlatforms(IFDataStoreProxy.java:48)
stderr  : 	at eu.supersede.integration.federation.SupersedeFederation.<init>(SupersedeFederation.java:32)stderr  : 
	at eu.supersede.integration.federation.test.IFSupersedeFederationTest.setup(IFSupersedeFederationTest.java:40)stderr  : 
	at sun.reflect.NativeMethodAccessorImpl.invoke0(Native Method)
stderr  : 	at sun.reflect.NativeMethodAccessorImpl.invoke(NativeMethodAccessorImpl.java:62)stderr  : 
stderr  : 	at sun.reflect.DelegatingMethodAccessorImpl.invoke(DelegatingMethodAccessorImpl.java:43)
stderr  : 	at java.lang.reflect.Method.invoke(Method.java:498)stderr  : 
stderr  : 	at org.junit.runners.model.FrameworkMethod$1.runReflectiveCall(FrameworkMethod.java:50)stderr  : 
	at org.junit.internal.runners.model.ReflectiveCallable.run(ReflectiveCallable.java:12)
stderr  : 	at org.junit.runners.model.FrameworkMethod.invokeExplosively(FrameworkMethod.java:47)
stderr  : 	at org.junit.internal.runners.statements.RunBefores.evaluate(RunBefores.java:24)stderr  : 
stderr  : 	at org.junit.runners.ParentRunner.run(ParentRunner.java:363)
stderr  : 	at org.pitest.junit.adapter.CustomRunnerExecutor.run(CustomRunnerExecutor.java:42)
stderr  : 	at org.pitest.junit.adapter.AdaptedJUnitTestUnit.execute(AdaptedJUnitTestUnit.java:69)
stderr  : 	at org.pitest.mutationtest.execute.MutationTimeoutDecorator.lambda$createRunnable$0(MutationTimeoutDecorator.java:83)
stderr  : 	at java.util.concurrent.Executors$RunnableAdapter.call(Executors.java:511)
stderr  : 	at java.util.concurrent.FutureTask.run(FutureTask.java:266)
stderr  : 	at java.lang.Thread.run(Thread.java:748)
stderr  : Sep 25, 2019 4:02:35 PM org.apache.axis2.deployment.util.TempFileManager <clinit>
INFO: TempFileManager::unable to delete /tmp/axis2-tmp-783882785330287180.tmp
Sep 25, 2019 4:02:35 PM org.apache.axis2.deployment.util.TempFileManager <clinit>
INFO: TempFilestderr  : Manager::unable to delete /tmp/axis2-tmp-1973393805628805793.tmp
4:02:35 PM PIT >> WARNING : Minion exited abnormally due to TIMED_OUT
stderr  : org.wso2.andes.AMQUnresolvedAddressException: Unable to Connect Broker, "tcp://platform.supersede.eu:5676"stderr  : 
stderr  : 	at org.wso2.andes.client.AMQConnection.<init>(AMQConnection.java:479)
stderr  : 	at org.wso2.andes.client.AMQConnectionFactory.createConnection(AMQConnectionFactory.java:351)
stderr  : 	at org.wso2.andes.client.AMQConnectionFactory.createTopicConnection(AMQConnectionFactory.java:473)stderr  : 
stderr  : 	at eu.supersede.integration.api.pubsub.TopicMessageAgent.openTopicConnection(TopicMessageAgent.java:56)stderr  : 
stderr  : 	at eu.supersede.integration.api.pubsub.adaptation.AdaptationPublisher.<init>(AdaptationPublisher.java:30)
stderr  : 	at eu.supersede.integration.api.dm.proxies.test.DMOptimizerProxyTest.runPublisher(DMOptimizerProxyTest.java:63)stderr  : 
stderr  : 	at eu.supersede.integration.api.dm.proxies.test.DMOptimizerProxyTest.testOptimize(DMOptimizerProxyTest.java:113)
stderr  : 	at sun.reflect.NativeMethodAccessorImpl.invoke0(Native Method)stderr  : 
stderr  : 	at sun.reflect.NativeMethodAccessorImpl.invoke(NativeMethodAccessorImpl.java:62)
stderr  : 	at sun.reflect.DelegatingMethodAccessorImpl.invoke(DelegatingMethodAccessorImpl.java:43)stderr  : 
stderr  : 	at java.lang.reflect.Method.invoke(Method.java:498)stderr  : 
stderr  : 	at org.junit.runners.model.FrameworkMethod$1.runReflectiveCall(FrameworkMethod.java:50)
stderr  : 	at org.junit.internal.runners.model.ReflectiveCallable.run(ReflectiveCallable.java:12)
stderr  : 	at org.junit.runners.model.FrameworkMethod.invokeExplosively(FrameworkMethod.java:47)stderr  : 
stderr  : 	at org.junit.internal.runners.statements.InvokeMethod.evaluate(InvokeMethod.java:17)stderr  : 
stderr  : 	at org.junit.runners.ParentRunner.runLeaf(ParentRunner.java:325)stderr  : 
stderr  : 	at org.junit.runners.BlockJUnit4ClassRunner.runChild(BlockJUnit4ClassRunner.java:78)stderr  : 
stderr  : 	at org.junit.runners.BlockJUnit4ClassRunner.runChild(BlockJUnit4ClassRunner.java:57)
stderr  : 	at org.junit.runners.ParentRunner$3.run(ParentRunner.java:290)stderr  : 
stderr  : 	at org.junit.runners.ParentRunner$1.schedule(ParentRunner.java:71)stderr  : 
stderr  : 	at org.junit.runners.ParentRunner.runChildren(ParentRunner.java:288)stderr  : 
stderr  : 	at org.junit.runners.ParentRunner.access$000(ParentRunner.java:58)stderr  : 
stderr  : 	at org.junit.runners.ParentRunner$2.evaluate(ParentRunner.java:268)stderr  : 
stderr  : 	at org.junit.internal.runners.statements.RunBefores.evaluate(RunBefores.java:26)stderr  : 
stderr  : 	at org.junit.runners.ParentRunner.run(ParentRunner.java:363)
stderr  : 	at org.pitest.junit.adapter.CustomRunnerExecutor.run(CustomRunnerExecutor.java:42)stderr  : 
stderr  : 	at org.pitest.junit.adapter.AdaptedJUnitTestUnit.execute(AdaptedJUnitTestUnit.java:69)stderr  : 
stderr  : 	at org.pitest.mutationtest.execute.MutationTimeoutDecorator.lambda$createRunnable$0(MutationTimeoutDecorator.java:83)stderr  : 
stderr  : 	at java.util.concurrent.Executors$RunnableAdapter.call(Executors.java:511)stderr  : 
stderr  : 	at java.util.concurrent.FutureTask.run(FutureTask.java:266)stderr  : 
stderr  : 	at java.lang.Thread.run(Thread.java:748)
stderr  : Caused by: java.nio.channels.UnresolvedAddressExceptionstderr  : 
stderr  : 	at sun.nio.ch.Net.checkAddress(Net.java:101)
stderr  : 	at sun.nio.ch.SocketChannelImpl.connect(SocketChannelImpl.java:622)
stderr  : 	at org.apache.mina.transport.socket.nio.SocketConnector.connect(SocketConnector.java:187)
stderr  : 	at org.apache.mina.transport.socket.nio.SocketConnector.connect(SocketConnector.java:137)
stderr  : 	at org.wso2.andes.transport.network.mina.MinaNetworkTransport$IoConnectorCreator.connect(MinaNetworkTransport.java:212)
stderr  : 	at org.wso2.andes.transport.network.mina.MinaNetworkTransport.connect(MinaNetworkTransport.java:74)
stderr  : 	at org.wso2.andes.client.AMQConnectionDelegate_8_0.makeBrokerConnection(AMQConnectionDelegate_8_0.java:128)
stderr  : 	at org.wso2.andes.client.AMQConnection$2.run(AMQConnection.java:631)
stderr  : 	at org.wso2.andes.client.AMQConnection$2.run(AMQConnection.java:628)
stderr  : 	at java.security.AccessController.doPrivileged(Native Method)stderr  : 
stderr  : 	at org.wso2.andes.client.AMQConnection.makeBrokerConnection(AMQConnection.java:628)stderr  : 
stderr  : 	at org.wso2.andes.client.AMQConnection.<init>(AMQConnection.java:409)
stderr  : 	... 30 more
stderr  : Sep 25, 2019 4:02:38 PM org.apache.axis2.deployment.util.TempFileManager <clinit>
INFO: TempFileManager::unable to delete /tmp/axis2-tmp-783882785330287180.tmp
Sep 25, 2019 4:02:38 PM org.apache.axis2.deployment.util.TempFileManager <clinit>
INFO: TempFilestderr  : Manager::unable to delete /tmp/axis2-tmp-1973393805628805793.tmp
4:02:38 PM PIT >> WARNING : Minion exited abnormally due to TIMED_OUT
stderr  : Sep 25, 2019 4:02:38 PM org.apache.axis2.deployment.util.TempFileManager <clinit>
INFO: TempFileManager::unable to delete /tmp/axis2-tmp-783882785330287180.tmp
Sep 25, 2019 4:02:38 PM org.apache.axis2.deployment.util.TempFileManager <clinit>
INFO: TempFilestderr  : Manager::unable to delete /tmp/axis2-tmp-1973393805628805793.tmp
4:02:41 PM PIT >> WARNING : Minion exited abnormally due to TIMED_OUT
stderr  : Sep 25, 2019 4:02:42 PM org.apache.axis2.deployment.util.TempFileManager <clinit>
INFO: TempFileManager::unable to delete /tmp/axis2-tmp-783882785330287180.tmp
Sep 25, 2019 4:02:42 PM org.apache.axis2.deployment.util.TempFileManager <clinit>
INFO: TempFilestderr  : Manager::unable to delete /tmp/axis2-tmp-1973393805628805793.tmp
4:02:46 PM PIT >> WARNING : Minion exited abnormally due to TIMED_OUT
stderr  : Sep 25, 2019 4:02:46 PM org.apache.axis2.deployment.util.TempFileManager <clinit>
INFO: TempFileManager::unable to delete /tmp/axis2-tmp-783882785330287180.tmp
Sep 25, 2019 4:02:46 PM org.apache.axis2.deployment.util.TempFileManager <clinit>
INFO: TempFilestderr  : Manager::unable to delete /tmp/axis2-tmp-1973393805628805793.tmp
stderr  : Sep 25, 2019 4:02:48 PM org.apache.axis2.deployment.util.TempFileManager <clinit>
INFO: TempFileManager::unable to delete /tmp/axis2-tmp-783882785330287180.tmp
Sep 25, 2019 4:02:48 PM org.apache.axis2.deployment.util.TempFileManager <clinit>
INFO: TempFilestderr  : Manager::unable to delete /tmp/axis2-tmp-1973393805628805793.tmp
stderr  : org.springframework.web.client.ResourceAccessException: I/O error on POST request for "https://supersede.es.atos.net:9445/oauth2/token": HTTPS hostname wrong:  should be <supersede.es.atos.net>; nested exception is java.io.IOException: HTTPS hostname wrongstderr  : :  should be <supersede.es.atos.net>
stderr  : 	at org.springframework.web.client.RestTemplate.doExecute(RestTemplate.java:633)stderr  : 
stderr  : 	at org.springframework.web.client.RestTemplate.execute(RestTemplate.java:595)stderr  : 
stderr  : 	at org.springframework.web.client.RestTemplate.exchange(RestTemplate.java:557)stderr  : 
stderr  : 	at eu.supersede.integration.api.security.IFAuthenticationManager.getAuthorizationToken(IFAuthenticationManager.java:322)stderr  : 
stderr  : 	at eu.supersede.integration.federation.SupersedeFederation.<init>(SupersedeFederation.java:27)stderr  : 
stderr  : 	at eu.supersede.integration.federation.test.IFSupersedeFederationTest.setup(IFSupersedeFederationTest.java:40)stderr  : 
	at sun.reflect.NativeMethodAccessorImpl.invoke0(Native Method)stderr  : 
stderr  : 	at sun.reflect.NativeMethodAccessorImpl.invoke(NativeMethodAccessorImpl.java:62)stderr  : 
stderr  : 	at sun.reflect.DelegatingMethodAccessorImpl.invoke(DelegatingMethodAccessorImpl.java:43)stderr  : 
stderr  : 	at java.lang.reflect.Method.invoke(Method.java:498)stderr  : 
stderr  : 	at org.junit.runners.model.FrameworkMethod$1.runReflectiveCall(FrameworkMethod.java:50)stderr  : 
stderr  : 	at org.junit.internal.runners.model.ReflectiveCallable.run(ReflectiveCallable.java:12)stderr  : 
stderr  : 	at org.junit.runners.model.FrameworkMethod.invokeExplosively(FrameworkMethod.java:47)stderr  : 
stderr  : 	at org.junit.internal.runners.statements.RunBefores.evaluate(RunBefores.java:24)stderr  : 
stderr  : 	at org.junit.runners.ParentRunner.run(ParentRunner.java:363)stderr  : 
stderr  : 	at org.pitest.junit.adapter.CustomRunnerExecutor.run(CustomRunnerExecutor.java:42)stderr  : 
stderr  : 	at org.pitest.junit.adapter.AdaptedJUnitTestUnit.execute(AdaptedJUnitTestUnit.java:69)stderr  : 
stderr  : 	at org.pitest.mutationtest.execute.MutationTimeoutDecorator.lambda$createRunnable$0(MutationTimeoutDecorator.java:83)stderr  : 
stderr  : 	at java.util.concurrent.Executors$RunnableAdapter.call(Executors.java:511)stderr  : 
stderr  : 	at java.util.concurrent.FutureTask.run(FutureTask.java:266)stderr  : 
stderr  : 	at java.lang.Thread.run(Thread.java:748)stderr  : 
stderr  : Caused by: java.io.IOException: HTTPS hostname wrong:  should be <supersede.es.atos.net>stderr  : 
stderr  : 	at sun.net.www.protocol.https.HttpsClient.checkURLSpoofing(HttpsClient.java:649)stderr  : 
stderr  : 	at sun.net.www.protocol.https.HttpsClient.afterConnect(HttpsClient.java:573)stderr  : 
stderr  : 	at sun.net.www.protocol.https.AbstractDelegateHttpsURLConnection.connect(AbstractDelegateHttpsURLConnection.java:185)stderr  : 
stderr  : 	at sun.net.www.protocol.https.HttpsURLConnectionImpl.connect(HttpsURLConnectionImpl.java:162)stderr  : 
stderr  : 	at org.springframework.http.client.SimpleBufferingClientHttpRequest.executeInternal(SimpleBufferingClientHttpRequest.java:78)stderr  : 
stderr  : 	at org.springframework.http.client.AbstractBufferingClientHttpRequest.executeInternal(AbstractBufferingClientHttpRequest.java:48)stderr  : 
stderr  : 	at org.springframework.http.client.AbstractClientHttpRequest.execute(AbstractClientHttpRequest.java:53)stderr  : 
stderr  : 	at org.springframework.web.client.RestTemplate.doExecute(RestTemplate.java:619)stderr  : 
stderr  : 	... 20 morestderr  : 
stderr  : Exception in thread "Thread-65" stderr  : java.lang.NullPointerExceptionstderr  : 
stderr  : 	at eu.supersede.integration.api.pubsub.test.EvolutionAlertPubSubTest.startSubscriber(EvolutionAlertPubSubTest.java:104)
stderr  : 	at eu.supersede.integration.api.pubsub.test.EvolutionAlertPubSubTest.run(EvolutionAlertPubSubTest.java:82)
stderr  : 	at java.lang.Thread.run(Thread.java:748)stderr  : 
stderr  : org.springframework.web.client.ResourceAccessException: I/O error on POST request for "https://supersede.es.atos.net:9445/oauth2/token": HTTPS hostname wrong:  should be <supersede.es.atos.net>; nested exception is java.io.IOException: HTTPS hostname wrongstderr  : :  should be <supersede.es.atos.net>
stderr  : 	at org.springframework.web.client.RestTemplate.doExecute(RestTemplate.java:633)stderr  : 
stderr  : 	at org.springframework.web.client.RestTemplate.execute(RestTemplate.java:595)stderr  : 
	at org.springframework.web.client.RestTemplate.exchange(RestTemplate.java:557)stderr  : 
stderr  : 	at eu.supersede.integration.api.security.IFAuthenticationManager.getAuthorizationToken(IFAuthenticationManager.java:322)stderr  : 
stderr  : 	at eu.supersede.integration.federation.SupersedeFederation.<init>(SupersedeFederation.java:27)stderr  : 
stderr  : 	at eu.supersede.integration.federation.test.IFSupersedeFederationTest.setup(IFSupersedeFederationTest.java:40)stderr  : 
	at sun.reflect.NativeMethodAccessorImpl.invoke0(Native Method)stderr  : 
stderr  : 	at sun.reflect.NativeMethodAccessorImpl.invoke(NativeMethodAccessorImpl.java:62)stderr  : 
stderr  : 	at sun.reflect.DelegatingMethodAccessorImpl.invoke(DelegatingMethodAccessorImpl.java:43)
	at java.lang.reflect.Method.invoke(Method.java:498)stderr  : 
stderr  : 	at org.junit.runners.model.FrameworkMethod$1.runReflectiveCall(FrameworkMethod.java:50)stderr  : 
	at org.junit.internal.runners.model.ReflectiveCallable.run(ReflectiveCallable.java:12)stderr  : 
stderr  : 	at org.junit.runners.model.FrameworkMethod.invokeExplosively(FrameworkMethod.java:47)stderr  : 
stderr  : 	at org.junit.internal.runners.statements.RunBefores.evaluate(RunBefores.java:24)stderr  : 
stderr  : 	at org.junit.runners.ParentRunner.run(ParentRunner.java:363)stderr  : 
stderr  : 	at org.pitest.junit.adapter.CustomRunnerExecutor.run(CustomRunnerExecutor.java:42)stderr  : 
stderr  : 	at org.pitest.junit.adapter.AdaptedJUnitTestUnit.execute(AdaptedJUnitTestUnit.java:69)stderr  : 
stderr  : 	at org.pitest.mutationtest.execute.MutationTimeoutDecorator.lambda$createRunnable$0(MutationTimeoutDecorator.java:83)stderr  : 
stderr  : 	at java.util.concurrent.Executors$RunnableAdapter.call(Executors.java:511)stderr  : 
stderr  : 	at java.util.concurrent.FutureTask.run(FutureTask.java:266)stderr  : 
stderr  : 	at java.lang.Thread.run(Thread.java:748)stderr  : 
stderr  : Caused by: java.io.IOException: HTTPS hostname wrong:  should be <supersede.es.atos.net>stderr  : 
stderr  : 	at sun.net.www.protocol.https.HttpsClient.checkURLSpoofing(HttpsClient.java:649)stderr  : 
stderr  : 	at sun.net.www.protocol.https.HttpsClient.afterConnect(HttpsClient.java:573)stderr  : 
stderr  : 	at sun.net.www.protocol.https.AbstractDelegateHttpsURLConnection.connect(AbstractDelegateHttpsURLConnection.java:185)stderr  : 
stderr  : 	at sun.net.www.protocol.https.HttpsURLConnectionImpl.connect(HttpsURLConnectionImpl.java:162)stderr  : 
stderr  : 	at org.springframework.http.client.SimpleBufferingClientHttpRequest.executeInternal(SimpleBufferingClientHttpRequest.java:78)stderr  : 
stderr  : 	at org.springframework.http.client.AbstractBufferingClientHttpRequest.executeInternal(AbstractBufferingClientHttpRequest.java:48)stderr  : 
stderr  : 	at org.springframework.http.client.AbstractClientHttpRequest.execute(AbstractClientHttpRequest.java:53)stderr  : 
stderr  : 	at org.springframework.web.client.RestTemplate.doExecute(RestTemplate.java:619)stderr  : 
stderr  : 	... 20 morestderr  : 
stderr  : Sep 25, 2019 4:02:50 PM org.apache.axis2.deployment.util.TempFileManager <clinit>
INFO: TempFileManager::unable to delete /tmp/axis2-tmp-783882785330287180.tmp
Sep 25, 2019 4:02:50 PM org.apache.axis2.deployment.util.TempFileManager <clinit>
INFO: TempFilestderr  : Manager::unable to delete /tmp/axis2-tmp-1973393805628805793.tmp
4:02:53 PM PIT >> WARNING : Minion exited abnormally due to TIMED_OUT
stderr  : Sep 25, 2019 4:02:53 PM org.apache.axis2.deployment.util.TempFileManager <clinit>
INFO: TempFileManager::unable to delete /tmp/axis2-tmp-783882785330287180.tmp
Sep 25, 2019 4:02:53 PM org.apache.axis2.deployment.util.TempFileManager <clinit>
INFO: TempFilestderr  : Manager::unable to delete /tmp/axis2-tmp-1973393805628805793.tmp
4:02:53 PM PIT >> WARNING : Minion exited abnormally due to TIMED_OUT
stderr  : Sep 25, 2019 4:02:56 PM org.apache.axis2.deployment.util.TempFileManager <clinit>
INFO: TempFileManager::unable to delete /tmp/axis2-tmp-783882785330287180.tmp
Sep 25, 2019 4:02:56 PM org.apache.axis2.deployment.util.TempFileManager <clinit>
INFO: TempFilestderr  : Manager::unable to delete /tmp/axis2-tmp-1973393805628805793.tmp
4:02:56 PM PIT >> WARNING : Minion exited abnormally due to TIMED_OUT
stderr  : Exception in thread "Thread-2" stderr  : java.lang.NullPointerException
stderr  : 	at eu.supersede.integration.properties.IntegrationProperty.getMBConnection(IntegrationProperty.java:85)stderr  : 
stderr  : 	at eu.supersede.integration.api.pubsub.TopicMessageAgent.<init>(TopicMessageAgent.java:37)stderr  : 
stderr  : 	at eu.supersede.integration.api.pubsub.TopicSubscriber.<init>(TopicSubscriber.java:66)stderr  : 
stderr  : 	at eu.supersede.integration.api.pubsub.test.AlertPubSubTest.startSubscriber(AlertPubSubTest.java:92)stderr  : 
stderr  : 	at eu.supersede.integration.api.pubsub.test.AlertPubSubTest.run(AlertPubSubTest.java:83)
stderr  : 	at java.lang.Thread.run(Thread.java:748)
4:02:57 PM PIT >> WARNING : Minion exited abnormally due to TIMED_OUT
stderr  : Sep 25, 2019 4:02:59 PM org.apache.axis2.deployment.util.TempFileManager <clinit>
INFO: TempFileManager::unable to delete /tmp/axis2-tmp-783882785330287180.tmp
Sep 25, 2019 4:02:59 PM org.apache.axis2.deployment.util.TempFileManager <clinit>
INFO: TempFilestderr  : Manager::unable to delete /tmp/axis2-tmp-1973393805628805793.tmp
4:03:00 PM PIT >> WARNING : Minion exited abnormally due to TIMED_OUT
4:03:00 PM PIT >> WARNING : Minion exited abnormally due to TIMED_OUT
stderr  : Sep 25, 2019 4:03:03 PM org.apache.axis2.deployment.util.TempFileManager <clinit>
INFO: TempFileManager::unable to delete /tmp/axis2-tmp-783882785330287180.tmp
Sep 25, 2019 4:03:03 PM org.apache.axis2.deployment.util.TempFileManager <clinit>
INFO: TempFilestderr  : Manager::unable to delete /tmp/axis2-tmp-1973393805628805793.tmp
stderr  : Exception in thread "Thread-2" stderr  : java.lang.NullPointerExceptionstderr  : 
stderr  : 	at eu.supersede.integration.api.pubsub.test.EvolutionAlertPubSubTest.startSubscriber(EvolutionAlertPubSubTest.java:104)stderr  : 
stderr  : 	at eu.supersede.integration.api.pubsub.test.EvolutionAlertPubSubTest.run(EvolutionAlertPubSubTest.java:82)stderr  : 
stderr  : 	at java.lang.Thread.run(Thread.java:748)stderr  : 
stderr  : Sep 25, 2019 4:03:06 PM org.apache.axis2.deployment.util.TempFileManager <clinit>
INFO: TempFileManager::unable to delete /tmp/axis2-tmp-783882785330287180.tmp
stderr  : Sep 25, 2019 4:03:06 PM org.apache.axis2.deployment.util.TempFileManager <clinit>
INFO: TempFileManager::unable to delete /tmp/axis2-tmp-1973393805628805793.tmp
stderr  : Sep 25, 2019 4:03:09 PM org.apache.axis2.deployment.util.TempFileManager <clinit>
INFO: TempFileManager::unable to delete /tmp/axis2-tmp-783882785330287180.tmp
Sep 25, 2019 4:03:09 PM org.apache.axis2.deployment.util.TempFileManager <clinit>
INFO: TempFilestderr  : Manager::unable to delete /tmp/axis2-tmp-1973393805628805793.tmp
stderr  : Sep 25, 2019 4:03:12 PM org.apache.axis2.deployment.util.TempFileManager <clinit>
INFO: TempFileManager::unable to delete /tmp/axis2-tmp-783882785330287180.tmp
Sep 25, 2019 4:03:12 PM org.apache.axis2.deployment.util.TempFileManager <clinit>
INFO: TempFilestderr  : Manager::unable to delete /tmp/axis2-tmp-1973393805628805793.tmp
stderr  : org.springframework.web.client.ResourceAccessException: I/O error on POST request for "https://supersede.es.atos.net:9445/oauth2/token": java.lang.RuntimeException; nested exception is javax.net.ssl.SSLException: java.lang.RuntimeException
stderr  : 	at org.springframework.web.client.RestTemplate.doExecute(RestTemplate.java:633)
stderr  : 	at org.springframework.web.client.RestTemplate.execute(RestTemplate.java:595)
stderr  : 	at org.springframework.web.client.RestTemplate.exchange(RestTemplate.java:557)stderr  : 
stderr  : 	at eu.supersede.integration.api.security.IFAuthenticationManager.getAuthorizationToken(IFAuthenticationManager.java:322)
stderr  : 	at eu.supersede.integration.federation.SupersedeFederation.<init>(SupersedeFederation.java:27)stderr  : 
	at eu.supersede.integration.federation.test.IFSupersedeFederationTest.setup(IFSupersedeFederationTest.java:40)stderr  : 
stderr  : 	at sun.reflect.NativeMethodAccessorImpl.invoke0(Native Method)stderr  : 
stderr  : 	at sun.reflect.NativeMethodAccessorImpl.invoke(NativeMethodAccessorImpl.java:62)stderr  : 
stderr  : 	at sun.reflect.DelegatingMethodAccessorImpl.invoke(DelegatingMethodAccessorImpl.java:43)stderr  : 
stderr  : 	at java.lang.reflect.Method.invoke(Method.java:498)stderr  : 
	at org.junit.runners.model.FrameworkMethod$1.runReflectiveCall(FrameworkMethod.java:50)stderr  : 
stderr  : 	at org.junit.internal.runners.model.ReflectiveCallable.run(ReflectiveCallable.java:12)stderr  : 
stderr  : 	at org.junit.runners.model.FrameworkMethod.invokeExplosively(FrameworkMethod.java:47)stderr  : 
stderr  : 	at org.junit.internal.runners.statements.RunBefores.evaluate(RunBefores.java:24)stderr  : 
stderr  : 	at org.junit.runners.ParentRunner.run(ParentRunner.java:363)stderr  : 
stderr  : 	at org.pitest.junit.adapter.CustomRunnerExecutor.run(CustomRunnerExecutor.java:42)
stderr  : 	at org.pitest.junit.adapter.AdaptedJUnitTestUnit.execute(AdaptedJUnitTestUnit.java:69)
stderr  : 	at org.pitest.mutationtest.execute.MutationTimeoutDecorator.lambda$createRunnable$0(MutationTimeoutDecorator.java:83)stderr  : 
stderr  : 	at java.util.concurrent.Executors$RunnableAdapter.call(Executors.java:511)stderr  : 
stderr  : 	at java.util.concurrent.FutureTask.run(FutureTask.java:266)stderr  : 
stderr  : 	at java.lang.Thread.run(Thread.java:748)stderr  : 
stderr  : Caused by: javax.net.ssl.SSLException: java.lang.RuntimeException
stderr  : 	at sun.security.ssl.Alerts.getSSLException(Alerts.java:208)stderr  : 
stderr  : 	at sun.security.ssl.SSLSocketImpl.fatal(SSLSocketImpl.java:1964)stderr  : 
stderr  : 	at sun.security.ssl.SSLSocketImpl.fatal(SSLSocketImpl.java:1921)stderr  : 
stderr  : 	at sun.security.ssl.SSLSocketImpl.handleException(SSLSocketImpl.java:1904)stderr  : 
stderr  : 	at sun.security.ssl.SSLSocketImpl.startHandshake(SSLSocketImpl.java:1420)stderr  : 
stderr  : 	at sun.security.ssl.SSLSocketImpl.startHandshake(SSLSocketImpl.java:1397)stderr  : 
stderr  : 	at sun.net.www.protocol.https.HttpsClient.afterConnect(HttpsClient.java:559)stderr  : 
stderr  : 	at sun.net.www.protocol.https.AbstractDelegateHttpsURLConnection.connect(AbstractDelegateHttpsURLConnection.java:185)stderr  : 
	at sun.net.www.protocol.https.HttpsURLConnectionImpl.connect(HttpsURLConnectionImpl.java:162)stderr  : 
stderr  : 	at org.springframework.http.client.SimpleBufferingClientHttpRequest.executeInternal(SimpleBufferingClientHttpRequest.java:78)stderr  : 
stderr  : 	at org.springframework.http.client.AbstractBufferingClientHttpRequest.executeInternal(AbstractBufferingClientHttpRequest.java:48)stderr  : 
stderr  : 	at org.springframework.http.client.AbstractClientHttpRequest.execute(AbstractClientHttpRequest.java:53)stderr  : 
stderr  : 	at org.springframework.web.client.RestTemplate.doExecute(RestTemplate.java:619)stderr  : 
stderr  : 	... 20 morestderr  : 
stderr  : Caused by: java.lang.RuntimeException
stderr  : 	at eu.supersede.integration.api.security.IFAuthenticationManager$1.getAcceptedIssuers(IFAuthenticationManager.java:74)stderr  : 
stderr  : 	at sun.security.ssl.AbstractTrustManagerWrapper.checkAlgorithmConstraints(SSLContextImpl.java:1098)stderr  : 
stderr  : 	at sun.security.ssl.AbstractTrustManagerWrapper.checkAdditionalTrust(SSLContextImpl.java:1044)stderr  : 
stderr  : 	at sun.security.ssl.AbstractTrustManagerWrapper.checkServerTrusted(SSLContextImpl.java:986)stderr  : 
stderr  : 	at sun.security.ssl.ClientHandshaker.serverCertificate(ClientHandshaker.java:1596)stderr  : 
stderr  : 	at sun.security.ssl.ClientHandshaker.processMessage(ClientHandshaker.java:216)stderr  : 
stderr  : 	at sun.security.ssl.Handshaker.processLoop(Handshaker.java:1052)stderr  : 
stderr  : 	at sun.security.ssl.Handshaker.process_record(Handshaker.java:987)stderr  : 
stderr  : 	at sun.security.ssl.SSLSocketImpl.readRecord(SSLSocketImpl.java:1072)stderr  : 
stderr  : 	at sun.security.ssl.SSLSocketImpl.performInitialHandshake(SSLSocketImpl.java:1385)stderr  : 
	at sun.security.ssl.SSLSocketImpl.startHandshake(SSLSocketImpl.java:1413)stderr  : 
stderr  : 	... 28 morestderr  : 
4:03:22 PM PIT >> WARNING : Minion exited abnormally due to TIMED_OUT
stderr  : Sep 25, 2019 4:03:24 PM org.apache.axis2.deployment.util.TempFileManager <clinit>
INFO: TempFileManager::unable to delete /tmp/axis2-tmp-783882785330287180.tmp
Sep 25, 2019 4:03:24 PM org.apache.axis2.deployment.util.TempFileManager <clinit>
INFO: TempFilestderr  : Manager::unable to delete /tmp/axis2-tmp-1973393805628805793.tmp
stderr  : java.lang.NullPointerException
stderr  : 	at com.fasterxml.jackson.core.JsonFactory.createParser(JsonFactory.java:879)
	at com.fasterxml.jackson.databind.ObjectMapper.readValue(ObjectMapper.java:2842)stderr  : 
stderr  : 	at eu.supersede.integration.api.json.JsonUtils.deserializeJsonStringAsObject(JsonUtils.java:59)stderr  : 
stderr  : 	at eu.supersede.integration.api.pubsub.test.AlertPubSubTest$AlertMessageListener.onMessage(AlertPubSubTest.java:127)stderr  : 
	at org.wso2.andes.client.BasicMessageConsumer.notifyMessage(BasicMessageConsumer.java:747)
stderr  : 	at org.wso2.andes.client.BasicMessageConsumer.notifyMessage(BasicMessageConsumer.java:721)
stderr  : 	at org.wso2.andes.client.AMQSession$Dispatcher.notifyConsumer(AMQSession.java:3537)stderr  : 
stderr  : 	at org.wso2.andes.client.AMQSession$Dispatcher.dispatchMessage(AMQSession.java:3477)
stderr  : 	at org.wso2.andes.client.AMQSession$Dispatcher.access$1200(AMQSession.java:3226)stderr  : 
	at org.wso2.andes.client.AMQSession.dispatch(AMQSession.java:3219)stderr  : 
stderr  : 	at org.wso2.andes.client.message.UnprocessedMessage.dispatch(UnprocessedMessage.java:54)stderr  : 
stderr  : 	at org.wso2.andes.client.AMQSession$Dispatcher.run(AMQSession.java:3399)stderr  : 
stderr  : 	at java.lang.Thread.run(Thread.java:748)stderr  : 
4:03:29 PM PIT >> WARNING : Minion exited abnormally due to TIMED_OUT
4:03:30 PM PIT >> WARNING : Minion exited abnormally due to TIMED_OUT
4:03:30 PM PIT >> WARNING : Minion exited abnormally due to TIMED_OUT
stderr  : Sep 25, 2019 4:03:32 PM org.apache.axis2.deployment.util.TempFileManager <clinit>
INFO: TempFileManager::unable to delete /tmp/axis2-tmp-783882785330287180.tmp
Sep 25, 2019 4:03:32 PM org.apache.axis2.deployment.util.TempFileManager <clinit>
INFO: TempFilestderr  : Manager::unable to delete /tmp/axis2-tmp-1973393805628805793.tmp
stderr  : java.lang.NullPointerExceptionstderr  : 
	at java.util.Objects.requireNonNull(Objects.java:203)
stderr  : 	at java.util.Arrays$ArrayList.<init>(Arrays.java:3813)
stderr  : 	at java.util.Arrays.asList(Arrays.java:3800)stderr  : 
stderr  : 	at eu.supersede.integration.api.proxy.IFServiceProxy.getObjectsListForType(IFServiceProxy.java:116)stderr  : 
stderr  : 	at eu.supersede.integration.api.datastore.proxies.IFDataStoreProxy.getSupersedePlatforms(IFDataStoreProxy.java:53)stderr  : 
stderr  : 	at eu.supersede.integration.federation.SupersedeFederation.<init>(SupersedeFederation.java:32)stderr  : 
	at eu.supersede.integration.api.pubsub.test.AlertPubSubTest.<clinit>(AlertPubSubTest.java:32)stderr  : 
stderr  : 	at sun.reflect.NativeConstructorAccessorImpl.newInstance0(Native Method)stderr  : 
stderr  : 	at sun.reflect.NativeConstructorAccessorImpl.newInstance(NativeConstructorAccessorImpl.java:62)stderr  : 
stderr  : 	at sun.reflect.DelegatingConstructorAccessorImpl.newInstance(DelegatingConstructorAccessorImpl.java:45)stderr  : 
stderr  : 	at java.lang.reflect.Constructor.newInstance(Constructor.java:423)
stderr  : 	at org.junit.runners.BlockJUnit4ClassRunner.createTest(BlockJUnit4ClassRunner.java:217)stderr  : 
stderr  : 	at org.junit.runners.BlockJUnit4ClassRunner$1.runReflectiveCall(BlockJUnit4ClassRunner.java:266)stderr  : 
stderr  : 	at org.junit.internal.runners.model.ReflectiveCallable.run(ReflectiveCallable.java:12)stderr  : 
stderr  : 	at org.junit.runners.BlockJUnit4ClassRunner.methodBlock(BlockJUnit4ClassRunner.java:263)stderr  : 
stderr  : 	at org.junit.runners.BlockJUnit4ClassRunner.runChild(BlockJUnit4ClassRunner.java:78)stderr  : 
stderr  : 	at org.junit.runners.BlockJUnit4ClassRunner.runChild(BlockJUnit4ClassRunner.java:57)stderr  : 
stderr  : 	at org.junit.runners.ParentRunner$3.run(ParentRunner.java:290)stderr  : 
stderr  : 	at org.junit.runners.ParentRunner$1.schedule(ParentRunner.java:71)stderr  : 
stderr  : 	at org.junit.runners.ParentRunner.runChildren(ParentRunner.java:288)stderr  : 
stderr  : 	at org.junit.runners.ParentRunner.access$000(ParentRunner.java:58)stderr  : 
stderr  : 	at org.junit.runners.ParentRunner$2.evaluate(ParentRunner.java:268)stderr  : 
stderr  : 	at org.junit.runners.ParentRunner.run(ParentRunner.java:363)stderr  : 
stderr  : 	at org.pitest.junit.adapter.CustomRunnerExecutor.run(CustomRunnerExecutor.java:42)stderr  : 
stderr  : 	at org.pitest.junit.adapter.AdaptedJUnitTestUnit.execute(AdaptedJUnitTestUnit.java:69)stderr  : 
stderr  : 	at org.pitest.mutationtest.execute.MutationTimeoutDecorator.lambda$createRunnable$0(MutationTimeoutDecorator.java:83)stderr  : 
stderr  : 	at java.util.concurrent.Executors$RunnableAdapter.call(Executors.java:511)stderr  : 
stderr  : 	at java.util.concurrent.FutureTask.run(FutureTask.java:266)stderr  : 
stderr  : 	at java.lang.Thread.run(Thread.java:748)stderr  : 
stderr  : java.lang.NullPointerException
stderr  : 	at java.util.Objects.requireNonNull(Objects.java:203)
	at java.util.Arrays$ArrayList.<init>(Arrays.java:3813)
stderr  : 	at java.util.Arrays.asList(Arrays.java:3800)stderr  : 
stderr  : 	at eu.supersede.integration.api.proxy.IFServiceProxy.getObjectsListForType(IFServiceProxy.java:116)stderr  : 
stderr  : 	at eu.supersede.integration.api.datastore.proxies.IFDataStoreProxy.getSupersedePlatforms(IFDataStoreProxy.java:53)stderr  : 
stderr  : 	at eu.supersede.integration.federation.SupersedeFederation.<init>(SupersedeFederation.java:32)stderr  : 
stderr  : 	at eu.supersede.integration.properties.IntegrationProperty.getFederation(IntegrationProperty.java:94)stderr  : 
stderr  : 	at eu.supersede.integration.properties.IntegrationProperty.getLocalPlatform(IntegrationProperty.java:108)stderr  : 
	at eu.supersede.integration.properties.IntegrationProperty.getMBConnection(IntegrationProperty.java:85)
stderr  : 	at eu.supersede.integration.api.pubsub.TopicMessageAgent.<init>(TopicMessageAgent.java:37)
stderr  : 	at eu.supersede.integration.api.pubsub.TopicSubscriber.<init>(TopicSubscriber.java:66)stderr  : 
stderr  : 	at eu.supersede.integration.api.pubsub.test.AlertPubSubTest.startSubscriber(AlertPubSubTest.java:92)stderr  : 
stderr  : 	at eu.supersede.integration.api.pubsub.test.AlertPubSubTest.run(AlertPubSubTest.java:83)stderr  : 
stderr  : 	at java.lang.Thread.run(Thread.java:748)stderr  : 
stderr  : Exception in thread "Thread-2" stderr  : java.lang.NullPointerExceptionstderr  : 
stderr  : 	at eu.supersede.integration.properties.IntegrationProperty.getMBConnection(IntegrationProperty.java:85)stderr  : 
stderr  : 	at eu.supersede.integration.api.pubsub.TopicMessageAgent.<init>(TopicMessageAgent.java:37)stderr  : 
stderr  : 	at eu.supersede.integration.api.pubsub.TopicSubscriber.<init>(TopicSubscriber.java:66)stderr  : 
stderr  : 	at eu.supersede.integration.api.pubsub.test.AlertPubSubTest.startSubscriber(AlertPubSubTest.java:92)stderr  : 
stderr  : 	at eu.supersede.integration.api.pubsub.test.AlertPubSubTest.run(AlertPubSubTest.java:83)stderr  : 
stderr  : 	at java.lang.Thread.run(Thread.java:748)stderr  : 
4:03:38 PM PIT >> WARNING : Minion exited abnormally due to TIMED_OUT
stderr  : Sep 25, 2019 4:03:40 PM org.apache.axis2.deployment.util.TempFileManager <clinit>
INFO: TempFileManager::unable to delete /tmp/axis2-tmp-783882785330287180.tmp
Sep 25, 2019 4:03:40 PM org.apache.axis2.deployment.util.TempFileManager <clinit>
INFO: TempFilestderr  : Manager::unable to delete /tmp/axis2-tmp-1973393805628805793.tmp
stderr  : java.lang.NullPointerExceptionstderr  : 
	at java.util.Objects.requireNonNull(Objects.java:203)
stderr  : 	at java.util.Arrays$ArrayList.<init>(Arrays.java:3813)stderr  : 
stderr  : 	at java.util.Arrays.asList(Arrays.java:3800)
stderr  : 	at eu.supersede.integration.api.proxy.IFServiceProxy.getObjectsListForType(IFServiceProxy.java:116)stderr  : 
stderr  : 	at eu.supersede.integration.api.datastore.proxies.IFDataStoreProxy.getSupersedePlatforms(IFDataStoreProxy.java:53)
stderr  : 	at eu.supersede.integration.federation.SupersedeFederation.<init>(SupersedeFederation.java:32)stderr  : 
stderr  : 	at eu.supersede.integration.api.pubsub.test.EvolutionAlertPubSubTest.<clinit>(EvolutionAlertPubSubTest.java:30)
stderr  : 	at sun.reflect.NativeConstructorAccessorImpl.newInstance0(Native Method)
stderr  : 	at sun.reflect.NativeConstructorAccessorImpl.newInstance(NativeConstructorAccessorImpl.java:62)stderr  : 
stderr  : 	at sun.reflect.DelegatingConstructorAccessorImpl.newInstance(DelegatingConstructorAccessorImpl.java:45)stderr  : 
stderr  : 	at java.lang.reflect.Constructor.newInstance(Constructor.java:423)stderr  : 
stderr  : 	at org.junit.runners.BlockJUnit4ClassRunner.createTest(BlockJUnit4ClassRunner.java:217)stderr  : 
stderr  : 	at org.junit.runners.BlockJUnit4ClassRunner$1.runReflectiveCall(BlockJUnit4ClassRunner.java:266)stderr  : 
stderr  : 	at org.junit.internal.runners.model.ReflectiveCallable.run(ReflectiveCallable.java:12)stderr  : 
stderr  : 	at org.junit.runners.BlockJUnit4ClassRunner.methodBlock(BlockJUnit4ClassRunner.java:263)stderr  : 
stderr  : 	at org.junit.runners.BlockJUnit4ClassRunner.runChild(BlockJUnit4ClassRunner.java:78)stderr  : 
stderr  : 	at org.junit.runners.BlockJUnit4ClassRunner.runChild(BlockJUnit4ClassRunner.java:57)stderr  : 
stderr  : 	at org.junit.runners.ParentRunner$3.run(ParentRunner.java:290)stderr  : 
stderr  : 	at org.junit.runners.ParentRunner$1.schedule(ParentRunner.java:71)stderr  : 
stderr  : 	at org.junit.runners.ParentRunner.runChildren(ParentRunner.java:288)stderr  : 
stderr  : 	at org.junit.runners.ParentRunner.access$000(ParentRunner.java:58)stderr  : 
stderr  : 	at org.junit.runners.ParentRunner$2.evaluate(ParentRunner.java:268)stderr  : 
stderr  : 	at org.junit.runners.ParentRunner.run(ParentRunner.java:363)stderr  : 
stderr  : 	at org.pitest.junit.adapter.CustomRunnerExecutor.run(CustomRunnerExecutor.java:42)stderr  : 
stderr  : 	at org.pitest.junit.adapter.AdaptedJUnitTestUnit.execute(AdaptedJUnitTestUnit.java:69)stderr  : 
stderr  : 	at org.pitest.mutationtest.execute.MutationTimeoutDecorator.lambda$createRunnable$0(MutationTimeoutDecorator.java:83)stderr  : 
stderr  : 	at java.util.concurrent.Executors$RunnableAdapter.call(Executors.java:511)stderr  : 
stderr  : 	at java.util.concurrent.FutureTask.run(FutureTask.java:266)stderr  : 
stderr  : 	at java.lang.Thread.run(Thread.java:748)stderr  : 
stderr  : java.lang.NullPointerExceptionstderr  : 
	at java.util.Objects.requireNonNull(Objects.java:203)
	at java.util.Arrays$ArrayList.<init>(Arrays.java:3813)
stderr  : 	at java.util.Arrays.asList(Arrays.java:3800)
stderr  : 	at eu.supersede.integration.api.proxy.IFServiceProxy.getObjectsListForType(IFServiceProxy.java:116)
stderr  : 	at eu.supersede.integration.api.datastore.proxies.IFDataStoreProxy.getSupersedePlatforms(IFDataStoreProxy.java:53)
stderr  : 	at eu.supersede.integration.federation.SupersedeFederation.<init>(SupersedeFederation.java:32)
stderr  : 	at eu.supersede.integration.properties.IntegrationProperty.getFederation(IntegrationProperty.java:94)
stderr  : 	at eu.supersede.integration.properties.IntegrationProperty.getLocalPlatform(IntegrationProperty.java:108)stderr  : 
stderr  : 	at eu.supersede.integration.properties.IntegrationProperty.getMBConnection(IntegrationProperty.java:85)
stderr  : 	at eu.supersede.integration.api.pubsub.TopicMessageAgent.<init>(TopicMessageAgent.java:37)stderr  : 
stderr  : 	at eu.supersede.integration.api.pubsub.TopicSubscriber.<init>(TopicSubscriber.java:66)
stderr  : 	at eu.supersede.integration.api.pubsub.evolution.EvolutionSubscriber.<init>(EvolutionSubscriber.java:14)stderr  : 
stderr  : 	at eu.supersede.integration.api.pubsub.test.EvolutionAlertPubSubTest.startSubscriber(EvolutionAlertPubSubTest.java:91)stderr  : 
stderr  : 	at eu.supersede.integration.api.pubsub.test.EvolutionAlertPubSubTest.run(EvolutionAlertPubSubTest.java:82)stderr  : 
stderr  : 	at java.lang.Thread.run(Thread.java:748)stderr  : 
stderr  : Exception in thread "Thread-2" stderr  : java.lang.NullPointerExceptionstderr  : 
stderr  : 	at eu.supersede.integration.properties.IntegrationProperty.getMBConnection(IntegrationProperty.java:85)stderr  : 
stderr  : 	at eu.supersede.integration.api.pubsub.TopicMessageAgent.<init>(TopicMessageAgent.java:37)stderr  : 
stderr  : 	at eu.supersede.integration.api.pubsub.TopicSubscriber.<init>(TopicSubscriber.java:66)stderr  : 
stderr  : 	at eu.supersede.integration.api.pubsub.evolution.EvolutionSubscriber.<init>(EvolutionSubscriber.java:14)stderr  : 
stderr  : 	at eu.supersede.integration.api.pubsub.test.EvolutionAlertPubSubTest.startSubscriber(EvolutionAlertPubSubTest.java:91)stderr  : 
stderr  : 	at eu.supersede.integration.api.pubsub.test.EvolutionAlertPubSubTest.run(EvolutionAlertPubSubTest.java:82)
stderr  : 	at java.lang.Thread.run(Thread.java:748)stderr  : 
stderr  : java.lang.NullPointerException
	at eu.supersede.integration.api.proxy.IFServiceProxy.getObjectsListForType(IFServiceProxy.java:112)
	at eu.supersede.integration.api.datastore.proxies.IFDataStoreProxy.getSupersedePlatforms(IFDataStoreProxy.java:53)stderr  : 
	at eu.supersede.integration.federation.SupersedeFederation.<init>(SupersedeFederation.java:32)
	at eu.supersede.integration.federation.test.IFSupersedeFederationTest.setup(IFSupersedeFederationTest.java:40)
	at sun.reflect.NativeMethodAccessorImpl.invokestderr  : 0(Native Method)
	at sun.reflect.NativeMethodAccessorImpl.invoke(NativeMethodAccessorImpl.java:62)
	at sun.reflect.DelegatingMethodAccessorImpl.invoke(DelegatingMethodAccessorImpl.java:43)
stderr  : 	at java.lang.reflect.Method.invoke(Method.java:498)
	at org.junit.runners.model.FrameworkMethod$1.runReflectiveCall(FrameworkMethod.java:50)
stderr  : 	at org.junit.internal.runners.model.ReflectiveCallable.run(ReflectiveCallable.java:12)
stderr  : 	at org.junit.runners.model.FrameworkMethod.invokeExplosively(FrameworkMethod.java:47)
stderr  : 	at org.junit.internal.runners.statements.RunBefores.evaluate(RunBefores.java:24)
stderr  : 	at org.junit.runners.ParentRunner.run(ParentRunner.java:363)stderr  : 
	at org.pitest.junit.adapter.CustomRunnerExecutor.run(CustomRunnerExecutor.java:42)
stderr  : 	at org.pitest.junit.adapter.AdaptedJUnitTestUnit.execute(AdaptedJUnitTestUnit.java:69)
stderr  : 	at org.pitest.mutationtest.execute.MutationTimeoutDecorator.lambda$createRunnable$0(MutationTimeoutDecorator.java:83)stderr  : 
stderr  : 	at java.util.concurrent.Executors$RunnableAdapter.call(Executors.java:511)
stderr  : 	at java.util.concurrent.FutureTask.run(FutureTask.java:266)
stderr  : 	at java.lang.Thread.run(Thread.java:748)
4:03:47 PM PIT >> WARNING : Minion exited abnormally due to TIMED_OUT
4:04:01 PM PIT >> WARNING : Minion exited abnormally due to TIMED_OUT
4:04:06 PM PIT >> WARNING : Minion exited abnormally due to TIMED_OUT
stderr  : java.lang.NullPointerException
stderr  : 	at java.util.Objects.requireNonNull(Objects.java:203)
stderr  : 	at java.util.Arrays$ArrayList.<init>(Arrays.java:3813)
stderr  : 	at java.util.Arrays.asList(Arrays.java:3800)
stderr  : 	at eu.supersede.integration.api.proxy.IFServiceProxy.getObjectsListForType(IFServiceProxy.java:116)
stderr  : 	at eu.supersede.integration.api.datastore.proxies.IFDataStoreProxy.getSupersedePlatforms(IFDataStoreProxy.java:53)stderr  : 
	at eu.supersede.integration.federation.SupersedeFederation.<init>(SupersedeFederation.java:32)
	at eu.supersede.integration.federation.test.IFSupersedeFederationTest.setup(IFSupersedeFederationTest.java:40)
stderr  : 	at sun.reflect.NativeMethodAccessorImpl.invoke0(Native Method)stderr  : 
	at sun.reflect.NativeMethodAccessorImpl.invoke(NativeMethodAccessorImpl.java:62)stderr  : 
stderr  : 	at sun.reflect.DelegatingMethodAccessorImpl.invoke(DelegatingMethodAccessorImpl.java:43)
stderr  : 	at java.lang.reflect.Method.invoke(Method.java:498)
	at org.junit.runners.model.FrameworkMethod$1.runReflectiveCall(FrameworkMethod.java:50)
stderr  : 	at org.junit.internal.runners.model.ReflectiveCallable.run(ReflectiveCallable.java:12)stderr  : 
stderr  : 	at org.junit.runners.model.FrameworkMethod.invokeExplosively(FrameworkMethod.java:47)stderr  : 
stderr  : 	at org.junit.internal.runners.statements.RunBefores.evaluate(RunBefores.java:24)
stderr  : 	at org.junit.runners.ParentRunner.run(ParentRunner.java:363)
	at org.pitest.junit.adapter.CustomRunnerExecutor.run(CustomRunnerExecutor.java:42)
stderr  : 	at org.pitest.junit.adapter.AdaptedJUnitTestUnit.execute(AdaptedJUnitTestUnit.java:69)
stderr  : 	at org.pitest.mutationtest.execute.MutationTimeoutDecorator.lambda$createRunnable$0(MutationTimeoutDecorator.java:83)stderr  : 
	at java.util.concurrent.Executors$RunnableAdapter.call(Executors.java:511)
stderr  : 	at java.util.concurrent.FutureTask.run(FutureTask.java:266)
stderr  : 	at java.lang.Thread.run(Thread.java:748)
4:04:15 PM PIT >> WARNING : Minion exited abnormally due to TIMED_OUT
4:04:15 PM PIT >> WARNING : Minion exited abnormally due to TIMED_OUT
stderr  : Sep 25, 2019 4:04:17 PM org.apache.axis2.deployment.util.TempFileManager <clinit>
INFO: TempFileManager::unable to delete /tmp/axis2-tmp-783882785330287180.tmp
Sep 25, 2019 4:04:17 PM org.apache.axis2.deployment.util.TempFileManager <clinit>
INFO: TempFilestderr  : Manager::unable to delete /tmp/axis2-tmp-1973393805628805793.tmp
stderr  : java.lang.NullPointerException
	at java.util.Objects.requireNonNull(Objects.java:203)stderr  : 
	at java.util.Arrays$ArrayList.<init>(Arrays.java:3813)
	at java.util.Arrays.asList(Arrays.java:3800)stderr  : 
stderr  : 	at eu.supersede.integration.api.proxy.IFServiceProxy.getObjectsListForType(IFServiceProxy.java:116)stderr  : 
stderr  : 	at eu.supersede.integration.api.datastore.proxies.IFDataStoreProxy.getSupersedePlatforms(IFDataStoreProxy.java:53)stderr  : 
stderr  : 	at eu.supersede.integration.federation.SupersedeFederation.<init>(SupersedeFederation.java:32)stderr  : 
stderr  : 	at eu.supersede.integration.api.pubsub.test.EvolutionAlertPubSubTest.<clinit>(EvolutionAlertPubSubTest.java:30)stderr  : 
stderr  : 	at sun.reflect.NativeConstructorAccessorImpl.newInstance0(Native Method)
stderr  : 	at sun.reflect.NativeConstructorAccessorImpl.newInstance(NativeConstructorAccessorImpl.java:62)stderr  : 
stderr  : 	at sun.reflect.DelegatingConstructorAccessorImpl.newInstance(DelegatingConstructorAccessorImpl.java:45)stderr  : 
stderr  : 	at java.lang.reflect.Constructor.newInstance(Constructor.java:423)stderr  : 
stderr  : 	at org.junit.runners.BlockJUnit4ClassRunner.createTest(BlockJUnit4ClassRunner.java:217)stderr  : 
stderr  : 	at org.junit.runners.BlockJUnit4ClassRunner$1.runReflectiveCall(BlockJUnit4ClassRunner.java:266)stderr  : 
stderr  : 	at org.junit.internal.runners.model.ReflectiveCallable.run(ReflectiveCallable.java:12)stderr  : 
stderr  : 	at org.junit.runners.BlockJUnit4ClassRunner.methodBlock(BlockJUnit4ClassRunner.java:263)stderr  : 
stderr  : 	at org.junit.runners.BlockJUnit4ClassRunner.runChild(BlockJUnit4ClassRunner.java:78)stderr  : 
stderr  : 	at org.junit.runners.BlockJUnit4ClassRunner.runChild(BlockJUnit4ClassRunner.java:57)stderr  : 
stderr  : 	at org.junit.runners.ParentRunner$3.run(ParentRunner.java:290)stderr  : 
stderr  : 	at org.junit.runners.ParentRunner$1.schedule(ParentRunner.java:71)stderr  : 
stderr  : 	at org.junit.runners.ParentRunner.runChildren(ParentRunner.java:288)stderr  : 
stderr  : 	at org.junit.runners.ParentRunner.access$000(ParentRunner.java:58)stderr  : 
stderr  : 	at org.junit.runners.ParentRunner$2.evaluate(ParentRunner.java:268)stderr  : 
stderr  : 	at org.junit.runners.ParentRunner.run(ParentRunner.java:363)stderr  : 
stderr  : 	at org.pitest.junit.adapter.CustomRunnerExecutor.run(CustomRunnerExecutor.java:42)stderr  : 
stderr  : 	at org.pitest.junit.adapter.AdaptedJUnitTestUnit.execute(AdaptedJUnitTestUnit.java:69)stderr  : 
stderr  : 	at org.pitest.mutationtest.execute.MutationTimeoutDecorator.lambda$createRunnable$0(MutationTimeoutDecorator.java:83)stderr  : 
stderr  : 	at java.util.concurrent.Executors$RunnableAdapter.call(Executors.java:511)stderr  : 
stderr  : 	at java.util.concurrent.FutureTask.run(FutureTask.java:266)stderr  : 
stderr  : 	at java.lang.Thread.run(Thread.java:748)stderr  : 
stderr  : java.lang.NullPointerException
stderr  : 	at java.util.Objects.requireNonNull(Objects.java:203)
	at java.util.Arrays$ArrayList.<init>(Arrays.java:3813)
	at java.util.Arrays.asList(Arrays.java:3800)
stderr  : 	at eu.supersede.integration.api.proxy.IFServiceProxy.getObjectsListForType(IFServiceProxy.java:116)stderr  : 
	at eu.supersede.integration.api.datastore.proxies.IFDataStoreProxy.getSupersedePlatforms(IFDataStoreProxy.java:53)
stderr  : 	at eu.supersede.integration.federation.SupersedeFederation.<init>(SupersedeFederation.java:32)
stderr  : 	at eu.supersede.integration.properties.IntegrationProperty.getFederation(IntegrationProperty.java:94)stderr  : 
stderr  : 	at eu.supersede.integration.properties.IntegrationProperty.getLocalPlatform(IntegrationProperty.java:108)stderr  : 
stderr  : 	at eu.supersede.integration.properties.IntegrationProperty.getMBConnection(IntegrationProperty.java:85)stderr  : 
stderr  : 	at eu.supersede.integration.api.pubsub.TopicMessageAgent.<init>(TopicMessageAgent.java:37)stderr  : 
stderr  : 	at eu.supersede.integration.api.pubsub.TopicSubscriber.<init>(TopicSubscriber.java:66)
stderr  : 	at eu.supersede.integration.api.pubsub.evolution.EvolutionSubscriber.<init>(EvolutionSubscriber.java:14)stderr  : 
stderr  : 	at eu.supersede.integration.api.pubsub.test.EvolutionAlertPubSubTest.startSubscriber(EvolutionAlertPubSubTest.java:91)stderr  : 
stderr  : 	at eu.supersede.integration.api.pubsub.test.EvolutionAlertPubSubTest.run(EvolutionAlertPubSubTest.java:82)stderr  : 
stderr  : 	at java.lang.Thread.run(Thread.java:748)stderr  : 
stderr  : Exception in thread "Thread-2" stderr  : java.lang.NullPointerExceptionstderr  : 
stderr  : 	at eu.supersede.integration.properties.IntegrationProperty.getMBConnection(IntegrationProperty.java:85)stderr  : 
stderr  : 	at eu.supersede.integration.api.pubsub.TopicMessageAgent.<init>(TopicMessageAgent.java:37)
stderr  : 	at eu.supersede.integration.api.pubsub.TopicSubscriber.<init>(TopicSubscriber.java:66)stderr  : 
stderr  : 	at eu.supersede.integration.api.pubsub.evolution.EvolutionSubscriber.<init>(EvolutionSubscriber.java:14)stderr  : 
	at eu.supersede.integration.api.pubsub.test.EvolutionAlertPubSubTest.startSubscriber(EvolutionAlertPubSubTest.java:91)stderr  : 
stderr  : 	at eu.supersede.integration.api.pubsub.test.EvolutionAlertPubSubTest.run(EvolutionAlertPubSubTest.java:82)stderr  : 
stderr  : 	at java.lang.Thread.run(Thread.java:748)
4:04:52 PM PIT >> WARNING : Minion exited abnormally due to TIMED_OUT
4:04:52 PM PIT >> WARNING : Minion exited abnormally due to TIMED_OUT
4:05:08 PM PIT >> WARNING : Minion exited abnormally due to TIMED_OUT
4:05:19 PM PIT >> WARNING : Minion exited abnormally due to TIMED_OUT
4:05:37 PM PIT >> WARNING : Minion exited abnormally due to TIMED_OUT
4:05:53 PM PIT >> WARNING : Minion exited abnormally due to TIMED_OUT
4:06:07 PM PIT >> WARNING : Minion exited abnormally due to TIMED_OUT
stderr  : Sep 25, 2019 4:06:20 PM org.apache.axis2.deployment.util.TempFileManager <clinit>
INFO: TempFileManager::unable to delete /tmp/axis2-tmp-783882785330287180.tmp
Sep 25, 2019 4:06:20 PM org.apache.axis2.deployment.util.TempFileManager <clinit>
INFO: TempFilestderr  : Manager::unable to delete /tmp/axis2-tmp-1973393805628805793.tmp
/-\|/-\|/-\|/-\|/-\|/-\|/-\|/-\|/-\|/-\|/-\|/-\|/-\|/-\|/-\|/-\|/-\|/-\|/-\|/-\|/-\|/-\|/-\|/-\|/-\|/-\|/-\|/-\|/-\|/-\|/-\|/-\|/-\|/-\|/-\|/-\|/-\|/-\|/-\|/-\|/-\|/-\|/-\|/-\|/-\|/-\|/-\|/-\|/-\|/-\|/-\|/-\|/-\|/-\|/-\|/-4:24:50 PM PIT >> INFO : Completed in 2103 seconds
================================================================================
- Mutators
================================================================================
> org.pitest.mutationtest.engine.gregor.mutators.ConditionalsBoundaryMutator
>> Generated 29 Killed 14 (48%)
> KILLED 13 SURVIVED 5 TIMED_OUT 1 NON_VIABLE 0 
> MEMORY_ERROR 0 NOT_STARTED 0 STARTED 0 RUN_ERROR 0 
> NO_COVERAGE 10 
--------------------------------------------------------------------------------
> org.pitest.mutationtest.engine.gregor.mutators.IncrementsMutator
>> Generated 8 Killed 3 (38%)
> KILLED 3 SURVIVED 1 TIMED_OUT 0 NON_VIABLE 0 
> MEMORY_ERROR 0 NOT_STARTED 0 STARTED 0 RUN_ERROR 0 
> NO_COVERAGE 4 
--------------------------------------------------------------------------------
> org.pitest.mutationtest.engine.gregor.mutators.VoidMethodCallMutator
>> Generated 793 Killed 268 (34%)
> KILLED 248 SURVIVED 189 TIMED_OUT 20 NON_VIABLE 0 
> MEMORY_ERROR 0 NOT_STARTED 0 STARTED 0 RUN_ERROR 0 
> NO_COVERAGE 336 
--------------------------------------------------------------------------------
> org.pitest.mutationtest.engine.gregor.mutators.ReturnValsMutator
>> Generated 1197 Killed 477 (40%)
> KILLED 444 SURVIVED 36 TIMED_OUT 33 NON_VIABLE 0 
> MEMORY_ERROR 0 NOT_STARTED 0 STARTED 0 RUN_ERROR 0 
> NO_COVERAGE 684 
--------------------------------------------------------------------------------
> org.pitest.mutationtest.engine.gregor.mutators.MathMutator
>> Generated 11 Killed 5 (45%)
> KILLED 5 SURVIVED 3 TIMED_OUT 0 NON_VIABLE 0 
> MEMORY_ERROR 0 NOT_STARTED 0 STARTED 0 RUN_ERROR 0 
> NO_COVERAGE 3 
--------------------------------------------------------------------------------
> org.pitest.mutationtest.engine.gregor.mutators.NegateConditionalsMutator
>> Generated 359 Killed 148 (41%)
> KILLED 140 SURVIVED 44 TIMED_OUT 8 NON_VIABLE 0 
> MEMORY_ERROR 0 NOT_STARTED 0 STARTED 0 RUN_ERROR 0 
> NO_COVERAGE 167 
--------------------------------------------------------------------------------
================================================================================
- Timings
================================================================================
> scan classpath : < 1 second
> coverage and dependency analysis : 4 minutes and 43 seconds
> build mutation tests : 1 seconds
> run mutation analysis : 30 minutes and 17 seconds
--------------------------------------------------------------------------------
> Total  : 35 minutes and 2 seconds
--------------------------------------------------------------------------------
================================================================================
- Statistics
================================================================================
>> Generated 2397 mutations Killed 915 (38%)
>> Ran 5087 tests (2.12 tests per mutation)
[INFO] ------------------------------------------------------------------------
[INFO] BUILD SUCCESS
[INFO] ------------------------------------------------------------------------
[INFO] Total time: 35:05 min
[INFO] Finished at: 2019-09-25T16:24:50+02:00
[INFO] Final Memory: 18M/353M
[INFO] ------------------------------------------------------------------------
2489.38user 222.19system 35:07.33elapsed 128%CPU (0avgtext+0avgdata 1039804maxresident)k
674329inputs+2254240outputs (3692major+24698298minor)pagefaults 0swaps
