[INFO] Scanning for projects...
[INFO] 
[INFO] ----------------< eu.supersede.if:eu.supersede.if.api >-----------------
[INFO] Building eu.supersede.if.api 0.4.0-SNAPSHOT
[INFO] --------------------------------[ jar ]---------------------------------
[WARNING] The POM for org.wso2.carbon:org.wso2.carbon.um.ws.api.stub:jar:4.2.2 is missing, no dependency information available
[WARNING] The POM for org.wso2.carbon:org.wso2.carbon.tenant.mgt.stub:jar:4.2.0 is missing, no dependency information available
[WARNING] The POM for org.wso2.carbon:org.wso2.carbon.um.ws.api:jar:4.2.2 is missing, no dependency information available
[WARNING] The POM for org.wso2.carbon:org.wso2.carbon.user.api:jar:4.2.0 is missing, no dependency information available
[WARNING] The POM for org.wso2.carbon:org.wso2.carbon.user.core:jar:4.2.0 is missing, no dependency information available
[WARNING] The POM for org.wso2.carbon:org.wso2.carbon.utils:jar:4.2.0 is missing, no dependency information available
[WARNING] The POM for opensaml.wso2:opensaml2:jar:2.4.1.wso2v1 is missing, no dependency information available
[WARNING] The POM for org.wso2.andes.wso2:andes-client:jar:3.1.1 is missing, no dependency information available
[WARNING] The POM for org.apache.geronimo.specs.wso2:geronimo-jms_1.1_spec:jar:1.1.0.wso2v1 is missing, no dependency information available
[WARNING] The POM for org.wso2.carbon:org.wso2.carbon.logging:jar:4.4.1 is missing, no dependency information available
[WARNING] The POM for org.wso2.securevault:org.wso2.securevault:jar:1.0.0-wso2v2 is missing, no dependency information available
[INFO] 
[INFO] --- pitest-maven:1.4.2:mutationCoverage (default-cli) @ eu.supersede.if.api ---
[INFO] Found plugin : Default csv report plugin
[INFO] Found plugin : Default xml report plugin
[INFO] Found plugin : Default html report plugin
[INFO] Found plugin : Static initializer code detector plugin
[INFO] Found plugin : Static initializer filter plugin
[INFO] Found plugin : Excluded annotations plugin
[INFO] Found plugin : Inlined finally block filter plugin
[INFO] Found plugin : Try with resources filter
[INFO] Found plugin : Implicit null check filter
[INFO] Found plugin : For each loop filter
[INFO] Found plugin : Logging calls filter
[INFO] Found plugin : Infinite for loop filter
[INFO] Found plugin : Long running iterator loop filter
[INFO] Found plugin : For loop counter filter
[INFO] Found plugin : Kotlin junk mutations filter
[INFO] Found plugin : Max mutations per class limit
[INFO] Found plugin : Equals shortcut equivalent mutant filter
[INFO] Found plugin : Trivial return vals equivalence filter
[INFO] Found plugin : Mutant export plugin
[INFO] Found shared classpath plugin : Default mutation engine
[INFO] Found shared classpath plugin : JUnit plugin
[INFO] Found shared classpath plugin : TestNG plugin
[INFO] Adding org.pitest:pitest to SUT classpath
[INFO] Mutating from /home/stamp/Git/Supersede/integration/IF/API/eu.supersede.if.api/target/classes
[INFO] Defaulting target classes to match packages in build directory
1:02:43 PM PIT >> INFO : Verbose logging is disabled. If you encounter an problem please enable it before reporting an issue.
1:02:44 PM PIT >> INFO : Sending 280 test classes to minion
1:02:44 PM PIT >> INFO : Sent tests to minion
1:02:44 PM PIT >> INFO : MINION : 1:02:44 PM PIT >> INFO : Checking environment

1:02:46 PM PIT >> INFO : MINION : 1:02:46 PM PIT >> INFO : Found  24 tests

1:02:46 PM PIT >> INFO : MINION : 1:02:46 PM PIT >> INFO : Dependency analysis reduced number of potential tests by 0

1:02:46 PM PIT >> INFO : MINION : 1:02:46 PM PIT >> INFO : 24 tests received

1:02:47 PM PIT >> INFO : MINION : 1:02:47 PM PIT >> WARNING : More threads at end of test (5) eu.supersede.integration.api.adaptation.dashboard.proxies.test.AdaptationDashboardProxyTest than start. (4)

/-\1:05:03 PM PIT >> INFO : MINION : 1:05:03 PM PIT >> WARNING : More threads at end of test (36) eu.supersede.integration.api.dm.proxies.test.DMOptimizerProxyTest than start. (5)

|/-\|/1:06:40 PM PIT >> INFO : MINION : 1:06:40 PM PIT >> WARNING : More threads at end of test (47) testPublishAdaptionAlertMessage(eu.supersede.integration.api.pubsub.test.AdaptationAlertPubSubTest) than start. (21)

1:06:44 PM PIT >> INFO : MINION : 1:06:44 PM PIT >> WARNING : More threads at end of test (50) testPublishAlertMessage(eu.supersede.integration.api.pubsub.test.AlertPubSubTest) than start. (23)

-\|/-1:06:54 PM PIT >> INFO : MINION : 1:06:54 PM PIT >> WARNING : More threads at end of test (50) testPublishTextMessage(eu.supersede.integration.api.pubsub.test.PubSubTest) than start. (23)

\|/-\|/-\|1:07:03 PM PIT >> INFO : Calculated coverage in 259 seconds.
1:07:05 PM PIT >> INFO : Created  222 mutation test units
stderr  : java.lang.StringIndexOutOfBoundsException: String index out of range: -2
	at java.lang.String.substring(String.java:1967)
	at eu.supersede.integration.api.datastore.util.PasswordCrypt.hexStringToByteArray(PasswordCrypt.java:57)
	at eu.supersede.integrationstderr  : .api.datastore.util.PasswordCrypt.decryptPassword(PasswordCrypt.java:86)
	at eu.supersede.integration.api.datastore.proxies.IFDataStoreProxy.getSupersedePlatforms(IFDataStoreProxy.java:58)
	at eu.supersede.integration.federation.SupersedeFederation.<init>(stderr  : SupersedeFederation.java:32)
	at eu.supersede.integration.federation.test.IFSupersedeFederationTest.setup(IFSupersedeFederationTest.java:40)
	at sun.reflect.NativeMethodAccessorImpl.invoke0(Native Method)
	at sun.reflect.NativeMethodAccessorImpl.invoke(Natstderr  : iveMethodAccessorImpl.java:62)
	at sun.reflect.DelegatingMethodAccessorImpl.invoke(DelegatingMethodAccessorImpl.java:43)
	at java.lang.reflect.Method.invoke(Method.java:498)
	at org.junit.runners.model.FrameworkMethod$1.runReflectiveCall(FrameworkMethod.jastderr  : va:50)
	at org.junit.internal.runners.model.ReflectiveCallable.run(ReflectiveCallable.java:12)
	at org.junit.runners.model.FrameworkMethod.invokeExplosively(FrameworkMethod.java:47)
	at org.junit.internal.runners.statements.RunBefores.evaluate(RunBefores.jstderr  : ava:24)
	at org.junit.runners.ParentRunner.run(ParentRunner.java:363)
	at org.pitest.junit.adapter.CustomRunnerExecutor.run(CustomRunnerExecutor.java:42)
	at org.pitest.junit.adapter.AdaptedJUnitTestUnit.execute(AdaptedJUnitTestUnit.java:69)
	at org.piteststderr  : .mutationtest.execute.MutationTimeoutDecorator.lambda$createRunnable$0(MutationTimeoutDecorator.java:83)
	at java.util.concurrent.Executors$RunnableAdapter.call(Executors.java:511)
	at java.util.concurrent.FutureTask.run(FutureTask.java:266)
	at java.lang.stderr  : Thread.run(Thread.java:748)
stderr  : javax.crypto.BadPaddingException: Given final block not properly padded. Such issues can arise if a bad key is used during decryption.stderr  : 
	at com.sun.crypto.provider.CipherCore.doFinal(CipherCore.java:991)
	at com.sun.crypto.provider.CipherCore.doFinal(CipherCore.java:847)
	at com.sun.crypto.provider.AESCipher.engineDoFinal(AESCipher.java:446)
	at javax.crypto.Cipher.doFinal(Cipher.java:216stderr  : 4)
	at eu.supersede.integration.api.datastore.util.PasswordCrypt.decryptPassword(PasswordCrypt.java:90)
stderr  : 	at eu.supersede.integration.api.datastore.proxies.IFDataStoreProxy.getSupersedePlatforms(IFDataStoreProxy.java:58)
	at eu.supersede.integration.federation.SupersedeFederation.<init>(SupersedeFederation.java:32)
stderr  : 	at eu.supersede.integration.federation.test.IFSupersedeFederationTest.setup(IFSupersedeFederationTest.java:40)
	at sun.reflect.NativeMethodAccessorImpl.invoke0(Native Method)
	at sun.reflect.NativeMethodAccessorImpl.invoke(NativeMethodAccessorImpl.java:62stderr  : )
	at sun.reflect.DelegatingMethodAccessorImpl.invoke(DelegatingMethodAccessorImpl.java:43)
	at java.lang.reflect.Method.invoke(Method.java:498)
	at org.junit.runners.model.FrameworkMethod$1.runReflectiveCall(FrameworkMethod.java:50)
	at org.junit.internalstderr  : .runners.model.ReflectiveCallable.run(ReflectiveCallable.java:12)
	at org.junit.runners.model.FrameworkMethod.invokeExplosively(FrameworkMethod.java:47)
	at org.junit.internal.runners.statements.RunBefores.evaluate(RunBefores.java:24)
	at org.junit.runnersstderr  : .ParentRunner.run(ParentRunner.java:363)
	at org.pitest.junit.adapter.CustomRunnerExecutor.run(CustomRunnerExecutor.java:42)
	at org.pitest.junit.adapter.AdaptedJUnitTestUnit.execute(AdaptedJUnitTestUnit.java:69)
	at org.pitest.mutationtest.execute.Mutatiostderr  : nTimeoutDecorator.lambda$createRunnable$0(MutationTimeoutDecorator.java:83)
	at java.util.concurrent.Executors$RunnableAdapter.call(Executors.java:511)
	at java.util.concurrent.FutureTask.run(FutureTask.java:266)
	at java.lang.Thread.run(Thread.java:748)
stderr  : java.lang.StringIndexOutOfBoundsException: String index out of range: 34
	at java.lang.String.substring(String.java:1963)
	at eu.supersede.integration.api.datastore.util.PasswordCrypt.hexStringToByteArray(PasswordCrypt.java:57)
	at eu.supersede.integrationstderr  : .api.datastore.util.PasswordCrypt.decryptPassword(PasswordCrypt.java:86)
	at eu.supersede.integration.api.datastore.proxies.IFDataStoreProxy.getSupersedePlatforms(IFDataStoreProxy.java:58)
	at eu.supersede.integration.federation.SupersedeFederation.<init>(stderr  : SupersedeFederation.java:32)
	at eu.supersede.integration.federation.test.IFSupersedeFederationTest.setup(IFSupersedeFederationTest.java:40)
	at sun.reflect.NativeMethodAccessorImpl.invoke0(Native Method)
	at sun.reflect.NativeMethodAccessorImpl.invoke(Natstderr  : iveMethodAccessorImpl.java:62)
	at sun.reflect.DelegatingMethodAccessorImpl.invoke(DelegatingMethodAccessorImpl.java:43)
	at java.lang.reflect.Method.invoke(Method.java:498)
	at org.junit.runners.model.FrameworkMethod$1.runReflectiveCall(FrameworkMethod.jastderr  : va:50)
	at org.junit.internal.runners.model.ReflectiveCallable.run(ReflectiveCallable.java:12)
	at org.junit.runners.model.FrameworkMethod.invokeExplosively(FrameworkMethod.java:47)
	at org.junit.internal.runners.statements.RunBefores.evaluate(RunBefores.jstderr  : ava:24)
	at org.junit.runners.ParentRunner.run(ParentRunner.java:363)
	at org.pitest.junit.adapter.CustomRunnerExecutor.run(CustomRunnerExecutor.java:42)
	at org.pitest.junit.adapter.AdaptedJUnitTestUnit.execute(AdaptedJUnitTestUnit.java:69)
	at org.piteststderr  : .mutationtest.execute.MutationTimeoutDecorator.lambda$createRunnable$0(MutationTimeoutDecorator.java:83)
	at java.util.concurrent.Executors$RunnableAdapter.call(Executors.java:511)
	at java.util.concurrent.FutureTask.run(FutureTask.java:266)
	at java.lang.stderr  : Thread.run(Thread.java:748)
stderr  : java.lang.StringIndexOutOfBoundsException: String index out of range: 34
stderr  : 	at java.lang.String.substring(String.java:1963)
	at eu.supersede.integration.api.datastore.util.PasswordCrypt.hexStringToByteArray(PasswordCrypt.java:57)
	at eu.supersede.integration.api.datastore.util.PasswordCrypt.decryptPassword(PasswordCrypt.java:86)
stderr  : 	at eu.supersede.integration.api.datastore.proxies.IFDataStoreProxy.getSupersedePlatforms(IFDataStoreProxy.java:58)
	at eu.supersede.integration.federation.SupersedeFederation.<init>(SupersedeFederation.java:32)
	at eu.supersede.integration.federation.teststderr  : .IFSupersedeFederationTest.setup(IFSupersedeFederationTest.java:40)
	at sun.reflect.NativeMethodAccessorImpl.invoke0(Native Method)
	at sun.reflect.NativeMethodAccessorImpl.invoke(NativeMethodAccessorImpl.java:62)
	at sun.reflect.DelegatingMethodAccessorImstderr  : pl.invoke(DelegatingMethodAccessorImpl.java:43)
	at java.lang.reflect.Method.invoke(Method.java:498)
	at org.junit.runners.model.FrameworkMethod$1.runReflectiveCall(FrameworkMethod.java:50)
	at org.junit.internal.runners.model.ReflectiveCallable.run(Reflecstderr  : tiveCallable.java:12)
	at org.junit.runners.model.FrameworkMethod.invokeExplosively(FrameworkMethod.java:47)
	at org.junit.internal.runners.statements.RunBefores.evaluate(RunBefores.java:24)
	at org.junit.runners.ParentRunner.run(ParentRunner.java:363)
	atstderr  :  org.pitest.junit.adapter.CustomRunnerExecutor.run(CustomRunnerExecutor.java:42)
	at org.pitest.junit.adapter.AdaptedJUnitTestUnit.execute(AdaptedJUnitTestUnit.java:69)
	at org.pitest.mutationtest.execute.MutationTimeoutDecorator.lambda$createRunnable$0(Mustderr  : tationTimeoutDecorator.java:83)
	at java.util.concurrent.Executors$RunnableAdapter.call(Executors.java:511)
	at java.util.concurrent.FutureTask.run(FutureTask.java:266)
	at java.lang.Thread.run(Thread.java:748)
stderr  : java.lang.IllegalStateException: Cipher not initializedstderr  : 
stderr  : 	at javax.crypto.Cipher.checkCipherState(Cipher.java:1749)stderr  : 
stderr  : 	at javax.crypto.Cipher.doFinal(Cipher.java:2156)stderr  : 
stderr  : 	at eu.supersede.integration.api.datastore.util.PasswordCrypt.decryptPassword(PasswordCrypt.java:90)stderr  : 
stderr  : 	at eu.supersede.integration.api.datastore.proxies.IFDataStoreProxy.getSupersedePlatforms(IFDataStoreProxy.java:58)stderr  : 
stderr  : 	at eu.supersede.integration.federation.SupersedeFederation.<init>(SupersedeFederation.java:32)stderr  : 
stderr  : 	at eu.supersede.integration.federation.test.IFSupersedeFederationTest.setup(IFSupersedeFederationTest.java:40)stderr  : 
stderr  : 	at sun.reflect.NativeMethodAccessorImpl.invoke0(Native Method)stderr  : 
stderr  : 	at sun.reflect.NativeMethodAccessorImpl.invoke(NativeMethodAccessorImpl.java:62)stderr  : 
stderr  : 	at sun.reflect.DelegatingMethodAccessorImpl.invoke(DelegatingMethodAccessorImpl.java:43)stderr  : 
stderr  : 	at java.lang.reflect.Method.invoke(Method.java:498)stderr  : 
stderr  : 	at org.junit.runners.model.FrameworkMethod$1.runReflectiveCall(FrameworkMethod.java:50)stderr  : 
stderr  : 	at org.junit.internal.runners.model.ReflectiveCallable.run(ReflectiveCallable.java:12)stderr  : 
stderr  : 	at org.junit.runners.model.FrameworkMethod.invokeExplosively(FrameworkMethod.java:47)stderr  : 
stderr  : 	at org.junit.internal.runners.statements.RunBefores.evaluate(RunBefores.java:24)stderr  : 
stderr  : 	at org.junit.runners.ParentRunner.run(ParentRunner.java:363)stderr  : 
stderr  : 	at org.pitest.junit.adapter.CustomRunnerExecutor.run(CustomRunnerExecutor.java:42)stderr  : 
stderr  : 	at org.pitest.junit.adapter.AdaptedJUnitTestUnit.execute(AdaptedJUnitTestUnit.java:69)stderr  : 
stderr  : 	at org.pitest.mutationtest.execute.MutationTimeoutDecorator.lambda$createRunnable$0(MutationTimeoutDecorator.java:83)stderr  : 
stderr  : 	at java.util.concurrent.Executors$RunnableAdapter.call(Executors.java:511)stderr  : 
stderr  : 	at java.util.concurrent.FutureTask.run(FutureTask.java:266)stderr  : 
stderr  : 	at java.lang.Thread.run(Thread.java:748)stderr  : 
stderr  : javax.crypto.BadPaddingException: Given final block not properly padded. Such issues can arise if a bad key is used during decryption.stderr  : 
stderr  : 	at com.sun.crypto.provider.CipherCore.doFinal(CipherCore.java:991)stderr  : 
stderr  : 	at com.sun.crypto.provider.CipherCore.doFinal(CipherCore.java:847)stderr  : 
stderr  : 	at com.sun.crypto.provider.AESCipher.engineDoFinal(AESCipher.java:446)stderr  : 
stderr  : 	at javax.crypto.Cipher.doFinal(Cipher.java:2164)stderr  : 
stderr  : 	at eu.supersede.integration.api.datastore.util.PasswordCrypt.decryptPassword(PasswordCrypt.java:90)stderr  : 
stderr  : 	at eu.supersede.integration.api.datastore.proxies.IFDataStoreProxy.getSupersedePlatforms(IFDataStoreProxy.java:58)stderr  : 
stderr  : 	at eu.supersede.integration.federation.SupersedeFederation.<init>(SupersedeFederation.java:32)stderr  : 
stderr  : 	at eu.supersede.integration.federation.test.IFSupersedeFederationTest.setup(IFSupersedeFederationTest.java:40)
	at sun.reflect.NativeMethodAccessorImpl.invoke0(Native Method)
stderr  : 	at sun.reflect.NativeMethodAccessorImpl.invoke(NativeMethodAccessorImpl.java:62)
	at sun.reflect.DelegatingMethodAccessorImpl.invoke(DelegatingMethodAccessorImpl.java:43)
	at java.lang.reflect.Method.invoke(Method.java:498)
	at org.junit.runners.model.Frastderr  : meworkMethod$1.runReflectiveCall(FrameworkMethod.java:50)
	at org.junit.internal.runners.model.ReflectiveCallable.run(ReflectiveCallable.java:12)
	at org.junit.runners.model.FrameworkMethod.invokeExplosively(FrameworkMethod.java:47)
	at org.junit.internal.stderr  : runners.statements.RunBefores.evaluate(RunBefores.java:24)
	at org.junit.runners.ParentRunner.run(ParentRunner.java:363)
	at org.pitest.junit.adapter.CustomRunnerExecutor.run(CustomRunnerExecutor.java:42)
	at org.pitest.junit.adapter.AdaptedJUnitTestUnit.estderr  : xecute(AdaptedJUnitTestUnit.java:69)
	at org.pitest.mutationtest.execute.MutationTimeoutDecorator.lambda$createRunnable$0(MutationTimeoutDecorator.java:83)
	at java.util.concurrent.Executors$RunnableAdapter.call(Executors.java:511)
	at java.util.concurrentstderr  : .FutureTask.run(FutureTask.java:266)
	at java.lang.Thread.run(Thread.java:748)
stderr  : java.lang.StringIndexOutOfBoundsException: String index out of range: -2stderr  : 
	at java.lang.String.substring(String.java:1960)
	at eu.supersede.integration.api.datastore.util.PasswordCrypt.hexStringToByteArray(PasswordCrypt.java:57)
	at eu.supersede.integration.api.datastore.util.PasswordCrypt.decryptPassword(PasswordCrypt.java:86)stderr  : 
	at eu.supersede.integration.api.datastore.proxies.IFDataStoreProxy.getSupersedePlatforms(IFDataStoreProxy.java:58)
	at eu.supersede.integration.federation.SupersedeFederation.<init>(SupersedeFederation.java:32)
	at eu.supersede.integration.federation.tesstderr  : t.IFSupersedeFederationTest.setup(IFSupersedeFederationTest.java:40)
	at sun.reflect.NativeMethodAccessorImpl.invoke0(Native Method)
	at sun.reflect.NativeMethodAccessorImpl.invoke(NativeMethodAccessorImpl.java:62)
	at sun.reflect.DelegatingMethodAccessorIstderr  : mpl.invoke(DelegatingMethodAccessorImpl.java:43)
	at java.lang.reflect.Method.invoke(Method.java:498)
	at org.junit.runners.model.FrameworkMethod$1.runReflectiveCall(FrameworkMethod.java:50)
	at org.junit.internal.runners.model.ReflectiveCallable.run(Reflestderr  : ctiveCallable.java:12)
	at org.junit.runners.model.FrameworkMethod.invokeExplosively(FrameworkMethod.java:47)
	at org.junit.internal.runners.statements.RunBefores.evaluate(RunBefores.java:24)
	at org.junit.runners.ParentRunner.run(ParentRunner.java:363)
	astderr  : t org.pitest.junit.adapter.CustomRunnerExecutor.run(CustomRunnerExecutor.java:42)
	at org.pitest.junit.adapter.AdaptedJUnitTestUnit.execute(AdaptedJUnitTestUnit.java:69)
	at org.pitest.mutationtest.execute.MutationTimeoutDecorator.lambda$createRunnable$0(Mstderr  : utationTimeoutDecorator.java:83)
	at java.util.concurrent.Executors$RunnableAdapter.call(Executors.java:511)
	at java.util.concurrent.FutureTask.run(FutureTask.java:266)
	at java.lang.Thread.run(Thread.java:748)
stderr  : java.lang.IllegalArgumentException: Missing argumentstderr  : 
stderr  : 	at javax.crypto.spec.SecretKeySpec.<init>(SecretKeySpec.java:93)stderr  : 
stderr  : 	at eu.supersede.integration.api.datastore.util.PasswordCrypt.decryptPassword(PasswordCrypt.java:87)stderr  : 
stderr  : 	at eu.supersede.integration.api.datastore.proxies.IFDataStoreProxy.getSupersedePlatforms(IFDataStoreProxy.java:58)stderr  : 
stderr  : 	at eu.supersede.integration.federation.SupersedeFederation.<init>(SupersedeFederation.java:32)stderr  : 
stderr  : 	at eu.supersede.integration.federation.test.IFSupersedeFederationTest.setup(IFSupersedeFederationTest.java:40)stderr  : 
stderr  : 	at sun.reflect.NativeMethodAccessorImpl.invoke0(Native Method)stderr  : 
stderr  : 	at sun.reflect.NativeMethodAccessorImpl.invoke(NativeMethodAccessorImpl.java:62)stderr  : 
stderr  : 	at sun.reflect.DelegatingMethodAccessorImpl.invoke(DelegatingMethodAccessorImpl.java:43)stderr  : 
stderr  : 	at java.lang.reflect.Method.invoke(Method.java:498)stderr  : 
stderr  : 	at org.junit.runners.model.FrameworkMethod$1.runReflectiveCall(FrameworkMethod.java:50)stderr  : 
stderr  : 	at org.junit.internal.runners.model.ReflectiveCallable.run(ReflectiveCallable.java:12)stderr  : 
stderr  : 	at org.junit.runners.model.FrameworkMethod.invokeExplosively(FrameworkMethod.java:47)stderr  : 
stderr  : 	at org.junit.internal.runners.statements.RunBefores.evaluate(RunBefores.java:24)stderr  : 
stderr  : 	at org.junit.runners.ParentRunner.run(ParentRunner.java:363)stderr  : 
stderr  : 	at org.pitest.junit.adapter.CustomRunnerExecutor.run(CustomRunnerExecutor.java:42)stderr  : 
stderr  : 	at org.pitest.junit.adapter.AdaptedJUnitTestUnit.execute(AdaptedJUnitTestUnit.java:69)stderr  : 
stderr  : 	at org.pitest.mutationtest.execute.MutationTimeoutDecorator.lambda$createRunnable$0(MutationTimeoutDecorator.java:83)stderr  : 
stderr  : 	at java.util.concurrent.Executors$RunnableAdapter.call(Executors.java:511)stderr  : 
stderr  : 	at java.util.concurrent.FutureTask.run(FutureTask.java:266)stderr  : 
stderr  : 	at java.lang.Thread.run(Thread.java:748)stderr  : 
stderr  : java.lang.IllegalArgumentException: Provide a valid authentication token
	at org.springframework.util.Assert.notNull(Assert.java:115)
	at eu.supersede.integration.api.datastore.proxies.IFDataStoreProxy.getSupersedePlatforms(IFDataStoreProxy.java:47)
	at eustderr  : .supersede.integration.federation.SupersedeFederation.<init>(SupersedeFederation.java:32)
	at eu.supersede.integration.federation.test.IFSupersedeFederationTest.setup(IFSupersedeFederationTest.java:40)
	at sun.reflect.NativeMethodAccessorImpl.invoke0(Nativstderr  : e Method)
	at sun.reflect.NativeMethodAccessorImpl.invoke(NativeMethodAccessorImpl.java:62)
	at sun.reflect.DelegatingMethodAccessorImpl.invoke(DelegatingMethodAccessorImpl.java:43)
	at java.lang.reflect.Method.invoke(Method.java:498)
	at org.junit.runnersstderr  : .model.FrameworkMethod$1.runReflectiveCall(FrameworkMethod.java:50)
	at org.junit.internal.runners.model.ReflectiveCallable.run(ReflectiveCallable.java:12)
	at org.junit.runners.model.FrameworkMethod.invokeExplosively(FrameworkMethod.java:47)
	at org.junitstderr  : .internal.runners.statements.RunBefores.evaluate(RunBefores.java:24)
	at org.junit.runners.ParentRunner.run(ParentRunner.java:363)
	at org.pitest.junit.adapter.CustomRunnerExecutor.run(CustomRunnerExecutor.java:42)
	at org.pitest.junit.adapter.AdaptedJUnitstderr  : TestUnit.execute(AdaptedJUnitTestUnit.java:69)
	at org.pitest.mutationtest.execute.MutationTimeoutDecorator.lambda$createRunnable$0(MutationTimeoutDecorator.java:83)
	at java.util.concurrent.Executors$RunnableAdapter.call(Executors.java:511)
	at java.util.stderr  : concurrent.FutureTask.run(FutureTask.java:266)
	at java.lang.Thread.run(Thread.java:748)
stderr  : java.lang.IllegalArgumentException: Username not set
stderr  : 	at org.springframework.util.Assert.isTrue(Assert.java:68)
	at eu.supersede.integration.api.security.IFAuthenticationManager.getAuthorizationToken(IFAuthenticationManager.java:288)
	at eu.supersede.integration.federation.SupersedeFederation.<init>(Supersedstderr  : eFederation.java:27)
	at eu.supersede.integration.federation.test.IFSupersedeFederationTest.setup(IFSupersedeFederationTest.java:40)
	at sun.reflect.NativeMethodAccessorImpl.invoke0(Native Method)
	at sun.reflect.NativeMethodAccessorImpl.invoke(NativeMethostderr  : dAccessorImpl.java:62)
	at sun.reflect.DelegatingMethodAccessorImpl.invoke(DelegatingMethodAccessorImpl.java:43)
	at java.lang.reflect.Method.invoke(Method.java:498)
	at org.junit.runners.model.FrameworkMethod$1.runReflectiveCall(FrameworkMethod.java:50)
	stderr  : at org.junit.internal.runners.model.ReflectiveCallable.run(ReflectiveCallable.java:12)
	at org.junit.runners.model.FrameworkMethod.invokeExplosively(FrameworkMethod.java:47)
	at org.junit.internal.runners.statements.RunBefores.evaluate(RunBefores.java:24)
stderr  : 	at org.junit.runners.ParentRunner.run(ParentRunner.java:363)
	at org.pitest.junit.adapter.CustomRunnerExecutor.run(CustomRunnerExecutor.java:42)
	at org.pitest.junit.adapter.AdaptedJUnitTestUnit.execute(AdaptedJUnitTestUnit.java:69)
	at org.pitest.mutatiostderr  : ntest.execute.MutationTimeoutDecorator.lambda$createRunnable$0(MutationTimeoutDecorator.java:83)
	at java.util.concurrent.Executors$RunnableAdapter.call(Executors.java:511)
	at java.util.concurrent.FutureTask.run(FutureTask.java:266)
	at java.lang.Thread.rstderr  : un(Thread.java:748)
stderr  : java.lang.IllegalArgumentException: Username not setstderr  : 
stderr  : 	at org.springframework.util.Assert.isTrue(Assert.java:68)stderr  : 
stderr  : 	at eu.supersede.integration.api.security.IFAuthenticationManager.getAuthorizationToken(IFAuthenticationManager.java:288)
	at eu.supersede.integration.federation.SupersedeFederation.<init>(SupersedeFederation.java:27)
	at eu.supersede.integration.federatiostderr  : n.test.IFSupersedeFederationTest.setup(IFSupersedeFederationTest.java:40)
	at sun.reflect.NativeMethodAccessorImpl.invoke0(Native Method)
	at sun.reflect.NativeMethodAccessorImpl.invoke(NativeMethodAccessorImpl.java:62)
	at sun.reflect.DelegatingMethodAccestderr  : ssorImpl.invoke(DelegatingMethodAccessorImpl.java:43)
	at java.lang.reflect.Method.invoke(Method.java:498)
	at org.junit.runners.model.FrameworkMethod$1.runReflectiveCall(FrameworkMethod.java:50)
	at org.junit.internal.runners.model.ReflectiveCallable.run(stderr  : ReflectiveCallable.java:12)
	at org.junit.runners.model.FrameworkMethod.invokeExplosively(FrameworkMethod.java:47)
	at org.junit.internal.runners.statements.RunBefores.evaluate(RunBefores.java:24)
	at org.junit.runners.ParentRunner.run(ParentRunner.java:36stderr  : 3)
	at org.pitest.junit.adapter.CustomRunnerExecutor.run(CustomRunnerExecutor.java:42)
	at org.pitest.junit.adapter.AdaptedJUnitTestUnit.execute(AdaptedJUnitTestUnit.java:69)
	at org.pitest.mutationtest.execute.MutationTimeoutDecorator.lambda$createRunnablstderr  : e$0(MutationTimeoutDecorator.java:83)
	at java.util.concurrent.Executors$RunnableAdapter.call(Executors.java:511)
	at java.util.concurrent.FutureTask.run(FutureTask.java:266)
	at java.lang.Thread.run(Thread.java:748)
stderr  : java.lang.IllegalArgumentException: Credential not setstderr  : 
	at org.springframework.util.Assert.isTrue(Assert.java:68)
	at eu.supersede.integration.api.security.IFAuthenticationManager.getAuthorizationToken(IFAuthenticationManager.java:289)
	at eu.supersede.integration.federation.SupersedeFederation.<init>(Supersestderr  : deFederation.java:27)
	at eu.supersede.integration.federation.test.IFSupersedeFederationTest.setup(IFSupersedeFederationTest.java:40)
	at sun.reflect.NativeMethodAccessorImpl.invoke0(Native Method)
	at sun.reflect.NativeMethodAccessorImpl.invoke(NativeMethstderr  : odAccessorImpl.java:62)
	at sun.reflect.DelegatingMethodAccessorImpl.invoke(DelegatingMethodAccessorImpl.java:43)
	at java.lang.reflect.Method.invoke(Method.java:498)
	at org.junit.runners.model.FrameworkMethod$1.runReflectiveCall(FrameworkMethod.java:50)
stderr  : 	at org.junit.internal.runners.model.ReflectiveCallable.run(ReflectiveCallable.java:12)
	at org.junit.runners.model.FrameworkMethod.invokeExplosively(FrameworkMethod.java:47)
	at org.junit.internal.runners.statements.RunBefores.evaluate(RunBefores.java:24)stderr  : 
	at org.junit.runners.ParentRunner.run(ParentRunner.java:363)
	at org.pitest.junit.adapter.CustomRunnerExecutor.run(CustomRunnerExecutor.java:42)
	at org.pitest.junit.adapter.AdaptedJUnitTestUnit.execute(AdaptedJUnitTestUnit.java:69)
	at org.pitest.mutatistderr  : ontest.execute.MutationTimeoutDecorator.lambda$createRunnable$0(MutationTimeoutDecorator.java:83)
	at java.util.concurrent.Executors$RunnableAdapter.call(Executors.java:511)
	at java.util.concurrent.FutureTask.run(FutureTask.java:266)
	at java.lang.Thread.stderr  : run(Thread.java:748)
1:08:33 PM PIT >> WARNING : Minion exited abnormally due to TIMED_OUT
stderr  : java.lang.IllegalArgumentException: Credential not setstderr  : 
stderr  : 	at org.springframework.util.Assert.isTrue(Assert.java:68)stderr  : 
stderr  : 	at eu.supersede.integration.api.security.IFAuthenticationManager.getAuthorizationToken(IFAuthenticationManager.java:289)stderr  : 
stderr  : 	at eu.supersede.integration.federation.SupersedeFederation.<init>(SupersedeFederation.java:27)stderr  : 
stderr  : 	at eu.supersede.integration.federation.test.IFSupersedeFederationTest.setup(IFSupersedeFederationTest.java:40)stderr  : 
stderr  : 	at sun.reflect.NativeMethodAccessorImpl.invoke0(Native Method)stderr  : 
stderr  : 	at sun.reflect.NativeMethodAccessorImpl.invoke(NativeMethodAccessorImpl.java:62)stderr  : 
stderr  : 	at sun.reflect.DelegatingMethodAccessorImpl.invoke(DelegatingMethodAccessorImpl.java:43)stderr  : 
stderr  : 	at java.lang.reflect.Method.invoke(Method.java:498)stderr  : 
stderr  : 	at org.junit.runners.model.FrameworkMethod$1.runReflectiveCall(FrameworkMethod.java:50)stderr  : 
stderr  : 	at org.junit.internal.runners.model.ReflectiveCallable.run(ReflectiveCallable.java:12)stderr  : 
stderr  : 	at org.junit.runners.model.FrameworkMethod.invokeExplosively(FrameworkMethod.java:47)stderr  : 
stderr  : 	at org.junit.internal.runners.statements.RunBefores.evaluate(RunBefores.java:24)stderr  : 
stderr  : 	at org.junit.runners.ParentRunner.run(ParentRunner.java:363)stderr  : 
stderr  : 	at org.pitest.junit.adapter.CustomRunnerExecutor.run(CustomRunnerExecutor.java:42)stderr  : 
stderr  : 	at org.pitest.junit.adapter.AdaptedJUnitTestUnit.execute(AdaptedJUnitTestUnit.java:69)stderr  : 
stderr  : 	at org.pitest.mutationtest.execute.MutationTimeoutDecorator.lambda$createRunnable$0(MutationTimeoutDecorator.java:83)stderr  : 
stderr  : 	at java.util.concurrent.Executors$RunnableAdapter.call(Executors.java:511)stderr  : 
stderr  : 	at java.util.concurrent.FutureTask.run(FutureTask.java:266)stderr  : 
stderr  : 	at java.lang.Thread.run(Thread.java:748)stderr  : 
stderr  : java.lang.IllegalArgumentException: Tenant base 64 authorization pair not retrieved from configurationstderr  : 
	at org.springframework.util.Assert.isTrue(Assert.java:68)
	at eu.supersede.integration.api.security.IFAuthenticationManager.getAuthorizationToken(IFAuthenticationManager.java:304)
	at eu.supersede.integration.federation.SupersedeFederation.<init>(Supersestderr  : deFederation.java:27)
	at eu.supersede.integration.federation.test.IFSupersedeFederationTest.setup(IFSupersedeFederationTest.java:40)
	at sun.reflect.NativeMethodAccessorImpl.invoke0(Native Method)
	at sun.reflect.NativeMethodAccessorImpl.invoke(NativeMethstderr  : odAccessorImpl.java:62)
	at sun.reflect.DelegatingMethodAccessorImpl.invoke(DelegatingMethodAccessorImpl.java:43)
	at java.lang.reflect.Method.invoke(Method.java:498)
	at org.junit.runners.model.FrameworkMethod$1.runReflectiveCall(FrameworkMethod.java:50)
stderr  : 	at org.junit.internal.runners.model.ReflectiveCallable.run(ReflectiveCallable.java:12)
	at org.junit.runners.model.FrameworkMethod.invokeExplosively(FrameworkMethod.java:47)
	at org.junit.internal.runners.statements.RunBefores.evaluate(RunBefores.java:24)stderr  : 
	at org.junit.runners.ParentRunner.run(ParentRunner.java:363)
	at org.pitest.junit.adapter.CustomRunnerExecutor.run(CustomRunnerExecutor.java:42)
	at org.pitest.junit.adapter.AdaptedJUnitTestUnit.execute(AdaptedJUnitTestUnit.java:69)
	at org.pitest.mutatistderr  : ontest.execute.MutationTimeoutDecorator.lambda$createRunnable$0(MutationTimeoutDecorator.java:83)
	at java.util.concurrent.Executors$RunnableAdapter.call(Executors.java:511)
	at java.util.concurrent.FutureTask.run(FutureTask.java:266)
	at java.lang.Thread.stderr  : run(Thread.java:748)
1:09:21 PM PIT >> WARNING : Minion exited abnormally due to TIMED_OUT
1:09:21 PM PIT >> WARNING : Minion exited abnormally due to TIMED_OUT
1:09:21 PM PIT >> WARNING : Minion exited abnormally due to TIMED_OUT
1:09:22 PM PIT >> WARNING : Minion exited abnormally due to TIMED_OUT
1:09:24 PM PIT >> WARNING : Minion exited abnormally due to TIMED_OUT
1:09:25 PM PIT >> WARNING : Minion exited abnormally due to TIMED_OUT
1:09:25 PM PIT >> WARNING : Minion exited abnormally due to TIMED_OUT
1:09:26 PM PIT >> WARNING : Minion exited abnormally due to TIMED_OUT
1:09:32 PM PIT >> WARNING : Minion exited abnormally due to TIMED_OUT
1:09:34 PM PIT >> WARNING : Minion exited abnormally due to TIMED_OUT
1:10:02 PM PIT >> WARNING : Minion exited abnormally due to TIMED_OUT
stderr  : java.lang.RuntimeException: Property 'is.authorization..tenant.pair.base64' not found exceptionstderr  : 
	at eu.supersede.integration.properties.IntegrationProperty.getProperty(IntegrationProperty.java:68)
	at eu.supersede.integration.api.security.IFAuthenticationManager.getAuthorizationToken(IFAuthenticationManager.java:295)
	at eu.supersede.integration.fedstderr  : eration.SupersedeFederation.<init>(SupersedeFederation.java:27)
	at eu.supersede.integration.federation.test.IFSupersedeFederationTest.setup(IFSupersedeFederationTest.java:40)
	at sun.reflect.NativeMethodAccessorImpl.invoke0(Native Method)
	at sun.reflect.stderr  : NativeMethodAccessorImpl.invoke(NativeMethodAccessorImpl.java:62)
	at sun.reflect.DelegatingMethodAccessorImpl.invoke(DelegatingMethodAccessorImpl.java:43)
	at java.lang.reflect.Method.invoke(Method.java:498)
	at org.junit.runners.model.FrameworkMethod$1.rstderr  : unReflectiveCall(FrameworkMethod.java:50)
	at org.junit.internal.runners.model.ReflectiveCallable.run(ReflectiveCallable.java:12)
	at org.junit.runners.model.FrameworkMethod.invokeExplosively(FrameworkMethod.java:47)
	at org.junit.internal.runners.statemenstderr  : ts.RunBefores.evaluate(RunBefores.java:24)
	at org.junit.runners.ParentRunner.run(ParentRunner.java:363)
	at org.pitest.junit.adapter.CustomRunnerExecutor.run(CustomRunnerExecutor.java:42)
	at org.pitest.junit.adapter.AdaptedJUnitTestUnit.execute(AdaptedJUstderr  : nitTestUnit.java:69)
	at org.pitest.mutationtest.execute.MutationTimeoutDecorator.lambda$createRunnable$0(MutationTimeoutDecorator.java:83)
	at java.util.concurrent.Executors$RunnableAdapter.call(Executors.java:511)
	at java.util.concurrent.FutureTask.run(stderr  : FutureTask.java:266)
	at java.lang.Thread.run(Thread.java:748)
stderr  : java.lang.IllegalArgumentException: Tenant base 64 authorization pair not retrieved from configurationstderr  : 
	at org.springframework.util.Assert.isTrue(Assert.java:68)
	at eu.supersede.integration.api.security.IFAuthenticationManager.getAuthorizationToken(IFAuthenticationManager.java:304)
	at eu.supersede.integration.federation.SupersedeFederation.<init>(Supersestderr  : deFederation.java:27)
	at eu.supersede.integration.federation.test.IFSupersedeFederationTest.setup(IFSupersedeFederationTest.java:40)
	at sun.reflect.GeneratedMethodAccessor103.invoke(Unknown Source)
	at sun.reflect.DelegatingMethodAccessorImpl.invoke(Delestderr  : gatingMethodAccessorImpl.java:43)
	at java.lang.reflect.Method.invoke(Method.java:498)
	at org.junit.runners.model.FrameworkMethod$1.runReflectiveCall(FrameworkMethod.java:50)
	at org.junit.internal.runners.model.ReflectiveCallable.run(ReflectiveCallable.jstderr  : ava:12)
	at org.junit.runners.model.FrameworkMethod.invokeExplosively(FrameworkMethod.java:47)
	at org.junit.internal.runners.statements.RunBefores.evaluate(RunBefores.java:24)
	at org.junit.runners.ParentRunner.run(ParentRunner.java:363)
	at org.pitest.justderr  : nit.adapter.CustomRunnerExecutor.run(CustomRunnerExecutor.java:42)
	at org.pitest.junit.adapter.AdaptedJUnitTestUnit.execute(AdaptedJUnitTestUnit.java:69)
	at org.pitest.mutationtest.execute.MutationTimeoutDecorator.lambda$createRunnable$0(MutationTimeoutDstderr  : ecorator.java:83)
	at java.util.concurrent.Executors$RunnableAdapter.call(Executors.java:511)
	at java.util.concurrent.FutureTask.run(FutureTask.java:266)
	at java.lang.Thread.run(Thread.java:748)
1:10:14 PM PIT >> WARNING : Minion exited abnormally due to TIMED_OUT
1:10:32 PM PIT >> WARNING : Minion exited abnormally due to TIMED_OUT
1:10:36 PM PIT >> WARNING : Minion exited abnormally due to TIMED_OUT
1:10:44 PM PIT >> WARNING : Minion exited abnormally due to TIMED_OUT
1:10:46 PM PIT >> WARNING : Minion exited abnormally due to TIMED_OUT
stderr  : java.lang.IllegalArgumentException: Provide a valid authentication token
	at org.springframework.util.Assert.isTrue(Assert.java:68)
	at eu.supersede.integration.api.datastore.proxies.IFDataStoreProxy.getSupersedePlatforms(IFDataStoreProxy.java:49)
	at eu.sstderr  : upersede.integration.federation.SupersedeFederation.<init>(SupersedeFederation.java:32)
	at eu.supersede.integration.federation.test.IFSupersedeFederationTest.setup(IFSupersedeFederationTest.java:40)
	at sun.reflect.NativeMethodAccessorImpl.invoke0(Native stderr  : Method)
	at sun.reflect.NativeMethodAccessorImpl.invoke(NativeMethodAccessorImpl.java:62)
	at sun.reflect.DelegatingMethodAccessorImpl.invoke(DelegatingMethodAccessorImpl.java:43)
	at java.lang.reflect.Method.invoke(Method.java:498)
	at org.junit.runners.mstderr  : odel.FrameworkMethod$1.runReflectiveCall(FrameworkMethod.java:50)
	at org.junit.internal.runners.model.ReflectiveCallable.run(ReflectiveCallable.java:12)
	at org.junit.runners.model.FrameworkMethod.invokeExplosively(FrameworkMethod.java:47)
	at org.junit.istderr  : nternal.runners.statements.RunBefores.evaluate(RunBefores.java:24)
	at org.junit.runners.ParentRunner.run(ParentRunner.java:363)
	at org.pitest.junit.adapter.CustomRunnerExecutor.run(CustomRunnerExecutor.java:42)
	at org.pitest.junit.adapter.AdaptedJUnitTestderr  : stUnit.execute(AdaptedJUnitTestUnit.java:69)
	at org.pitest.mutationtest.execute.MutationTimeoutDecorator.lambda$createRunnable$0(MutationTimeoutDecorator.java:83)
	at java.util.concurrent.Executors$RunnableAdapter.call(Executors.java:511)
	at java.util.costderr  : ncurrent.FutureTask.run(FutureTask.java:266)
	at java.lang.Thread.run(Thread.java:748)
1:11:37 PM PIT >> WARNING : Minion exited abnormally due to TIMED_OUT
1:11:38 PM PIT >> WARNING : Minion exited abnormally due to TIMED_OUT
1:11:38 PM PIT >> WARNING : Minion exited abnormally due to TIMED_OUT
1:11:38 PM PIT >> WARNING : Minion exited abnormally due to TIMED_OUT
1:11:40 PM PIT >> WARNING : Minion exited abnormally due to TIMED_OUT
1:11:41 PM PIT >> WARNING : Minion exited abnormally due to TIMED_OUT
1:11:41 PM PIT >> WARNING : Minion exited abnormally due to TIMED_OUT
1:11:50 PM PIT >> WARNING : Minion exited abnormally due to TIMED_OUT
stderr  : com.fasterxml.jackson.core.JsonParseException: Unrecognized token 'Analysis': was expecting ('true', 'false' or 'null')
 at [Source: Analysis event for DM: detected memory leak in managed system; line: 1, column: 9]
	at com.fasterxml.jackson.core.JsonParsestderr  : r._constructError(JsonParser.java:1702)
	at com.fasterxml.jackson.core.base.ParserMinimalBase._reportError(ParserMinimalBase.java:558)
	at com.fasterxml.jackson.core.json.ReaderBasedJsonParser._reportInvalidToken(ReaderBasedJsonParser.java:2835)
	at com.fastderr  : sterxml.jackson.core.json.ReaderBasedJsonParser._handleOddValue(ReaderBasedJsonParser.java:1903)
	at com.fasterxml.jackson.core.json.ReaderBasedJsonParser.nextToken(ReaderBasedJsonParser.java:749)
	at com.fasterxml.jackson.databind.ObjectMapper._initForReastderr  : ding(ObjectMapper.java:3834)
	at com.fasterxml.jackson.databind.ObjectMapper._readMapAndClose(ObjectMapper.java:3783)
	at com.fasterxml.jackson.databind.ObjectMapper.readValue(ObjectMapper.java:2842)
	at eu.supersede.integration.api.json.JsonUtils.deserialstderr  : izeJsonStringAsObject(JsonUtils.java:59)
	at eu.supersede.integration.api.pubsub.test.AlertPubSubTest$AlertMessageListener.onMessage(AlertPubSubTest.java:127)
	at org.wso2.andes.client.BasicMessageConsumer.notifyMessage(BasicMessageConsumer.java:747)
	at ostderr  : rg.wso2.andes.client.BasicMessageConsumer.notifyMessage(BasicMessageConsumer.java:721)
	at org.wso2.andes.client.AMQSession$Dispatcher.notifyConsumer(AMQSession.java:3537)
	at org.wso2.andes.client.AMQSession$Dispatcher.dispatchMessage(AMQSession.java:3477stderr  : )
	at org.wso2.andes.client.AMQSession$Dispatcher.access$1200(AMQSession.java:3226)
	at org.wso2.andes.client.AMQSession.dispatch(AMQSession.java:3219)
	at org.wso2.andes.client.message.UnprocessedMessage.dispatch(UnprocessedMessage.java:54)
	at org.wso2.astderr  : ndes.client.AMQSession$Dispatcher.run(AMQSession.java:3399)
	at java.lang.Thread.run(Thread.java:748)
stderr  : com.fasterxml.jackson.core.JsonParseException: Unrecognized token 'Analysis': was expecting ('true', 'false' or 'null')
 at [Source: Analysis event for DM: detected memory leak in managed system; line: 1, column: 9]
	at com.fasterxml.jackson.core.JsonParsestderr  : r._constructError(JsonParser.java:1702)
	at com.fasterxml.jackson.core.base.ParserMinimalBase._reportError(ParserMinimalBase.java:558)
	at com.fasterxml.jackson.core.json.ReaderBasedJsonParser._reportInvalidToken(ReaderBasedJsonParser.java:2835)
	at com.fastderr  : sterxml.jackson.core.json.ReaderBasedJsonParser._handleOddValue(ReaderBasedJsonParser.java:1903)
	at com.fasterxml.jackson.core.json.ReaderBasedJsonParser.nextToken(ReaderBasedJsonParser.java:749)
	at com.fasterxml.jackson.databind.ObjectMapper._initForReastderr  : ding(ObjectMapper.java:3834)
	at com.fasterxml.jackson.databind.ObjectMapper._readMapAndClose(ObjectMapper.java:3783)
	at com.fasterxml.jackson.databind.ObjectMapper.readValue(ObjectMapper.java:2842)
	at eu.supersede.integration.api.json.JsonUtils.deserialstderr  : izeJsonStringAsObject(JsonUtils.java:59)
	at eu.supersede.integration.api.pubsub.test.AlertPubSubTest$AlertMessageListener.onMessage(AlertPubSubTest.java:127)
	at org.wso2.andes.client.BasicMessageConsumer.notifyMessage(BasicMessageConsumer.java:747)
	at ostderr  : rg.wso2.andes.client.BasicMessageConsumer.notifyMessage(BasicMessageConsumer.java:721)
	at org.wso2.andes.client.AMQSession$Dispatcher.notifyConsumer(AMQSession.java:3537)
	at org.wso2.andes.client.AMQSession$Dispatcher.dispatchMessage(AMQSession.java:3477stderr  : )
	at org.wso2.andes.client.AMQSession$Dispatcher.access$1200(AMQSession.java:3226)
	at org.wso2.andes.client.AMQSession.dispatch(AMQSession.java:3219)
	at org.wso2.andes.client.message.UnprocessedMessage.dispatch(UnprocessedMessage.java:54)
	at org.wso2.astderr  : ndes.client.AMQSession$Dispatcher.run(AMQSession.java:3399)
	at java.lang.Thread.run(Thread.java:748)
com.fasterxml.jackson.core.JsonParseException: Unrecognized token 'Analysis': was expecting ('true', 'false' or 'null')
 at [Source: Analysis event for DMstderr  : : detected memory leak in managed system; line: 1, column: 9]
	at com.fasterxml.jackson.core.JsonParser._constructError(JsonParser.java:1702)
	at com.fasterxml.jackson.core.base.ParserMinimalBase._reportError(ParserMinimalBase.java:558)
	at com.fasterxml.jstderr  : ackson.core.json.ReaderBasedJsonParser._reportInvalidToken(ReaderBasedJsonParser.java:2835)
	at com.fasterxml.jackson.core.json.ReaderBasedJsonParser._handleOddValue(ReaderBasedJsonParser.java:1903)
	at com.fasterxml.jackson.core.json.ReaderBasedJsonParserstderr  : .nextToken(ReaderBasedJsonParser.java:749)
	at com.fasterxml.jackson.databind.ObjectMapper._initForReading(ObjectMapper.java:3834)
	at com.fasterxml.jackson.databind.ObjectMapper._readMapAndClose(ObjectMapper.java:3783)
	at com.fasterxml.jackson.databind.Ostderr  : bjectMapper.readValue(ObjectMapper.java:2842)
	at eu.supersede.integration.api.json.JsonUtils.deserializeJsonStringAsObject(JsonUtils.java:59)
	at eu.supersede.integration.api.pubsub.test.AlertPubSubTest$AlertMessageListener.onMessage(AlertPubSubTest.java:stderr  : 127)
	at org.wso2.andes.client.BasicMessageConsumer.notifyMessage(BasicMessageConsumer.java:747)
	at org.wso2.andes.client.BasicMessageConsumer.notifyMessage(BasicMessageConsumer.java:721)
	at org.wso2.andes.client.AMQSession$Dispatcher.notifyConsumer(AMQSstderr  : ession.java:3537)
	at org.wso2.andes.client.AMQSession$Dispatcher.dispatchMessage(AMQSession.java:3477)
	at org.wso2.andes.client.AMQSession$Dispatcher.access$1200(AMQSession.java:3226)
	at org.wso2.andes.client.AMQSession.dispatch(AMQSession.java:3219)
	astderr  : t org.wso2.andes.client.message.UnprocessedMessage.dispatch(UnprocessedMessage.java:54)
	at org.wso2.andes.client.AMQSession$Dispatcher.run(AMQSession.java:3399)
	at java.lang.Thread.run(Thread.java:748)
1:12:14 PM PIT >> WARNING : Minion exited abnormally due to TIMED_OUT
1:12:35 PM PIT >> WARNING : Minion exited abnormally due to TIMED_OUT
1:12:41 PM PIT >> WARNING : Minion exited abnormally due to TIMED_OUT
1:12:50 PM PIT >> WARNING : Minion exited abnormally due to TIMED_OUT
1:13:17 PM PIT >> WARNING : Minion exited abnormally due to TIMED_OUT
1:13:54 PM PIT >> WARNING : Minion exited abnormally due to TIMED_OUT
1:13:54 PM PIT >> WARNING : Minion exited abnormally due to TIMED_OUT
1:13:56 PM PIT >> WARNING : Minion exited abnormally due to TIMED_OUT
1:13:57 PM PIT >> WARNING : Minion exited abnormally due to TIMED_OUT
1:13:58 PM PIT >> WARNING : Minion exited abnormally due to TIMED_OUT
1:14:02 PM PIT >> WARNING : Minion exited abnormally due to TIMED_OUT
1:14:07 PM PIT >> WARNING : Minion exited abnormally due to TIMED_OUT
stderr  : Exception in thread "Thread-3" java.lang.NullPointerException
	at eu.supersede.integration.properties.IntegrationProperty.getMBConnection(IntegrationProperty.java:85)
	at eu.supersede.integration.api.pubsub.TopicMessageAgent.<init>(TopicMessageAgent.java:3stderr  : 7)
	at eu.supersede.integration.api.pubsub.TopicSubscriber.<init>(TopicSubscriber.java:66)
	at eu.supersede.integration.api.pubsub.test.PubSubTest.startSubscriber(PubSubTest.java:79)
	at eu.supersede.integration.api.pubsub.test.PubSubTest.run(PubSubTest.jastderr  : va:70)
	at java.lang.Thread.run(Thread.java:748)
1:14:49 PM PIT >> WARNING : Minion exited abnormally due to TIMED_OUT
1:15:00 PM PIT >> WARNING : Minion exited abnormally due to TIMED_OUT
1:15:05 PM PIT >> WARNING : Minion exited abnormally due to TIMED_OUT
stderr  : Exception in thread "Thread-150" java.lang.NullPointerException
	at eu.supersede.integration.properties.IntegrationProperty.getMBConnection(IntegrationProperty.java:85)
	at eu.supersede.integration.api.pubsub.TopicMessageAgent.<init>(TopicMessageAgent.javastderr  : :37)
	at eu.supersede.integration.api.pubsub.TopicSubscriber.<init>(TopicSubscriber.java:66)
	at eu.supersede.integration.api.pubsub.test.PubSubTest.startSubscriber(PubSubTest.java:79)
	at eu.supersede.integration.api.pubsub.test.PubSubTest.run(PubSubTest.stderr  : java:70)
	at java.lang.Thread.run(Thread.java:748)
1:16:05 PM PIT >> WARNING : Minion exited abnormally due to TIMED_OUT
1:16:06 PM PIT >> WARNING : Minion exited abnormally due to TIMED_OUT
1:16:09 PM PIT >> WARNING : Minion exited abnormally due to TIMED_OUT
1:16:10 PM PIT >> WARNING : Minion exited abnormally due to TIMED_OUT
stderr  : Exception in thread "Thread-2" java.lang.NullPointerException
	at java.util.Hashtable.put(Hashtable.java:460)
	at eu.supersede.integration.api.pubsub.TopicMessageAgent.<init>(TopicMessageAgent.java:40)
	at eu.supersede.integration.api.pubsub.TopicSubscribestderr  : r.<init>(TopicSubscriber.java:66)
	at eu.supersede.integration.api.pubsub.test.PubSubTest.startSubscriber(PubSubTest.java:79)
	at eu.supersede.integration.api.pubsub.test.PubSubTest.run(PubSubTest.java:70)
	at java.lang.Thread.run(Thread.java:748)
1:16:14 PM PIT >> WARNING : Minion exited abnormally due to TIMED_OUT
1:16:14 PM PIT >> WARNING : Minion exited abnormally due to TIMED_OUT
1:16:16 PM PIT >> WARNING : Minion exited abnormally due to TIMED_OUT
1:16:43 PM PIT >> WARNING : Minion exited abnormally due to TIMED_OUT
1:16:47 PM PIT >> WARNING : Minion exited abnormally due to TIMED_OUT
1:16:50 PM PIT >> WARNING : Minion exited abnormally due to TIMED_OUT
stderr  : Exception in thread "Thread-2" java.lang.NullPointerException
	at eu.supersede.integration.api.pubsub.test.AdaptationAlertPubSubTest.startSubscriber(AdaptationAlertPubSubTest.java:93)
	at eu.supersede.integration.api.pubsub.test.AdaptationAlertPubSubTest.rstderr  : un(AdaptationAlertPubSubTest.java:78)
	at java.lang.Thread.run(Thread.java:748)
1:17:20 PM PIT >> WARNING : Minion exited abnormally due to TIMED_OUT
1:17:25 PM PIT >> WARNING : Minion exited abnormally due to TIMED_OUT
1:17:26 PM PIT >> WARNING : Minion exited abnormally due to TIMED_OUT
stderr  : Exception in thread "Thread-2" java.lang.NullPointerException
	at eu.supersede.integration.api.pubsub.test.EvolutionAlertPubSubTest.startSubscriber(EvolutionAlertPubSubTest.java:97)
	at eu.supersede.integration.api.pubsub.test.EvolutionAlertPubSubTest.run(stderr  : EvolutionAlertPubSubTest.java:82)
	at java.lang.Thread.run(Thread.java:748)
1:18:03 PM PIT >> WARNING : Minion exited abnormally due to TIMED_OUT
1:18:14 PM PIT >> WARNING : Minion exited abnormally due to TIMED_OUT
1:18:23 PM PIT >> WARNING : Minion exited abnormally due to TIMED_OUT
1:18:25 PM PIT >> WARNING : Minion exited abnormally due to TIMED_OUT
1:18:26 PM PIT >> WARNING : Minion exited abnormally due to TIMED_OUT
1:18:31 PM PIT >> WARNING : Minion exited abnormally due to TIMED_OUT
1:18:32 PM PIT >> WARNING : Minion exited abnormally due to TIMED_OUT
1:18:36 PM PIT >> WARNING : Minion exited abnormally due to TIMED_OUT
stderr  : java.lang.NullPointerException
	at eu.supersede.integration.api.proxy.IFServiceProxy.getObjectsListForType(IFServiceProxy.java:110)
	at eu.supersede.integration.api.datastore.proxies.IFDataStoreProxy.getSupersedePlatforms(IFDataStoreProxy.java:53)
	at eu.sstderr  : upersede.integration.federation.SupersedeFederation.<init>(SupersedeFederation.java:32)
	at eu.supersede.integration.federation.test.IFSupersedeFederationTest.setup(IFSupersedeFederationTest.java:40)
	at sun.reflect.NativeMethodAccessorImpl.invoke0(Native stderr  : Method)
	at sun.reflect.NativeMethodAccessorImpl.invoke(NativeMethodAccessorImpl.java:62)
	at sun.reflect.DelegatingMethodAccessorImpl.invoke(DelegatingMethodAccessorImpl.java:43)
	at java.lang.reflect.Method.invoke(Method.java:498)
	at org.junit.runners.mstderr  : odel.FrameworkMethod$1.runReflectiveCall(FrameworkMethod.java:50)
	at org.junit.internal.runners.model.ReflectiveCallable.run(ReflectiveCallable.java:12)
	at org.junit.runners.model.FrameworkMethod.invokeExplosively(FrameworkMethod.java:47)
	at org.junit.istderr  : nternal.runners.statements.RunBefores.evaluate(RunBefores.java:24)
	at org.junit.runners.ParentRunner.run(ParentRunner.java:363)
	at org.pitest.junit.adapter.CustomRunnerExecutor.run(CustomRunnerExecutor.java:42)
	at org.pitest.junit.adapter.AdaptedJUnitTestderr  : stUnit.execute(AdaptedJUnitTestUnit.java:69)
	at org.pitest.mutationtest.execute.MutationTimeoutDecorator.lambda$createRunnable$0(MutationTimeoutDecorator.java:83)
	at java.util.concurrent.Executors$RunnableAdapter.call(Executors.java:511)
	at java.util.costderr  : ncurrent.FutureTask.run(FutureTask.java:266)
	at java.lang.Thread.run(Thread.java:748)
1:19:08 PM PIT >> WARNING : Minion exited abnormally due to TIMED_OUT
1:19:20 PM PIT >> WARNING : Minion exited abnormally due to TIMED_OUT
1:19:36 PM PIT >> WARNING : Minion exited abnormally due to TIMED_OUT
1:19:52 PM PIT >> WARNING : Minion exited abnormally due to TIMED_OUT
1:20:40 PM PIT >> WARNING : Minion exited abnormally due to TIMED_OUT
1:20:41 PM PIT >> WARNING : Minion exited abnormally due to TIMED_OUT
1:20:41 PM PIT >> WARNING : Minion exited abnormally due to TIMED_OUT
1:20:46 PM PIT >> WARNING : Minion exited abnormally due to TIMED_OUT
1:20:50 PM PIT >> WARNING : Minion exited abnormally due to TIMED_OUT
1:21:24 PM PIT >> WARNING : Minion exited abnormally due to TIMED_OUT
1:21:33 PM PIT >> WARNING : Minion exited abnormally due to TIMED_OUT
1:21:35 PM PIT >> WARNING : Minion exited abnormally due to TIMED_OUT
1:21:52 PM PIT >> WARNING : Minion exited abnormally due to TIMED_OUT
1:22:02 PM PIT >> WARNING : Minion exited abnormally due to TIMED_OUT
1:22:06 PM PIT >> WARNING : Minion exited abnormally due to TIMED_OUT
1:22:07 PM PIT >> WARNING : Minion exited abnormally due to TIMED_OUT
1:22:46 PM PIT >> WARNING : Minion exited abnormally due to TIMED_OUT
1:22:56 PM PIT >> WARNING : Minion exited abnormally due to TIMED_OUT
1:22:56 PM PIT >> WARNING : Minion exited abnormally due to TIMED_OUT
1:22:57 PM PIT >> WARNING : Minion exited abnormally due to TIMED_OUT
stderr  : java.lang.NullPointerException
	at eu.supersede.integration.api.datastore.util.PasswordCrypt.hexStringToByteArray(PasswordCrypt.java:54)
	at eu.supersede.integration.api.datastore.util.PasswordCrypt.decryptPassword(PasswordCrypt.java:90)
	at eu.supersede.istderr  : ntegration.api.datastore.proxies.IFDataStoreProxy.getSupersedePlatforms(IFDataStoreProxy.java:58)
	at eu.supersede.integration.federation.SupersedeFederation.<init>(SupersedeFederation.java:32)
	at eu.supersede.integration.federation.test.IFSupersedeFederastderr  : tionTest.setup(IFSupersedeFederationTest.java:40)
	at sun.reflect.NativeMethodAccessorImpl.invoke0(Native Method)
	at sun.reflect.NativeMethodAccessorImpl.invoke(NativeMethodAccessorImpl.java:62)
	at sun.reflect.DelegatingMethodAccessorImpl.invoke(Delegatistderr  : ngMethodAccessorImpl.java:43)
	at java.lang.reflect.Method.invoke(Method.java:498)
	at org.junit.runners.model.FrameworkMethod$1.runReflectiveCall(FrameworkMethod.java:50)
	at org.junit.internal.runners.model.ReflectiveCallable.run(ReflectiveCallable.java:stderr  : 12)
	at org.junit.runners.model.FrameworkMethod.invokeExplosively(FrameworkMethod.java:47)
	at org.junit.internal.runners.statements.RunBefores.evaluate(RunBefores.java:24)
	at org.junit.runners.ParentRunner.run(ParentRunner.java:363)
	at org.pitest.junit.stderr  : adapter.CustomRunnerExecutor.run(CustomRunnerExecutor.java:42)
	at org.pitest.junit.adapter.AdaptedJUnitTestUnit.execute(AdaptedJUnitTestUnit.java:69)
	at org.pitest.mutationtest.execute.MutationTimeoutDecorator.lambda$createRunnable$0(MutationTimeoutDecorstderr  : ator.java:83)
	at java.util.concurrent.Executors$RunnableAdapter.call(Executors.java:511)
	at java.util.concurrent.FutureTask.run(FutureTask.java:266)
	at java.lang.Thread.run(Thread.java:748)
1:23:06 PM PIT >> WARNING : Minion exited abnormally due to TIMED_OUT
1:23:08 PM PIT >> WARNING : Minion exited abnormally due to TIMED_OUT
stderr  : com.fasterxml.jackson.core.JsonParseException: Unrecognized token 'Analysis': was expecting ('true', 'false' or 'null')
 at [Source: Analysis event for DM: detected memory leak in managed system; line: 1, column: 9]
	at com.fasterxml.jackson.core.JsonParsestderr  : r._constructError(JsonParser.java:1702)
	at com.fasterxml.jackson.core.base.ParserMinimalBase._reportError(ParserMinimalBase.java:558)
	at com.fasterxml.jackson.core.json.ReaderBasedJsonParser._reportInvalidToken(ReaderBasedJsonParser.java:2835)
	at com.fastderr  : sterxml.jackson.core.json.ReaderBasedJsonParser._handleOddValue(ReaderBasedJsonParser.java:1903)
	at com.fasterxml.jackson.core.json.ReaderBasedJsonParser.nextToken(ReaderBasedJsonParser.java:749)
	at com.fasterxml.jackson.databind.ObjectMapper._initForReastderr  : ding(ObjectMapper.java:3834)
	at com.fasterxml.jackson.databind.ObjectMapper._readMapAndClose(ObjectMapper.java:3783)
	at com.fasterxml.jackson.databind.ObjectMapper.readValue(ObjectMapper.java:2842)
	at eu.supersede.integration.api.json.JsonUtils.deserialstderr  : izeJsonStringAsObject(JsonUtils.java:59)
	at eu.supersede.integration.api.pubsub.test.AlertPubSubTest$AlertMessageListener.onMessage(AlertPubSubTest.java:127)
	at org.wso2.andes.client.BasicMessageConsumer.notifyMessage(BasicMessageConsumer.java:747)
	at ostderr  : rg.wso2.andes.client.BasicMessageConsumer.notifyMessage(BasicMessageConsumer.java:721)
	at org.wso2.andes.client.AMQSession$Dispatcher.notifyConsumer(AMQSession.java:3537)
	at org.wso2.andes.client.AMQSession$Dispatcher.dispatchMessage(AMQSession.java:3477stderr  : )
	at org.wso2.andes.client.AMQSession$Dispatcher.access$1200(AMQSession.java:3226)
	at org.wso2.andes.client.AMQSession.dispatch(AMQSession.java:3219)
	at org.wso2.andes.client.message.UnprocessedMessage.dispatch(UnprocessedMessage.java:54)
	at org.wso2.astderr  : ndes.client.AMQSession$Dispatcher.run(AMQSession.java:3399)
	at java.lang.Thread.run(Thread.java:748)
1:23:39 PM PIT >> WARNING : Minion exited abnormally due to TIMED_OUT
1:23:48 PM PIT >> WARNING : Minion exited abnormally due to TIMED_OUT
1:23:51 PM PIT >> WARNING : Minion exited abnormally due to TIMED_OUT
1:24:10 PM PIT >> WARNING : Minion exited abnormally due to TIMED_OUT
1:24:21 PM PIT >> WARNING : Minion exited abnormally due to TIMED_OUT
1:24:23 PM PIT >> WARNING : Minion exited abnormally due to TIMED_OUT
1:24:48 PM PIT >> WARNING : Minion exited abnormally due to TIMED_OUT
1:24:53 PM PIT >> WARNING : Minion exited abnormally due to TIMED_OUT
1:25:00 PM PIT >> WARNING : Minion exited abnormally due to TIMED_OUT
1:25:06 PM PIT >> WARNING : Minion exited abnormally due to TIMED_OUT
1:25:10 PM PIT >> WARNING : Minion exited abnormally due to TIMED_OUT
1:25:12 PM PIT >> WARNING : Minion exited abnormally due to TIMED_OUT
1:25:23 PM PIT >> WARNING : Minion exited abnormally due to TIMED_OUT
stderr  : Exception in thread "Thread-2" java.lang.NullPointerException
	at eu.supersede.integration.api.pubsub.test.EvolutionAlertPubSubTest.startSubscriber(EvolutionAlertPubSubTest.java:104)
	at eu.supersede.integration.api.pubsub.test.EvolutionAlertPubSubTest.runstderr  : (EvolutionAlertPubSubTest.java:82)
	at java.lang.Thread.run(Thread.java:748)
1:25:54 PM PIT >> WARNING : Minion exited abnormally due to TIMED_OUT
1:25:59 PM PIT >> WARNING : Minion exited abnormally due to TIMED_OUT
1:26:00 PM PIT >> WARNING : Minion exited abnormally due to TIMED_OUT
1:26:03 PM PIT >> WARNING : Minion exited abnormally due to TIMED_OUT
1:26:05 PM PIT >> WARNING : Minion exited abnormally due to TIMED_OUT
1:26:06 PM PIT >> WARNING : Minion exited abnormally due to TIMED_OUT
stderr  : Exception in thread "Thread-2" java.lang.NullPointerException
	at eu.supersede.integration.api.pubsub.test.EvolutionAlertPubSubTest.startSubscriber(EvolutionAlertPubSubTest.java:104)
	at eu.supersede.integration.api.pubsub.test.EvolutionAlertPubSubTest.runstderr  : (EvolutionAlertPubSubTest.java:82)
	at java.lang.Thread.run(Thread.java:748)
1:26:08 PM PIT >> WARNING : Minion exited abnormally due to TIMED_OUT
1:26:09 PM PIT >> WARNING : Minion exited abnormally due to TIMED_OUT
1:26:14 PM PIT >> WARNING : Minion exited abnormally due to TIMED_OUT
stderr  : Exception in thread "Thread-65" java.lang.NullPointerException
	at eu.supersede.integration.api.pubsub.test.EvolutionAlertPubSubTest.startSubscriber(EvolutionAlertPubSubTest.java:104)
	at eu.supersede.integration.api.pubsub.test.EvolutionAlertPubSubTest.rustderr  : n(EvolutionAlertPubSubTest.java:82)
	at java.lang.Thread.run(Thread.java:748)
stderr  : com.fasterxml.jackson.core.JsonParseException: Unrecognized token 'Analysis': was expecting ('true', 'false' or 'null')
 at [Source: Analysis event for DM: detected memory leak in managed system; line: 1, column: 9]
	at com.fasterxml.jackson.core.JsonParsestderr  : r._constructError(JsonParser.java:1702)
	at com.fasterxml.jackson.core.base.ParserMinimalBase._reportError(ParserMinimalBase.java:558)
	at com.fasterxml.jackson.core.json.ReaderBasedJsonParser._reportInvalidToken(ReaderBasedJsonParser.java:2835)
	at com.fastderr  : sterxml.jackson.core.json.ReaderBasedJsonParser._handleOddValue(ReaderBasedJsonParser.java:1903)
	at com.fasterxml.jackson.core.json.ReaderBasedJsonParser.nextToken(ReaderBasedJsonParser.java:749)
	at com.fasterxml.jackson.databind.ObjectMapper._initForReastderr  : ding(ObjectMapper.java:3834)
	at com.fasterxml.jackson.databind.ObjectMapper._readMapAndClose(ObjectMapper.java:3783)
	at com.fasterxml.jackson.databind.ObjectMapper.readValue(ObjectMapper.java:2842)
	at eu.supersede.integration.api.json.JsonUtils.deserialstderr  : izeJsonStringAsObject(JsonUtils.java:59)
	at eu.supersede.integration.api.pubsub.test.AlertPubSubTest$AlertMessageListener.onMessage(AlertPubSubTest.java:127)
	at org.wso2.andes.client.BasicMessageConsumer.notifyMessage(BasicMessageConsumer.java:747)
	at ostderr  : rg.wso2.andes.client.BasicMessageConsumer.notifyMessage(BasicMessageConsumer.java:721)
	at org.wso2.andes.client.AMQSession$Dispatcher.notifyConsumer(AMQSession.java:3537)
	at org.wso2.andes.client.AMQSession$Dispatcher.dispatchMessage(AMQSession.java:3477stderr  : )
	at org.wso2.andes.client.AMQSession$Dispatcher.access$1200(AMQSession.java:3226)
	at org.wso2.andes.client.AMQSession.dispatch(AMQSession.java:3219)
	at org.wso2.andes.client.message.UnprocessedMessage.dispatch(UnprocessedMessage.java:54)
	at org.wso2.astderr  : ndes.client.AMQSession$Dispatcher.run(AMQSession.java:3399)
	at java.lang.Thread.run(Thread.java:748)
1:26:38 PM PIT >> WARNING : Minion exited abnormally due to TIMED_OUT
1:26:39 PM PIT >> WARNING : Minion exited abnormally due to TIMED_OUT
1:26:39 PM PIT >> WARNING : Minion exited abnormally due to TIMED_OUT
1:26:43 PM PIT >> WARNING : Minion exited abnormally due to TIMED_OUT
stderr  : Exception in thread "Thread-2" java.lang.NullPointerException
	at eu.supersede.integration.api.pubsub.test.EvolutionAlertPubSubTest.startSubscriber(EvolutionAlertPubSubTest.java:104)
	at eu.supersede.integration.api.pubsub.test.EvolutionAlertPubSubTest.runstderr  : (EvolutionAlertPubSubTest.java:82)
	at java.lang.Thread.run(Thread.java:748)
1:26:48 PM PIT >> WARNING : Minion exited abnormally due to TIMED_OUT
1:27:02 PM PIT >> WARNING : Minion exited abnormally due to TIMED_OUT
stderr  : java.lang.NullPointerException
	at com.fasterxml.jackson.core.JsonFactory.createParser(JsonFactory.java:879)
	at com.fasterxml.jackson.databind.ObjectMapper.readValue(ObjectMapper.java:2842)
	at eu.supersede.integration.api.json.JsonUtils.deserializeJsonStstderr  : ringAsObject(JsonUtils.java:59)
	at eu.supersede.integration.api.pubsub.test.AlertPubSubTest$AlertMessageListener.onMessage(AlertPubSubTest.java:127)
	at org.wso2.andes.client.BasicMessageConsumer.notifyMessage(BasicMessageConsumer.java:747)
	at org.wso2.astderr  : ndes.client.BasicMessageConsumer.notifyMessage(BasicMessageConsumer.java:721)
	at org.wso2.andes.client.AMQSession$Dispatcher.notifyConsumer(AMQSession.java:3537)
	at org.wso2.andes.client.AMQSession$Dispatcher.dispatchMessage(AMQSession.java:3477)
	at orgstderr  : .wso2.andes.client.AMQSession$Dispatcher.access$1200(AMQSession.java:3226)
	at org.wso2.andes.client.AMQSession.dispatch(AMQSession.java:3219)
	at org.wso2.andes.client.message.UnprocessedMessage.dispatch(UnprocessedMessage.java:54)
	at org.wso2.andes.cliestderr  : nt.AMQSession$Dispatcher.run(AMQSession.java:3399)
	at java.lang.Thread.run(Thread.java:748)
1:27:15 PM PIT >> WARNING : Minion exited abnormally due to TIMED_OUT
1:27:17 PM PIT >> WARNING : Minion exited abnormally due to TIMED_OUT
1:27:19 PM PIT >> WARNING : Minion exited abnormally due to TIMED_OUT
stderr  : org.springframework.web.client.ResourceAccessException: I/O error on POST request for "https://supersede.es.atos.net:9445/oauth2/token": HTTPS hostname wrong:  should be <supersede.es.atos.net>; nested exception is java.io.IOException: HTTPS hostname wrongstderr  : :  should be <supersede.es.atos.net>
	at org.springframework.web.client.RestTemplate.doExecute(RestTemplate.java:633)
	at org.springframework.web.client.RestTemplate.execute(RestTemplate.java:595)
	at org.springframework.web.client.RestTemplate.exchange(Restderr  : stTemplate.java:557)
	at eu.supersede.integration.api.security.IFAuthenticationManager.getAuthorizationToken(IFAuthenticationManager.java:316)
	at eu.supersede.integration.federation.SupersedeFederation.<init>(SupersedeFederation.java:27)
	at eu.supersede.stderr  : integration.federation.test.IFSupersedeFederationTest.setup(IFSupersedeFederationTest.java:40)
	at sun.reflect.NativeMethodAccessorImpl.invoke0(Native Method)
	at sun.reflect.NativeMethodAccessorImpl.invoke(NativeMethodAccessorImpl.java:62)
	at sun.reflectstderr  : .DelegatingMethodAccessorImpl.invoke(DelegatingMethodAccessorImpl.java:43)
	at java.lang.reflect.Method.invoke(Method.java:498)
	at org.junit.runners.model.FrameworkMethod$1.runReflectiveCall(FrameworkMethod.java:50)
	at org.junit.internal.runners.model.Restderr  : flectiveCallable.run(ReflectiveCallable.java:12)
	at org.junit.runners.model.FrameworkMethod.invokeExplosively(FrameworkMethod.java:47)
	at org.junit.internal.runners.statements.RunBefores.evaluate(RunBefores.java:24)
	at org.junit.runners.ParentRunner.runstderr  : (ParentRunner.java:363)
	at org.pitest.junit.adapter.CustomRunnerExecutor.run(CustomRunnerExecutor.java:42)
	at org.pitest.junit.adapter.AdaptedJUnitTestUnit.execute(AdaptedJUnitTestUnit.java:69)
	at org.pitest.mutationtest.execute.MutationTimeoutDecoratorstderr  : .lambda$createRunnable$0(MutationTimeoutDecorator.java:83)
	at java.util.concurrent.Executors$RunnableAdapter.call(Executors.java:511)
	at java.util.concurrent.FutureTask.run(FutureTask.java:266)
	at java.lang.Thread.run(Thread.java:748)
Caused by: java.iostderr  : .IOException: HTTPS hostname wrong:  should be <supersede.es.atos.net>
	at sun.net.www.protocol.https.HttpsClient.checkURLSpoofing(HttpsClient.java:649)
	at sun.net.www.protocol.https.HttpsClient.afterConnect(HttpsClient.java:573)
	at sun.net.www.protocol.stderr  : https.AbstractDelegateHttpsURLConnection.connect(AbstractDelegateHttpsURLConnection.java:185)
	at sun.net.www.protocol.https.HttpsURLConnectionImpl.connect(HttpsURLConnectionImpl.java:162)
	at org.springframework.http.client.SimpleBufferingClientHttpRequesstderr  : t.executeInternal(SimpleBufferingClientHttpRequest.java:78)
	at org.springframework.http.client.AbstractBufferingClientHttpRequest.executeInternal(AbstractBufferingClientHttpRequest.java:48)
	at org.springframework.http.client.AbstractClientHttpRequest.exestderr  : cute(AbstractClientHttpRequest.java:53)
	at org.springframework.web.client.RestTemplate.doExecute(RestTemplate.java:619)
	... 20 more
stderr  : org.springframework.web.client.ResourceAccessException: I/O error on POST request for "https://supersede.es.atos.net:9445/oauth2/token": HTTPS hostname wrong:  should be <supersede.es.atos.net>; nested exception is java.io.IOException: HTTPS hostname wrongstderr  : :  should be <supersede.es.atos.net>
stderr  : 	at org.springframework.web.client.RestTemplate.doExecute(RestTemplate.java:633)
	at org.springframework.web.client.RestTemplate.execute(RestTemplate.java:595)
stderr  : 	at org.springframework.web.client.RestTemplate.exchange(RestTemplate.java:557)
	at eu.supersede.integration.api.security.IFAuthenticationManager.getAuthorizationToken(IFAuthenticationManager.java:316)
	at eu.supersede.integration.federation.SupersedeFederstderr  : ation.<init>(SupersedeFederation.java:27)
	at eu.supersede.integration.federation.test.IFSupersedeFederationTest.setup(IFSupersedeFederationTest.java:40)
	at sun.reflect.NativeMethodAccessorImpl.invoke0(Native Method)
	at sun.reflect.NativeMethodAccessorImstderr  : pl.invoke(NativeMethodAccessorImpl.java:62)
	at sun.reflect.DelegatingMethodAccessorImpl.invoke(DelegatingMethodAccessorImpl.java:43)
	at java.lang.reflect.Method.invoke(Method.java:498)
	at org.junit.runners.model.FrameworkMethod$1.runReflectiveCall(Framestderr  : workMethod.java:50)
	at org.junit.internal.runners.model.ReflectiveCallable.run(ReflectiveCallable.java:12)
	at org.junit.runners.model.FrameworkMethod.invokeExplosively(FrameworkMethod.java:47)
	at org.junit.internal.runners.statements.RunBefores.evaluatestderr  : (RunBefores.java:24)
	at org.junit.runners.ParentRunner.run(ParentRunner.java:363)
	at org.pitest.junit.adapter.CustomRunnerExecutor.run(CustomRunnerExecutor.java:42)
	at org.pitest.junit.adapter.AdaptedJUnitTestUnit.execute(AdaptedJUnitTestUnit.java:69)
	stderr  : at org.pitest.mutationtest.execute.MutationTimeoutDecorator.lambda$createRunnable$0(MutationTimeoutDecorator.java:83)
	at java.util.concurrent.Executors$RunnableAdapter.call(Executors.java:511)
	at java.util.concurrent.FutureTask.run(FutureTask.java:266)
	stderr  : at java.lang.Thread.run(Thread.java:748)
Caused by: java.io.IOException: HTTPS hostname wrong:  should be <supersede.es.atos.net>
	at sun.net.www.protocol.https.HttpsClient.checkURLSpoofing(HttpsClient.java:649)
	at sun.net.www.protocol.https.HttpsClient.astderr  : fterConnect(HttpsClient.java:573)
	at sun.net.www.protocol.https.AbstractDelegateHttpsURLConnection.connect(AbstractDelegateHttpsURLConnection.java:185)
	at sun.net.www.protocol.https.HttpsURLConnectionImpl.connect(HttpsURLConnectionImpl.java:162)
	at org.stderr  : springframework.http.client.SimpleBufferingClientHttpRequest.executeInternal(SimpleBufferingClientHttpRequest.java:78)
	at org.springframework.http.client.AbstractBufferingClientHttpRequest.executeInternal(AbstractBufferingClientHttpRequest.java:48)
	at orstderr  : g.springframework.http.client.AbstractClientHttpRequest.execute(AbstractClientHttpRequest.java:53)
	at org.springframework.web.client.RestTemplate.doExecute(RestTemplate.java:619)
	... 20 more
stderr  : Exception in thread "Thread-2" java.lang.NullPointerException
	at eu.supersede.integration.api.pubsub.test.EvolutionAlertPubSubTest.startSubscriber(EvolutionAlertPubSubTest.java:104)
	at eu.supersede.integration.api.pubsub.test.EvolutionAlertPubSubTest.runstderr  : (EvolutionAlertPubSubTest.java:82)
	at java.lang.Thread.run(Thread.java:748)
1:27:27 PM PIT >> WARNING : Minion exited abnormally due to TIMED_OUT
1:27:27 PM PIT >> WARNING : Minion exited abnormally due to TIMED_OUT
1:27:40 PM PIT >> WARNING : Minion exited abnormally due to TIMED_OUT
1:27:43 PM PIT >> WARNING : Minion exited abnormally due to TIMED_OUT
1:27:54 PM PIT >> WARNING : Minion exited abnormally due to TIMED_OUT
1:27:55 PM PIT >> WARNING : Minion exited abnormally due to TIMED_OUT
1:27:59 PM PIT >> WARNING : Minion exited abnormally due to TIMED_OUT
1:28:10 PM PIT >> WARNING : Minion exited abnormally due to TIMED_OUT
1:28:19 PM PIT >> WARNING : Minion exited abnormally due to TIMED_OUT
1:28:23 PM PIT >> WARNING : Minion exited abnormally due to TIMED_OUT
1:28:39 PM PIT >> WARNING : Minion exited abnormally due to TIMED_OUT
1:28:40 PM PIT >> WARNING : Minion exited abnormally due to TIMED_OUT
1:28:56 PM PIT >> WARNING : Minion exited abnormally due to TIMED_OUT
1:28:58 PM PIT >> WARNING : Minion exited abnormally due to TIMED_OUT
1:28:59 PM PIT >> WARNING : Minion exited abnormally due to TIMED_OUT
1:29:02 PM PIT >> WARNING : Minion exited abnormally due to TIMED_OUT
stderr  : org.springframework.web.client.ResourceAccessException: I/O error on POST request for "https://supersede.es.atos.net:9445/oauth2/token": java.lang.RuntimeException; nested exception is javax.net.ssl.SSLException: java.lang.RuntimeException
	at org.springfrstderr  : amework.web.client.RestTemplate.doExecute(RestTemplate.java:633)
	at org.springframework.web.client.RestTemplate.execute(RestTemplate.java:595)
	at org.springframework.web.client.RestTemplate.exchange(RestTemplate.java:557)
	at eu.supersede.integration.apistderr  : .security.IFAuthenticationManager.getAuthorizationToken(IFAuthenticationManager.java:316)
	at eu.supersede.integration.federation.SupersedeFederation.<init>(SupersedeFederation.java:27)
	at eu.supersede.integration.federation.test.IFSupersedeFederationTeststderr  : .setup(IFSupersedeFederationTest.java:40)
	at sun.reflect.NativeMethodAccessorImpl.invoke0(Native Method)
	at sun.reflect.NativeMethodAccessorImpl.invoke(NativeMethodAccessorImpl.java:62)
	at sun.reflect.DelegatingMethodAccessorImpl.invoke(DelegatingMethodstderr  : AccessorImpl.java:43)
	at java.lang.reflect.Method.invoke(Method.java:498)
	at org.junit.runners.model.FrameworkMethod$1.runReflectiveCall(FrameworkMethod.java:50)
	at org.junit.internal.runners.model.ReflectiveCallable.run(ReflectiveCallable.java:12)
	at stderr  : org.junit.runners.model.FrameworkMethod.invokeExplosively(FrameworkMethod.java:47)
	at org.junit.internal.runners.statements.RunBefores.evaluate(RunBefores.java:24)
	at org.junit.runners.ParentRunner.run(ParentRunner.java:363)
	at org.pitest.junit.adapter.stderr  : CustomRunnerExecutor.run(CustomRunnerExecutor.java:42)
	at org.pitest.junit.adapter.AdaptedJUnitTestUnit.execute(AdaptedJUnitTestUnit.java:69)
	at org.pitest.mutationtest.execute.MutationTimeoutDecorator.lambda$createRunnable$0(MutationTimeoutDecorator.javstderr  : a:83)
	at java.util.concurrent.Executors$RunnableAdapter.call(Executors.java:511)
	at java.util.concurrent.FutureTask.run(FutureTask.java:266)
	at java.lang.Thread.run(Thread.java:748)
Caused by: javax.net.ssl.SSLException: java.lang.RuntimeException
	at sstderr  : un.security.ssl.Alerts.getSSLException(Alerts.java:208)
	at sun.security.ssl.SSLSocketImpl.fatal(SSLSocketImpl.java:1964)
	at sun.security.ssl.SSLSocketImpl.fatal(SSLSocketImpl.java:1921)
	at sun.security.ssl.SSLSocketImpl.handleException(SSLSocketImpl.javstderr  : a:1904)
	at sun.security.ssl.SSLSocketImpl.startHandshake(SSLSocketImpl.java:1420)
	at sun.security.ssl.SSLSocketImpl.startHandshake(SSLSocketImpl.java:1397)
	at sun.net.www.protocol.https.HttpsClient.afterConnect(HttpsClient.java:559)
	at sun.net.www.protstderr  : ocol.https.AbstractDelegateHttpsURLConnection.connect(AbstractDelegateHttpsURLConnection.java:185)
	at sun.net.www.protocol.https.HttpsURLConnectionImpl.connect(HttpsURLConnectionImpl.java:162)
	at org.springframework.http.client.SimpleBufferingClientHttpRstderr  : equest.executeInternal(SimpleBufferingClientHttpRequest.java:78)
	at org.springframework.http.client.AbstractBufferingClientHttpRequest.executeInternal(AbstractBufferingClientHttpRequest.java:48)
	at org.springframework.http.client.AbstractClientHttpRequesstderr  : t.execute(AbstractClientHttpRequest.java:53)
	at org.springframework.web.client.RestTemplate.doExecute(RestTemplate.java:619)
	... 20 more
Caused by: java.lang.RuntimeException
	at eu.supersede.integration.api.security.IFAuthenticationManager$1.getAcceptedstderr  : Issuers(IFAuthenticationManager.java:74)
	at sun.security.ssl.AbstractTrustManagerWrapper.checkAlgorithmConstraints(SSLContextImpl.java:1098)
	at sun.security.ssl.AbstractTrustManagerWrapper.checkAdditionalTrust(SSLContextImpl.java:1044)
	at sun.security.sstderr  : sl.AbstractTrustManagerWrapper.checkServerTrusted(SSLContextImpl.java:986)
	at sun.security.ssl.ClientHandshaker.serverCertificate(ClientHandshaker.java:1596)
	at sun.security.ssl.ClientHandshaker.processMessage(ClientHandshaker.java:216)
	at sun.security.stderr  : ssl.Handshaker.processLoop(Handshaker.java:1052)
	at sun.security.ssl.Handshaker.process_record(Handshaker.java:987)
	at sun.security.ssl.SSLSocketImpl.readRecord(SSLSocketImpl.java:1072)
	at sun.security.ssl.SSLSocketImpl.performInitialHandshake(SSLSocketstderr  : Impl.java:1385)
	at sun.security.ssl.SSLSocketImpl.startHandshake(SSLSocketImpl.java:1413)
	... 28 more
1:29:30 PM PIT >> WARNING : Minion exited abnormally due to TIMED_OUT
1:29:42 PM PIT >> WARNING : Minion exited abnormally due to TIMED_OUT
1:29:45 PM PIT >> WARNING : Minion exited abnormally due to TIMED_OUT
1:29:49 PM PIT >> WARNING : Minion exited abnormally due to TIMED_OUT
1:29:55 PM PIT >> WARNING : Minion exited abnormally due to TIMED_OUT
1:30:10 PM PIT >> WARNING : Minion exited abnormally due to TIMED_OUT
/1:33:25 PM PIT >> WARNING : Minion exited abnormally due to TIMED_OUT
1:38:44 PM PIT >> WARNING : Minion exited abnormally due to TIMED_OUT
1:41:01 PM PIT >> WARNING : Minion exited abnormally due to TIMED_OUT
1:41:58 PM PIT >> WARNING : Minion exited abnormally due to TIMED_OUT
1:45:13 PM PIT >> WARNING : Minion exited abnormally due to TIMED_OUT
1:48:27 PM PIT >> WARNING : Minion exited abnormally due to TIMED_OUT
1:50:02 PM PIT >> WARNING : Minion exited abnormally due to TIMED_OUT
stderr  : java.lang.NullPointerException
	at eu.supersede.integration.api.datastore.proxies.IFDataStoreProxy.getSupersedePlatforms(IFDataStoreProxy.java:57)
	at eu.supersede.integration.federation.SupersedeFederation.<init>(SupersedeFederation.java:32)
	at eu.supersstderr  : ede.integration.federation.test.IFSupersedeFederationTest.setup(IFSupersedeFederationTest.java:40)
	at sun.reflect.NativeMethodAccessorImpl.invoke0(Native Method)
	at sun.reflect.NativeMethodAccessorImpl.invoke(NativeMethodAccessorImpl.java:62)
	at sun.refstderr  : lect.DelegatingMethodAccessorImpl.invoke(DelegatingMethodAccessorImpl.java:43)
	at java.lang.reflect.Method.invoke(Method.java:498)
	at org.junit.runners.model.FrameworkMethod$1.runReflectiveCall(FrameworkMethod.java:50)
	at org.junit.internal.runners.modestderr  : l.ReflectiveCallable.run(ReflectiveCallable.java:12)
	at org.junit.runners.model.FrameworkMethod.invokeExplosively(FrameworkMethod.java:47)
	at org.junit.internal.runners.statements.RunBefores.evaluate(RunBefores.java:24)
	at org.junit.runners.ParentRunnerstderr  : .run(ParentRunner.java:363)
	at org.pitest.junit.adapter.CustomRunnerExecutor.run(CustomRunnerExecutor.java:42)
	at org.pitest.junit.adapter.AdaptedJUnitTestUnit.execute(AdaptedJUnitTestUnit.java:69)
	at org.pitest.mutationtest.execute.MutationTimeoutDecorstderr  : ator.lambda$createRunnable$0(MutationTimeoutDecorator.java:83)
	at java.util.concurrent.Executors$RunnableAdapter.call(Executors.java:511)
	at java.util.concurrent.FutureTask.run(FutureTask.java:266)
	at java.lang.Thread.run(Thread.java:748)
1:56:47 PM PIT >> WARNING : Minion exited abnormally due to TIMED_OUT
2:03:31 PM PIT >> WARNING : Minion exited abnormally due to TIMED_OUT
2:08:41 PM PIT >> WARNING : Minion exited abnormally due to TIMED_OUT
-\|