[INFO] Scanning for projects...
[INFO] 
[INFO] ----------------< eu.supersede.if:eu.supersede.if.api >-----------------
[INFO] Building eu.supersede.if.api 0.4.0-SNAPSHOT
[INFO] --------------------------------[ jar ]---------------------------------
[WARNING] The POM for org.wso2.carbon:org.wso2.carbon.um.ws.api.stub:jar:4.2.2 is missing, no dependency information available
[WARNING] The POM for org.wso2.carbon:org.wso2.carbon.tenant.mgt.stub:jar:4.2.0 is missing, no dependency information available
[WARNING] The POM for org.wso2.carbon:org.wso2.carbon.um.ws.api:jar:4.2.2 is missing, no dependency information available
[WARNING] The POM for org.wso2.carbon:org.wso2.carbon.user.api:jar:4.2.0 is missing, no dependency information available
[WARNING] The POM for org.wso2.carbon:org.wso2.carbon.user.core:jar:4.2.0 is missing, no dependency information available
[WARNING] The POM for org.wso2.carbon:org.wso2.carbon.utils:jar:4.2.0 is missing, no dependency information available
[WARNING] The POM for opensaml.wso2:opensaml2:jar:2.4.1.wso2v1 is missing, no dependency information available
[WARNING] The POM for org.wso2.andes.wso2:andes-client:jar:3.1.1 is missing, no dependency information available
[WARNING] The POM for org.apache.geronimo.specs.wso2:geronimo-jms_1.1_spec:jar:1.1.0.wso2v1 is missing, no dependency information available
[WARNING] The POM for org.wso2.carbon:org.wso2.carbon.logging:jar:4.4.1 is missing, no dependency information available
[WARNING] The POM for org.wso2.securevault:org.wso2.securevault:jar:1.0.0-wso2v2 is missing, no dependency information available
[INFO] 
[INFO] --- pitest-maven:1.4.2:mutationCoverage (default-cli) @ eu.supersede.if.api ---
[INFO] Found plugin : Default csv report plugin
[INFO] Found plugin : Default xml report plugin
[INFO] Found plugin : Default html report plugin
[INFO] Found plugin : Static initializer code detector plugin
[INFO] Found plugin : Static initializer filter plugin
[INFO] Found plugin : Excluded annotations plugin
[INFO] Found plugin : Inlined finally block filter plugin
[INFO] Found plugin : Try with resources filter
[INFO] Found plugin : Implicit null check filter
[INFO] Found plugin : For each loop filter
[INFO] Found plugin : Logging calls filter
[INFO] Found plugin : Infinite for loop filter
[INFO] Found plugin : Long running iterator loop filter
[INFO] Found plugin : For loop counter filter
[INFO] Found plugin : Kotlin junk mutations filter
[INFO] Found plugin : Max mutations per class limit
[INFO] Found plugin : Equals shortcut equivalent mutant filter
[INFO] Found plugin : Trivial return vals equivalence filter
[INFO] Found plugin : Mutant export plugin
[INFO] Found shared classpath plugin : Default mutation engine
[INFO] Found shared classpath plugin : JUnit plugin
[INFO] Found shared classpath plugin : TestNG plugin
[INFO] Adding org.pitest:pitest to SUT classpath
[INFO] Mutating from /home/stamp/Git/Supersede/integration/IF/API/eu.supersede.if.api/target/classes
[INFO] Defaulting target classes to match packages in build directory
/-\|/-\|/-\|/-\|/-\|/-\|stderr  : Oct 18, 2018 12:40:00 PM org.apache.axis2.deployment.util.TempFileManager <clinit>
INFO: TempFileManager::unable to delete /tmp/axis2-tmp-4224722419759687031.tmp
Oct 18, 2018 12:40:00 PM org.apache.axis2.deployment.util.TempFileManager <clinit>
INFO: TempFstderr  : ileManager::unable to delete /tmp/axis2-tmp-1524813450752979260.tmp
stderr  : Oct 18, 2018 12:40:00 PM org.apache.axis2.deployment.util.TempFileManager <clinit>
INFO: TempFileManager::unable to delete /tmp/axis2-tmp-4224722419759687031.tmp
stderr  : Oct 18, 2018 12:40:00 PM org.apache.axis2.deployment.util.TempFileManager <clinit>
INFO: TempFileManager::unable to delete /tmp/axis2-tmp-4224722419759687031.tmp
stderr  : Oct 18, 2018 12:40:00 PM org.apache.axis2.deployment.util.TempFileManager <clinit>
INFO: TempFileManager::unable to delete /tmp/axis2-tmp-4224722419759687031.tmp
stderr  : java.lang.StringIndexOutOfBoundsException: String index out of range: -2stderr  : 
stderr  : 	at java.lang.String.substring(String.java:1967)stderr  : 
stderr  : 	at eu.supersede.integration.api.datastore.util.PasswordCrypt.hexStringToByteArray(PasswordCrypt.java:57)stderr  : 
stderr  : 	at eu.supersede.integration.api.datastore.util.PasswordCrypt.decryptPassword(PasswordCrypt.java:86)stderr  : 
stderr  : 	at eu.supersede.integration.api.datastore.proxies.IFDataStoreProxy.getSupersedePlatforms(IFDataStoreProxy.java:58)stderr  : 
stderr  : 	at eu.supersede.integration.federation.SupersedeFederation.<init>(SupersedeFederation.java:32)stderr  : 
stderr  : 	at eu.supersede.integration.federation.test.IFSupersedeFederationTest.setup(IFSupersedeFederationTest.java:40)stderr  : 
stderr  : 	at sun.reflect.NativeMethodAccessorImpl.invoke0(Native Method)stderr  : 
stderr  : 	at sun.reflect.NativeMethodAccessorImpl.invoke(NativeMethodAccessorImpl.java:62)stderr  : 
stderr  : 	at sun.reflect.DelegatingMethodAccessorImpl.invoke(DelegatingMethodAccessorImpl.java:43)stderr  : 
stderr  : 	at java.lang.reflect.Method.invoke(Method.java:498)stderr  : 
stderr  : 	at org.junit.runners.model.FrameworkMethod$1.runReflectiveCall(FrameworkMethod.java:50)stderr  : 
	at org.junit.internal.runners.model.ReflectiveCallable.run(ReflectiveCallable.java:12)
	at org.junit.runners.model.FrameworkMethod.invokeExplosively(FrameworkMethod.java:47)
	at org.junit.internal.runners.statements.RunBefores.evaluate(RunBefores.java:24stderr  : )
	at org.junit.runners.ParentRunner.run(ParentRunner.java:363)
	at org.pitest.junit.adapter.CustomRunnerExecutor.run(CustomRunnerExecutor.java:42)
	at org.pitest.junit.adapter.AdaptedJUnitTestUnit.execute(AdaptedJUnitTestUnit.java:69)
	at org.pitest.mutatstderr  : iontest.execute.MutationTimeoutDecorator.lambda$createRunnable$0(MutationTimeoutDecorator.java:83)
stderr  : 	at java.util.concurrent.Executors$RunnableAdapter.call(Executors.java:511)
	at java.util.concurrent.FutureTask.run(FutureTask.java:266)
	at java.lang.Thread.run(Thread.java:748)
stderr  : javax.crypto.BadPaddingException: Given final block not properly padded. Such issues can arise if a bad key is used during decryption.
stderr  : 	at com.sun.crypto.provider.CipherCore.doFinal(CipherCore.java:991)
	at com.sun.crypto.provider.CipherCore.doFinal(CipherCore.java:847)
	at com.sun.crypto.provider.AESCipher.engineDoFinal(AESCipher.java:446)
	at javax.crypto.Cipher.doFinal(Cipher.java:2164stderr  : )
	at eu.supersede.integration.api.datastore.util.PasswordCrypt.decryptPassword(PasswordCrypt.java:90)
	at eu.supersede.integration.api.datastore.proxies.IFDataStoreProxy.getSupersedePlatforms(IFDataStoreProxy.java:58)
	at eu.supersede.integration.federatistderr  : on.SupersedeFederation.<init>(SupersedeFederation.java:32)
	at eu.supersede.integration.federation.test.IFSupersedeFederationTest.setup(IFSupersedeFederationTest.java:40)
	at sun.reflect.NativeMethodAccessorImpl.invoke0(Native Method)
	at sun.reflect.Nativstderr  : eMethodAccessorImpl.invoke(NativeMethodAccessorImpl.java:62)
	at sun.reflect.DelegatingMethodAccessorImpl.invoke(DelegatingMethodAccessorImpl.java:43)
	at java.lang.reflect.Method.invoke(Method.java:498)
	at org.junit.runners.model.FrameworkMethod$1.runRefstderr  : lectiveCall(FrameworkMethod.java:50)
	at org.junit.internal.runners.model.ReflectiveCallable.run(ReflectiveCallable.java:12)
	at org.junit.runners.model.FrameworkMethod.invokeExplosively(FrameworkMethod.java:47)
	at org.junit.internal.runners.statements.Rustderr  : nBefores.evaluate(RunBefores.java:24)
	at org.junit.runners.ParentRunner.run(ParentRunner.java:363)
	at org.pitest.junit.adapter.CustomRunnerExecutor.run(CustomRunnerExecutor.java:42)
	at org.pitest.junit.adapter.AdaptedJUnitTestUnit.execute(AdaptedJUnitTestderr  : stUnit.java:69)
	at org.pitest.mutationtest.execute.MutationTimeoutDecorator.lambda$createRunnable$0(MutationTimeoutDecorator.java:83)
	at java.util.concurrent.Executors$RunnableAdapter.call(Executors.java:511)
	at java.util.concurrent.FutureTask.run(Futurstderr  : eTask.java:266)
	at java.lang.Thread.run(Thread.java:748)
stderr  : java.lang.StringIndexOutOfBoundsException: String index out of range: 34stderr  : 
stderr  : 	at java.lang.String.substring(String.java:1963)stderr  : 
stderr  : 	at eu.supersede.integration.api.datastore.util.PasswordCrypt.hexStringToByteArray(PasswordCrypt.java:57)stderr  : 
stderr  : 	at eu.supersede.integration.api.datastore.util.PasswordCrypt.decryptPassword(PasswordCrypt.java:86)stderr  : 
stderr  : 	at eu.supersede.integration.api.datastore.proxies.IFDataStoreProxy.getSupersedePlatforms(IFDataStoreProxy.java:58)stderr  : 
stderr  : 	at eu.supersede.integration.federation.SupersedeFederation.<init>(SupersedeFederation.java:32)stderr  : 
stderr  : 	at eu.supersede.integration.federation.test.IFSupersedeFederationTest.setup(IFSupersedeFederationTest.java:40)stderr  : 
stderr  : 	at sun.reflect.NativeMethodAccessorImpl.invoke0(Native Method)stderr  : 
stderr  : 	at sun.reflect.NativeMethodAccessorImpl.invoke(NativeMethodAccessorImpl.java:62)stderr  : 
stderr  : 	at sun.reflect.DelegatingMethodAccessorImpl.invoke(DelegatingMethodAccessorImpl.java:43)stderr  : 
stderr  : 	at java.lang.reflect.Method.invoke(Method.java:498)stderr  : 
stderr  : 	at org.junit.runners.model.FrameworkMethod$1.runReflectiveCall(FrameworkMethod.java:50)stderr  : 
stderr  : 	at org.junit.internal.runners.model.ReflectiveCallable.run(ReflectiveCallable.java:12)stderr  : 
stderr  : 	at org.junit.runners.model.FrameworkMethod.invokeExplosively(FrameworkMethod.java:47)stderr  : 
stderr  : 	at org.junit.internal.runners.statements.RunBefores.evaluate(RunBefores.java:24)stderr  : 
stderr  : 	at org.junit.runners.ParentRunner.run(ParentRunner.java:363)stderr  : 
stderr  : 	at org.pitest.junit.adapter.CustomRunnerExecutor.run(CustomRunnerExecutor.java:42)stderr  : 
stderr  : 	at org.pitest.junit.adapter.AdaptedJUnitTestUnit.execute(AdaptedJUnitTestUnit.java:69)stderr  : 
	at org.pitest.mutationtest.execute.MutationTimeoutDecorator.lambda$createRunnable$0(MutationTimeoutDecorator.java:83)
	at java.util.concurrent.Executors$RunnableAdapter.call(Executors.java:511)
	at java.util.concurrent.FutureTask.run(FutureTask.java:266)stderr  : 
	at java.lang.Thread.run(Thread.java:748)
stderr  : java.lang.StringIndexOutOfBoundsException: String index out of range: 34
stderr  : 	at java.lang.String.substring(String.java:1963)
	at eu.supersede.integration.api.datastore.util.PasswordCrypt.hexStringToByteArray(PasswordCrypt.java:57)
	at eu.supersede.integration.api.datastore.util.PasswordCrypt.decryptPassword(PasswordCrypt.java:86)
stderr  : 	at eu.supersede.integration.api.datastore.proxies.IFDataStoreProxy.getSupersedePlatforms(IFDataStoreProxy.java:58)
	at eu.supersede.integration.federation.SupersedeFederation.<init>(SupersedeFederation.java:32)
	at eu.supersede.integration.federation.teststderr  : .IFSupersedeFederationTest.setup(IFSupersedeFederationTest.java:40)
	at sun.reflect.NativeMethodAccessorImpl.invoke0(Native Method)
	at sun.reflect.NativeMethodAccessorImpl.invoke(NativeMethodAccessorImpl.java:62)
	at sun.reflect.DelegatingMethodAccessorImstderr  : pl.invoke(DelegatingMethodAccessorImpl.java:43)
	at java.lang.reflect.Method.invoke(Method.java:498)
	at org.junit.runners.model.FrameworkMethod$1.runReflectiveCall(FrameworkMethod.java:50)
	at org.junit.internal.runners.model.ReflectiveCallable.run(Reflecstderr  : tiveCallable.java:12)
	at org.junit.runners.model.FrameworkMethod.invokeExplosively(FrameworkMethod.java:47)
	at org.junit.internal.runners.statements.RunBefores.evaluate(RunBefores.java:24)
	at org.junit.runners.ParentRunner.run(ParentRunner.java:363)
	atstderr  :  org.pitest.junit.adapter.CustomRunnerExecutor.run(CustomRunnerExecutor.java:42)
	at org.pitest.junit.adapter.AdaptedJUnitTestUnit.execute(AdaptedJUnitTestUnit.java:69)
	at org.pitest.mutationtest.execute.MutationTimeoutDecorator.lambda$createRunnable$0(Mustderr  : tationTimeoutDecorator.java:83)
	at java.util.concurrent.Executors$RunnableAdapter.call(Executors.java:511)
	at java.util.concurrent.FutureTask.run(FutureTask.java:266)
	at java.lang.Thread.run(Thread.java:748)
stderr  : java.lang.IllegalStateException: Cipher not initializedstderr  : 
stderr  : 	at javax.crypto.Cipher.checkCipherState(Cipher.java:1749)stderr  : 
stderr  : 	at javax.crypto.Cipher.doFinal(Cipher.java:2156)stderr  : 
stderr  : 	at eu.supersede.integration.api.datastore.util.PasswordCrypt.decryptPassword(PasswordCrypt.java:90)stderr  : 
stderr  : 	at eu.supersede.integration.api.datastore.proxies.IFDataStoreProxy.getSupersedePlatforms(IFDataStoreProxy.java:58)stderr  : 
stderr  : 	at eu.supersede.integration.federation.SupersedeFederation.<init>(SupersedeFederation.java:32)stderr  : 
stderr  : 	at eu.supersede.integration.federation.test.IFSupersedeFederationTest.setup(IFSupersedeFederationTest.java:40)stderr  : 
stderr  : 	at sun.reflect.NativeMethodAccessorImpl.invoke0(Native Method)stderr  : 
stderr  : 	at sun.reflect.NativeMethodAccessorImpl.invoke(NativeMethodAccessorImpl.java:62)stderr  : 
stderr  : 	at sun.reflect.DelegatingMethodAccessorImpl.invoke(DelegatingMethodAccessorImpl.java:43)stderr  : 
stderr  : 	at java.lang.reflect.Method.invoke(Method.java:498)stderr  : 
stderr  : 	at org.junit.runners.model.FrameworkMethod$1.runReflectiveCall(FrameworkMethod.java:50)stderr  : 
stderr  : 	at org.junit.internal.runners.model.ReflectiveCallable.run(ReflectiveCallable.java:12)stderr  : 
stderr  : 	at org.junit.runners.model.FrameworkMethod.invokeExplosively(FrameworkMethod.java:47)stderr  : 
stderr  : 	at org.junit.internal.runners.statements.RunBefores.evaluate(RunBefores.java:24)stderr  : 
stderr  : 	at org.junit.runners.ParentRunner.run(ParentRunner.java:363)stderr  : 
stderr  : 	at org.pitest.junit.adapter.CustomRunnerExecutor.run(CustomRunnerExecutor.java:42)stderr  : 
stderr  : 	at org.pitest.junit.adapter.AdaptedJUnitTestUnit.execute(AdaptedJUnitTestUnit.java:69)stderr  : 
stderr  : 	at org.pitest.mutationtest.execute.MutationTimeoutDecorator.lambda$createRunnable$0(MutationTimeoutDecorator.java:83)stderr  : 
stderr  : 	at java.util.concurrent.Executors$RunnableAdapter.call(Executors.java:511)stderr  : 
stderr  : 	at java.util.concurrent.FutureTask.run(FutureTask.java:266)stderr  : 
stderr  : 	at java.lang.Thread.run(Thread.java:748)stderr  : 
stderr  : javax.crypto.BadPaddingException: Given final block not properly padded. Such issues can arise if a bad key is used during decryption.stderr  : 
stderr  : 	at com.sun.crypto.provider.CipherCore.doFinal(CipherCore.java:991)stderr  : 
stderr  : 	at com.sun.crypto.provider.CipherCore.doFinal(CipherCore.java:847)stderr  : 
stderr  : 	at com.sun.crypto.provider.AESCipher.engineDoFinal(AESCipher.java:446)stderr  : 
stderr  : 	at javax.crypto.Cipher.doFinal(Cipher.java:2164)stderr  : 
stderr  : 	at eu.supersede.integration.api.datastore.util.PasswordCrypt.decryptPassword(PasswordCrypt.java:90)stderr  : 
stderr  : 	at eu.supersede.integration.api.datastore.proxies.IFDataStoreProxy.getSupersedePlatforms(IFDataStoreProxy.java:58)stderr  : 
stderr  : 	at eu.supersede.integration.federation.SupersedeFederation.<init>(SupersedeFederation.java:32)stderr  : 
stderr  : 	at eu.supersede.integration.federation.test.IFSupersedeFederationTest.setup(IFSupersedeFederationTest.java:40)stderr  : 
stderr  : 	at sun.reflect.NativeMethodAccessorImpl.invoke0(Native Method)stderr  : 
stderr  : 	at sun.reflect.NativeMethodAccessorImpl.invoke(NativeMethodAccessorImpl.java:62)stderr  : 
stderr  : 	at sun.reflect.DelegatingMethodAccessorImpl.invoke(DelegatingMethodAccessorImpl.java:43)stderr  : 
stderr  : 	at java.lang.reflect.Method.invoke(Method.java:498)stderr  : 
stderr  : 	at org.junit.runners.model.FrameworkMethod$1.runReflectiveCall(FrameworkMethod.java:50)stderr  : 
stderr  : 	at org.junit.internal.runners.model.ReflectiveCallable.run(ReflectiveCallable.java:12)stderr  : 
stderr  : 	at org.junit.runners.model.FrameworkMethod.invokeExplosively(FrameworkMethod.java:47)stderr  : 
stderr  : 	at org.junit.internal.runners.statements.RunBefores.evaluate(RunBefores.java:24)stderr  : 
stderr  : 	at org.junit.runners.ParentRunner.run(ParentRunner.java:363)stderr  : 
stderr  : 	at org.pitest.junit.adapter.CustomRunnerExecutor.run(CustomRunnerExecutor.java:42)stderr  : 
stderr  : 	at org.pitest.junit.adapter.AdaptedJUnitTestUnit.execute(AdaptedJUnitTestUnit.java:69)stderr  : 
stderr  : 	at org.pitest.mutationtest.execute.MutationTimeoutDecorator.lambda$createRunnable$0(MutationTimeoutDecorator.java:83)stderr  : 
stderr  : 	at java.util.concurrent.Executors$RunnableAdapter.call(Executors.java:511)stderr  : 
stderr  : 	at java.util.concurrent.FutureTask.run(FutureTask.java:266)stderr  : 
stderr  : 	at java.lang.Thread.run(Thread.java:748)stderr  : 
stderr  : java.lang.StringIndexOutOfBoundsException: String index out of range: -2stderr  : 
stderr  : 	at java.lang.String.substring(String.java:1960)stderr  : 
stderr  : 	at eu.supersede.integration.api.datastore.util.PasswordCrypt.hexStringToByteArray(PasswordCrypt.java:57)stderr  : 
stderr  : 	at eu.supersede.integration.api.datastore.util.PasswordCrypt.decryptPassword(PasswordCrypt.java:86)stderr  : 
	at eu.supersede.integration.api.datastore.proxies.IFDataStoreProxy.getSupersedePlatforms(IFDataStoreProxy.java:58)
stderr  : 	at eu.supersede.integration.federation.SupersedeFederation.<init>(SupersedeFederation.java:32)
	at eu.supersede.integration.federation.test.IFSupersedeFederationTest.setup(IFSupersedeFederationTest.java:40)
	at sun.reflect.NativeMethodAccessorImpl.invoke0stderr  : (Native Method)
	at sun.reflect.NativeMethodAccessorImpl.invoke(NativeMethodAccessorImpl.java:62)
	at sun.reflect.DelegatingMethodAccessorImpl.invoke(DelegatingMethodAccessorImpl.java:43)
	at java.lang.reflect.Method.invoke(Method.java:498)
	at org.junit.rstderr  : unners.model.FrameworkMethod$1.runReflectiveCall(FrameworkMethod.java:50)
	at org.junit.internal.runners.model.ReflectiveCallable.run(ReflectiveCallable.java:12)
	at org.junit.runners.model.FrameworkMethod.invokeExplosively(FrameworkMethod.java:47)
	at orgstderr  : .junit.internal.runners.statements.RunBefores.evaluate(RunBefores.java:24)
	at org.junit.runners.ParentRunner.run(ParentRunner.java:363)
	at org.pitest.junit.adapter.CustomRunnerExecutor.run(CustomRunnerExecutor.java:42)
	at org.pitest.junit.adapter.Adaptestderr  : dJUnitTestUnit.execute(AdaptedJUnitTestUnit.java:69)
	at org.pitest.mutationtest.execute.MutationTimeoutDecorator.lambda$createRunnable$0(MutationTimeoutDecorator.java:83)
	at java.util.concurrent.Executors$RunnableAdapter.call(Executors.java:511)
	at javastderr  : .util.concurrent.FutureTask.run(FutureTask.java:266)
	at java.lang.Thread.run(Thread.java:748)
stderr  : java.lang.IllegalArgumentException: Missing argument
stderr  : 	at javax.crypto.spec.SecretKeySpec.<init>(SecretKeySpec.java:93)stderr  : 
stderr  : 	at eu.supersede.integration.api.datastore.util.PasswordCrypt.decryptPassword(PasswordCrypt.java:87)stderr  : 
stderr  : 	at eu.supersede.integration.api.datastore.proxies.IFDataStoreProxy.getSupersedePlatforms(IFDataStoreProxy.java:58)stderr  : 
stderr  : 	at eu.supersede.integration.federation.SupersedeFederation.<init>(SupersedeFederation.java:32)stderr  : 
stderr  : 	at eu.supersede.integration.federation.test.IFSupersedeFederationTest.setup(IFSupersedeFederationTest.java:40)stderr  : 
stderr  : 	at sun.reflect.NativeMethodAccessorImpl.invoke0(Native Method)stderr  : 
stderr  : 	at sun.reflect.NativeMethodAccessorImpl.invoke(NativeMethodAccessorImpl.java:62)stderr  : 
stderr  : 	at sun.reflect.DelegatingMethodAccessorImpl.invoke(DelegatingMethodAccessorImpl.java:43)stderr  : 
	at java.lang.reflect.Method.invoke(Method.java:498)
stderr  : 	at org.junit.runners.model.FrameworkMethod$1.runReflectiveCall(FrameworkMethod.java:50)
	at org.junit.internal.runners.model.ReflectiveCallable.run(ReflectiveCallable.java:12)
	at org.junit.runners.model.FrameworkMethod.invokeExplosively(FrameworkMethod.jstderr  : ava:47)
	at org.junit.internal.runners.statements.RunBefores.evaluate(RunBefores.java:24)
	at org.junit.runners.ParentRunner.run(ParentRunner.java:363)
	at org.pitest.junit.adapter.CustomRunnerExecutor.run(CustomRunnerExecutor.java:42)
	at org.pitest.junitstderr  : .adapter.AdaptedJUnitTestUnit.execute(AdaptedJUnitTestUnit.java:69)
	at org.pitest.mutationtest.execute.MutationTimeoutDecorator.lambda$createRunnable$0(MutationTimeoutDecorator.java:83)
	at java.util.concurrent.Executors$RunnableAdapter.call(Executors.javstderr  : a:511)
	at java.util.concurrent.FutureTask.run(FutureTask.java:266)
	at java.lang.Thread.run(Thread.java:748)
stderr  : Oct 18, 2018 12:40:24 PM org.apache.axis2.deployment.util.TempFileManager <clinit>
INFO: TempFileManager::unable to delete /tmp/axis2-tmp-4224722419759687031.tmp
stderr  : java.lang.IllegalArgumentException: Provide a valid authentication tokenstderr  : 
stderr  : 	at org.springframework.util.Assert.notNull(Assert.java:115)stderr  : 
stderr  : 	at eu.supersede.integration.api.datastore.proxies.IFDataStoreProxy.getSupersedePlatforms(IFDataStoreProxy.java:47)stderr  : 
stderr  : 	at eu.supersede.integration.federation.SupersedeFederation.<init>(SupersedeFederation.java:32)stderr  : 
stderr  : 	at eu.supersede.integration.federation.test.IFSupersedeFederationTest.setup(IFSupersedeFederationTest.java:40)
stderr  : 	at sun.reflect.NativeMethodAccessorImpl.invoke0(Native Method)
	at sun.reflect.NativeMethodAccessorImpl.invoke(NativeMethodAccessorImpl.java:62)
	at sun.reflect.DelegatingMethodAccessorImpl.invoke(DelegatingMethodAccessorImpl.java:43)
	at java.lang.reflecstderr  : t.Method.invoke(Method.java:498)
	at org.junit.runners.model.FrameworkMethod$1.runReflectiveCall(FrameworkMethod.java:50)
	at org.junit.internal.runners.model.ReflectiveCallable.run(ReflectiveCallable.java:12)
	at org.junit.runners.model.FrameworkMethod.instderr  : vokeExplosively(FrameworkMethod.java:47)
	at org.junit.internal.runners.statements.RunBefores.evaluate(RunBefores.java:24)
	at org.junit.runners.ParentRunner.run(ParentRunner.java:363)
	at org.pitest.junit.adapter.CustomRunnerExecutor.run(CustomRunnerExecustderr  : tor.java:42)
	at org.pitest.junit.adapter.AdaptedJUnitTestUnit.execute(AdaptedJUnitTestUnit.java:69)
	at org.pitest.mutationtest.execute.MutationTimeoutDecorator.lambda$createRunnable$0(MutationTimeoutDecorator.java:83)
	at java.util.concurrent.Executors$Rstderr  : unnableAdapter.call(Executors.java:511)
	at java.util.concurrent.FutureTask.run(FutureTask.java:266)
	at java.lang.Thread.run(Thread.java:748)
stderr  : java.lang.IllegalArgumentException: Username not setstderr  : 
stderr  : 	at org.springframework.util.Assert.isTrue(Assert.java:68)stderr  : 
stderr  : 	at eu.supersede.integration.api.security.IFAuthenticationManager.getAuthorizationToken(IFAuthenticationManager.java:288)stderr  : 
stderr  : 	at eu.supersede.integration.federation.SupersedeFederation.<init>(SupersedeFederation.java:27)stderr  : 
stderr  : 	at eu.supersede.integration.federation.test.IFSupersedeFederationTest.setup(IFSupersedeFederationTest.java:40)stderr  : 
	at sun.reflect.NativeMethodAccessorImpl.invoke0(Native Method)
	at sun.reflect.NativeMethodAccessorImpl.invoke(NativeMethodAccessorImpl.java:62)
	at sun.reflect.DelegatingMethodAccessorImpl.invoke(DelegatingMethodAccessorImpl.java:43)
	at java.lang.reflestderr  : ct.Method.invoke(Method.java:498)
	at org.junit.runners.model.FrameworkMethod$1.runReflectiveCall(FrameworkMethod.java:50)
	at org.junit.internal.runners.model.ReflectiveCallable.run(ReflectiveCallable.java:12)
	at org.junit.runners.model.FrameworkMethod.istderr  : nvokeExplosively(FrameworkMethod.java:47)
	at org.junit.internal.runners.statements.RunBefores.evaluate(RunBefores.java:24)
	at org.junit.runners.ParentRunner.run(ParentRunner.java:363)
	at org.pitest.junit.adapter.CustomRunnerExecutor.run(CustomRunnerExecstderr  : utor.java:42)
	at org.pitest.junit.adapter.AdaptedJUnitTestUnit.execute(AdaptedJUnitTestUnit.java:69)
	at org.pitest.mutationtest.execute.MutationTimeoutDecorator.lambda$createRunnable$0(MutationTimeoutDecorator.java:83)
	at java.util.concurrent.Executors$stderr  : RunnableAdapter.call(Executors.java:511)
	at java.util.concurrent.FutureTask.run(FutureTask.java:266)
	at java.lang.Thread.run(Thread.java:748)
stderr  : Oct 18, 2018 12:40:57 PM org.apache.axis2.deployment.util.TempFileManager <clinit>
INFO: TempFileManager::unable to delete /tmp/axis2-tmp-4224722419759687031.tmp
stderr  : java.lang.IllegalArgumentException: Username not setstderr  : 
	at org.springframework.util.Assert.isTrue(Assert.java:68)
	at eu.supersede.integration.api.security.IFAuthenticationManager.getAuthorizationToken(IFAuthenticationManager.java:288)
stderr  : 	at eu.supersede.integration.federation.SupersedeFederation.<init>(SupersedeFederation.java:27)
	at eu.supersede.integration.federation.test.IFSupersedeFederationTest.setup(IFSupersedeFederationTest.java:40)
	at sun.reflect.NativeMethodAccessorImpl.invoke0stderr  : (Native Method)
	at sun.reflect.NativeMethodAccessorImpl.invoke(NativeMethodAccessorImpl.java:62)
	at sun.reflect.DelegatingMethodAccessorImpl.invoke(DelegatingMethodAccessorImpl.java:43)
	at java.lang.reflect.Method.invoke(Method.java:498)
	at org.junit.rstderr  : unners.model.FrameworkMethod$1.runReflectiveCall(FrameworkMethod.java:50)
	at org.junit.internal.runners.model.ReflectiveCallable.run(ReflectiveCallable.java:12)
	at org.junit.runners.model.FrameworkMethod.invokeExplosively(FrameworkMethod.java:47)
	at orgstderr  : .junit.internal.runners.statements.RunBefores.evaluate(RunBefores.java:24)
	at org.junit.runners.ParentRunner.run(ParentRunner.java:363)
	at org.pitest.junit.adapter.CustomRunnerExecutor.run(CustomRunnerExecutor.java:42)
	at org.pitest.junit.adapter.Adaptestderr  : dJUnitTestUnit.execute(AdaptedJUnitTestUnit.java:69)
	at org.pitest.mutationtest.execute.MutationTimeoutDecorator.lambda$createRunnable$0(MutationTimeoutDecorator.java:83)
	at java.util.concurrent.Executors$RunnableAdapter.call(Executors.java:511)
	at javastderr  : .util.concurrent.FutureTask.run(FutureTask.java:266)
	at java.lang.Thread.run(Thread.java:748)
stderr  : java.lang.IllegalArgumentException: Credential not setstderr  : 
stderr  : 	at org.springframework.util.Assert.isTrue(Assert.java:68)stderr  : 
stderr  : 	at eu.supersede.integration.api.security.IFAuthenticationManager.getAuthorizationToken(IFAuthenticationManager.java:289)stderr  : 
stderr  : 	at eu.supersede.integration.federation.SupersedeFederation.<init>(SupersedeFederation.java:27)stderr  : 
stderr  : 	at eu.supersede.integration.federation.test.IFSupersedeFederationTest.setup(IFSupersedeFederationTest.java:40)stderr  : 
stderr  : 	at sun.reflect.NativeMethodAccessorImpl.invoke0(Native Method)stderr  : 
stderr  : 	at sun.reflect.NativeMethodAccessorImpl.invoke(NativeMethodAccessorImpl.java:62)stderr  : 
stderr  : 	at sun.reflect.DelegatingMethodAccessorImpl.invoke(DelegatingMethodAccessorImpl.java:43)stderr  : 
stderr  : 	at java.lang.reflect.Method.invoke(Method.java:498)stderr  : 
stderr  : 	at org.junit.runners.model.FrameworkMethod$1.runReflectiveCall(FrameworkMethod.java:50)stderr  : 
stderr  : 	at org.junit.internal.runners.model.ReflectiveCallable.run(ReflectiveCallable.java:12)stderr  : 
stderr  : 	at org.junit.runners.model.FrameworkMethod.invokeExplosively(FrameworkMethod.java:47)stderr  : 
stderr  : 	at org.junit.internal.runners.statements.RunBefores.evaluate(RunBefores.java:24)stderr  : 
stderr  : 	at org.junit.runners.ParentRunner.run(ParentRunner.java:363)stderr  : 
stderr  : 	at org.pitest.junit.adapter.CustomRunnerExecutor.run(CustomRunnerExecutor.java:42)stderr  : 
stderr  : 	at org.pitest.junit.adapter.AdaptedJUnitTestUnit.execute(AdaptedJUnitTestUnit.java:69)stderr  : 
stderr  : 	at org.pitest.mutationtest.execute.MutationTimeoutDecorator.lambda$createRunnable$0(MutationTimeoutDecorator.java:83)stderr  : 
stderr  : 	at java.util.concurrent.Executors$RunnableAdapter.call(Executors.java:511)stderr  : 
stderr  : 	at java.util.concurrent.FutureTask.run(FutureTask.java:266)stderr  : 
stderr  : 	at java.lang.Thread.run(Thread.java:748)stderr  : 
stderr  : Oct 18, 2018 12:41:10 PM org.apache.axis2.deployment.util.TempFileManager <clinit>
INFO: TempFileManager::unable to delete /tmp/axis2-tmp-4224722419759687031.tmp
stderr  : Oct 18, 2018 12:41:36 PM org.apache.axis2.deployment.util.TempFileManager <clinit>
INFO: TempFileManager::unable to delete /tmp/axis2-tmp-4224722419759687031.tmp
stderr  : Oct 18, 2018 12:41:41 PM org.apache.axis2.deployment.util.TempFileManager <clinit>
INFO: TempFileManager::unable to delete /tmp/axis2-tmp-4224722419759687031.tmp
stderr  : java.lang.IllegalArgumentException: Credential not setstderr  : 
stderr  : 	at org.springframework.util.Assert.isTrue(Assert.java:68)stderr  : 
stderr  : 	at eu.supersede.integration.api.security.IFAuthenticationManager.getAuthorizationToken(IFAuthenticationManager.java:289)stderr  : 
stderr  : 	at eu.supersede.integration.federation.SupersedeFederation.<init>(SupersedeFederation.java:27)stderr  : 
stderr  : 	at eu.supersede.integration.federation.test.IFSupersedeFederationTest.setup(IFSupersedeFederationTest.java:40)stderr  : 
stderr  : 	at sun.reflect.NativeMethodAccessorImpl.invoke0(Native Method)stderr  : 
stderr  : 	at sun.reflect.NativeMethodAccessorImpl.invoke(NativeMethodAccessorImpl.java:62)stderr  : 
stderr  : 	at sun.reflect.DelegatingMethodAccessorImpl.invoke(DelegatingMethodAccessorImpl.java:43)stderr  : 
stderr  : 	at java.lang.reflect.Method.invoke(Method.java:498)stderr  : 
stderr  : 	at org.junit.runners.model.FrameworkMethod$1.runReflectiveCall(FrameworkMethod.java:50)stderr  : 
stderr  : 	at org.junit.internal.runners.model.ReflectiveCallable.run(ReflectiveCallable.java:12)stderr  : 
stderr  : 	at org.junit.runners.model.FrameworkMethod.invokeExplosively(FrameworkMethod.java:47)stderr  : 
stderr  : 	at org.junit.internal.runners.statements.RunBefores.evaluate(RunBefores.java:24)stderr  : 
stderr  : 	at org.junit.runners.ParentRunner.run(ParentRunner.java:363)stderr  : 
stderr  : 	at org.pitest.junit.adapter.CustomRunnerExecutor.run(CustomRunnerExecutor.java:42)stderr  : 
stderr  : 	at org.pitest.junit.adapter.AdaptedJUnitTestUnit.execute(AdaptedJUnitTestUnit.java:69)stderr  : 
stderr  : 	at org.pitest.mutationtest.execute.MutationTimeoutDecorator.lambda$createRunnable$0(MutationTimeoutDecorator.java:83)stderr  : 
stderr  : 	at java.util.concurrent.Executors$RunnableAdapter.call(Executors.java:511)stderr  : 
stderr  : 	at java.util.concurrent.FutureTask.run(FutureTask.java:266)stderr  : 
stderr  : 	at java.lang.Thread.run(Thread.java:748)stderr  : 
stderr  : com.fasterxml.jackson.core.JsonParseException: Unrecognized token 'Analysis': was expecting ('true', 'false' or 'null')
 at [Source: Analysis event for DM: detected memory leak in managed system; line: 1, column: 9]
stderr  : 	at com.fasterxml.jackson.core.JsonParser._constructError(JsonParser.java:1702)
	at com.fasterxml.jackson.core.base.ParserMinimalBase._reportError(ParserMinimalBase.java:558)
	at com.fasterxml.jackson.core.json.ReaderBasedJsonParser._reportInvalidToken(Reastderr  : derBasedJsonParser.java:2835)
	at com.fasterxml.jackson.core.json.ReaderBasedJsonParser._handleOddValue(ReaderBasedJsonParser.java:1903)
	at com.fasterxml.jackson.core.json.ReaderBasedJsonParser.nextToken(ReaderBasedJsonParser.java:749)
	at com.fasterxml.jstderr  : ackson.databind.ObjectMapper._initForReading(ObjectMapper.java:3834)
	at com.fasterxml.jackson.databind.ObjectMapper._readMapAndClose(ObjectMapper.java:3783)
	at com.fasterxml.jackson.databind.ObjectMapper.readValue(ObjectMapper.java:2842)
	at eu.supersedestderr  : .integration.api.json.JsonUtils.deserializeJsonStringAsObject(JsonUtils.java:59)
	at eu.supersede.integration.api.pubsub.test.AlertPubSubTest$AlertMessageListener.onMessage(AlertPubSubTest.java:127)
	at org.wso2.andes.client.BasicMessageConsumer.notifyMessstderr  : age(BasicMessageConsumer.java:747)
	at org.wso2.andes.client.BasicMessageConsumer.notifyMessage(BasicMessageConsumer.java:721)
	at org.wso2.andes.client.AMQSession$Dispatcher.notifyConsumer(AMQSession.java:3537)
	at org.wso2.andes.client.AMQSession$Dispatcstderr  : her.dispatchMessage(AMQSession.java:3477)
	at org.wso2.andes.client.AMQSession$Dispatcher.access$1200(AMQSession.java:3226)
	at org.wso2.andes.client.AMQSession.dispatch(AMQSession.java:3219)
	at org.wso2.andes.client.message.UnprocessedMessage.dispatch(Unstderr  : processedMessage.java:54)
	at org.wso2.andes.client.AMQSession$Dispatcher.run(AMQSession.java:3399)
	at java.lang.Thread.run(Thread.java:748)
stderr  : com.fasterxml.jackson.core.JsonParseException: Unrecognized token 'Analysis': was expecting ('true', 'false' or 'null')
 at [Source: Analysis event for DM: detected memory leak in managed system; line: 1, column: 9]stderr  : 
stderr  : 	at com.fasterxml.jackson.core.JsonParser._constructError(JsonParser.java:1702)
stderr  : 	at com.fasterxml.jackson.core.base.ParserMinimalBase._reportError(ParserMinimalBase.java:558)
	at com.fasterxml.jackson.core.json.ReaderBasedJsonParser._reportInvalidToken(ReaderBasedJsonParser.java:2835)
	at com.fasterxml.jackson.core.json.ReaderBasedJsostderr  : nParser._handleOddValue(ReaderBasedJsonParser.java:1903)
	at com.fasterxml.jackson.core.json.ReaderBasedJsonParser.nextToken(ReaderBasedJsonParser.java:749)
	at com.fasterxml.jackson.databind.ObjectMapper._initForReading(ObjectMapper.java:3834)
	at com.fasstderr  : terxml.jackson.databind.ObjectMapper._readMapAndClose(ObjectMapper.java:3783)
	at com.fasterxml.jackson.databind.ObjectMapper.readValue(ObjectMapper.java:2842)
	at eu.supersede.integration.api.json.JsonUtils.deserializeJsonStringAsObject(JsonUtils.java:59)stderr  : 
	at eu.supersede.integration.api.pubsub.test.AlertPubSubTest$AlertMessageListener.onMessage(AlertPubSubTest.java:127)
	at org.wso2.andes.client.BasicMessageConsumer.notifyMessage(BasicMessageConsumer.java:747)
	at org.wso2.andes.client.BasicMessageConsumestderr  : r.notifyMessage(BasicMessageConsumer.java:721)
	at org.wso2.andes.client.AMQSession$Dispatcher.notifyConsumer(AMQSession.java:3537)
	at org.wso2.andes.client.AMQSession$Dispatcher.dispatchMessage(AMQSession.java:3477)
	at org.wso2.andes.client.AMQSession$Dstderr  : ispatcher.access$1200(AMQSession.java:3226)
	at org.wso2.andes.client.AMQSession.dispatch(AMQSession.java:3219)
	at org.wso2.andes.client.message.UnprocessedMessage.dispatch(UnprocessedMessage.java:54)
	at org.wso2.andes.client.AMQSession$Dispatcher.run(AMstderr  : QSession.java:3399)
	at java.lang.Thread.run(Thread.java:748)
stderr  : java.lang.IllegalArgumentException: Tenant base 64 authorization pair not retrieved from configurationstderr  : 
stderr  : 	at org.springframework.util.Assert.isTrue(Assert.java:68)stderr  : 
stderr  : 	at eu.supersede.integration.api.security.IFAuthenticationManager.getAuthorizationToken(IFAuthenticationManager.java:304)stderr  : 
stderr  : 	at eu.supersede.integration.federation.SupersedeFederation.<init>(SupersedeFederation.java:27)stderr  : 
stderr  : 	at eu.supersede.integration.federation.test.IFSupersedeFederationTest.setup(IFSupersedeFederationTest.java:40)stderr  : 
stderr  : 	at sun.reflect.NativeMethodAccessorImpl.invoke0(Native Method)stderr  : 
stderr  : 	at sun.reflect.NativeMethodAccessorImpl.invoke(NativeMethodAccessorImpl.java:62)stderr  : 
stderr  : 	at sun.reflect.DelegatingMethodAccessorImpl.invoke(DelegatingMethodAccessorImpl.java:43)stderr  : 
stderr  : 	at java.lang.reflect.Method.invoke(Method.java:498)stderr  : 
stderr  : 	at org.junit.runners.model.FrameworkMethod$1.runReflectiveCall(FrameworkMethod.java:50)stderr  : 
stderr  : 	at org.junit.internal.runners.model.ReflectiveCallable.run(ReflectiveCallable.java:12)stderr  : 
stderr  : 	at org.junit.runners.model.FrameworkMethod.invokeExplosively(FrameworkMethod.java:47)
stderr  : 	at org.junit.internal.runners.statements.RunBefores.evaluate(RunBefores.java:24)
	at org.junit.runners.ParentRunner.run(ParentRunner.java:363)
	at org.pitest.junit.adapter.CustomRunnerExecutor.run(CustomRunnerExecutor.java:42)
	at org.pitest.junit.adapterstderr  : .AdaptedJUnitTestUnit.execute(AdaptedJUnitTestUnit.java:69)
	at org.pitest.mutationtest.execute.MutationTimeoutDecorator.lambda$createRunnable$0(MutationTimeoutDecorator.java:83)
	at java.util.concurrent.Executors$RunnableAdapter.call(Executors.java:511)
	stderr  : at java.util.concurrent.FutureTask.run(FutureTask.java:266)
	at java.lang.Thread.run(Thread.java:748)
stderr  : com.fasterxml.jackson.core.JsonParseException: Unrecognized token 'Analysis': was expecting ('true', 'false' or 'null')
 at [Source: Analysis event for DM: detected memory leak in managed system; line: 1, column: 9]
	at com.fasterxml.jackson.core.JsonParsestderr  : r._constructError(JsonParser.java:1702)
	at com.fasterxml.jackson.core.base.ParserMinimalBase._reportError(ParserMinimalBase.java:558)
	at com.fasterxml.jackson.core.json.ReaderBasedJsonParser._reportInvalidToken(ReaderBasedJsonParser.java:2835)
	at com.fastderr  : sterxml.jackson.core.json.ReaderBasedJsonParser._handleOddValue(ReaderBasedJsonParser.java:1903)
	at com.fasterxml.jackson.core.json.ReaderBasedJsonParser.nextToken(ReaderBasedJsonParser.java:749)
	at com.fasterxml.jackson.databind.ObjectMapper._initForReastderr  : ding(ObjectMapper.java:3834)
	at com.fasterxml.jackson.databind.ObjectMapper._readMapAndClose(ObjectMapper.java:3783)
	at com.fasterxml.jackson.databind.ObjectMapper.readValue(ObjectMapper.java:2842)
	at eu.supersede.integration.api.json.JsonUtils.deserialstderr  : izeJsonStringAsObject(JsonUtils.java:59)
	at eu.supersede.integration.api.pubsub.test.AlertPubSubTest$AlertMessageListener.onMessage(AlertPubSubTest.java:127)
	at org.wso2.andes.client.BasicMessageConsumer.notifyMessage(BasicMessageConsumer.java:747)
	at ostderr  : rg.wso2.andes.client.BasicMessageConsumer.notifyMessage(BasicMessageConsumer.java:721)
	at org.wso2.andes.client.AMQSession$Dispatcher.notifyConsumer(AMQSession.java:3537)
	at org.wso2.andes.client.AMQSession$Dispatcher.dispatchMessage(AMQSession.java:3477stderr  : )
	at org.wso2.andes.client.AMQSession$Dispatcher.access$1200(AMQSession.java:3226)
	at org.wso2.andes.client.AMQSession.dispatch(AMQSession.java:3219)
	at org.wso2.andes.client.message.UnprocessedMessage.dispatch(UnprocessedMessage.java:54)
	at org.wso2.astderr  : ndes.client.AMQSession$Dispatcher.run(AMQSession.java:3399)
	at java.lang.Thread.run(Thread.java:748)
stderr  : com.fasterxml.jackson.core.JsonParseException: Unrecognized token 'Analysis': was expecting ('true', 'false' or 'null')
 at [Source: Analysis event for DM: detected memory leak in managed system; line: 1, column: 9]stderr  : 
stderr  : 	at com.fasterxml.jackson.core.JsonParser._constructError(JsonParser.java:1702)stderr  : 
stderr  : 	at com.fasterxml.jackson.core.base.ParserMinimalBase._reportError(ParserMinimalBase.java:558)
	at com.fasterxml.jackson.core.json.ReaderBasedJsonParser._reportInvalidToken(ReaderBasedJsonParser.java:2835)
stderr  : 	at com.fasterxml.jackson.core.json.ReaderBasedJsonParser._handleOddValue(ReaderBasedJsonParser.java:1903)
	at com.fasterxml.jackson.core.json.ReaderBasedJsonParser.nextToken(ReaderBasedJsonParser.java:749)
	at com.fasterxml.jackson.databind.ObjectMapper._stderr  : initForReading(ObjectMapper.java:3834)
	at com.fasterxml.jackson.databind.ObjectMapper._readMapAndClose(ObjectMapper.java:3783)
	at com.fasterxml.jackson.databind.ObjectMapper.readValue(ObjectMapper.java:2842)
	at eu.supersede.integration.api.json.JsonUtilstderr  : s.deserializeJsonStringAsObject(JsonUtils.java:59)
	at eu.supersede.integration.api.pubsub.test.AlertPubSubTest$AlertMessageListener.onMessage(AlertPubSubTest.java:127)
	at org.wso2.andes.client.BasicMessageConsumer.notifyMessage(BasicMessageConsumer.java:stderr  : 747)
	at org.wso2.andes.client.BasicMessageConsumer.notifyMessage(BasicMessageConsumer.java:721)
	at org.wso2.andes.client.AMQSession$Dispatcher.notifyConsumer(AMQSession.java:3537)
	at org.wso2.andes.client.AMQSession$Dispatcher.dispatchMessage(AMQSessionstderr  : .java:3477)
	at org.wso2.andes.client.AMQSession$Dispatcher.access$1200(AMQSession.java:3226)
	at org.wso2.andes.client.AMQSession.dispatch(AMQSession.java:3219)
	at org.wso2.andes.client.message.UnprocessedMessage.dispatch(UnprocessedMessage.java:54)
	at stderr  : org.wso2.andes.client.AMQSession$Dispatcher.run(AMQSession.java:3399)
	at java.lang.Thread.run(Thread.java:748)
stderr  : com.fasterxml.jackson.core.JsonParseException: Unrecognized token 'Analysis': was expecting ('true', 'false' or 'null')
 at [Source: Analysis event for DM: detected memory leak in managed system; line: 1, column: 9]
	at com.fasterxml.jackson.core.JsonParsestderr  : r._constructError(JsonParser.java:1702)
	at com.fasterxml.jackson.core.base.ParserMinimalBase._reportError(ParserMinimalBase.java:558)
	at com.fasterxml.jackson.core.json.ReaderBasedJsonParser._reportInvalidToken(ReaderBasedJsonParser.java:2835)
	at com.fastderr  : sterxml.jackson.core.json.ReaderBasedJsonParser._handleOddValue(ReaderBasedJsonParser.java:1903)
	at com.fasterxml.jackson.core.json.ReaderBasedJsonParser.nextToken(ReaderBasedJsonParser.java:749)
	at com.fasterxml.jackson.databind.ObjectMapper._initForReastderr  : ding(ObjectMapper.java:3834)
	at com.fasterxml.jackson.databind.ObjectMapper._readMapAndClose(ObjectMapper.java:3783)
	at com.fasterxml.jackson.databind.ObjectMapper.readValue(ObjectMapper.java:2842)
	at eu.supersede.integration.api.json.JsonUtils.deserialstderr  : izeJsonStringAsObject(JsonUtils.java:59)
	at eu.supersede.integration.api.pubsub.test.AlertPubSubTest$AlertMessageListener.onMessage(AlertPubSubTest.java:127)
	at org.wso2.andes.client.BasicMessageConsumer.notifyMessage(BasicMessageConsumer.java:747)
	at ostderr  : rg.wso2.andes.client.BasicMessageConsumer.notifyMessage(BasicMessageConsumer.java:721)
	at org.wso2.andes.client.AMQSession$Dispatcher.notifyConsumer(AMQSession.java:3537)
	at org.wso2.andes.client.AMQSession$Dispatcher.dispatchMessage(AMQSession.java:3477stderr  : )
	at org.wso2.andes.client.AMQSession$Dispatcher.access$1200(AMQSession.java:3226)
	at org.wso2.andes.client.AMQSession.dispatch(AMQSession.java:3219)
	at org.wso2.andes.client.message.UnprocessedMessage.dispatch(UnprocessedMessage.java:54)
	at org.wso2.astderr  : ndes.client.AMQSession$Dispatcher.run(AMQSession.java:3399)
	at java.lang.Thread.run(Thread.java:748)
com.fasterxml.jackson.core.JsonParseException: Unrecognized token 'Analysis': was expecting ('true', 'false' or 'null')
 at [Source: Analysis event for DMstderr  : : detected memory leak in managed system; line: 1, column: 9]
	at com.fasterxml.jackson.core.JsonParser._constructError(JsonParser.java:1702)
	at com.fasterxml.jackson.core.base.ParserMinimalBase._reportError(ParserMinimalBase.java:558)
	at com.fasterxml.jstderr  : ackson.core.json.ReaderBasedJsonParser._reportInvalidToken(ReaderBasedJsonParser.java:2835)
	at com.fasterxml.jackson.core.json.ReaderBasedJsonParser._handleOddValue(ReaderBasedJsonParser.java:1903)
	at com.fasterxml.jackson.core.json.ReaderBasedJsonParserstderr  : .nextToken(ReaderBasedJsonParser.java:749)
	at com.fasterxml.jackson.databind.ObjectMapper._initForReading(ObjectMapper.java:3834)
	at com.fasterxml.jackson.databind.ObjectMapper._readMapAndClose(ObjectMapper.java:3783)
	at com.fasterxml.jackson.databind.Ostderr  : bjectMapper.readValue(ObjectMapper.java:2842)
	at eu.supersede.integration.api.json.JsonUtils.deserializeJsonStringAsObject(JsonUtils.java:59)
	at eu.supersede.integration.api.pubsub.test.AlertPubSubTest$AlertMessageListener.onMessage(AlertPubSubTest.java:stderr  : 127)
	at org.wso2.andes.client.BasicMessageConsumer.notifyMessage(BasicMessageConsumer.java:747)
	at org.wso2.andes.client.BasicMessageConsumer.notifyMessage(BasicMessageConsumer.java:721)
	at org.wso2.andes.client.AMQSession$Dispatcher.notifyConsumer(AMQSstderr  : ession.java:3537)
	at org.wso2.andes.client.AMQSession$Dispatcher.dispatchMessage(AMQSession.java:3477)
	at org.wso2.andes.client.AMQSession$Dispatcher.access$1200(AMQSession.java:3226)
	at org.wso2.andes.client.AMQSession.dispatch(AMQSession.java:3219)
	astderr  : t org.wso2.andes.client.message.UnprocessedMessage.dispatch(UnprocessedMessage.java:54)
	at org.wso2.andes.client.AMQSession$Dispatcher.run(AMQSession.java:3399)
	at java.lang.Thread.run(Thread.java:748)
stderr  : Oct 18, 2018 12:42:36 PM org.apache.axis2.deployment.util.TempFileManager <clinit>
INFO: TempFileManager::unable to delete /tmp/axis2-tmp-4224722419759687031.tmp
stderr  : java.lang.RuntimeException: Property 'is.authorization..tenant.pair.base64' not found exceptionstderr  : 
	at eu.supersede.integration.properties.IntegrationProperty.getProperty(IntegrationProperty.java:68)
	at eu.supersede.integration.api.security.IFAuthenticationManager.getAuthorizationToken(IFAuthenticationManager.java:295)
	at eu.supersede.integration.fedstderr  : eration.SupersedeFederation.<init>(SupersedeFederation.java:27)
	at eu.supersede.integration.federation.test.IFSupersedeFederationTest.setup(IFSupersedeFederationTest.java:40)
	at sun.reflect.NativeMethodAccessorImpl.invoke0(Native Method)
	at sun.reflect.stderr  : NativeMethodAccessorImpl.invoke(NativeMethodAccessorImpl.java:62)
	at sun.reflect.DelegatingMethodAccessorImpl.invoke(DelegatingMethodAccessorImpl.java:43)
	at java.lang.reflect.Method.invoke(Method.java:498)
	at org.junit.runners.model.FrameworkMethod$1.rstderr  : unReflectiveCall(FrameworkMethod.java:50)
	at org.junit.internal.runners.model.ReflectiveCallable.run(ReflectiveCallable.java:12)
	at org.junit.runners.model.FrameworkMethod.invokeExplosively(FrameworkMethod.java:47)
	at org.junit.internal.runners.statemenstderr  : ts.RunBefores.evaluate(RunBefores.java:24)
	at org.junit.runners.ParentRunner.run(ParentRunner.java:363)
	at org.pitest.junit.adapter.CustomRunnerExecutor.run(CustomRunnerExecutor.java:42)
	at org.pitest.junit.adapter.AdaptedJUnitTestUnit.execute(AdaptedJUstderr  : nitTestUnit.java:69)
	at org.pitest.mutationtest.execute.MutationTimeoutDecorator.lambda$createRunnable$0(MutationTimeoutDecorator.java:83)
	at java.util.concurrent.Executors$RunnableAdapter.call(Executors.java:511)
	at java.util.concurrent.FutureTask.run(stderr  : FutureTask.java:266)
	at java.lang.Thread.run(Thread.java:748)
stderr  : Oct 18, 2018 12:42:48 PM org.apache.axis2.deployment.util.TempFileManager <clinit>
INFO: TempFileManager::unable to delete /tmp/axis2-tmp-4224722419759687031.tmp
stderr  : java.lang.IllegalArgumentException: Tenant base 64 authorization pair not retrieved from configurationstderr  : 
	at org.springframework.util.Assert.isTrue(Assert.java:68)
	at eu.supersede.integration.api.security.IFAuthenticationManager.getAuthorizationToken(IFAuthenticationManager.java:304)
	at eu.supersede.integration.federation.SupersedeFederation.<init>(Supersestderr  : deFederation.java:27)
	at eu.supersede.integration.federation.test.IFSupersedeFederationTest.setup(IFSupersedeFederationTest.java:40)
	at sun.reflect.NativeMethodAccessorImpl.invoke0(Native Method)
	at sun.reflect.NativeMethodAccessorImpl.invoke(NativeMethstderr  : odAccessorImpl.java:62)
	at sun.reflect.DelegatingMethodAccessorImpl.invoke(DelegatingMethodAccessorImpl.java:43)
	at java.lang.reflect.Method.invoke(Method.java:498)
	at org.junit.runners.model.FrameworkMethod$1.runReflectiveCall(FrameworkMethod.java:50)
stderr  : 	at org.junit.internal.runners.model.ReflectiveCallable.run(ReflectiveCallable.java:12)
	at org.junit.runners.model.FrameworkMethod.invokeExplosively(FrameworkMethod.java:47)
	at org.junit.internal.runners.statements.RunBefores.evaluate(RunBefores.java:24)stderr  : 
	at org.junit.runners.ParentRunner.run(ParentRunner.java:363)
	at org.pitest.junit.adapter.CustomRunnerExecutor.run(CustomRunnerExecutor.java:42)
	at org.pitest.junit.adapter.AdaptedJUnitTestUnit.execute(AdaptedJUnitTestUnit.java:69)
	at org.pitest.mutatistderr  : ontest.execute.MutationTimeoutDecorator.lambda$createRunnable$0(MutationTimeoutDecorator.java:83)
	at java.util.concurrent.Executors$RunnableAdapter.call(Executors.java:511)
	at java.util.concurrent.FutureTask.run(FutureTask.java:266)
	at java.lang.Thread.stderr  : run(Thread.java:748)
stderr  : Oct 18, 2018 12:43:01 PM org.apache.axis2.deployment.util.TempFileManager <clinit>
INFO: TempFileManager::unable to delete /tmp/axis2-tmp-4224722419759687031.tmp
stderr  : java.lang.NullPointerExceptionstderr  : 
stderr  : 	at java.util.Objects.requireNonNull(Objects.java:203)stderr  : 
stderr  : 	at java.util.Arrays$ArrayList.<init>(Arrays.java:3813)stderr  : 
stderr  : 	at java.util.Arrays.asList(Arrays.java:3800)stderr  : 
stderr  : 	at eu.supersede.integration.api.proxy.IFServiceProxy.getObjectsListForType(IFServiceProxy.java:116)stderr  : 
stderr  : 	at eu.supersede.integration.api.datastore.proxies.IFDataStoreProxy.getSupersedePlatforms(IFDataStoreProxy.java:53)stderr  : 
stderr  : 	at eu.supersede.integration.federation.SupersedeFederation.<init>(SupersedeFederation.java:32)stderr  : 
stderr  : 	at eu.supersede.integration.api.mdm.proxies.MetadataManagementProxy.<init>(MetadataManagementProxy.java:55)stderr  : 
stderr  : 	at eu.supersede.integration.api.mdm.proxies.test.MetadataManagementProxyTest.setup(MetadataManagementProxyTest.java:52)stderr  : 
stderr  : 	at sun.reflect.NativeMethodAccessorImpl.invoke0(Native Method)stderr  : 
stderr  : 	at sun.reflect.NativeMethodAccessorImpl.invoke(NativeMethodAccessorImpl.java:62)stderr  : 
stderr  : 	at sun.reflect.DelegatingMethodAccessorImpl.invoke(DelegatingMethodAccessorImpl.java:43)stderr  : 
stderr  : 	at java.lang.reflect.Method.invoke(Method.java:498)stderr  : 
stderr  : 	at org.junit.runners.model.FrameworkMethod$1.runReflectiveCall(FrameworkMethod.java:50)stderr  : 
stderr  : 	at org.junit.internal.runners.model.ReflectiveCallable.run(ReflectiveCallable.java:12)stderr  : 
stderr  : 	at org.junit.runners.model.FrameworkMethod.invokeExplosively(FrameworkMethod.java:47)stderr  : 
stderr  : 	at org.junit.internal.runners.statements.RunBefores.evaluate(RunBefores.java:24)stderr  : 
stderr  : 	at org.junit.runners.ParentRunner.run(ParentRunner.java:363)stderr  : 
stderr  : 	at org.pitest.junit.adapter.CustomRunnerExecutor.run(CustomRunnerExecutor.java:42)stderr  : 
stderr  : 	at org.pitest.junit.adapter.AdaptedJUnitTestUnit.execute(AdaptedJUnitTestUnit.java:69)stderr  : 
stderr  : 	at org.pitest.mutationtest.execute.MutationTimeoutDecorator.lambda$createRunnable$0(MutationTimeoutDecorator.java:83)stderr  : 
stderr  : 	at java.util.concurrent.Executors$RunnableAdapter.call(Executors.java:511)stderr  : 
stderr  : 	at java.util.concurrent.FutureTask.run(FutureTask.java:266)stderr  : 
	at java.lang.Thread.run(Thread.java:748)
stderr  : java.lang.NullPointerExceptionstderr  : 
stderr  : 	at java.util.Objects.requireNonNull(Objects.java:203)stderr  : 
stderr  : 	at java.util.Arrays$ArrayList.<init>(Arrays.java:3813)stderr  : 
stderr  : 	at java.util.Arrays.asList(Arrays.java:3800)stderr  : 
stderr  : 	at eu.supersede.integration.api.proxy.IFServiceProxy.getObjectsListForType(IFServiceProxy.java:116)stderr  : 
stderr  : 	at eu.supersede.integration.api.datastore.proxies.IFDataStoreProxy.getSupersedePlatforms(IFDataStoreProxy.java:53)stderr  : 
stderr  : 	at eu.supersede.integration.federation.SupersedeFederation.<init>(SupersedeFederation.java:32)stderr  : 
stderr  : 	at eu.supersede.integration.api.mdm.proxies.MetadataManagementProxy.<init>(MetadataManagementProxy.java:55)stderr  : 
stderr  : 	at eu.supersede.integration.api.mdm.proxies.test.MetadataManagementProxyTest.setup(MetadataManagementProxyTest.java:52)stderr  : 
stderr  : 	at sun.reflect.NativeMethodAccessorImpl.invoke0(Native Method)stderr  : 
stderr  : 	at sun.reflect.NativeMethodAccessorImpl.invoke(NativeMethodAccessorImpl.java:62)stderr  : 
stderr  : 	at sun.reflect.DelegatingMethodAccessorImpl.invoke(DelegatingMethodAccessorImpl.java:43)stderr  : 
stderr  : 	at java.lang.reflect.Method.invoke(Method.java:498)stderr  : 
stderr  : 	at org.junit.runners.model.FrameworkMethod$1.runReflectiveCall(FrameworkMethod.java:50)stderr  : 
stderr  : 	at org.junit.internal.runners.model.ReflectiveCallable.run(ReflectiveCallable.java:12)stderr  : 
stderr  : 	at org.junit.runners.model.FrameworkMethod.invokeExplosively(FrameworkMethod.java:47)stderr  : 
stderr  : 	at org.junit.internal.runners.statements.RunBefores.evaluate(RunBefores.java:24)stderr  : 
stderr  : 	at org.junit.runners.ParentRunner.run(ParentRunner.java:363)stderr  : 
stderr  : 	at org.pitest.junit.adapter.CustomRunnerExecutor.run(CustomRunnerExecutor.java:42)stderr  : 
stderr  : 	at org.pitest.junit.adapter.AdaptedJUnitTestUnit.execute(AdaptedJUnitTestUnit.java:69)stderr  : 
stderr  : 	at org.pitest.mutationtest.execute.MutationTimeoutDecorator.lambda$createRunnable$0(MutationTimeoutDecorator.java:83)stderr  : 
stderr  : 	at java.util.concurrent.Executors$RunnableAdapter.call(Executors.java:511)stderr  : 
stderr  : 	at java.util.concurrent.FutureTask.run(FutureTask.java:266)stderr  : 
stderr  : 	at java.lang.Thread.run(Thread.java:748)stderr  : 
stderr  : java.lang.NullPointerExceptionstderr  : 
stderr  : 	at java.util.Objects.requireNonNull(Objects.java:203)stderr  : 
stderr  : 	at java.util.Arrays$ArrayList.<init>(Arrays.java:3813)
stderr  : 	at java.util.Arrays.asList(Arrays.java:3800)
	at eu.supersede.integration.api.proxy.IFServiceProxy.getObjectsListForType(IFServiceProxy.java:116)
	at eu.supersede.integration.api.datastore.proxies.IFDataStoreProxy.getSupersedePlatforms(IFDataStoreProxy.jastderr  : va:53)
	at eu.supersede.integration.federation.SupersedeFederation.<init>(SupersedeFederation.java:32)
	at eu.supersede.integration.api.mdm.proxies.MetadataManagementProxy.<init>(MetadataManagementProxy.java:55)
	at eu.supersede.integration.api.mdm.proxiesstderr  : .test.MetadataManagementProxyTest.setup(MetadataManagementProxyTest.java:52)
	at sun.reflect.NativeMethodAccessorImpl.invoke0(Native Method)
	at sun.reflect.NativeMethodAccessorImpl.invoke(NativeMethodAccessorImpl.java:62)
	at sun.reflect.DelegatingMethodAstderr  : ccessorImpl.invoke(DelegatingMethodAccessorImpl.java:43)
	at java.lang.reflect.Method.invoke(Method.java:498)
stderr  : 	at org.junit.runners.model.FrameworkMethod$1.runReflectiveCall(FrameworkMethod.java:50)stderr  : 
	at org.junit.internal.runners.model.ReflectiveCallable.run(ReflectiveCallable.java:12)
	at org.junit.runners.model.FrameworkMethod.invokeExplosively(FrameworkMethod.java:47)
stderr  : 	at org.junit.internal.runners.statements.RunBefores.evaluate(RunBefores.java:24)
	at org.junit.runners.ParentRunner.run(ParentRunner.java:363)
	at org.pitest.junit.adapter.CustomRunnerExecutor.run(CustomRunnerExecutor.java:42)
	at org.pitest.junit.adapterstderr  : .AdaptedJUnitTestUnit.execute(AdaptedJUnitTestUnit.java:69)
	at org.pitest.mutationtest.execute.MutationTimeoutDecorator.lambda$createRunnable$0(MutationTimeoutDecorator.java:83)
	at java.util.concurrent.Executors$RunnableAdapter.call(Executors.java:511)
	stderr  : at java.util.concurrent.FutureTask.run(FutureTask.java:266)
	at java.lang.Thread.run(Thread.java:748)
stderr  : java.lang.NullPointerException
stderr  : 	at java.util.Objects.requireNonNull(Objects.java:203)
	at java.util.Arrays$ArrayList.<init>(Arrays.java:3813)
	at java.util.Arrays.asList(Arrays.java:3800)
	at eu.supersede.integration.api.proxy.IFServiceProxy.getObjectsListForType(IFServiceProxy.java:116stderr  : )
	at eu.supersede.integration.api.datastore.proxies.IFDataStoreProxy.getSupersedePlatforms(IFDataStoreProxy.java:53)
	at eu.supersede.integration.federation.SupersedeFederation.<init>(SupersedeFederation.java:32)
	at eu.supersede.integration.api.mdm.proxistderr  : es.MetadataManagementProxy.<init>(MetadataManagementProxy.java:55)
	at eu.supersede.integration.api.mdm.proxies.test.MetadataManagementProxyTest.setup(MetadataManagementProxyTest.java:52)
	at sun.reflect.NativeMethodAccessorImpl.invoke0(Native Method)
	at stderr  : sun.reflect.NativeMethodAccessorImpl.invoke(NativeMethodAccessorImpl.java:62)
	at sun.reflect.DelegatingMethodAccessorImpl.invoke(DelegatingMethodAccessorImpl.java:43)
	at java.lang.reflect.Method.invoke(Method.java:498)
	at org.junit.runners.model.Framewostderr  : rkMethod$1.runReflectiveCall(FrameworkMethod.java:50)
	at org.junit.internal.runners.model.ReflectiveCallable.run(ReflectiveCallable.java:12)
	at org.junit.runners.model.FrameworkMethod.invokeExplosively(FrameworkMethod.java:47)
	at org.junit.internal.runnstderr  : ers.statements.RunBefores.evaluate(RunBefores.java:24)
	at org.junit.runners.ParentRunner.run(ParentRunner.java:363)
	at org.pitest.junit.adapter.CustomRunnerExecutor.run(CustomRunnerExecutor.java:42)
	at org.pitest.junit.adapter.AdaptedJUnitTestUnit.execustderr  : te(AdaptedJUnitTestUnit.java:69)
	at org.pitest.mutationtest.execute.MutationTimeoutDecorator.lambda$createRunnable$0(MutationTimeoutDecorator.java:83)
	at java.util.concurrent.Executors$RunnableAdapter.call(Executors.java:511)
	at java.util.concurrent.Futstderr  : ureTask.run(FutureTask.java:266)
	at java.lang.Thread.run(Thread.java:748)
stderr  : java.lang.NullPointerException
	at java.util.Objects.requireNonNull(Objects.java:203)stderr  : 
	at java.util.Arrays$ArrayList.<init>(Arrays.java:3813)
	at java.util.Arrays.asList(Arrays.java:3800)
	at eu.supersede.integration.api.proxy.IFServiceProxy.getObjectsListForType(IFServiceProxy.java:116)
	at eu.supersede.integration.api.datastore.proxies.Istderr  : FDataStoreProxy.getSupersedePlatforms(IFDataStoreProxy.java:53)
	at eu.supersede.integration.federation.SupersedeFederation.<init>(SupersedeFederation.java:32)
	at eu.supersede.integration.api.mdm.proxies.MetadataManagementProxy.<init>(MetadataManagementPrstderr  : oxy.java:55)
	at eu.supersede.integration.api.mdm.proxies.test.MetadataManagementProxyTest.setup(MetadataManagementProxyTest.java:52)
	at sun.reflect.NativeMethodAccessorImpl.invoke0(Native Method)
	at sun.reflect.NativeMethodAccessorImpl.invoke(NativeMethstderr  : odAccessorImpl.java:62)
	at sun.reflect.DelegatingMethodAccessorImpl.invoke(DelegatingMethodAccessorImpl.java:43)
	at java.lang.reflect.Method.invoke(Method.java:498)
	at org.junit.runners.model.FrameworkMethod$1.runReflectiveCall(FrameworkMethod.java:50)
stderr  : 	at org.junit.internal.runners.model.ReflectiveCallable.run(ReflectiveCallable.java:12)
	at org.junit.runners.model.FrameworkMethod.invokeExplosively(FrameworkMethod.java:47)
	at org.junit.internal.runners.statements.RunBefores.evaluate(RunBefores.java:24)stderr  : 
	at org.junit.runners.ParentRunner.run(ParentRunner.java:363)
	at org.pitest.junit.adapter.CustomRunnerExecutor.run(CustomRunnerExecutor.java:42)
	at org.pitest.junit.adapter.AdaptedJUnitTestUnit.execute(AdaptedJUnitTestUnit.java:69)
	at org.pitest.mutatistderr  : ontest.execute.MutationTimeoutDecorator.lambda$createRunnable$0(MutationTimeoutDecorator.java:83)
	at java.util.concurrent.Executors$RunnableAdapter.call(Executors.java:511)
	at java.util.concurrent.FutureTask.run(FutureTask.java:266)
	at java.lang.Thread.stderr  : run(Thread.java:748)
stderr  : java.lang.NullPointerException
stderr  : 	at java.util.Objects.requireNonNull(Objects.java:203)
	at java.util.Arrays$ArrayList.<init>(Arrays.java:3813)
	at java.util.Arrays.asList(Arrays.java:3800)
	at eu.supersede.integration.api.proxy.IFServiceProxy.getObjectsListForType(IFServiceProxy.java:116stderr  : )
	at eu.supersede.integration.api.datastore.proxies.IFDataStoreProxy.getSupersedePlatforms(IFDataStoreProxy.java:53)
	at eu.supersede.integration.federation.SupersedeFederation.<init>(SupersedeFederation.java:32)
	at eu.supersede.integration.api.mdm.proxistderr  : es.MetadataManagementProxy.<init>(MetadataManagementProxy.java:55)
	at eu.supersede.integration.api.mdm.proxies.test.MetadataManagementProxyTest.setup(MetadataManagementProxyTest.java:52)
	at sun.reflect.NativeMethodAccessorImpl.invoke0(Native Method)
	at stderr  : sun.reflect.NativeMethodAccessorImpl.invoke(NativeMethodAccessorImpl.java:62)
	at sun.reflect.DelegatingMethodAccessorImpl.invoke(DelegatingMethodAccessorImpl.java:43)
	at java.lang.reflect.Method.invoke(Method.java:498)
	at org.junit.runners.model.Framewostderr  : rkMethod$1.runReflectiveCall(FrameworkMethod.java:50)
	at org.junit.internal.runners.model.ReflectiveCallable.run(ReflectiveCallable.java:12)
	at org.junit.runners.model.FrameworkMethod.invokeExplosively(FrameworkMethod.java:47)
	at org.junit.internal.runnstderr  : ers.statements.RunBefores.evaluate(RunBefores.java:24)
	at org.junit.runners.ParentRunner.run(ParentRunner.java:363)
	at org.pitest.junit.adapter.CustomRunnerExecutor.run(CustomRunnerExecutor.java:42)
	at org.pitest.junit.adapter.AdaptedJUnitTestUnit.execustderr  : te(AdaptedJUnitTestUnit.java:69)
	at org.pitest.mutationtest.execute.MutationTimeoutDecorator.lambda$createRunnable$0(MutationTimeoutDecorator.java:83)
	at java.util.concurrent.Executors$RunnableAdapter.call(Executors.java:511)
	at java.util.concurrent.Futstderr  : ureTask.run(FutureTask.java:266)
	at java.lang.Thread.run(Thread.java:748)
stderr  : java.lang.NullPointerException
stderr  : 	at java.util.Objects.requireNonNull(Objects.java:203)
stderr  : 	at java.util.Arrays$ArrayList.<init>(Arrays.java:3813)
	at java.util.Arrays.asList(Arrays.java:3800)
	at eu.supersede.integration.api.proxy.IFServiceProxy.getObjectsListForType(IFServiceProxy.java:116)
	at eu.supersede.integration.api.datastore.proxies.IFstderr  : DataStoreProxy.getSupersedePlatforms(IFDataStoreProxy.java:53)
	at eu.supersede.integration.federation.SupersedeFederation.<init>(SupersedeFederation.java:32)
	at eu.supersede.integration.api.mdm.proxies.MetadataManagementProxy.<init>(MetadataManagementProstderr  : xy.java:55)
	at eu.supersede.integration.api.mdm.proxies.test.MetadataManagementProxyTest.setup(MetadataManagementProxyTest.java:52)
	at sun.reflect.NativeMethodAccessorImpl.invoke0(Native Method)
	at sun.reflect.NativeMethodAccessorImpl.invoke(NativeMethostderr  : dAccessorImpl.java:62)
	at sun.reflect.DelegatingMethodAccessorImpl.invoke(DelegatingMethodAccessorImpl.java:43)
	at java.lang.reflect.Method.invoke(Method.java:498)
	at org.junit.runners.model.FrameworkMethod$1.runReflectiveCall(FrameworkMethod.java:50)
	stderr  : at org.junit.internal.runners.model.ReflectiveCallable.run(ReflectiveCallable.java:12)
	at org.junit.runners.model.FrameworkMethod.invokeExplosively(FrameworkMethod.java:47)
	at org.junit.internal.runners.statements.RunBefores.evaluate(RunBefores.java:24)
stderr  : 	at org.junit.runners.ParentRunner.run(ParentRunner.java:363)
	at org.pitest.junit.adapter.CustomRunnerExecutor.run(CustomRunnerExecutor.java:42)
	at org.pitest.junit.adapter.AdaptedJUnitTestUnit.execute(AdaptedJUnitTestUnit.java:69)
	at org.pitest.mutatiostderr  : ntest.execute.MutationTimeoutDecorator.lambda$createRunnable$0(MutationTimeoutDecorator.java:83)
	at java.util.concurrent.Executors$RunnableAdapter.call(Executors.java:511)
	at java.util.concurrent.FutureTask.run(FutureTask.java:266)
	at java.lang.Thread.rstderr  : un(Thread.java:748)
stderr  : java.lang.NullPointerException
	at java.util.Objects.requireNonNull(Objects.java:203)
	at java.util.Arrays$ArrayList.<init>(Arrays.java:3813)
	at java.util.Arrays.asList(Arrays.java:3800)
	at eu.supersede.integration.api.proxy.IFServiceProxy.getObjectsListstderr  : ForType(IFServiceProxy.java:116)
	at eu.supersede.integration.api.datastore.proxies.IFDataStoreProxy.getSupersedePlatforms(IFDataStoreProxy.java:53)
	at eu.supersede.integration.federation.SupersedeFederation.<init>(SupersedeFederation.java:32)
	at eu.supestderr  : rsede.integration.api.mdm.proxies.MetadataManagementProxy.<init>(MetadataManagementProxy.java:55)
	at eu.supersede.integration.api.mdm.proxies.test.MetadataManagementProxyTest.setup(MetadataManagementProxyTest.java:52)
	at sun.reflect.NativeMethodAccessorIstderr  : mpl.invoke0(Native Method)
	at sun.reflect.NativeMethodAccessorImpl.invoke(NativeMethodAccessorImpl.java:62)
	at sun.reflect.DelegatingMethodAccessorImpl.invoke(DelegatingMethodAccessorImpl.java:43)
	at java.lang.reflect.Method.invoke(Method.java:498)
	at stderr  : org.junit.runners.model.FrameworkMethod$1.runReflectiveCall(FrameworkMethod.java:50)
	at org.junit.internal.runners.model.ReflectiveCallable.run(ReflectiveCallable.java:12)
	at org.junit.runners.model.FrameworkMethod.invokeExplosively(FrameworkMethod.java:stderr  : 47)
	at org.junit.internal.runners.statements.RunBefores.evaluate(RunBefores.java:24)
	at org.junit.runners.ParentRunner.run(ParentRunner.java:363)
	at org.pitest.junit.adapter.CustomRunnerExecutor.run(CustomRunnerExecutor.java:42)
	at org.pitest.junit.adastderr  : pter.AdaptedJUnitTestUnit.execute(AdaptedJUnitTestUnit.java:69)
	at org.pitest.mutationtest.execute.MutationTimeoutDecorator.lambda$createRunnable$0(MutationTimeoutDecorator.java:83)
	at java.util.concurrent.Executors$RunnableAdapter.call(Executors.java:51stderr  : 1)
	at java.util.concurrent.FutureTask.run(FutureTask.java:266)
	at java.lang.Thread.run(Thread.java:748)
stderr  : java.lang.NullPointerExceptionstderr  : 
stderr  : 	at java.util.Objects.requireNonNull(Objects.java:203)stderr  : 
stderr  : 	at java.util.Arrays$ArrayList.<init>(Arrays.java:3813)stderr  : 
stderr  : 	at java.util.Arrays.asList(Arrays.java:3800)stderr  : 
stderr  : 	at eu.supersede.integration.api.proxy.IFServiceProxy.getObjectsListForType(IFServiceProxy.java:116)stderr  : 
stderr  : 	at eu.supersede.integration.api.datastore.proxies.IFDataStoreProxy.getSupersedePlatforms(IFDataStoreProxy.java:53)stderr  : 
stderr  : 	at eu.supersede.integration.federation.SupersedeFederation.<init>(SupersedeFederation.java:32)stderr  : 
stderr  : 	at eu.supersede.integration.api.mdm.proxies.MetadataManagementProxy.<init>(MetadataManagementProxy.java:55)stderr  : 
stderr  : 	at eu.supersede.integration.api.mdm.proxies.test.MetadataManagementProxyTest.setup(MetadataManagementProxyTest.java:52)stderr  : 
stderr  : 	at sun.reflect.NativeMethodAccessorImpl.invoke0(Native Method)stderr  : 
stderr  : 	at sun.reflect.NativeMethodAccessorImpl.invoke(NativeMethodAccessorImpl.java:62)stderr  : 
stderr  : 	at sun.reflect.DelegatingMethodAccessorImpl.invoke(DelegatingMethodAccessorImpl.java:43)stderr  : 
stderr  : 	at java.lang.reflect.Method.invoke(Method.java:498)stderr  : 
stderr  : 	at org.junit.runners.model.FrameworkMethod$1.runReflectiveCall(FrameworkMethod.java:50)stderr  : 
stderr  : 	at org.junit.internal.runners.model.ReflectiveCallable.run(ReflectiveCallable.java:12)stderr  : 
stderr  : 	at org.junit.runners.model.FrameworkMethod.invokeExplosively(FrameworkMethod.java:47)stderr  : 
stderr  : 	at org.junit.internal.runners.statements.RunBefores.evaluate(RunBefores.java:24)stderr  : 
stderr  : 	at org.junit.runners.ParentRunner.run(ParentRunner.java:363)stderr  : 
stderr  : 	at org.pitest.junit.adapter.CustomRunnerExecutor.run(CustomRunnerExecutor.java:42)stderr  : 
stderr  : 	at org.pitest.junit.adapter.AdaptedJUnitTestUnit.execute(AdaptedJUnitTestUnit.java:69)stderr  : 
stderr  : 	at org.pitest.mutationtest.execute.MutationTimeoutDecorator.lambda$createRunnable$0(MutationTimeoutDecorator.java:83)stderr  : 
stderr  : 	at java.util.concurrent.Executors$RunnableAdapter.call(Executors.java:511)stderr  : 
stderr  : 	at java.util.concurrent.FutureTask.run(FutureTask.java:266)stderr  : 
stderr  : 	at java.lang.Thread.run(Thread.java:748)stderr  : 
stderr  : java.lang.NullPointerExceptionstderr  : 
stderr  : 	at java.util.Objects.requireNonNull(Objects.java:203)stderr  : 
stderr  : 	at java.util.Arrays$ArrayList.<init>(Arrays.java:3813)stderr  : 
stderr  : 	at java.util.Arrays.asList(Arrays.java:3800)stderr  : 
stderr  : 	at eu.supersede.integration.api.proxy.IFServiceProxy.getObjectsListForType(IFServiceProxy.java:116)stderr  : 
stderr  : 	at eu.supersede.integration.api.datastore.proxies.IFDataStoreProxy.getSupersedePlatforms(IFDataStoreProxy.java:53)stderr  : 
stderr  : 	at eu.supersede.integration.federation.SupersedeFederation.<init>(SupersedeFederation.java:32)stderr  : 
stderr  : 	at eu.supersede.integration.api.mdm.proxies.MetadataManagementProxy.<init>(MetadataManagementProxy.java:55)stderr  : 
stderr  : 	at eu.supersede.integration.api.mdm.proxies.test.MetadataManagementProxyTest.setup(MetadataManagementProxyTest.java:52)stderr  : 
stderr  : 	at sun.reflect.NativeMethodAccessorImpl.invoke0(Native Method)stderr  : 
stderr  : 	at sun.reflect.NativeMethodAccessorImpl.invoke(NativeMethodAccessorImpl.java:62)stderr  : 
stderr  : 	at sun.reflect.DelegatingMethodAccessorImpl.invoke(DelegatingMethodAccessorImpl.java:43)stderr  : 
stderr  : 	at java.lang.reflect.Method.invoke(Method.java:498)stderr  : 
stderr  : 	at org.junit.runners.model.FrameworkMethod$1.runReflectiveCall(FrameworkMethod.java:50)stderr  : 
stderr  : 	at org.junit.internal.runners.model.ReflectiveCallable.run(ReflectiveCallable.java:12)stderr  : 
stderr  : 	at org.junit.runners.model.FrameworkMethod.invokeExplosively(FrameworkMethod.java:47)stderr  : 
stderr  : 	at org.junit.internal.runners.statements.RunBefores.evaluate(RunBefores.java:24)stderr  : 
stderr  : 	at org.junit.runners.ParentRunner.run(ParentRunner.java:363)stderr  : 
stderr  : 	at org.pitest.junit.adapter.CustomRunnerExecutor.run(CustomRunnerExecutor.java:42)stderr  : 
stderr  : 	at org.pitest.junit.adapter.AdaptedJUnitTestUnit.execute(AdaptedJUnitTestUnit.java:69)stderr  : 
stderr  : 	at org.pitest.mutationtest.execute.MutationTimeoutDecorator.lambda$createRunnable$0(MutationTimeoutDecorator.java:83)stderr  : 
	at java.util.concurrent.Executors$RunnableAdapter.call(Executors.java:511)
	at java.util.concurrent.FutureTask.run(FutureTask.java:266)
	at java.lang.Thread.run(Thread.java:748)
stderr  : java.lang.NullPointerExceptionstderr  : 
stderr  : 	at java.util.Objects.requireNonNull(Objects.java:203)stderr  : 
stderr  : 	at java.util.Arrays$ArrayList.<init>(Arrays.java:3813)stderr  : 
stderr  : 	at java.util.Arrays.asList(Arrays.java:3800)stderr  : 
stderr  : 	at eu.supersede.integration.api.proxy.IFServiceProxy.getObjectsListForType(IFServiceProxy.java:116)stderr  : 
stderr  : 	at eu.supersede.integration.api.datastore.proxies.IFDataStoreProxy.getSupersedePlatforms(IFDataStoreProxy.java:53)stderr  : 
stderr  : 	at eu.supersede.integration.federation.SupersedeFederation.<init>(SupersedeFederation.java:32)stderr  : 
stderr  : 	at eu.supersede.integration.api.mdm.proxies.MetadataManagementProxy.<init>(MetadataManagementProxy.java:55)stderr  : 
stderr  : 	at eu.supersede.integration.api.mdm.proxies.test.MetadataManagementProxyTest.setup(MetadataManagementProxyTest.java:52)stderr  : 
stderr  : 	at sun.reflect.NativeMethodAccessorImpl.invoke0(Native Method)stderr  : 
stderr  : 	at sun.reflect.NativeMethodAccessorImpl.invoke(NativeMethodAccessorImpl.java:62)stderr  : 
stderr  : 	at sun.reflect.DelegatingMethodAccessorImpl.invoke(DelegatingMethodAccessorImpl.java:43)stderr  : 
stderr  : 	at java.lang.reflect.Method.invoke(Method.java:498)stderr  : 
stderr  : 	at org.junit.runners.model.FrameworkMethod$1.runReflectiveCall(FrameworkMethod.java:50)stderr  : 
stderr  : 	at org.junit.internal.runners.model.ReflectiveCallable.run(ReflectiveCallable.java:12)stderr  : 
stderr  : 	at org.junit.runners.model.FrameworkMethod.invokeExplosively(FrameworkMethod.java:47)stderr  : 
stderr  : 	at org.junit.internal.runners.statements.RunBefores.evaluate(RunBefores.java:24)
	at org.junit.runners.ParentRunner.run(ParentRunner.java:363)
	at org.pitest.junit.adapter.CustomRunnerExecutor.run(CustomRunnerExecutor.java:42)
	at org.pitest.junit.adapterstderr  : .AdaptedJUnitTestUnit.execute(AdaptedJUnitTestUnit.java:69)
	at org.pitest.mutationtest.execute.MutationTimeoutDecorator.lambda$createRunnable$0(MutationTimeoutDecorator.java:83)
	at java.util.concurrent.Executors$RunnableAdapter.call(Executors.java:511)
	stderr  : at java.util.concurrent.FutureTask.run(FutureTask.java:266)
	at java.lang.Thread.run(Thread.java:748)
stderr  : java.lang.NullPointerExceptionstderr  : 
stderr  : 	at java.util.Objects.requireNonNull(Objects.java:203)stderr  : 
stderr  : 	at java.util.Arrays$ArrayList.<init>(Arrays.java:3813)stderr  : 
stderr  : 	at java.util.Arrays.asList(Arrays.java:3800)stderr  : 
stderr  : 	at eu.supersede.integration.api.proxy.IFServiceProxy.getObjectsListForType(IFServiceProxy.java:116)stderr  : 
stderr  : 	at eu.supersede.integration.api.datastore.proxies.IFDataStoreProxy.getSupersedePlatforms(IFDataStoreProxy.java:53)stderr  : 
stderr  : 	at eu.supersede.integration.federation.SupersedeFederation.<init>(SupersedeFederation.java:32)stderr  : 
stderr  : 	at eu.supersede.integration.api.mdm.proxies.MetadataManagementProxy.<init>(MetadataManagementProxy.java:55)stderr  : 
stderr  : 	at eu.supersede.integration.api.mdm.proxies.test.MetadataManagementProxyTest.setup(MetadataManagementProxyTest.java:52)stderr  : 
stderr  : 	at sun.reflect.NativeMethodAccessorImpl.invoke0(Native Method)stderr  : 
stderr  : 	at sun.reflect.NativeMethodAccessorImpl.invoke(NativeMethodAccessorImpl.java:62)stderr  : 
stderr  : 	at sun.reflect.DelegatingMethodAccessorImpl.invoke(DelegatingMethodAccessorImpl.java:43)stderr  : 
stderr  : 	at java.lang.reflect.Method.invoke(Method.java:498)stderr  : 
stderr  : 	at org.junit.runners.model.FrameworkMethod$1.runReflectiveCall(FrameworkMethod.java:50)stderr  : 
stderr  : 	at org.junit.internal.runners.model.ReflectiveCallable.run(ReflectiveCallable.java:12)stderr  : 
stderr  : 	at org.junit.runners.model.FrameworkMethod.invokeExplosively(FrameworkMethod.java:47)stderr  : 
stderr  : 	at org.junit.internal.runners.statements.RunBefores.evaluate(RunBefores.java:24)stderr  : 
stderr  : 	at org.junit.runners.ParentRunner.run(ParentRunner.java:363)stderr  : 
stderr  : 	at org.pitest.junit.adapter.CustomRunnerExecutor.run(CustomRunnerExecutor.java:42)stderr  : 
stderr  : 	at org.pitest.junit.adapter.AdaptedJUnitTestUnit.execute(AdaptedJUnitTestUnit.java:69)stderr  : 
stderr  : 	at org.pitest.mutationtest.execute.MutationTimeoutDecorator.lambda$createRunnable$0(MutationTimeoutDecorator.java:83)stderr  : 
stderr  : 	at java.util.concurrent.Executors$RunnableAdapter.call(Executors.java:511)stderr  : 
stderr  : 	at java.util.concurrent.FutureTask.run(FutureTask.java:266)stderr  : 
stderr  : 	at java.lang.Thread.run(Thread.java:748)
stderr  : java.lang.NullPointerExceptionstderr  : 
stderr  : 	at java.util.Objects.requireNonNull(Objects.java:203)stderr  : 
stderr  : 	at java.util.Arrays$ArrayList.<init>(Arrays.java:3813)
stderr  : 	at java.util.Arrays.asList(Arrays.java:3800)
	at eu.supersede.integration.api.proxy.IFServiceProxy.getObjectsListForType(IFServiceProxy.java:116)
	at eu.supersede.integration.api.datastore.proxies.IFDataStoreProxy.getSupersedePlatforms(IFDataStoreProxy.jastderr  : va:53)
	at eu.supersede.integration.federation.SupersedeFederation.<init>(SupersedeFederation.java:32)
	at eu.supersede.integration.federation.test.IFSupersedeFederationTest.setup(IFSupersedeFederationTest.java:40)
	at sun.reflect.NativeMethodAccessorImpl.stderr  : invoke0(Native Method)
	at sun.reflect.NativeMethodAccessorImpl.invoke(NativeMethodAccessorImpl.java:62)
	at sun.reflect.DelegatingMethodAccessorImpl.invoke(DelegatingMethodAccessorImpl.java:43)
	at java.lang.reflect.Method.invoke(Method.java:498)
	at org.stderr  : junit.runners.model.FrameworkMethod$1.runReflectiveCall(FrameworkMethod.java:50)
	at org.junit.internal.runners.model.ReflectiveCallable.run(ReflectiveCallable.java:12)
	at org.junit.runners.model.FrameworkMethod.invokeExplosively(FrameworkMethod.java:47)
stderr  : 	at org.junit.internal.runners.statements.RunBefores.evaluate(RunBefores.java:24)
	at org.junit.runners.ParentRunner.run(ParentRunner.java:363)
	at org.pitest.junit.adapter.CustomRunnerExecutor.run(CustomRunnerExecutor.java:42)
	at org.pitest.junit.adapterstderr  : .AdaptedJUnitTestUnit.execute(AdaptedJUnitTestUnit.java:69)
	at org.pitest.mutationtest.execute.MutationTimeoutDecorator.lambda$createRunnable$0(MutationTimeoutDecorator.java:83)
	at java.util.concurrent.Executors$RunnableAdapter.call(Executors.java:511)
	stderr  : at java.util.concurrent.FutureTask.run(FutureTask.java:266)
	at java.lang.Thread.run(Thread.java:748)
stderr  : java.lang.IllegalArgumentException: Provide a valid authentication token
stderr  : 	at org.springframework.util.Assert.isTrue(Assert.java:68)
	at eu.supersede.integration.api.datastore.proxies.IFDataStoreProxy.getSupersedePlatforms(IFDataStoreProxy.java:49)
	at eu.supersede.integration.federation.SupersedeFederation.<init>(SupersedeFederstderr  : ation.java:32)
	at eu.supersede.integration.federation.test.IFSupersedeFederationTest.setup(IFSupersedeFederationTest.java:40)
	at sun.reflect.NativeMethodAccessorImpl.invoke0(Native Method)
	at sun.reflect.NativeMethodAccessorImpl.invoke(NativeMethodAccesstderr  : sorImpl.java:62)
	at sun.reflect.DelegatingMethodAccessorImpl.invoke(DelegatingMethodAccessorImpl.java:43)
	at java.lang.reflect.Method.invoke(Method.java:498)
	at org.junit.runners.model.FrameworkMethod$1.runReflectiveCall(FrameworkMethod.java:50)
	at orgstderr  : .junit.internal.runners.model.ReflectiveCallable.run(ReflectiveCallable.java:12)
	at org.junit.runners.model.FrameworkMethod.invokeExplosively(FrameworkMethod.java:47)
	at org.junit.internal.runners.statements.RunBefores.evaluate(RunBefores.java:24)
	at orstderr  : g.junit.runners.ParentRunner.run(ParentRunner.java:363)
	at org.pitest.junit.adapter.CustomRunnerExecutor.run(CustomRunnerExecutor.java:42)
	at org.pitest.junit.adapter.AdaptedJUnitTestUnit.execute(AdaptedJUnitTestUnit.java:69)
	at org.pitest.mutationtest.stderr  : execute.MutationTimeoutDecorator.lambda$createRunnable$0(MutationTimeoutDecorator.java:83)
	at java.util.concurrent.Executors$RunnableAdapter.call(Executors.java:511)
	at java.util.concurrent.FutureTask.run(FutureTask.java:266)
	at java.lang.Thread.run(Thrstderr  : ead.java:748)
stderr  : java.lang.NullPointerExceptionstderr  : 
stderr  : 	at java.util.Objects.requireNonNull(Objects.java:203)stderr  : 
stderr  : 	at java.util.Arrays$ArrayList.<init>(Arrays.java:3813)stderr  : 
stderr  : 	at java.util.Arrays.asList(Arrays.java:3800)stderr  : 
stderr  : 	at eu.supersede.integration.api.proxy.IFServiceProxy.getObjectsListForType(IFServiceProxy.java:116)stderr  : 
stderr  : 	at eu.supersede.integration.api.datastore.proxies.IFDataStoreProxy.getSupersedePlatforms(IFDataStoreProxy.java:53)stderr  : 
stderr  : 	at eu.supersede.integration.federation.SupersedeFederation.<init>(SupersedeFederation.java:32)stderr  : 
	at eu.supersede.integration.federation.test.IFSupersedeFederationTest.setup(IFSupersedeFederationTest.java:40)
	at sun.reflect.NativeMethodAccessorImpl.invoke0(Native Method)
	at sun.reflect.NativeMethodAccessorImpl.invoke(NativeMethodAccessorImpl.java:6stderr  : 2)
	at sun.reflect.DelegatingMethodAccessorImpl.invoke(DelegatingMethodAccessorImpl.java:43)
	at java.lang.reflect.Method.invoke(Method.java:498)
	at org.junit.runners.model.FrameworkMethod$1.runReflectiveCall(FrameworkMethod.java:50)
	at org.junit.internastderr  : l.runners.model.ReflectiveCallable.run(ReflectiveCallable.java:12)
	at org.junit.runners.model.FrameworkMethod.invokeExplosively(FrameworkMethod.java:47)
	at org.junit.internal.runners.statements.RunBefores.evaluate(RunBefores.java:24)
	at org.junit.runnerstderr  : s.ParentRunner.run(ParentRunner.java:363)
	at org.pitest.junit.adapter.CustomRunnerExecutor.run(CustomRunnerExecutor.java:42)
	at org.pitest.junit.adapter.AdaptedJUnitTestUnit.execute(AdaptedJUnitTestUnit.java:69)
	at org.pitest.mutationtest.execute.Mutatistderr  : onTimeoutDecorator.lambda$createRunnable$0(MutationTimeoutDecorator.java:83)
	at java.util.concurrent.Executors$RunnableAdapter.call(Executors.java:511)
	at java.util.concurrent.FutureTask.run(FutureTask.java:266)
	at java.lang.Thread.run(Thread.java:748)
stderr  : java.lang.NullPointerException
	at java.util.Objects.requireNonNull(Objects.java:203)
	at java.util.Arrays$ArrayList.<init>(Arrays.java:3813)
	at java.util.Arrays.asList(Arrays.java:3800)
	at eu.supersede.integration.api.proxy.IFServiceProxy.getObjectsListstderr  : ForType(IFServiceProxy.java:116)
	at eu.supersede.integration.api.datastore.proxies.IFDataStoreProxy.getSupersedePlatforms(IFDataStoreProxy.java:53)
	at eu.supersede.integration.federation.SupersedeFederation.<init>(SupersedeFederation.java:32)
	at eu.supestderr  : rsede.integration.federation.test.IFSupersedeFederationTest.setup(IFSupersedeFederationTest.java:40)
	at sun.reflect.NativeMethodAccessorImpl.invoke0(Native Method)
	at sun.reflect.NativeMethodAccessorImpl.invoke(NativeMethodAccessorImpl.java:62)
	at sun.rstderr  : eflect.DelegatingMethodAccessorImpl.invoke(DelegatingMethodAccessorImpl.java:43)
	at java.lang.reflect.Method.invoke(Method.java:498)
	at org.junit.runners.model.FrameworkMethod$1.runReflectiveCall(FrameworkMethod.java:50)
	at org.junit.internal.runners.mostderr  : del.ReflectiveCallable.run(ReflectiveCallable.java:12)
	at org.junit.runners.model.FrameworkMethod.invokeExplosively(FrameworkMethod.java:47)
	at org.junit.internal.runners.statements.RunBefores.evaluate(RunBefores.java:24)
	at org.junit.runners.ParentRunnstderr  : er.run(ParentRunner.java:363)
	at org.pitest.junit.adapter.CustomRunnerExecutor.run(CustomRunnerExecutor.java:42)
	at org.pitest.junit.adapter.AdaptedJUnitTestUnit.execute(AdaptedJUnitTestUnit.java:69)
	at org.pitest.mutationtest.execute.MutationTimeoutDecstderr  : orator.lambda$createRunnable$0(MutationTimeoutDecorator.java:83)
	at java.util.concurrent.Executors$RunnableAdapter.call(Executors.java:511)
	at java.util.concurrent.FutureTask.run(FutureTask.java:266)
	at java.lang.Thread.run(Thread.java:748)
stderr  : Oct 18, 2018 12:43:26 PM org.apache.axis2.deployment.util.TempFileManager <clinit>
INFO: TempFileManager::unable to delete /tmp/axis2-tmp-4224722419759687031.tmp
stderr  : java.lang.NullPointerException
stderr  : 	at java.util.Objects.requireNonNull(Objects.java:203)
	at java.util.Arrays$ArrayList.<init>(Arrays.java:3813)
	at java.util.Arrays.asList(Arrays.java:3800)
	at eu.supersede.integration.api.proxy.IFServiceProxy.getObjectsListForType(IFServiceProxy.java:116stderr  : )
	at eu.supersede.integration.api.datastore.proxies.IFDataStoreProxy.getSupersedePlatforms(IFDataStoreProxy.java:53)
	at eu.supersede.integration.federation.SupersedeFederation.<init>(SupersedeFederation.java:32)
	at eu.supersede.integration.api.pubsub.testderr  : st.EvolutionAlertPubSubTest.<clinit>(EvolutionAlertPubSubTest.java:30)
	at sun.reflect.NativeConstructorAccessorImpl.newInstance0(Native Method)
	at sun.reflect.NativeConstructorAccessorImpl.newInstance(NativeConstructorAccessorImpl.java:62)
	at sun.reflecstderr  : t.DelegatingConstructorAccessorImpl.newInstance(DelegatingConstructorAccessorImpl.java:45)
	at java.lang.reflect.Constructor.newInstance(Constructor.java:423)
	at org.junit.runners.BlockJUnit4ClassRunner.createTest(BlockJUnit4ClassRunner.java:217)
	at org.stderr  : junit.runners.BlockJUnit4ClassRunner$1.runReflectiveCall(BlockJUnit4ClassRunner.java:266)
	at org.junit.internal.runners.model.ReflectiveCallable.run(ReflectiveCallable.java:12)
	at org.junit.runners.BlockJUnit4ClassRunner.methodBlock(BlockJUnit4ClassRunnestderr  : r.java:263)
	at org.junit.runners.BlockJUnit4ClassRunner.runChild(BlockJUnit4ClassRunner.java:78)
	at org.junit.runners.BlockJUnit4ClassRunner.runChild(BlockJUnit4ClassRunner.java:57)
	at org.junit.runners.ParentRunner$3.run(ParentRunner.java:290)
	at org.stderr  : junit.runners.ParentRunner$1.schedule(ParentRunner.java:71)
	at org.junit.runners.ParentRunner.runChildren(ParentRunner.java:288)
	at org.junit.runners.ParentRunner.access$000(ParentRunner.java:58)
	at org.junit.runners.ParentRunner$2.evaluate(ParentRunnerstderr  : .java:268)
	at org.junit.runners.ParentRunner.run(ParentRunner.java:363)
	at org.pitest.junit.adapter.CustomRunnerExecutor.run(CustomRunnerExecutor.java:42)
	at org.pitest.junit.adapter.AdaptedJUnitTestUnit.execute(AdaptedJUnitTestUnit.java:69)
	at org.pitstderr  : est.mutationtest.execute.MutationTimeoutDecorator.lambda$createRunnable$0(MutationTimeoutDecorator.java:83)
	at java.util.concurrent.Executors$RunnableAdapter.call(Executors.java:511)
	at java.util.concurrent.FutureTask.run(FutureTask.java:266)
	at java.lastderr  : ng.Thread.run(Thread.java:748)
stderr  : java.lang.NullPointerExceptionstderr  : 
stderr  : 	at java.util.Objects.requireNonNull(Objects.java:203)stderr  : 
stderr  : 	at java.util.Arrays$ArrayList.<init>(Arrays.java:3813)stderr  : 
stderr  : 	at java.util.Arrays.asList(Arrays.java:3800)stderr  : 
stderr  : 	at eu.supersede.integration.api.proxy.IFServiceProxy.getObjectsListForType(IFServiceProxy.java:116)stderr  : 
stderr  : 	at eu.supersede.integration.api.datastore.proxies.IFDataStoreProxy.getSupersedePlatforms(IFDataStoreProxy.java:53)stderr  : 
stderr  : 	at eu.supersede.integration.federation.SupersedeFederation.<init>(SupersedeFederation.java:32)stderr  : 
stderr  : 	at eu.supersede.integration.properties.IntegrationProperty.getFederation(IntegrationProperty.java:94)stderr  : 
stderr  : 	at eu.supersede.integration.properties.IntegrationProperty.getLocalPlatform(IntegrationProperty.java:108)stderr  : 
stderr  : 	at eu.supersede.integration.properties.IntegrationProperty.getMBConnection(IntegrationProperty.java:85)stderr  : 
stderr  : 	at eu.supersede.integration.api.pubsub.TopicMessageAgent.<init>(TopicMessageAgent.java:37)stderr  : 
stderr  : 	at eu.supersede.integration.api.pubsub.TopicSubscriber.<init>(TopicSubscriber.java:66)stderr  : 
stderr  : 	at eu.supersede.integration.api.pubsub.evolution.EvolutionSubscriber.<init>(EvolutionSubscriber.java:14)stderr  : 
stderr  : 	at eu.supersede.integration.api.pubsub.test.EvolutionAlertPubSubTest.startSubscriber(EvolutionAlertPubSubTest.java:91)stderr  : 
stderr  : 	at eu.supersede.integration.api.pubsub.test.EvolutionAlertPubSubTest.run(EvolutionAlertPubSubTest.java:82)stderr  : 
stderr  : 	at java.lang.Thread.run(Thread.java:748)stderr  : 
stderr  : Exception in thread "Thread-3" stderr  : java.lang.NullPointerExceptionstderr  : 
stderr  : 	at eu.supersede.integration.federation.SupersedeFederation.getFederatedSupersedePlatform(SupersedeFederation.java:50)stderr  : 
stderr  : 	at eu.supersede.integration.properties.IntegrationProperty.getPlatform(IntegrationProperty.java:89)stderr  : 
stderr  : 	at eu.supersede.integration.properties.IntegrationProperty.computeMBConnection(IntegrationProperty.java:74)stderr  : 
stderr  : 	at eu.supersede.integration.properties.IntegrationProperty.getMBConnection(IntegrationProperty.java:85)stderr  : 
stderr  : 	at eu.supersede.integration.api.pubsub.TopicMessageAgent.<init>(TopicMessageAgent.java:37)stderr  : 
stderr  : 	at eu.supersede.integration.api.pubsub.TopicSubscriber.<init>(TopicSubscriber.java:66)stderr  : 
stderr  : 	at eu.supersede.integration.api.pubsub.evolution.EvolutionSubscriber.<init>(EvolutionSubscriber.java:14)stderr  : 
stderr  : 	at eu.supersede.integration.api.pubsub.test.EvolutionAlertPubSubTest.startSubscriber(EvolutionAlertPubSubTest.java:91)stderr  : 
stderr  : 	at eu.supersede.integration.api.pubsub.test.EvolutionAlertPubSubTest.run(EvolutionAlertPubSubTest.java:82)stderr  : 
stderr  : 	at java.lang.Thread.run(Thread.java:748)stderr  : 
stderr  : Oct 18, 2018 12:44:04 PM org.apache.axis2.deployment.util.TempFileManager <clinit>
INFO: TempFileManager::unable to delete /tmp/axis2-tmp-4224722419759687031.tmp
stderr  : Oct 18, 2018 12:46:19 PM org.apache.axis2.deployment.util.TempFileManager <clinit>
INFO: TempFileManager::unable to delete /tmp/axis2-tmp-4224722419759687031.tmp
stderr  : Exception in thread "Thread-3" stderr  : java.lang.NullPointerExceptionstderr  : 
stderr  : 	at eu.supersede.integration.properties.IntegrationProperty.getMBConnection(IntegrationProperty.java:85)stderr  : 
stderr  : 	at eu.supersede.integration.api.pubsub.TopicMessageAgent.<init>(TopicMessageAgent.java:37)stderr  : 
stderr  : 	at eu.supersede.integration.api.pubsub.TopicSubscriber.<init>(TopicSubscriber.java:66)stderr  : 
stderr  : 	at eu.supersede.integration.api.pubsub.test.PubSubTest.startSubscriber(PubSubTest.java:79)
stderr  : 	at eu.supersede.integration.api.pubsub.test.PubSubTest.run(PubSubTest.java:70)
	at java.lang.Thread.run(Thread.java:748)
stderr  : Oct 18, 2018 12:47:00 PM org.apache.axis2.deployment.util.TempFileManager <clinit>
INFO: TempFileManager::unable to delete /tmp/axis2-tmp-4224722419759687031.tmp
stderr  : Exception in thread "Thread-150" stderr  : java.lang.NullPointerException
stderr  : 	at eu.supersede.integration.properties.IntegrationProperty.getMBConnection(IntegrationProperty.java:85)stderr  : 
stderr  : 	at eu.supersede.integration.api.pubsub.TopicMessageAgent.<init>(TopicMessageAgent.java:37)stderr  : 
stderr  : 	at eu.supersede.integration.api.pubsub.TopicSubscriber.<init>(TopicSubscriber.java:66)stderr  : 
stderr  : 	at eu.supersede.integration.api.pubsub.test.PubSubTest.startSubscriber(PubSubTest.java:79)stderr  : 
stderr  : 	at eu.supersede.integration.api.pubsub.test.PubSubTest.run(PubSubTest.java:70)stderr  : 
stderr  : 	at java.lang.Thread.run(Thread.java:748)stderr  : 
stderr  : Oct 18, 2018 12:47:54 PM org.apache.axis2.deployment.util.TempFileManager <clinit>
INFO: TempFileManager::unable to delete /tmp/axis2-tmp-4224722419759687031.tmp
stderr  : Oct 18, 2018 12:48:17 PM org.apache.axis2.deployment.util.TempFileManager <clinit>
INFO: TempFileManager::unable to delete /tmp/axis2-tmp-4224722419759687031.tmp
stderr  : Oct 18, 2018 12:48:17 PM org.apache.axis2.deployment.util.TempFileManager <clinit>
INFO: TempFileManager::unable to delete /tmp/axis2-tmp-4224722419759687031.tmp
stderr  : Exception in thread "Thread-2" java.lang.NullPointerException
	at java.util.Hashtable.put(Hashtable.java:460)
	at eu.supersede.integration.api.pubsub.TopicMessageAgent.<init>(TopicMessageAgent.java:40)
	at eu.supersede.integration.api.pubsub.TopicSubscribestderr  : r.<init>(TopicSubscriber.java:66)
	at eu.supersede.integration.api.pubsub.test.PubSubTest.startSubscriber(PubSubTest.java:79)
	at eu.supersede.integration.api.pubsub.test.PubSubTest.run(PubSubTest.java:70)
	at java.lang.Thread.run(Thread.java:748)
stderr  : Oct 18, 2018 12:48:32 PM org.apache.axis2.deployment.util.TempFileManager <clinit>
INFO: TempFileManager::unable to delete /tmp/axis2-tmp-4224722419759687031.tmp
stderr  : Exception in thread "Thread-2" stderr  : java.lang.NullPointerException
stderr  : 	at eu.supersede.integration.api.pubsub.test.AdaptationAlertPubSubTest.startSubscriber(AdaptationAlertPubSubTest.java:93)
	at eu.supersede.integration.api.pubsub.test.AdaptationAlertPubSubTest.run(AdaptationAlertPubSubTest.java:78)stderr  : 
stderr  : 	at java.lang.Thread.run(Thread.java:748)stderr  : 
stderr  : Oct 18, 2018 12:48:57 PM org.apache.axis2.deployment.util.TempFileManager <clinit>
INFO: TempFileManager::unable to delete /tmp/axis2-tmp-4224722419759687031.tmp
stderr  : Oct 18, 2018 12:49:36 PM org.apache.axis2.deployment.util.TempFileManager <clinit>
INFO: TempFileManager::unable to delete /tmp/axis2-tmp-4224722419759687031.tmp
stderr  : Exception in thread "Thread-2" java.lang.NullPointerException
	at eu.supersede.integration.api.pubsub.test.EvolutionAlertPubSubTest.startSubscriber(EvolutionAlertPubSubTest.java:97)
	at eu.supersede.integration.api.pubsub.test.EvolutionAlertPubSubTest.run(stderr  : EvolutionAlertPubSubTest.java:82)
	at java.lang.Thread.run(Thread.java:748)
stderr  : Oct 18, 2018 12:50:29 PM org.apache.axis2.deployment.util.TempFileManager <clinit>
INFO: TempFileManager::unable to delete /tmp/axis2-tmp-4224722419759687031.tmp
stderr  : Oct 18, 2018 12:51:44 PM org.apache.axis2.deployment.util.TempFileManager <clinit>
INFO: TempFileManager::unable to delete /tmp/axis2-tmp-4224722419759687031.tmp
stderr  : Oct 18, 2018 12:52:19 PM org.apache.axis2.deployment.util.TempFileManager <clinit>
INFO: TempFileManager::unable to delete /tmp/axis2-tmp-4224722419759687031.tmp
stderr  : Oct 18, 2018 12:52:37 PM org.apache.axis2.deployment.util.TempFileManager <clinit>
INFO: TempFileManager::unable to delete /tmp/axis2-tmp-4224722419759687031.tmp
stderr  : java.lang.NullPointerExceptionstderr  : 
stderr  : 	at eu.supersede.integration.api.proxy.IFServiceProxy.getObjectsListForType(IFServiceProxy.java:110)stderr  : 
stderr  : 	at eu.supersede.integration.api.datastore.proxies.IFDataStoreProxy.getSupersedePlatforms(IFDataStoreProxy.java:53)stderr  : 
stderr  : 	at eu.supersede.integration.federation.SupersedeFederation.<init>(SupersedeFederation.java:32)stderr  : 
stderr  : 	at eu.supersede.integration.federation.test.IFSupersedeFederationTest.setup(IFSupersedeFederationTest.java:40)stderr  : 
stderr  : 	at sun.reflect.NativeMethodAccessorImpl.invoke0(Native Method)stderr  : 
stderr  : 	at sun.reflect.NativeMethodAccessorImpl.invoke(NativeMethodAccessorImpl.java:62)stderr  : 
stderr  : 	at sun.reflect.DelegatingMethodAccessorImpl.invoke(DelegatingMethodAccessorImpl.java:43)stderr  : 
stderr  : 	at java.lang.reflect.Method.invoke(Method.java:498)stderr  : 
stderr  : 	at org.junit.runners.model.FrameworkMethod$1.runReflectiveCall(FrameworkMethod.java:50)stderr  : 
stderr  : 	at org.junit.internal.runners.model.ReflectiveCallable.run(ReflectiveCallable.java:12)stderr  : 
stderr  : 	at org.junit.runners.model.FrameworkMethod.invokeExplosively(FrameworkMethod.java:47)stderr  : 
stderr  : 	at org.junit.internal.runners.statements.RunBefores.evaluate(RunBefores.java:24)stderr  : 
stderr  : 	at org.junit.runners.ParentRunner.run(ParentRunner.java:363)stderr  : 
stderr  : 	at org.pitest.junit.adapter.CustomRunnerExecutor.run(CustomRunnerExecutor.java:42)stderr  : 
stderr  : 	at org.pitest.junit.adapter.AdaptedJUnitTestUnit.execute(AdaptedJUnitTestUnit.java:69)stderr  : 
stderr  : 	at org.pitest.mutationtest.execute.MutationTimeoutDecorator.lambda$createRunnable$0(MutationTimeoutDecorator.java:83)stderr  : 
stderr  : 	at java.util.concurrent.Executors$RunnableAdapter.call(Executors.java:511)stderr  : 
stderr  : 	at java.util.concurrent.FutureTask.run(FutureTask.java:266)stderr  : 
stderr  : 	at java.lang.Thread.run(Thread.java:748)stderr  : 
stderr  : Oct 18, 2018 12:53:52 PM org.apache.axis2.deployment.util.TempFileManager <clinit>
INFO: TempFileManager::unable to delete /tmp/axis2-tmp-4224722419759687031.tmp
stderr  : Oct 18, 2018 12:53:58 PM org.apache.axis2.deployment.util.TempFileManager <clinit>
INFO: TempFileManager::unable to delete /tmp/axis2-tmp-4224722419759687031.tmp
stderr  : Oct 18, 2018 12:54:31 PM org.apache.axis2.deployment.util.TempFileManager <clinit>
INFO: TempFileManager::unable to delete /tmp/axis2-tmp-4224722419759687031.tmp
stderr  : Oct 18, 2018 12:55:08 PM org.apache.axis2.deployment.util.TempFileManager <clinit>
INFO: TempFileManager::unable to delete /tmp/axis2-tmp-4224722419759687031.tmp
stderr  : Oct 18, 2018 12:55:29 PM org.apache.axis2.deployment.util.TempFileManager <clinit>
INFO: TempFileManager::unable to delete /tmp/axis2-tmp-4224722419759687031.tmp
stderr  : Oct 18, 2018 12:55:42 PM org.apache.axis2.deployment.util.TempFileManager <clinit>
INFO: TempFileManager::unable to delete /tmp/axis2-tmp-4224722419759687031.tmp
stderr  : java.lang.NullPointerException
stderr  : 	at eu.supersede.integration.api.datastore.util.PasswordCrypt.hexStringToByteArray(PasswordCrypt.java:54)
	at eu.supersede.integration.api.datastore.util.PasswordCrypt.decryptPassword(PasswordCrypt.java:90)stderr  : 
	at eu.supersede.integration.api.datastore.proxies.IFDataStoreProxy.getSupersedePlatforms(IFDataStoreProxy.java:58)
	at eu.supersede.integration.federation.SupersedeFederation.<init>(SupersedeFederation.java:32)
	at eu.supersede.integration.federation.tesstderr  : t.IFSupersedeFederationTest.setup(IFSupersedeFederationTest.java:40)stderr  : 
stderr  : 	at sun.reflect.NativeMethodAccessorImpl.invoke0(Native Method)
stderr  : 	at sun.reflect.NativeMethodAccessorImpl.invoke(NativeMethodAccessorImpl.java:62)
	at sun.reflect.DelegatingMethodAccessorImpl.invoke(DelegatingMethodAccessorImpl.java:43)
	at java.lang.reflect.Method.invoke(Method.java:498)
	at org.junit.runners.model.Frastderr  : meworkMethod$1.runReflectiveCall(FrameworkMethod.java:50)
	at org.junit.internal.runners.model.ReflectiveCallable.run(ReflectiveCallable.java:12)
	at org.junit.runners.model.FrameworkMethod.invokeExplosively(FrameworkMethod.java:47)
	at org.junit.internal.stderr  : runners.statements.RunBefores.evaluate(RunBefores.java:24)
	at org.junit.runners.ParentRunner.run(ParentRunner.java:363)
	at org.pitest.junit.adapter.CustomRunnerExecutor.run(CustomRunnerExecutor.java:42)
	at org.pitest.junit.adapter.AdaptedJUnitTestUnit.estderr  : xecute(AdaptedJUnitTestUnit.java:69)
	at org.pitest.mutationtest.execute.MutationTimeoutDecorator.lambda$createRunnable$0(MutationTimeoutDecorator.java:83)stderr  : 
	at java.util.concurrent.Executors$RunnableAdapter.call(Executors.java:511)
	at java.util.concurrent.FutureTask.run(FutureTask.java:266)
	at java.lang.Thread.run(Thread.java:748)
stderr  : Oct 18, 2018 12:55:59 PM org.apache.axis2.deployment.util.TempFileManager <clinit>
INFO: TempFileManager::unable to delete /tmp/axis2-tmp-4224722419759687031.tmp
stderr  : Oct 18, 2018 12:56:19 PM org.apache.axis2.deployment.util.TempFileManager <clinit>
INFO: TempFileManager::unable to delete /tmp/axis2-tmp-4224722419759687031.tmp
stderr  : Oct 18, 2018 12:56:34 PM org.apache.axis2.deployment.util.TempFileManager <clinit>
INFO: TempFileManager::unable to delete /tmp/axis2-tmp-4224722419759687031.tmp
stderr  : Oct 18, 2018 12:56:40 PM org.apache.axis2.deployment.util.TempFileManager <clinit>
INFO: TempFileManager::unable to delete /tmp/axis2-tmp-4224722419759687031.tmp
stderr  : Oct 18, 2018 12:56:40 PM org.apache.axis2.deployment.util.TempFileManager <clinit>
INFO: TempFileManager::unable to delete /tmp/axis2-tmp-4224722419759687031.tmp
stderr  : Oct 18, 2018 12:56:42 PM org.apache.axis2.deployment.util.TempFileManager <clinit>
INFO: TempFileManager::unable to delete /tmp/axis2-tmp-4224722419759687031.tmp
stderr  : java.lang.IllegalArgumentException: Provide a valid authentication tokenstderr  : 
stderr  : 	at org.springframework.util.Assert.notNull(Assert.java:115)stderr  : 
stderr  : 	at eu.supersede.integration.api.datastore.proxies.IFDataStoreProxy.getSupersedePlatforms(IFDataStoreProxy.java:48)stderr  : 
stderr  : 	at eu.supersede.integration.federation.SupersedeFederation.<init>(SupersedeFederation.java:32)stderr  : 
stderr  : 	at eu.supersede.integration.federation.test.IFSupersedeFederationTest.setup(IFSupersedeFederationTest.java:40)stderr  : 
stderr  : 	at sun.reflect.NativeMethodAccessorImpl.invoke0(Native Method)
	at sun.reflect.NativeMethodAccessorImpl.invoke(NativeMethodAccessorImpl.java:62)
stderr  : 	at sun.reflect.DelegatingMethodAccessorImpl.invoke(DelegatingMethodAccessorImpl.java:43)
	at java.lang.reflect.Method.invoke(Method.java:498)
	at org.junit.runners.model.FrameworkMethod$1.runReflectiveCall(FrameworkMethod.java:50)
	at org.junit.internal.rstderr  : unners.model.ReflectiveCallable.run(ReflectiveCallable.java:12)
	at org.junit.runners.model.FrameworkMethod.invokeExplosively(FrameworkMethod.java:47)
	at org.junit.internal.runners.statements.RunBefores.evaluate(RunBefores.java:24)
	at org.junit.runners.Pstderr  : arentRunner.run(ParentRunner.java:363)
	at org.pitest.junit.adapter.CustomRunnerExecutor.run(CustomRunnerExecutor.java:42)
	at org.pitest.junit.adapter.AdaptedJUnitTestUnit.execute(AdaptedJUnitTestUnit.java:69)
	at org.pitest.mutationtest.execute.MutationTstderr  : imeoutDecorator.lambda$createRunnable$0(MutationTimeoutDecorator.java:83)
	at java.util.concurrent.Executors$RunnableAdapter.call(Executors.java:511)
	at java.util.concurrent.FutureTask.run(FutureTask.java:266)
	at java.lang.Thread.run(Thread.java:748)
stderr  : Oct 18, 2018 12:57:16 PM org.apache.axis2.deployment.util.TempFileManager <clinit>
INFO: TempFileManager::unable to delete /tmp/axis2-tmp-4224722419759687031.tmp
stderr  : Exception in thread "Thread-2" stderr  : java.lang.NullPointerException
stderr  : 	at eu.supersede.integration.api.pubsub.test.EvolutionAlertPubSubTest.startSubscriber(EvolutionAlertPubSubTest.java:104)
stderr  : 	at eu.supersede.integration.api.pubsub.test.EvolutionAlertPubSubTest.run(EvolutionAlertPubSubTest.java:82)
	at java.lang.Thread.run(Thread.java:748)
stderr  : Oct 18, 2018 12:57:28 PM org.apache.axis2.deployment.util.TempFileManager <clinit>
INFO: TempFileManager::unable to delete /tmp/axis2-tmp-4224722419759687031.tmp
stderr  : Oct 18, 2018 12:57:36 PM org.apache.axis2.deployment.util.TempFileManager <clinit>
INFO: TempFileManager::unable to delete /tmp/axis2-tmp-4224722419759687031.tmp
stderr  : Oct 18, 2018 12:57:46 PM org.apache.axis2.deployment.util.TempFileManager <clinit>
INFO: TempFileManager::unable to delete /tmp/axis2-tmp-4224722419759687031.tmp
stderr  : Oct 18, 2018 12:57:54 PM org.apache.axis2.deployment.util.TempFileManager <clinit>
INFO: TempFileManager::unable to delete /tmp/axis2-tmp-4224722419759687031.tmp
stderr  : Oct 18, 2018 12:57:55 PM org.apache.axis2.deployment.util.TempFileManager <clinit>
INFO: TempFileManager::unable to delete /tmp/axis2-tmp-4224722419759687031.tmp
stderr  : Exception in thread "Thread-2" stderr  : java.lang.NullPointerException
stderr  : 	at eu.supersede.integration.api.pubsub.test.EvolutionAlertPubSubTest.startSubscriber(EvolutionAlertPubSubTest.java:104)
	at eu.supersede.integration.api.pubsub.test.EvolutionAlertPubSubTest.run(EvolutionAlertPubSubTest.java:82)
stderr  : 	at java.lang.Thread.run(Thread.java:748)
stderr  : Exception in thread "Thread-34" stderr  : java.lang.NullPointerException
	at eu.supersede.integration.api.pubsub.test.EvolutionAlertPubSubTest.startSubscriber(EvolutionAlertPubSubTest.java:104)stderr  : 
	at eu.supersede.integration.api.pubsub.test.EvolutionAlertPubSubTest.run(EvolutionAlertPubSubTest.java:82)
	at java.lang.Thread.run(Thread.java:748)
stderr  : Oct 18, 2018 12:58:30 PM org.apache.axis2.deployment.util.TempFileManager <clinit>
INFO: TempFileManager::unable to delete /tmp/axis2-tmp-4224722419759687031.tmp
stderr  : Exception in thread "Thread-2" java.lang.NullPointerException
	at eu.supersede.integration.api.pubsub.test.EvolutionAlertPubSubTest.startSubscriber(EvolutionAlertPubSubTest.java:104)
	at eu.supersede.integration.api.pubsub.test.EvolutionAlertPubSubTest.runstderr  : (EvolutionAlertPubSubTest.java:82)
	at java.lang.Thread.run(Thread.java:748)
stderr  : Oct 18, 2018 12:58:34 PM org.apache.axis2.deployment.util.TempFileManager <clinit>
INFO: TempFileManager::unable to delete /tmp/axis2-tmp-4224722419759687031.tmp
stderr  : Oct 18, 2018 12:58:35 PM org.apache.axis2.deployment.util.TempFileManager <clinit>
INFO: TempFileManager::unable to delete /tmp/axis2-tmp-4224722419759687031.tmp
stderr  : Oct 18, 2018 12:58:36 PM org.apache.axis2.deployment.util.TempFileManager <clinit>
INFO: TempFileManager::unable to delete /tmp/axis2-tmp-4224722419759687031.tmp
stderr  : java.lang.NullPointerException
stderr  : 	at com.fasterxml.jackson.core.JsonFactory.createParser(JsonFactory.java:879)
stderr  : 	at com.fasterxml.jackson.databind.ObjectMapper.readValue(ObjectMapper.java:2842)
	at eu.supersede.integration.api.json.JsonUtils.deserializeJsonStringAsObject(JsonUtils.java:59)
	at eu.supersede.integration.api.pubsub.test.AlertPubSubTest$AlertMessageListstderr  : ener.onMessage(AlertPubSubTest.java:127)
	at org.wso2.andes.client.BasicMessageConsumer.notifyMessage(BasicMessageConsumer.java:747)
	at org.wso2.andes.client.BasicMessageConsumer.notifyMessage(BasicMessageConsumer.java:721)
	at org.wso2.andes.client.AMQSestderr  : ssion$Dispatcher.notifyConsumer(AMQSession.java:3537)
	at org.wso2.andes.client.AMQSession$Dispatcher.dispatchMessage(AMQSession.java:3477)
	at org.wso2.andes.client.AMQSession$Dispatcher.access$1200(AMQSession.java:3226)
	at org.wso2.andes.client.AMQSessistderr  : on.dispatch(AMQSession.java:3219)
	at org.wso2.andes.client.message.UnprocessedMessage.dispatch(UnprocessedMessage.java:54)
	at org.wso2.andes.client.AMQSession$Dispatcher.run(AMQSession.java:3399)
	at java.lang.Thread.run(Thread.java:748)
stderr  : com.fasterxml.jackson.core.JsonParseException: Unrecognized token 'Analysis': was expecting ('true', 'false' or 'null')
 at [Source: Analysis event for DM: detected memory leak in managed system; line: 1, column: 9]stderr  : 
stderr  : 	at com.fasterxml.jackson.core.JsonParser._constructError(JsonParser.java:1702)stderr  : 
stderr  : 	at com.fasterxml.jackson.core.base.ParserMinimalBase._reportError(ParserMinimalBase.java:558)stderr  : 
stderr  : 	at com.fasterxml.jackson.core.json.ReaderBasedJsonParser._reportInvalidToken(ReaderBasedJsonParser.java:2835)stderr  : 
stderr  : 	at com.fasterxml.jackson.core.json.ReaderBasedJsonParser._handleOddValue(ReaderBasedJsonParser.java:1903)stderr  : 
stderr  : 	at com.fasterxml.jackson.core.json.ReaderBasedJsonParser.nextToken(ReaderBasedJsonParser.java:749)stderr  : 
stderr  : 	at com.fasterxml.jackson.databind.ObjectMapper._initForReading(ObjectMapper.java:3834)stderr  : 
stderr  : 	at com.fasterxml.jackson.databind.ObjectMapper._readMapAndClose(ObjectMapper.java:3783)stderr  : 
	at com.fasterxml.jackson.databind.ObjectMapper.readValue(ObjectMapper.java:2842)
	at eu.supersede.integration.api.json.JsonUtils.deserializeJsonStringAsObject(JsonUtils.java:59)
	at eu.supersede.integration.api.pubsub.test.AlertPubSubTest$AlertMessageLisstderr  : tener.onMessage(AlertPubSubTest.java:127)
	at org.wso2.andes.client.BasicMessageConsumer.notifyMessage(BasicMessageConsumer.java:747)
	at org.wso2.andes.client.BasicMessageConsumer.notifyMessage(BasicMessageConsumer.java:721)
	at org.wso2.andes.client.AMQSstderr  : ession$Dispatcher.notifyConsumer(AMQSession.java:3537)
	at org.wso2.andes.client.AMQSession$Dispatcher.dispatchMessage(AMQSession.java:3477)
	at org.wso2.andes.client.AMQSession$Dispatcher.access$1200(AMQSession.java:3226)
	at org.wso2.andes.client.AMQSessstderr  : ion.dispatch(AMQSession.java:3219)
	at org.wso2.andes.client.message.UnprocessedMessage.dispatch(UnprocessedMessage.java:54)
	at org.wso2.andes.client.AMQSession$Dispatcher.run(AMQSession.java:3399)
	at java.lang.Thread.run(Thread.java:748)
stderr  : Oct 18, 2018 12:58:58 PM org.apache.axis2.deployment.util.TempFileManager <clinit>
INFO: TempFileManager::unable to delete /tmp/axis2-tmp-4224722419759687031.tmp
stderr  : Oct 18, 2018 12:59:10 PM org.apache.axis2.deployment.util.TempFileManager <clinit>
INFO: TempFileManager::unable to delete /tmp/axis2-tmp-4224722419759687031.tmp
stderr  : Oct 18, 2018 12:59:11 PM org.apache.axis2.deployment.util.TempFileManager <clinit>
INFO: TempFileManager::unable to delete /tmp/axis2-tmp-4224722419759687031.tmp
stderr  : org.springframework.web.client.ResourceAccessException: I/O error on POST request for "https://supersede.es.atos.net:9445/oauth2/token": HTTPS hostname wrong:  should be <supersede.es.atos.net>; nested exception is java.io.IOException: HTTPS hostname wrongstderr  : :  should be <supersede.es.atos.net>stderr  : 
stderr  : 	at org.springframework.web.client.RestTemplate.doExecute(RestTemplate.java:633)stderr  : 
stderr  : 	at org.springframework.web.client.RestTemplate.execute(RestTemplate.java:595)stderr  : 
stderr  : 	at org.springframework.web.client.RestTemplate.exchange(RestTemplate.java:557)stderr  : 
stderr  : 	at eu.supersede.integration.api.security.IFAuthenticationManager.getAuthorizationToken(IFAuthenticationManager.java:316)stderr  : 
stderr  : 	at eu.supersede.integration.federation.SupersedeFederation.<init>(SupersedeFederation.java:27)stderr  : 
stderr  : 	at eu.supersede.integration.federation.test.IFSupersedeFederationTest.setup(IFSupersedeFederationTest.java:40)stderr  : 
stderr  : 	at sun.reflect.NativeMethodAccessorImpl.invoke0(Native Method)stderr  : 
stderr  : 	at sun.reflect.NativeMethodAccessorImpl.invoke(NativeMethodAccessorImpl.java:62)stderr  : 
stderr  : 	at sun.reflect.DelegatingMethodAccessorImpl.invoke(DelegatingMethodAccessorImpl.java:43)stderr  : 
stderr  : 	at java.lang.reflect.Method.invoke(Method.java:498)stderr  : 
stderr  : 	at org.junit.runners.model.FrameworkMethod$1.runReflectiveCall(FrameworkMethod.java:50)stderr  : 
stderr  : 	at org.junit.internal.runners.model.ReflectiveCallable.run(ReflectiveCallable.java:12)stderr  : 
stderr  : 	at org.junit.runners.model.FrameworkMethod.invokeExplosively(FrameworkMethod.java:47)stderr  : 
stderr  : 	at org.junit.internal.runners.statements.RunBefores.evaluate(RunBefores.java:24)stderr  : 
stderr  : 	at org.junit.runners.ParentRunner.run(ParentRunner.java:363)stderr  : 
stderr  : 	at org.pitest.junit.adapter.CustomRunnerExecutor.run(CustomRunnerExecutor.java:42)stderr  : 
	at org.pitest.junit.adapter.AdaptedJUnitTestUnit.execute(AdaptedJUnitTestUnit.java:69)
	at org.pitest.mutationtest.execute.MutationTimeoutDecorator.lambda$createRunnable$0(MutationTimeoutDecorator.java:83)
	at java.util.concurrent.Executors$RunnableAdaptstderr  : er.call(Executors.java:511)
	at java.util.concurrent.FutureTask.run(FutureTask.java:266)
	at java.lang.Thread.run(Thread.java:748)
Caused by: java.io.IOException: HTTPS hostname wrong:  should be <supersede.es.atos.net>
	at sun.net.www.protocol.https.Httpsstderr  : Client.checkURLSpoofing(HttpsClient.java:649)
	at sun.net.www.protocol.https.HttpsClient.afterConnect(HttpsClient.java:573)
	at sun.net.www.protocol.https.AbstractDelegateHttpsURLConnection.connect(AbstractDelegateHttpsURLConnection.java:185)
	at sun.net.wstderr  : ww.protocol.https.HttpsURLConnectionImpl.connect(HttpsURLConnectionImpl.java:162)
	at org.springframework.http.client.SimpleBufferingClientHttpRequest.executeInternal(SimpleBufferingClientHttpRequest.java:78)
	at org.springframework.http.client.AbstractBufstderr  : feringClientHttpRequest.executeInternal(AbstractBufferingClientHttpRequest.java:48)
	at org.springframework.http.client.AbstractClientHttpRequest.execute(AbstractClientHttpRequest.java:53)
	at org.springframework.web.client.RestTemplate.doExecute(RestTemplstderr  : ate.java:619)
	... 20 more
stderr  : org.springframework.web.client.ResourceAccessException: I/O error on POST request for "https://supersede.es.atos.net:9445/oauth2/token": HTTPS hostname wrong:  should be <supersede.es.atos.net>; nested exception is java.io.IOException: HTTPS hostname wrongstderr  : :  should be <supersede.es.atos.net>
	at org.springframework.web.client.RestTemplate.doExecute(RestTemplate.java:633)
	at org.springframework.web.client.RestTemplate.execute(RestTemplate.java:595)
	at org.springframework.web.client.RestTemplate.exchange(Restderr  : stTemplate.java:557)
	at eu.supersede.integration.api.security.IFAuthenticationManager.getAuthorizationToken(IFAuthenticationManager.java:316)
	at eu.supersede.integration.federation.SupersedeFederation.<init>(SupersedeFederation.java:27)
	at eu.supersede.stderr  : integration.federation.test.IFSupersedeFederationTest.setup(IFSupersedeFederationTest.java:40)
	at sun.reflect.NativeMethodAccessorImpl.invoke0(Native Method)
	at sun.reflect.NativeMethodAccessorImpl.invoke(NativeMethodAccessorImpl.java:62)
	at sun.reflectstderr  : .DelegatingMethodAccessorImpl.invoke(DelegatingMethodAccessorImpl.java:43)
	at java.lang.reflect.Method.invoke(Method.java:498)
	at org.junit.runners.model.FrameworkMethod$1.runReflectiveCall(FrameworkMethod.java:50)
	at org.junit.internal.runners.model.Restderr  : flectiveCallable.run(ReflectiveCallable.java:12)
	at org.junit.runners.model.FrameworkMethod.invokeExplosively(FrameworkMethod.java:47)
	at org.junit.internal.runners.statements.RunBefores.evaluate(RunBefores.java:24)
	at org.junit.runners.ParentRunner.runstderr  : (ParentRunner.java:363)
	at org.pitest.junit.adapter.CustomRunnerExecutor.run(CustomRunnerExecutor.java:42)
	at org.pitest.junit.adapter.AdaptedJUnitTestUnit.execute(AdaptedJUnitTestUnit.java:69)
	at org.pitest.mutationtest.execute.MutationTimeoutDecoratorstderr  : .lambda$createRunnable$0(MutationTimeoutDecorator.java:83)
	at java.util.concurrent.Executors$RunnableAdapter.call(Executors.java:511)
	at java.util.concurrent.FutureTask.run(FutureTask.java:266)
	at java.lang.Thread.run(Thread.java:748)
Caused by: java.iostderr  : .IOException: HTTPS hostname wrong:  should be <supersede.es.atos.net>
	at sun.net.www.protocol.https.HttpsClient.checkURLSpoofing(HttpsClient.java:649)
	at sun.net.www.protocol.https.HttpsClient.afterConnect(HttpsClient.java:573)
	at sun.net.www.protocol.stderr  : https.AbstractDelegateHttpsURLConnection.connect(AbstractDelegateHttpsURLConnection.java:185)
	at sun.net.www.protocol.https.HttpsURLConnectionImpl.connect(HttpsURLConnectionImpl.java:162)
	at org.springframework.http.client.SimpleBufferingClientHttpRequesstderr  : t.executeInternal(SimpleBufferingClientHttpRequest.java:78)
	at org.springframework.http.client.AbstractBufferingClientHttpRequest.executeInternal(AbstractBufferingClientHttpRequest.java:48)
	at org.springframework.http.client.AbstractClientHttpRequest.exestderr  : cute(AbstractClientHttpRequest.java:53)
	at org.springframework.web.client.RestTemplate.doExecute(RestTemplate.java:619)
	... 20 more
stderr  : Exception in thread "Thread-2" stderr  : java.lang.NullPointerExceptionstderr  : 
stderr  : 	at eu.supersede.integration.api.pubsub.test.EvolutionAlertPubSubTest.startSubscriber(EvolutionAlertPubSubTest.java:104)stderr  : 
stderr  : 	at eu.supersede.integration.api.pubsub.test.EvolutionAlertPubSubTest.run(EvolutionAlertPubSubTest.java:82)stderr  : 
	at java.lang.Thread.run(Thread.java:748)
stderr  : Oct 18, 2018 12:59:14 PM org.apache.axis2.deployment.util.TempFileManager <clinit>
INFO: TempFileManager::unable to delete /tmp/axis2-tmp-4224722419759687031.tmp
stderr  : Oct 18, 2018 12:59:19 PM org.apache.axis2.deployment.util.TempFileManager <clinit>
INFO: TempFileManager::unable to delete /tmp/axis2-tmp-4224722419759687031.tmp
stderr  : Oct 18, 2018 12:59:30 PM org.apache.axis2.deployment.util.TempFileManager <clinit>
INFO: TempFileManager::unable to delete /tmp/axis2-tmp-4224722419759687031.tmp
stderr  : Oct 18, 2018 12:59:55 PM org.apache.axis2.deployment.util.TempFileManager <clinit>
INFO: TempFileManager::unable to delete /tmp/axis2-tmp-4224722419759687031.tmp
stderr  : Oct 18, 2018 12:59:58 PM org.apache.axis2.deployment.util.TempFileManager <clinit>
INFO: TempFileManager::unable to delete /tmp/axis2-tmp-4224722419759687031.tmp
stderr  : Oct 18, 2018 1:00:12 PM org.apache.axis2.deployment.util.TempFileManager <clinit>
INFO: TempFileManager::unable to delete /tmp/axis2-tmp-4224722419759687031.tmp
stderr  : org.springframework.web.client.ResourceAccessException: I/O error on POST request for "https://supersede.es.atos.net:9445/oauth2/token": java.lang.RuntimeException; nested exception is javax.net.ssl.SSLException: java.lang.RuntimeException
stderr  : 	at org.springframework.web.client.RestTemplate.doExecute(RestTemplate.java:633)
	at org.springframework.web.client.RestTemplate.execute(RestTemplate.java:595)
	at org.springframework.web.client.RestTemplate.exchange(RestTemplate.java:557)
	at eu.supersedestderr  : .integration.api.security.IFAuthenticationManager.getAuthorizationToken(IFAuthenticationManager.java:316)
	at eu.supersede.integration.federation.SupersedeFederation.<init>(SupersedeFederation.java:27)
	at eu.supersede.integration.federation.test.IFSupersestderr  : deFederationTest.setup(IFSupersedeFederationTest.java:40)
	at sun.reflect.NativeMethodAccessorImpl.invoke0(Native Method)
	at sun.reflect.NativeMethodAccessorImpl.invoke(NativeMethodAccessorImpl.java:62)
	at sun.reflect.DelegatingMethodAccessorImpl.invoke(stderr  : DelegatingMethodAccessorImpl.java:43)
	at java.lang.reflect.Method.invoke(Method.java:498)
	at org.junit.runners.model.FrameworkMethod$1.runReflectiveCall(FrameworkMethod.java:50)
	at org.junit.internal.runners.model.ReflectiveCallable.run(ReflectiveCallabstderr  : le.java:12)
	at org.junit.runners.model.FrameworkMethod.invokeExplosively(FrameworkMethod.java:47)
	at org.junit.internal.runners.statements.RunBefores.evaluate(RunBefores.java:24)
	at org.junit.runners.ParentRunner.run(ParentRunner.java:363)
	at org.pitesstderr  : t.junit.adapter.CustomRunnerExecutor.run(CustomRunnerExecutor.java:42)
	at org.pitest.junit.adapter.AdaptedJUnitTestUnit.execute(AdaptedJUnitTestUnit.java:69)
	at org.pitest.mutationtest.execute.MutationTimeoutDecorator.lambda$createRunnable$0(MutationTimestderr  : outDecorator.java:83)
	at java.util.concurrent.Executors$RunnableAdapter.call(Executors.java:511)
	at java.util.concurrent.FutureTask.run(FutureTask.java:266)
	at java.lang.Thread.run(Thread.java:748)
Caused by: javax.net.ssl.SSLException: java.lang.Runtimstderr  : eException
	at sun.security.ssl.Alerts.getSSLException(Alerts.java:208)
	at sun.security.ssl.SSLSocketImpl.fatal(SSLSocketImpl.java:1964)
	at sun.security.ssl.SSLSocketImpl.fatal(SSLSocketImpl.java:1921)
	at sun.security.ssl.SSLSocketImpl.handleException(Sstderr  : SLSocketImpl.java:1904)
	at sun.security.ssl.SSLSocketImpl.startHandshake(SSLSocketImpl.java:1420)
	at sun.security.ssl.SSLSocketImpl.startHandshake(SSLSocketImpl.java:1397)
	at sun.net.www.protocol.https.HttpsClient.afterConnect(HttpsClient.java:559)
	at stderr  : sun.net.www.protocol.https.AbstractDelegateHttpsURLConnection.connect(AbstractDelegateHttpsURLConnection.java:185)
	at sun.net.www.protocol.https.HttpsURLConnectionImpl.connect(HttpsURLConnectionImpl.java:162)
	at org.springframework.http.client.SimpleBuffstderr  : eringClientHttpRequest.executeInternal(SimpleBufferingClientHttpRequest.java:78)
	at org.springframework.http.client.AbstractBufferingClientHttpRequest.executeInternal(AbstractBufferingClientHttpRequest.java:48)
	at org.springframework.http.client.Abstractstderr  : ClientHttpRequest.execute(AbstractClientHttpRequest.java:53)
	at org.springframework.web.client.RestTemplate.doExecute(RestTemplate.java:619)
	... 20 more
Caused by: java.lang.RuntimeException
	at eu.supersede.integration.api.security.IFAuthenticationManagstderr  : er$1.getAcceptedIssuers(IFAuthenticationManager.java:74)
	at sun.security.ssl.AbstractTrustManagerWrapper.checkAlgorithmConstraints(SSLContextImpl.java:1098)
	at sun.security.ssl.AbstractTrustManagerWrapper.checkAdditionalTrust(SSLContextImpl.java:1044)
	astderr  : t sun.security.ssl.AbstractTrustManagerWrapper.checkServerTrusted(SSLContextImpl.java:986)
	at sun.security.ssl.ClientHandshaker.serverCertificate(ClientHandshaker.java:1596)
	at sun.security.ssl.ClientHandshaker.processMessage(ClientHandshaker.java:216)
	stderr  : at sun.security.ssl.Handshaker.processLoop(Handshaker.java:1052)
	at sun.security.ssl.Handshaker.process_record(Handshaker.java:987)
	at sun.security.ssl.SSLSocketImpl.readRecord(SSLSocketImpl.java:1072)
	at sun.security.ssl.SSLSocketImpl.performInitialHanstderr  : dshake(SSLSocketImpl.java:1385)
	at sun.security.ssl.SSLSocketImpl.startHandshake(SSLSocketImpl.java:1413)
	... 28 more
/stderr  : Oct 18, 2018 1:04:51 PM org.apache.axis2.deployment.util.TempFileManager <clinit>
INFO: TempFileManager::unable to delete /tmp/axis2-tmp-4224722419759687031.tmp
stderr  : Oct 18, 2018 1:15:48 PM org.apache.axis2.deployment.util.TempFileManager <clinit>
INFO: TempFileManager::unable to delete /tmp/axis2-tmp-4224722419759687031.tmp
stderr  : Oct 18, 2018 1:22:13 PM org.apache.axis2.deployment.util.TempFileManager <clinit>
INFO: TempFileManager::unable to delete /tmp/axis2-tmp-4224722419759687031.tmp
stderr  : java.lang.NullPointerException
stderr  : 	at eu.supersede.integration.api.datastore.proxies.IFDataStoreProxy.getSupersedePlatforms(IFDataStoreProxy.java:57)
	at eu.supersede.integration.federation.SupersedeFederation.<init>(SupersedeFederation.java:32)
	at eu.supersede.integration.federation.teststderr  : .IFSupersedeFederationTest.setup(IFSupersedeFederationTest.java:40)
	at sun.reflect.NativeMethodAccessorImpl.invoke0(Native Method)
	at sun.reflect.NativeMethodAccessorImpl.invoke(NativeMethodAccessorImpl.java:62)
	at sun.reflect.DelegatingMethodAccessorImstderr  : pl.invoke(DelegatingMethodAccessorImpl.java:43)
	at java.lang.reflect.Method.invoke(Method.java:498)
	at org.junit.runners.model.FrameworkMethod$1.runReflectiveCall(FrameworkMethod.java:50)
	at org.junit.internal.runners.model.ReflectiveCallable.run(Reflecstderr  : tiveCallable.java:12)
	at org.junit.runners.model.FrameworkMethod.invokeExplosively(FrameworkMethod.java:47)
	at org.junit.internal.runners.statements.RunBefores.evaluate(RunBefores.java:24)
	at org.junit.runners.ParentRunner.run(ParentRunner.java:363)
	atstderr  :  org.pitest.junit.adapter.CustomRunnerExecutor.run(CustomRunnerExecutor.java:42)
	at org.pitest.junit.adapter.AdaptedJUnitTestUnit.execute(AdaptedJUnitTestUnit.java:69)
	at org.pitest.mutationtest.execute.MutationTimeoutDecorator.lambda$createRunnable$0(Mustderr  : tationTimeoutDecorator.java:83)
	at java.util.concurrent.Executors$RunnableAdapter.call(Executors.java:511)
	at java.util.concurrent.FutureTask.run(FutureTask.java:266)
	at java.lang.Thread.run(Thread.java:748)
stderr  : Oct 18, 2018 1:29:43 PM org.apache.axis2.deployment.util.TempFileManager <clinit>
INFO: TempFileManager::unable to delete /tmp/axis2-tmp-4224722419759687031.tmp
stderr  : Oct 18, 2018 1:36:45 PM org.apache.axis2.deployment.util.TempFileManager <clinit>
INFO: TempFileManager::unable to delete /tmp/axis2-tmp-4224722419759687031.tmp
-\|/-\|/-\|/-\|/-\|/-\|/-\|/-\|/-\|/-\|/-\|/-\|/-\|/-\|/-\|/-\|/-\|/-\|/-\|/-\|/-\|/-\|/-\|/-\|/-\|/-\|/-\|/-\|/-\|/-\|/-\|/-\|/-\|/-\|/-\|/-\|/-\|/-\|/-\|/-\|/-\|/-\|/-\|/-\|/-\|/-\|/-\|/-\|/-\|/-\|/-\|/-\|/-\|/-\|/-\|/-================================================================================
- Mutators
================================================================================
> org.pitest.mutationtest.engine.gregor.mutators.ConditionalsBoundaryMutator
>> Generated 29 Killed 6 (21%)
> KILLED 4 SURVIVED 5 TIMED_OUT 2 NON_VIABLE 0 
> MEMORY_ERROR 0 NOT_STARTED 0 STARTED 0 RUN_ERROR 0 
> NO_COVERAGE 18 
--------------------------------------------------------------------------------
> org.pitest.mutationtest.engine.gregor.mutators.IncrementsMutator
>> Generated 8 Killed 2 (25%)
> KILLED 2 SURVIVED 0 TIMED_OUT 0 NON_VIABLE 0 
> MEMORY_ERROR 0 NOT_STARTED 0 STARTED 0 RUN_ERROR 0 
> NO_COVERAGE 6 
--------------------------------------------------------------------------------
> org.pitest.mutationtest.engine.gregor.mutators.VoidMethodCallMutator
>> Generated 793 Killed 90 (11%)
> KILLED 54 SURVIVED 301 TIMED_OUT 36 NON_VIABLE 0 
> MEMORY_ERROR 0 NOT_STARTED 0 STARTED 0 RUN_ERROR 0 
> NO_COVERAGE 402 
--------------------------------------------------------------------------------
> org.pitest.mutationtest.engine.gregor.mutators.ReturnValsMutator
>> Generated 1197 Killed 380 (32%)
> KILLED 351 SURVIVED 107 TIMED_OUT 29 NON_VIABLE 0 
> MEMORY_ERROR 0 NOT_STARTED 0 STARTED 0 RUN_ERROR 0 
> NO_COVERAGE 710 
--------------------------------------------------------------------------------
> org.pitest.mutationtest.engine.gregor.mutators.MathMutator
>> Generated 11 Killed 6 (55%)
> KILLED 6 SURVIVED 2 TIMED_OUT 0 NON_VIABLE 0 
> MEMORY_ERROR 0 NOT_STARTED 0 STARTED 0 RUN_ERROR 0 
> NO_COVERAGE 3 
--------------------------------------------------------------------------------
> org.pitest.mutationtest.engine.gregor.mutators.NegateConditionalsMutator
>> Generated 359 Killed 91 (25%)
> KILLED 77 SURVIVED 77 TIMED_OUT 14 NON_VIABLE 0 
> MEMORY_ERROR 0 NOT_STARTED 0 STARTED 0 RUN_ERROR 0 
> NO_COVERAGE 191 
--------------------------------------------------------------------------------
================================================================================
- Timings
================================================================================
> scan classpath : < 1 second
> coverage and dependency analysis : 4 minutes and 11 seconds
> build mutation tests : 1 seconds
> run mutation analysis : 3 hours, 1 minutes and 26 seconds
--------------------------------------------------------------------------------
> Total  : 3 hours, 5 minutes and 39 seconds
--------------------------------------------------------------------------------
================================================================================
- Statistics
================================================================================
>> Generated 2397 mutations Killed 575 (24%)
>> Ran 12271 tests (5.12 tests per mutation)
[INFO] ------------------------------------------------------------------------
[INFO] BUILD SUCCESS
[INFO] ------------------------------------------------------------------------
[INFO] Total time: 03:05 h
[INFO] Finished at: 2018-10-18T15:41:19+02:00
[INFO] ------------------------------------------------------------------------
