[INFO] Scanning for projects...
[INFO] 
[INFO] ----------------< eu.supersede.if:eu.supersede.if.api >-----------------
[INFO] Building eu.supersede.if.api 0.4.0-SNAPSHOT
[INFO] --------------------------------[ jar ]---------------------------------
[WARNING] The POM for org.wso2.carbon:org.wso2.carbon.um.ws.api.stub:jar:4.2.2 is missing, no dependency information available
[WARNING] The POM for org.wso2.carbon:org.wso2.carbon.tenant.mgt.stub:jar:4.2.0 is missing, no dependency information available
[WARNING] The POM for org.wso2.carbon:org.wso2.carbon.um.ws.api:jar:4.2.2 is missing, no dependency information available
[WARNING] The POM for org.wso2.carbon:org.wso2.carbon.user.api:jar:4.2.0 is missing, no dependency information available
[WARNING] The POM for org.wso2.carbon:org.wso2.carbon.user.core:jar:4.2.0 is missing, no dependency information available
[WARNING] The POM for org.wso2.carbon:org.wso2.carbon.utils:jar:4.2.0 is missing, no dependency information available
[WARNING] The POM for opensaml.wso2:opensaml2:jar:2.4.1.wso2v1 is missing, no dependency information available
[WARNING] The POM for org.wso2.andes.wso2:andes-client:jar:3.1.1 is missing, no dependency information available
[WARNING] The POM for org.apache.geronimo.specs.wso2:geronimo-jms_1.1_spec:jar:1.1.0.wso2v1 is missing, no dependency information available
[WARNING] The POM for org.wso2.carbon:org.wso2.carbon.logging:jar:4.4.1 is missing, no dependency information available
[WARNING] The POM for org.wso2.securevault:org.wso2.securevault:jar:1.0.0-wso2v2 is missing, no dependency information available
[INFO] 
[INFO] --- pitest-maven:1.4.0:mutationCoverage (default-cli) @ eu.supersede.if.api ---
[INFO] Found plugin : JSON report plugin
[INFO] Found plugin : Produces a JSON file reporting mutation results aggregated by method and each method classfied according to its mutation status
[INFO] Found plugin : Generates an HTML document containing classes and methods with found testing issues
[INFO] Found plugin : Default csv report plugin
[INFO] Found plugin : Default xml report plugin
[INFO] Found plugin : Default html report plugin
[INFO] Found plugin : Removes mutation in methods which are of no interest
[INFO] Found plugin : Static initializer code detector plugin
[INFO] Found plugin : Static initializer filter plugin
[INFO] Found plugin : Excluded annotations plugin
[INFO] Found plugin : Inlined finally block filter plugin
[INFO] Found plugin : Try with resources filter
[INFO] Found plugin : Implicit null check filter
[INFO] Found plugin : For each loop filter
[INFO] Found plugin : Logging calls filter
[INFO] Found plugin : Infinite for loop filter
[INFO] Found plugin : Long running iterator loop filter
[INFO] Found plugin : For loop counter filter
[INFO] Found plugin : Kotlin junk mutations filter
[INFO] Found plugin : Max mutations per class limit
[INFO] Found plugin : Equals shortcut equivalent mutant filter
[INFO] Found plugin : Trivial return vals equivalence filter
[INFO] Found plugin : Mutant export plugin
[INFO] Found shared classpath plugin : Engine for extreme mutation operators
[INFO] Found shared classpath plugin : Default mutation engine
[INFO] Found shared classpath plugin : JUnit plugin
[INFO] Found shared classpath plugin : TestNG plugin
[INFO] Adding eu.stamp-project:descartes to SUT classpath
[INFO] Adding org.pitest:pitest to SUT classpath
[INFO] Mutating from /home/stamp/Git/Supersede/integration/IF/API/eu.supersede.if.api/target/classes
[INFO] Defaulting target classes to match packages in build directory
10:20:31 AM PIT >> INFO : Verbose logging is disabled. If you encounter an problem please enable it before reporting an issue.
10:20:32 AM PIT >> INFO : Sending 280 test classes to minion
10:20:32 AM PIT >> INFO : Sent tests to minion
10:20:32 AM PIT >> INFO : MINION : 10:20:32 AM PIT >> INFO : Checking environment

10:20:33 AM PIT >> INFO : MINION : 10:20:33 AM PIT >> INFO : Found  24 tests

10:20:33 AM PIT >> INFO : MINION : 10:20:33 AM PIT >> INFO : Dependency analysis reduced number of potential tests by 0

10:20:33 AM PIT >> INFO : MINION : 10:20:33 AM PIT >> INFO : 24 tests received

10:20:35 AM PIT >> INFO : MINION : 10:20:35 AM PIT >> WARNING : More threads at end of test (5) eu.supersede.integration.api.adaptation.dashboard.proxies.test.AdaptationDashboardProxyTest than start. (4)

/-\10:22:32 AM PIT >> INFO : MINION : Oct 18, 2018 10:22:32 AM org.apache.axis2.deployment.util.TempFileManager <clinit>
INFO: TempFileManager::unable to delete /tmp/axis2-tmp-4224722419759687031.tmp

10:22:34 AM PIT >> INFO : MINION : 10:22:34 AM PIT >> WARNING : More threads at end of test (39) eu.supersede.integration.api.dm.proxies.test.DMOptimizerProxyTest than start. (5)

|/-\|/10:24:00 AM PIT >> INFO : MINION : 10:24:00 AM PIT >> WARNING : More threads at end of test (47) testPublishAdaptionAlertMessage(eu.supersede.integration.api.pubsub.test.AdaptationAlertPubSubTest) than start. (21)

10:24:05 AM PIT >> INFO : MINION : 10:24:05 AM PIT >> WARNING : More threads at end of test (50) testPublishAlertMessage(eu.supersede.integration.api.pubsub.test.AlertPubSubTest) than start. (23)

-\|/-10:24:14 AM PIT >> INFO : MINION : 10:24:14 AM PIT >> WARNING : More threads at end of test (50) testPublishTextMessage(eu.supersede.integration.api.pubsub.test.PubSubTest) than start. (23)

\|/-\|/-\|10:24:24 AM PIT >> INFO : Calculated coverage in 232 seconds.
10:24:25 AM PIT >> INFO : Created  110 mutation test units
stderr  : Oct 18, 2018 10:24:31 AM org.apache.axis2.deployment.util.TempFileManager <clinit>
INFO: TempFileManager::unable to delete /tmp/axis2-tmp-4224722419759687031.tmp
stderr  : Oct 18, 2018 10:24:31 AM org.apache.axis2.deployment.util.TempFileManager <clinit>
INFO: TempFileManager::unable to delete /tmp/axis2-tmp-4224722419759687031.tmp
stderr  : Oct 18, 2018 10:24:31 AM org.apache.axis2.deployment.util.TempFileManager <clinit>
INFO: TempFileManager::unable to delete /tmp/axis2-tmp-4224722419759687031.tmp
stderr  : Oct 18, 2018 10:24:32 AM org.apache.axis2.deployment.util.TempFileManager <clinit>
INFO: TempFileManager::unable to delete /tmp/axis2-tmp-4224722419759687031.tmp
stderr  : Oct 18, 2018 10:24:32 AM org.apache.axis2.deployment.util.TempFileManager <clinit>
INFO: TempFileManager::unable to delete /tmp/axis2-tmp-4224722419759687031.tmp
stderr  : Oct 18, 2018 10:24:32 AM org.apache.axis2.deployment.util.TempFileManager <clinit>
INFO: TempFileManager::unable to delete /tmp/axis2-tmp-4224722419759687031.tmp
stderr  : java.lang.IllegalArgumentException: Provide a valid authentication token
stderr  : 	at org.springframework.util.Assert.notNull(Assert.java:115)
	at eu.supersede.integration.api.datastore.proxies.IFDataStoreProxy.getSupersedePlatforms(IFDataStoreProxy.java:47)
	at eu.supersede.integration.federation.SupersedeFederation.<init>(SupersedeFedstderr  : eration.java:32)
	at eu.supersede.integration.federation.test.IFSupersedeFederationTest.setup(IFSupersedeFederationTest.java:40)
	at sun.reflect.NativeMethodAccessorImpl.invoke0(Native Method)
	at sun.reflect.NativeMethodAccessorImpl.invoke(NativeMethodAccstderr  : essorImpl.java:62)
	at sun.reflect.DelegatingMethodAccessorImpl.invoke(DelegatingMethodAccessorImpl.java:43)
	at java.lang.reflect.Method.invoke(Method.java:498)
	at org.junit.runners.model.FrameworkMethod$1.runReflectiveCall(FrameworkMethod.java:50)
	at ostderr  : rg.junit.internal.runners.model.ReflectiveCallable.run(ReflectiveCallable.java:12)
	at org.junit.runners.model.FrameworkMethod.invokeExplosively(FrameworkMethod.java:47)
	at org.junit.internal.runners.statements.RunBefores.evaluate(RunBefores.java:24)
	at stderr  : org.junit.runners.ParentRunner.run(ParentRunner.java:363)
	at org.pitest.junit.adapter.CustomRunnerExecutor.run(CustomRunnerExecutor.java:42)
	at org.pitest.junit.adapter.AdaptedJUnitTestUnit.execute(AdaptedJUnitTestUnit.java:69)
	at org.pitest.mutationtesstderr  : t.execute.MutationTimeoutDecorator.lambda$createRunnable$0(MutationTimeoutDecorator.java:83)
	at java.util.concurrent.Executors$RunnableAdapter.call(Executors.java:511)
	at java.util.concurrent.FutureTask.run(FutureTask.java:266)
	at java.lang.Thread.run(Tstderr  : hread.java:748)
stderr  : java.lang.IllegalArgumentException: Empty keystderr  : 
stderr  : 	at javax.crypto.spec.SecretKeySpec.<init>(SecretKeySpec.java:96)stderr  : 
stderr  : 	at eu.supersede.integration.api.datastore.util.PasswordCrypt.decryptPassword(PasswordCrypt.java:87)stderr  : 
stderr  : 	at eu.supersede.integration.api.datastore.proxies.IFDataStoreProxy.getSupersedePlatforms(IFDataStoreProxy.java:58)stderr  : 
stderr  : 	at eu.supersede.integration.federation.SupersedeFederation.<init>(SupersedeFederation.java:32)stderr  : 
stderr  : 	at eu.supersede.integration.federation.test.IFSupersedeFederationTest.setup(IFSupersedeFederationTest.java:40)stderr  : 
stderr  : 	at sun.reflect.NativeMethodAccessorImpl.invoke0(Native Method)stderr  : 
stderr  : 	at sun.reflect.NativeMethodAccessorImpl.invoke(NativeMethodAccessorImpl.java:62)stderr  : 
stderr  : 	at sun.reflect.DelegatingMethodAccessorImpl.invoke(DelegatingMethodAccessorImpl.java:43)stderr  : 
stderr  : 	at java.lang.reflect.Method.invoke(Method.java:498)stderr  : 
stderr  : 	at org.junit.runners.model.FrameworkMethod$1.runReflectiveCall(FrameworkMethod.java:50)stderr  : 
stderr  : 	at org.junit.internal.runners.model.ReflectiveCallable.run(ReflectiveCallable.java:12)stderr  : 
stderr  : 	at org.junit.runners.model.FrameworkMethod.invokeExplosively(FrameworkMethod.java:47)stderr  : 
	at org.junit.internal.runners.statements.RunBefores.evaluate(RunBefores.java:24)
	at org.junit.runners.ParentRunner.run(ParentRunner.java:363)
	at org.pitest.junit.adapter.CustomRunnerExecutor.run(CustomRunnerExecutor.java:42)
	at org.pitest.junit.adaptestderr  : r.AdaptedJUnitTestUnit.execute(AdaptedJUnitTestUnit.java:69)
	at org.pitest.mutationtest.execute.MutationTimeoutDecorator.lambda$createRunnable$0(MutationTimeoutDecorator.java:83)
	at java.util.concurrent.Executors$RunnableAdapter.call(Executors.java:511)
stderr  : 	at java.util.concurrent.FutureTask.run(FutureTask.java:266)
	at java.lang.Thread.run(Thread.java:748)
stderr  : javax.naming.ConfigurationException: Failed to parse entry: Not an AMQP URL A due to : Not an AMQP URL: A [Root exception is Not an AMQP URL A]stderr  : 
stderr  : 	at org.wso2.andes.jndi.PropertiesFileInitialContextFactory.createFactory(PropertiesFileInitialContextFactory.java:300)stderr  : 
stderr  : 	at org.wso2.andes.jndi.PropertiesFileInitialContextFactory.createConnectionFactories(PropertiesFileInitialContextFactory.java:183)stderr  : 
stderr  : 	at org.wso2.andes.jndi.PropertiesFileInitialContextFactory.getInitialContext(PropertiesFileInitialContextFactory.java:149)stderr  : 
stderr  : 	at javax.naming.spi.NamingManager.getInitialContext(NamingManager.java:684)stderr  : 
stderr  : 	at javax.naming.InitialContext.getDefaultInitCtx(InitialContext.java:313)stderr  : 
stderr  : 	at javax.naming.InitialContext.init(InitialContext.java:244)stderr  : 
stderr  : 	at javax.naming.InitialContext.<init>(InitialContext.java:216)stderr  : 
stderr  : 	at eu.supersede.integration.api.pubsub.TopicMessageAgent.<init>(TopicMessageAgent.java:42)stderr  : 
stderr  : 	at eu.supersede.integration.api.pubsub.TopicSubscriber.<init>(TopicSubscriber.java:66)stderr  : 
stderr  : 	at eu.supersede.integration.api.pubsub.test.PubSubTest.startSubscriber(PubSubTest.java:79)stderr  : 
stderr  : 	at eu.supersede.integration.api.pubsub.test.PubSubTest.run(PubSubTest.java:70)stderr  : 
stderr  : 	at java.lang.Thread.run(Thread.java:748)stderr  : 
stderr  : Caused by: Not an AMQP URL Astderr  : 
stderr  : 	at org.wso2.andes.url.URLHelper.parseError(URLHelper.java:139)stderr  : 
stderr  : 	at org.wso2.andes.url.URLHelper.parseError(URLHelper.java:134)stderr  : 
stderr  : 	at org.wso2.andes.client.url.URLParser.parseURL(URLParser.java:155)stderr  : 
stderr  : 	at org.wso2.andes.client.url.URLParser.<init>(URLParser.java:42)stderr  : 
stderr  : 	at org.wso2.andes.client.AMQConnectionURL.<init>(AMQConnectionURL.java:65)stderr  : 
stderr  : 	at org.wso2.andes.client.AMQConnectionFactory.<init>(AMQConnectionFactory.java:67)stderr  : 
stderr  : 	at org.wso2.andes.jndi.PropertiesFileInitialContextFactory.createFactory(PropertiesFileInitialContextFactory.java:294)stderr  : 
stderr  : 	... 11 morestderr  : 
stderr  : org.wso2.andes.AMQConnectionFailureException: not allowed [error code 530: not allowed]
	at org.wso2.andes.client.AMQConnection.<init>(AMQConnection.java:486)
	at org.wso2.andes.client.AMQConnectionFactory.createConnection(AMQConnectionFactory.java:351)
	astderr  : t org.wso2.andes.client.AMQConnectionFactory.createTopicConnection(AMQConnectionFactory.java:473)
	at eu.supersede.integration.api.pubsub.TopicMessageAgent.openTopicConnection(TopicMessageAgent.java:56)
	at eu.supersede.integration.api.pubsub.adaptation.Adstderr  : aptationPublisher.<init>(AdaptationPublisher.java:30)
	at eu.supersede.integration.api.dm.proxies.test.DMOptimizerProxyTest.runPublisher(DMOptimizerProxyTest.java:63)
stderr  : 	at eu.supersede.integration.api.dm.proxies.test.DMOptimizerProxyTest.testOptimize(DMOptimizerProxyTest.java:113)stderr  : 
	at sun.reflect.NativeMethodAccessorImpl.invoke0(Native Method)
	at sun.reflect.NativeMethodAccessorImpl.invoke(NativeMethodAccessorImpl.java:62)
	at sun.reflect.DelegatingMethodAccessorImpl.invoke(DelegatingMethodAccessorImpl.java:43)
	at java.lang.reflestderr  : ct.Method.invoke(Method.java:498)
	at org.junit.runners.model.FrameworkMethod$1.runReflectiveCall(FrameworkMethod.java:50)
	at org.junit.internal.runners.model.ReflectiveCallable.run(ReflectiveCallable.java:12)
	at org.junit.runners.model.FrameworkMethod.istderr  : nvokeExplosively(FrameworkMethod.java:47)
	at org.junit.internal.runners.statements.InvokeMethod.evaluate(InvokeMethod.java:17)
	at org.junit.runners.ParentRunner.runLeaf(ParentRunner.java:325)
	at org.junit.runners.BlockJUnit4ClassRunner.runChild(BlockJUnstderr  : it4ClassRunner.java:78)
	at org.junit.runners.BlockJUnit4ClassRunner.runChild(BlockJUnit4ClassRunner.java:57)
	at org.junit.runners.ParentRunner$3.run(ParentRunner.java:290)
	at org.junit.runners.ParentRunner$1.schedule(ParentRunner.java:71)
	at org.junit.stderr  : runners.ParentRunner.runChildren(ParentRunner.java:288)
	at org.junit.runners.ParentRunner.access$000(ParentRunner.java:58)
	at org.junit.runners.ParentRunner$2.evaluate(ParentRunner.java:268)
	at org.junit.internal.runners.statements.RunBefores.evaluate(Rstderr  : unBefores.java:26)
	at org.junit.runners.ParentRunner.run(ParentRunner.java:363)
	at org.pitest.junit.adapter.CustomRunnerExecutor.run(CustomRunnerExecutor.java:42)
	at org.pitest.junit.adapter.AdaptedJUnitTestUnit.execute(AdaptedJUnitTestUnit.java:69)
	atstderr  :  org.pitest.mutationtest.execute.MutationTimeoutDecorator.lambda$createRunnable$0(MutationTimeoutDecorator.java:83)
	at java.util.concurrent.Executors$RunnableAdapter.call(Executors.java:511)
	at java.util.concurrent.FutureTask.run(FutureTask.java:266)
	atstderr  :  java.lang.Thread.run(Thread.java:748)
Caused by: org.wso2.andes.client.AMQAuthenticationException: not allowed [error code 530: not allowed]
	at org.wso2.andes.client.handler.ConnectionCloseMethodHandler.methodReceived(ConnectionCloseMethodHandler.java:79stderr  : )
	at org.wso2.andes.client.handler.ClientMethodDispatcherImpl.dispatchConnectionClose(ClientMethodDispatcherImpl.java:192)
	at org.wso2.andes.framing.amqp_0_91.ConnectionCloseBodyImpl.execute(ConnectionCloseBodyImpl.java:140)
	at org.wso2.andes.client.stastderr  : te.AMQStateManager.methodReceived(AMQStateManager.java:111)
	at org.wso2.andes.client.protocol.AMQProtocolHandler.methodBodyReceived(AMQProtocolHandler.java:517)
	at org.wso2.andes.client.protocol.AMQProtocolSession.methodFrameReceived(AMQProtocolSession.jstderr  : ava:467)
	at org.wso2.andes.framing.AMQMethodBodyImpl.handle(AMQMethodBodyImpl.java:96)
	at org.wso2.andes.client.protocol.AMQProtocolHandler$2.run(AMQProtocolHandler.java:468)
	at org.wso2.andes.pool.Job.processAll(Job.java:109)
	at org.wso2.andes.pool.Jostderr  : b.run(Job.java:153)
	at java.util.concurrent.ThreadPoolExecutor.runWorker(ThreadPoolExecutor.java:1149)
	at java.util.concurrent.ThreadPoolExecutor$Worker.run(ThreadPoolExecutor.java:624)
	... 1 more
stderr  : Oct 18, 2018 10:24:38 AM org.apache.axis2.deployment.util.TempFileManager <clinit>
INFO: TempFileManager::unable to delete /tmp/axis2-tmp-4224722419759687031.tmp
stderr  : Oct 18, 2018 10:24:39 AM org.apache.axis2.deployment.util.TempFileManager <clinit>
INFO: TempFileManager::unable to delete /tmp/axis2-tmp-4224722419759687031.tmp
stderr  : java.lang.NullPointerException
	at com.fasterxml.jackson.core.JsonFactory.createParser(JsonFactory.java:879)
	at com.fasterxml.jackson.databind.ObjectMapper.readValue(ObjectMapper.java:2842)
	at eu.supersede.integration.api.json.JsonUtils.deserializeJsonStstderr  : ringAsObject(JsonUtils.java:59)
	at eu.supersede.integration.api.pubsub.test.AlertPubSubTest$AlertMessageListener.onMessage(AlertPubSubTest.java:127)
	at org.wso2.andes.client.BasicMessageConsumer.notifyMessage(BasicMessageConsumer.java:747)
	at org.wso2.astderr  : ndes.client.BasicMessageConsumer.notifyMessage(BasicMessageConsumer.java:721)
	at org.wso2.andes.client.AMQSession$Dispatcher.notifyConsumer(AMQSession.java:3537)
	at org.wso2.andes.client.AMQSession$Dispatcher.dispatchMessage(AMQSession.java:3477)
	at orgstderr  : .wso2.andes.client.AMQSession$Dispatcher.access$1200(AMQSession.java:3226)
	at org.wso2.andes.client.AMQSession.dispatch(AMQSession.java:3219)
	at org.wso2.andes.client.message.UnprocessedMessage.dispatch(UnprocessedMessage.java:54)
	at org.wso2.andes.cliestderr  : nt.AMQSession$Dispatcher.run(AMQSession.java:3399)
	at java.lang.Thread.run(Thread.java:748)
stderr  : org.wso2.andes.AMQConnectionFailureException: not allowed [error code 530: not allowed]
stderr  : 	at org.wso2.andes.client.AMQConnection.<init>(AMQConnection.java:486)
	at org.wso2.andes.client.AMQConnectionFactory.createConnection(AMQConnectionFactory.java:351)
	at org.wso2.andes.client.AMQConnectionFactory.createTopicConnection(AMQConnectionFactory.stderr  : java:473)
	at eu.supersede.integration.api.pubsub.TopicMessageAgent.openTopicConnection(TopicMessageAgent.java:56)
	at eu.supersede.integration.api.pubsub.adaptation.AdaptationPublisher.<init>(AdaptationPublisher.java:30)
	at eu.supersede.integration.api.dstderr  : m.proxies.test.DMOptimizerProxyTest.runPublisher(DMOptimizerProxyTest.java:63)
	at eu.supersede.integration.api.dm.proxies.test.DMOptimizerProxyTest.testOptimize(DMOptimizerProxyTest.java:113)
	at sun.reflect.NativeMethodAccessorImpl.invoke0(Native Method)stderr  : 
	at sun.reflect.NativeMethodAccessorImpl.invoke(NativeMethodAccessorImpl.java:62)
	at sun.reflect.DelegatingMethodAccessorImpl.invoke(DelegatingMethodAccessorImpl.java:43)
	at java.lang.reflect.Method.invoke(Method.java:498)
	at org.junit.runners.model.Frstderr  : ameworkMethod$1.runReflectiveCall(FrameworkMethod.java:50)
	at org.junit.internal.runners.model.ReflectiveCallable.run(ReflectiveCallable.java:12)
	at org.junit.runners.model.FrameworkMethod.invokeExplosively(FrameworkMethod.java:47)
	at org.junit.internalstderr  : .runners.statements.InvokeMethod.evaluate(InvokeMethod.java:17)
	at org.junit.runners.ParentRunner.runLeaf(ParentRunner.java:325)
	at org.junit.runners.BlockJUnit4ClassRunner.runChild(BlockJUnit4ClassRunner.java:78)
	at org.junit.runners.BlockJUnit4ClassRustderr  : nner.runChild(BlockJUnit4ClassRunner.java:57)
	at org.junit.runners.ParentRunner$3.run(ParentRunner.java:290)
	at org.junit.runners.ParentRunner$1.schedule(ParentRunner.java:71)
	at org.junit.runners.ParentRunner.runChildren(ParentRunner.java:288)
	at org.stderr  : junit.runners.ParentRunner.access$000(ParentRunner.java:58)
	at org.junit.runners.ParentRunner$2.evaluate(ParentRunner.java:268)
	at org.junit.internal.runners.statements.RunBefores.evaluate(RunBefores.java:26)
	at org.junit.runners.ParentRunner.run(Parentstderr  : Runner.java:363)
	at org.pitest.junit.adapter.CustomRunnerExecutor.run(CustomRunnerExecutor.java:42)
	at org.pitest.junit.adapter.AdaptedJUnitTestUnit.execute(AdaptedJUnitTestUnit.java:69)
	at org.pitest.mutationtest.execute.MutationTimeoutDecorator.lambdastderr  : $createRunnable$0(MutationTimeoutDecorator.java:83)
	at java.util.concurrent.Executors$RunnableAdapter.call(Executors.java:511)
	at java.util.concurrent.FutureTask.run(FutureTask.java:266)
	at java.lang.Thread.run(Thread.java:748)
Caused by: org.wso2.andesstderr  : .client.AMQAuthenticationException: not allowed [error code 530: not allowed]
	at org.wso2.andes.client.handler.ConnectionCloseMethodHandler.methodReceived(ConnectionCloseMethodHandler.java:79)
	at org.wso2.andes.client.handler.ClientMethodDispatcherImpl.dstderr  : ispatchConnectionClose(ClientMethodDispatcherImpl.java:192)
	at org.wso2.andes.framing.amqp_0_91.ConnectionCloseBodyImpl.execute(ConnectionCloseBodyImpl.java:140)
	at org.wso2.andes.client.state.AMQStateManager.methodReceived(AMQStateManager.java:111)
	at stderr  : org.wso2.andes.client.protocol.AMQProtocolHandler.methodBodyReceived(AMQProtocolHandler.java:517)
	at org.wso2.andes.client.protocol.AMQProtocolSession.methodFrameReceived(AMQProtocolSession.java:467)
	at org.wso2.andes.framing.AMQMethodBodyImpl.handle(AMQstderr  : MethodBodyImpl.java:96)
	at org.wso2.andes.client.protocol.AMQProtocolHandler$2.run(AMQProtocolHandler.java:468)
	at org.wso2.andes.pool.Job.processAll(Job.java:109)
	at org.wso2.andes.pool.Job.run(Job.java:153)
	at java.util.concurrent.ThreadPoolExecutor.stderr  : runWorker(ThreadPoolExecutor.java:1149)
	at java.util.concurrent.ThreadPoolExecutor$Worker.run(ThreadPoolExecutor.java:624)
	... 1 more
stderr  : java.lang.IllegalArgumentException: Missing argument
	at javax.crypto.spec.SecretKeySpec.<init>(SecretKeySpec.java:93)
	at eu.supersede.integration.api.datastore.util.PasswordCrypt.decryptPassword(PasswordCrypt.java:87)
	at eu.supersede.integration.api.datstderr  : astore.proxies.IFDataStoreProxy.getSupersedePlatforms(IFDataStoreProxy.java:58)
	at eu.supersede.integration.federation.SupersedeFederation.<init>(SupersedeFederation.java:32)
	at eu.supersede.integration.federation.test.IFSupersedeFederationTest.setup(IFSstderr  : upersedeFederationTest.java:40)
	at sun.reflect.NativeMethodAccessorImpl.invoke0(Native Method)
	at sun.reflect.NativeMethodAccessorImpl.invoke(NativeMethodAccessorImpl.java:62)
	at sun.reflect.DelegatingMethodAccessorImpl.invoke(DelegatingMethodAccessorImstderr  : pl.java:43)
	at java.lang.reflect.Method.invoke(Method.java:498)
	at org.junit.runners.model.FrameworkMethod$1.runReflectiveCall(FrameworkMethod.java:50)
	at org.junit.internal.runners.model.ReflectiveCallable.run(ReflectiveCallable.java:12)
	at org.junit.stderr  : runners.model.FrameworkMethod.invokeExplosively(FrameworkMethod.java:47)
	at org.junit.internal.runners.statements.RunBefores.evaluate(RunBefores.java:24)
	at org.junit.runners.ParentRunner.run(ParentRunner.java:363)
	at org.pitest.junit.adapter.CustomRunnstderr  : erExecutor.run(CustomRunnerExecutor.java:42)
	at org.pitest.junit.adapter.AdaptedJUnitTestUnit.execute(AdaptedJUnitTestUnit.java:69)
	at org.pitest.mutationtest.execute.MutationTimeoutDecorator.lambda$createRunnable$0(MutationTimeoutDecorator.java:83)
	at stderr  : java.util.concurrent.Executors$RunnableAdapter.call(Executors.java:511)
	at java.util.concurrent.FutureTask.run(FutureTask.java:266)
	at java.lang.Thread.run(Thread.java:748)
stderr  : org.wso2.andes.AMQConnectionFailureException: not allowed [error code 530: not allowed]
stderr  : 	at org.wso2.andes.client.AMQConnection.<init>(AMQConnection.java:486)
	at org.wso2.andes.client.AMQConnectionFactory.createConnection(AMQConnectionFactory.java:351)
	at org.wso2.andes.client.AMQConnectionFactory.createTopicConnection(AMQConnectionFactory.stderr  : java:473)
	at eu.supersede.integration.api.pubsub.TopicMessageAgent.openTopicConnection(TopicMessageAgent.java:56)
	at eu.supersede.integration.api.pubsub.adaptation.AdaptationPublisher.<init>(AdaptationPublisher.java:30)
	at eu.supersede.integration.api.dstderr  : m.proxies.test.DMOptimizerProxyTest.runPublisher(DMOptimizerProxyTest.java:63)
	at eu.supersede.integration.api.dm.proxies.test.DMOptimizerProxyTest.testOptimize(DMOptimizerProxyTest.java:113)
	at sun.reflect.NativeMethodAccessorImpl.invoke0(Native Method)stderr  : 
	at sun.reflect.NativeMethodAccessorImpl.invoke(NativeMethodAccessorImpl.java:62)
	at sun.reflect.DelegatingMethodAccessorImpl.invoke(DelegatingMethodAccessorImpl.java:43)
	at java.lang.reflect.Method.invoke(Method.java:498)
	at org.junit.runners.model.Frstderr  : ameworkMethod$1.runReflectiveCall(FrameworkMethod.java:50)
	at org.junit.internal.runners.model.ReflectiveCallable.run(ReflectiveCallable.java:12)
	at org.junit.runners.model.FrameworkMethod.invokeExplosively(FrameworkMethod.java:47)
	at org.junit.internalstderr  : .runners.statements.InvokeMethod.evaluate(InvokeMethod.java:17)
	at org.junit.runners.ParentRunner.runLeaf(ParentRunner.java:325)
	at org.junit.runners.BlockJUnit4ClassRunner.runChild(BlockJUnit4ClassRunner.java:78)
	at org.junit.runners.BlockJUnit4ClassRustderr  : nner.runChild(BlockJUnit4ClassRunner.java:57)
	at org.junit.runners.ParentRunner$3.run(ParentRunner.java:290)
	at org.junit.runners.ParentRunner$1.schedule(ParentRunner.java:71)
	at org.junit.runners.ParentRunner.runChildren(ParentRunner.java:288)
	at org.stderr  : junit.runners.ParentRunner.access$000(ParentRunner.java:58)
	at org.junit.runners.ParentRunner$2.evaluate(ParentRunner.java:268)
	at org.junit.internal.runners.statements.RunBefores.evaluate(RunBefores.java:26)
	at org.junit.runners.ParentRunner.run(Parentstderr  : Oct 18, 2018 10:24:43 AM org.apache.axis2.deployment.util.TempFileManager <clinit>
INFO: TempFileManager::unable to delete /tmp/axis2-tmp-4224722419759687031.tmp
stderr  : Oct 18, 2018 10:24:44 AM org.apache.axis2.deployment.util.TempFileManager <clinit>
INFO: TempFileManager::unable to delete /tmp/axis2-tmp-4224722419759687031.tmp
stderr  : Oct 18, 2018 10:24:45 AM org.apache.axis2.deployment.util.TempFileManager <clinit>
INFO: TempFileManager::unable to delete /tmp/axis2-tmp-4224722419759687031.tmp
stderr  : Oct 18, 2018 10:24:50 AM org.apache.axis2.deployment.util.TempFileManager <clinit>
INFO: TempFileManager::unable to delete /tmp/axis2-tmp-4224722419759687031.tmp
stderr  : Oct 18, 2018 10:24:51 AM org.apache.axis2.deployment.util.TempFileManager <clinit>
INFO: TempFileManager::unable to delete /tmp/axis2-tmp-4224722419759687031.tmp
stderr  : java.lang.NullPointerExceptionstderr  : 
	at eu.supersede.integration.api.proxy.IFServiceProxy.getObjectsListForType(IFServiceProxy.java:110)
	at eu.supersede.integration.api.datastore.proxies.IFDataStoreProxy.getSupersedePlatforms(IFDataStoreProxy.java:53)
	at eu.supersede.integration.federatiostderr  : n.SupersedeFederation.<init>(SupersedeFederation.java:32)
	at eu.supersede.integration.federation.test.IFSupersedeFederationTest.setup(IFSupersedeFederationTest.java:40)
	at sun.reflect.NativeMethodAccessorImpl.invoke0(Native Method)
	at sun.reflect.Nativestderr  : MethodAccessorImpl.invoke(NativeMethodAccessorImpl.java:62)
	at sun.reflect.DelegatingMethodAccessorImpl.invoke(DelegatingMethodAccessorImpl.java:43)
	at java.lang.reflect.Method.invoke(Method.java:498)
	at org.junit.runners.model.FrameworkMethod$1.runReflstderr  : ectiveCall(FrameworkMethod.java:50)
	at org.junit.internal.runners.model.ReflectiveCallable.run(ReflectiveCallable.java:12)
	at org.junit.runners.model.FrameworkMethod.invokeExplosively(FrameworkMethod.java:47)
	at org.junit.internal.runners.statements.Runstderr  : Befores.evaluate(RunBefores.java:24)
	at org.junit.runners.ParentRunner.run(ParentRunner.java:363)
	at org.pitest.junit.adapter.CustomRunnerExecutor.run(CustomRunnerExecutor.java:42)
	at org.pitest.junit.adapter.AdaptedJUnitTestUnit.execute(AdaptedJUnitTesstderr  : tUnit.java:69)
	at org.pitest.mutationtest.execute.MutationTimeoutDecorator.lambda$createRunnable$0(MutationTimeoutDecorator.java:83)
	at java.util.concurrent.Executors$RunnableAdapter.call(Executors.java:511)
	at java.util.concurrent.FutureTask.run(Futurestderr  : Task.java:266)
	at java.lang.Thread.run(Thread.java:748)
stderr  : Oct 18, 2018 10:24:54 AM org.apache.axis2.deployment.util.TempFileManager <clinit>
INFO: TempFileManager::unable to delete /tmp/axis2-tmp-4224722419759687031.tmp
stderr  : Oct 18, 2018 10:24:59 AM org.apache.axis2.deployment.util.TempFileManager <clinit>
INFO: TempFileManager::unable to delete /tmp/axis2-tmp-4224722419759687031.tmp
stderr  : Exception in thread "Thread-2" stderr  : java.lang.NullPointerException
stderr  : 	at eu.supersede.integration.api.pubsub.test.AdaptationAlertPubSubTest.startSubscriber(AdaptationAlertPubSubTest.java:93)stderr  : 
stderr  : 	at eu.supersede.integration.api.pubsub.test.AdaptationAlertPubSubTest.run(AdaptationAlertPubSubTest.java:78)
stderr  : 	at java.lang.Thread.run(Thread.java:748)
10:25:09 AM PIT >> WARNING : Minion exited abnormally due to TIMED_OUT
stderr  : Oct 18, 2018 10:25:11 AM org.apache.axis2.deployment.util.TempFileManager <clinit>
INFO: TempFileManager::unable to delete /tmp/axis2-tmp-4224722419759687031.tmp
stderr  : javax.naming.ConfigurationException: Failed to parse entry: Not an AMQP URL  due to : Not an AMQP URL:  [Root exception is Not an AMQP URL ]stderr  : 
	at org.wso2.andes.jndi.PropertiesFileInitialContextFactory.createFactory(PropertiesFileInitialContextFactory.java:300)
	at org.wso2.andes.jndi.PropertiesFileInitialContextFactory.createConnectionFactories(PropertiesFileInitialContextFactory.java:183)
	atstderr  :  org.wso2.andes.jndi.PropertiesFileInitialContextFactory.getInitialContext(PropertiesFileInitialContextFactory.java:149)
	at javax.naming.spi.NamingManager.getInitialContext(NamingManager.java:684)
	at javax.naming.InitialContext.getDefaultInitCtx(InitialCstderr  : ontext.java:313)
	at javax.naming.InitialContext.init(InitialContext.java:244)
	at javax.naming.InitialContext.<init>(InitialContext.java:216)
	at eu.supersede.integration.api.pubsub.TopicMessageAgent.<init>(TopicMessageAgent.java:42)
	at eu.supersede.intestderr  : gration.api.pubsub.TopicSubscriber.<init>(TopicSubscriber.java:66)
	at eu.supersede.integration.api.pubsub.test.PubSubTest.startSubscriber(PubSubTest.java:79)
	at eu.supersede.integration.api.pubsub.test.PubSubTest.run(PubSubTest.java:70)
	at java.lang.Thrstderr  : ead.run(Thread.java:748)
Caused by: Not an AMQP URL 
	at org.wso2.andes.url.URLHelper.parseError(URLHelper.java:139)
	at org.wso2.andes.url.URLHelper.parseError(URLHelper.java:134)
	at org.wso2.andes.client.url.URLParser.parseURL(URLParser.java:155)
	at orstderr  : g.wso2.andes.client.url.URLParser.<init>(URLParser.java:42)
	at org.wso2.andes.client.AMQConnectionURL.<init>(AMQConnectionURL.java:65)
	at org.wso2.andes.client.AMQConnectionFactory.<init>(AMQConnectionFactory.java:67)
	at org.wso2.andes.jndi.PropertiesFistderr  : leInitialContextFactory.createFactory(PropertiesFileInitialContextFactory.java:294)
	... 11 more
10:25:17 AM PIT >> WARNING : Minion exited abnormally due to TIMED_OUT
10:25:18 AM PIT >> WARNING : Minion exited abnormally due to TIMED_OUT
10:25:19 AM PIT >> WARNING : Minion exited abnormally due to TIMED_OUT
stderr  : Oct 18, 2018 10:25:20 AM org.apache.axis2.deployment.util.TempFileManager <clinit>
INFO: TempFileManager::unable to delete /tmp/axis2-tmp-4224722419759687031.tmp
stderr  : Oct 18, 2018 10:25:21 AM org.apache.axis2.deployment.util.TempFileManager <clinit>
INFO: TempFileManager::unable to delete /tmp/axis2-tmp-4224722419759687031.tmp
stderr  : Exception in thread "Thread-2" stderr  : java.lang.NullPointerExceptionstderr  : 
stderr  : 	at eu.supersede.integration.api.pubsub.test.EvolutionAlertPubSubTest.startSubscriber(EvolutionAlertPubSubTest.java:104)stderr  : 
stderr  : 	at eu.supersede.integration.api.pubsub.test.EvolutionAlertPubSubTest.run(EvolutionAlertPubSubTest.java:82)stderr  : 
stderr  : 	at java.lang.Thread.run(Thread.java:748)stderr  : 
10:25:26 AM PIT >> WARNING : Minion exited abnormally due to TIMED_OUT
stderr  : Exception in thread "Thread-152" stderr  : java.lang.NullPointerException
	at eu.supersede.integration.api.pubsub.test.EvolutionAlertPubSubTest.startSubscriber(EvolutionAlertPubSubTest.java:104)
	at eu.supersede.integration.api.pubsub.test.EvolutionAlertPubSubTest.run(EvolutionAlertPubSubTest.java:stderr  : 82)
	at java.lang.Thread.run(Thread.java:748)
10:25:30 AM PIT >> WARNING : Minion exited abnormally due to TIMED_OUT
10:25:33 AM PIT >> WARNING : Minion exited abnormally due to TIMED_OUT
10:25:39 AM PIT >> WARNING : Minion exited abnormally due to TIMED_OUT
10:25:45 AM PIT >> WARNING : Minion exited abnormally due to TIMED_OUT
stderr  : Oct 18, 2018 10:25:48 AM org.apache.axis2.deployment.util.TempFileManager <clinit>
INFO: TempFileManager::unable to delete /tmp/axis2-tmp-4224722419759687031.tmp
stderr  : Exception in thread "Thread-2" stderr  : java.lang.NullPointerException
	at eu.supersede.integration.properties.IntegrationProperty.getMBConnection(IntegrationProperty.java:85)
stderr  : 	at eu.supersede.integration.api.pubsub.TopicMessageAgent.<init>(TopicMessageAgent.java:37)
	at eu.supersede.integration.api.pubsub.TopicSubscriber.<init>(TopicSubscriber.java:66)
	at eu.supersede.integration.api.pubsub.test.PubSubTest.startSubscriber(PubSstderr  : ubTest.java:79)
	at eu.supersede.integration.api.pubsub.test.PubSubTest.run(PubSubTest.java:70)
	at java.lang.Thread.run(Thread.java:748)
10:25:55 AM PIT >> WARNING : Minion exited abnormally due to TIMED_OUT
stderr  : Oct 18, 2018 10:25:57 AM org.apache.axis2.deployment.util.TempFileManager <clinit>
INFO: TempFileManager::unable to delete /tmp/axis2-tmp-4224722419759687031.tmp
stderr  : Oct 18, 2018 10:25:58 AM org.apache.axis2.deployment.util.TempFileManager <clinit>
INFO: TempFileManager::unable to delete /tmp/axis2-tmp-4224722419759687031.tmp
10:25:58 AM PIT >> WARNING : Minion exited abnormally due to TIMED_OUT
stderr  : Oct 18, 2018 10:26:02 AM org.apache.axis2.deployment.util.TempFileManager <clinit>
INFO: TempFileManager::unable to delete /tmp/axis2-tmp-4224722419759687031.tmp
stderr  : Exception in thread "Thread-2" stderr  : java.lang.NullPointerException
	at eu.supersede.integration.api.pubsub.test.EvolutionAlertPubSubTest.startSubscriber(EvolutionAlertPubSubTest.java:104)
stderr  : 	at eu.supersede.integration.api.pubsub.test.EvolutionAlertPubSubTest.run(EvolutionAlertPubSubTest.java:82)
	at java.lang.Thread.run(Thread.java:748)
10:26:04 AM PIT >> WARNING : Minion exited abnormally due to TIMED_OUT
10:26:05 AM PIT >> WARNING : Minion exited abnormally due to TIMED_OUT
stderr  : Oct 18, 2018 10:26:07 AM org.apache.axis2.deployment.util.TempFileManager <clinit>
INFO: TempFileManager::unable to delete /tmp/axis2-tmp-4224722419759687031.tmp
stderr  : com.fasterxml.jackson.databind.JsonMappingException: No content to map due to end-of-input
 at [Source: ; line: 1, column: 0]stderr  : 
stderr  : 	at com.fasterxml.jackson.databind.JsonMappingException.from(JsonMappingException.java:270)stderr  : 
stderr  : 	at com.fasterxml.jackson.databind.ObjectMapper._initForReading(ObjectMapper.java:3838)stderr  : 
stderr  : 	at com.fasterxml.jackson.databind.ObjectMapper._readMapAndClose(ObjectMapper.java:3783)stderr  : 
stderr  : 	at com.fasterxml.jackson.databind.ObjectMapper.readValue(ObjectMapper.java:2842)stderr  : 
stderr  : 	at eu.supersede.integration.api.json.JsonUtils.deserializeJsonStringAsObject(JsonUtils.java:59)stderr  : 
stderr  : 	at eu.supersede.integration.api.pubsub.test.AlertPubSubTest$AlertMessageListener.onMessage(AlertPubSubTest.java:127)stderr  : 
stderr  : 	at org.wso2.andes.client.BasicMessageConsumer.notifyMessage(BasicMessageConsumer.java:747)stderr  : 
stderr  : 	at org.wso2.andes.client.BasicMessageConsumer.notifyMessage(BasicMessageConsumer.java:721)stderr  : 
stderr  : 	at org.wso2.andes.client.AMQSession$Dispatcher.notifyConsumer(AMQSession.java:3537)stderr  : 
stderr  : 	at org.wso2.andes.client.AMQSession$Dispatcher.dispatchMessage(AMQSession.java:3477)stderr  : 
stderr  : 	at org.wso2.andes.client.AMQSession$Dispatcher.access$1200(AMQSession.java:3226)stderr  : 
stderr  : 	at org.wso2.andes.client.AMQSession.dispatch(AMQSession.java:3219)stderr  : 
stderr  : 	at org.wso2.andes.client.message.UnprocessedMessage.dispatch(UnprocessedMessage.java:54)stderr  : 
stderr  : 	at org.wso2.andes.client.AMQSession$Dispatcher.run(AMQSession.java:3399)stderr  : 
stderr  : 	at java.lang.Thread.run(Thread.java:748)
stderr  : com.fasterxml.jackson.databind.JsonMappingException: No content to map due to end-of-input
 at [Source: ; line: 1, column: 0]
stderr  : 	at com.fasterxml.jackson.databind.JsonMappingException.from(JsonMappingException.java:270)
	at com.fasterxml.jackson.databind.ObjectMapper._initForReading(ObjectMapper.java:3838)
	at com.fasterxml.jackson.databind.ObjectMapper._readMapAndClose(ObjectMappestderr  : r.java:3783)
	at com.fasterxml.jackson.databind.ObjectMapper.readValue(ObjectMapper.java:2842)
	at eu.supersede.integration.api.json.JsonUtils.deserializeJsonStringAsObject(JsonUtils.java:59)
	at eu.supersede.integration.api.pubsub.test.AlertPubSubTest$Alestderr  : rtMessageListener.onMessage(AlertPubSubTest.java:127)
	at org.wso2.andes.client.BasicMessageConsumer.notifyMessage(BasicMessageConsumer.java:747)
	at org.wso2.andes.client.BasicMessageConsumer.notifyMessage(BasicMessageConsumer.java:721)
	at org.wso2.andesstderr  : .client.AMQSession$Dispatcher.notifyConsumer(AMQSession.java:3537)
	at org.wso2.andes.client.AMQSession$Dispatcher.dispatchMessage(AMQSession.java:3477)
	at org.wso2.andes.client.AMQSession$Dispatcher.access$1200(AMQSession.java:3226)
	at org.wso2.andes.clstderr  : ient.AMQSession.dispatch(AMQSession.java:3219)
	at org.wso2.andes.client.message.UnprocessedMessage.dispatch(UnprocessedMessage.java:54)
	at org.wso2.andes.client.AMQSession$Dispatcher.run(AMQSession.java:3399)
	at java.lang.Thread.run(Thread.java:748)
stderr  : Oct 18, 2018 10:26:12 AM org.apache.axis2.deployment.util.TempFileManager <clinit>
INFO: TempFileManager::unable to delete /tmp/axis2-tmp-4224722419759687031.tmp
10:26:13 AM PIT >> WARNING : Minion exited abnormally due to TIMED_OUT
stderr  : Exception in thread "Thread-2" java.lang.NullPointerException
stderr  : 	at eu.supersede.integration.api.pubsub.test.EvolutionAlertPubSubTest.startSubscriber(EvolutionAlertPubSubTest.java:97)
	at eu.supersede.integration.api.pubsub.test.EvolutionAlertPubSubTest.run(EvolutionAlertPubSubTest.java:82)
	at java.lang.Thread.run(Thrstderr  : ead.java:748)
10:26:22 AM PIT >> WARNING : Minion exited abnormally due to TIMED_OUT
stderr  : Oct 18, 2018 10:26:25 AM org.apache.axis2.deployment.util.TempFileManager <clinit>
INFO: TempFileManager::unable to delete /tmp/axis2-tmp-4224722419759687031.tmp
stderr  : Exception in thread "Thread-2" stderr  : java.lang.NullPointerException
	at java.util.Hashtable.put(Hashtable.java:460)
stderr  : 	at eu.supersede.integration.api.pubsub.TopicMessageAgent.<init>(TopicMessageAgent.java:40)
	at eu.supersede.integration.api.pubsub.TopicSubscriber.<init>(TopicSubscriber.java:66)
	at eu.supersede.integration.api.pubsub.test.PubSubTest.startSubscriber(PubSstderr  : ubTest.java:79)
	at eu.supersede.integration.api.pubsub.test.PubSubTest.run(PubSubTest.java:70)
	at java.lang.Thread.run(Thread.java:748)
10:26:33 AM PIT >> WARNING : Minion exited abnormally due to TIMED_OUT
stderr  : Oct 18, 2018 10:26:38 AM org.apache.axis2.deployment.util.TempFileManager <clinit>
INFO: TempFileManager::unable to delete /tmp/axis2-tmp-4224722419759687031.tmp
10:26:42 AM PIT >> WARNING : Minion exited abnormally due to TIMED_OUT
stderr  : Oct 18, 2018 10:26:43 AM org.apache.axis2.deployment.util.TempFileManager <clinit>
INFO: TempFileManager::unable to delete /tmp/axis2-tmp-4224722419759687031.tmp
stderr  : Oct 18, 2018 10:26:44 AM org.apache.axis2.deployment.util.TempFileManager <clinit>
INFO: TempFileManager::unable to delete /tmp/axis2-tmp-4224722419759687031.tmp
10:26:47 AM PIT >> WARNING : Minion exited abnormally due to TIMED_OUT
stderr  : Oct 18, 2018 10:26:52 AM org.apache.axis2.deployment.util.TempFileManager <clinit>
INFO: TempFileManager::unable to delete /tmp/axis2-tmp-4224722419759687031.tmp
10:26:52 AM PIT >> WARNING : Minion exited abnormally due to TIMED_OUT
stderr  : Oct 18, 2018 10:26:53 AM org.apache.axis2.deployment.util.TempFileManager <clinit>
INFO: TempFileManager::unable to delete /tmp/axis2-tmp-4224722419759687031.tmp
10:26:54 AM PIT >> WARNING : Minion exited abnormally due to TIMED_OUT
10:26:56 AM PIT >> WARNING : Minion exited abnormally due to TIMED_OUT
stderr  : Oct 18, 2018 10:26:56 AM org.apache.axis2.deployment.util.TempFileManager <clinit>
INFO: TempFileManager::unable to delete /tmp/axis2-tmp-4224722419759687031.tmp
10:26:58 AM PIT >> WARNING : Minion exited abnormally due to TIMED_OUT
stderr  : Oct 18, 2018 10:27:00 AM org.apache.axis2.deployment.util.TempFileManager <clinit>
INFO: TempFileManager::unable to delete /tmp/axis2-tmp-4224722419759687031.tmp
10:27:00 AM PIT >> WARNING : Minion exited abnormally due to TIMED_OUT
stderr  : Oct 18, 2018 10:27:01 AM org.apache.axis2.deployment.util.TempFileManager <clinit>
INFO: TempFileManager::unable to delete /tmp/axis2-tmp-4224722419759687031.tmp
stderr  : com.fasterxml.jackson.core.JsonParseException: Unrecognized token 'A': was expecting ('true', 'false' or 'null')
 at [Source: A; line: 1, column: 3]stderr  : 
stderr  : 	at com.fasterxml.jackson.core.JsonParser._constructError(JsonParser.java:1702)stderr  : 
stderr  : 	at com.fasterxml.jackson.core.base.ParserMinimalBase._reportError(ParserMinimalBase.java:558)stderr  : 
stderr  : 	at com.fasterxml.jackson.core.json.ReaderBasedJsonParser._reportInvalidToken(ReaderBasedJsonParser.java:2835)stderr  : 
stderr  : 	at com.fasterxml.jackson.core.json.ReaderBasedJsonParser._handleOddValue(ReaderBasedJsonParser.java:1903)stderr  : 
stderr  : 	at com.fasterxml.jackson.core.json.ReaderBasedJsonParser.nextToken(ReaderBasedJsonParser.java:749)stderr  : 
stderr  : 	at com.fasterxml.jackson.databind.ObjectMapper._initForReading(ObjectMapper.java:3834)stderr  : 
stderr  : 	at com.fasterxml.jackson.databind.ObjectMapper._readMapAndClose(ObjectMapper.java:3783)stderr  : 
stderr  : 	at com.fasterxml.jackson.databind.ObjectMapper.readValue(ObjectMapper.java:2842)stderr  : 
stderr  : 	at eu.supersede.integration.api.json.JsonUtils.deserializeJsonStringAsObject(JsonUtils.java:59)stderr  : 
stderr  : 	at eu.supersede.integration.api.pubsub.test.AlertPubSubTest$AlertMessageListener.onMessage(AlertPubSubTest.java:127)stderr  : 
stderr  : 	at org.wso2.andes.client.BasicMessageConsumer.notifyMessage(BasicMessageConsumer.java:747)stderr  : 
	at org.wso2.andes.client.BasicMessageConsumer.notifyMessage(BasicMessageConsumer.java:721)
	at org.wso2.andes.client.AMQSession$Dispatcher.notifyConsumer(AMQSession.java:3537)
	at org.wso2.andes.client.AMQSession$Dispatcher.dispatchMessage(AMQSession.javstderr  : a:3477)
	at org.wso2.andes.client.AMQSession$Dispatcher.access$1200(AMQSession.java:3226)
	at org.wso2.andes.client.AMQSession.dispatch(AMQSession.java:3219)
	at org.wso2.andes.client.message.UnprocessedMessage.dispatch(UnprocessedMessage.java:54)
	at org.stderr  : wso2.andes.client.AMQSession$Dispatcher.run(AMQSession.java:3399)
	at java.lang.Thread.run(Thread.java:748)
10:27:11 AM PIT >> WARNING : Minion exited abnormally due to TIMED_OUT
10:27:23 AM PIT >> WARNING : Minion exited abnormally due to TIMED_OUT
10:27:28 AM PIT >> WARNING : Minion exited abnormally due to TIMED_OUT
stderr  : Oct 18, 2018 10:27:28 AM org.apache.axis2.deployment.util.TempFileManager <clinit>
INFO: TempFileManager::unable to delete /tmp/axis2-tmp-4224722419759687031.tmp
10:27:31 AM PIT >> WARNING : Minion exited abnormally due to TIMED_OUT
10:27:31 AM PIT >> WARNING : Minion exited abnormally due to TIMED_OUT
10:27:33 AM PIT >> WARNING : Minion exited abnormally due to TIMED_OUT
10:27:35 AM PIT >> WARNING : Minion exited abnormally due to TIMED_OUT
10:27:38 AM PIT >> WARNING : Minion exited abnormally due to TIMED_OUT
10:27:39 AM PIT >> WARNING : Minion exited abnormally due to TIMED_OUT
stderr  : Oct 18, 2018 10:30:20 AM org.apache.axis2.deployment.util.TempFileManager <clinit>
INFO: TempFileManager::unable to delete /tmp/axis2-tmp-4224722419759687031.tmp
/stderr  : java.lang.NullPointerException
stderr  : 	at eu.supersede.integration.api.datastore.proxies.IFDataStoreProxy.getSupersedePlatforms(IFDataStoreProxy.java:57)
	at eu.supersede.integration.federation.SupersedeFederation.<init>(SupersedeFederation.java:32)
	at eu.supersede.integration.federation.teststderr  : .IFSupersedeFederationTest.setup(IFSupersedeFederationTest.java:40)
	at sun.reflect.NativeMethodAccessorImpl.invoke0(Native Method)
	at sun.reflect.NativeMethodAccessorImpl.invoke(NativeMethodAccessorImpl.java:62)
	at sun.reflect.DelegatingMethodAccessorImstderr  : pl.invoke(DelegatingMethodAccessorImpl.java:43)
	at java.lang.reflect.Method.invoke(Method.java:498)
	at org.junit.runners.model.FrameworkMethod$1.runReflectiveCall(FrameworkMethod.java:50)
	at org.junit.internal.runners.model.ReflectiveCallable.run(Reflecstderr  : tiveCallable.java:12)
	at org.junit.runners.model.FrameworkMethod.invokeExplosively(FrameworkMethod.java:47)
	at org.junit.internal.runners.statements.RunBefores.evaluate(RunBefores.java:24)
	at org.junit.runners.ParentRunner.run(ParentRunner.java:363)
	atstderr  :  org.pitest.junit.adapter.CustomRunnerExecutor.run(CustomRunnerExecutor.java:42)
	at org.pitest.junit.adapter.AdaptedJUnitTestUnit.execute(AdaptedJUnitTestUnit.java:69)
	at org.pitest.mutationtest.execute.MutationTimeoutDecorator.lambda$createRunnable$0(Mustderr  : tationTimeoutDecorator.java:83)
	at java.util.concurrent.Executors$RunnableAdapter.call(Executors.java:511)
	at java.util.concurrent.FutureTask.run(FutureTask.java:266)
	at java.lang.Thread.run(Thread.java:748)
-\|/-\|/-\|/-\|/-\|/-\|/-\|/-\|/-\|/-\|/-\|/-\|/-\|/-\|/-\|/-\|/-\|/-\|/-\|/-\|/-\|/-\|/-\|/-\|/-\|/-\|/-\|/-11:14:49 AM PIT >> INFO : Completed in 3257 seconds
================================================================================
- Timings
================================================================================
> scan classpath : < 1 second
> coverage and dependency analysis : 3 minutes and 52 seconds
> build mutation tests : < 1 second
> run mutation analysis : 50 minutes and 23 seconds
--------------------------------------------------------------------------------
> Total  : 54 minutes and 16 seconds
--------------------------------------------------------------------------------
================================================================================
- Statistics
================================================================================
>> Generated 631 mutations Killed 270 (43%)
>> Ran 1744 tests (2.76 tests per mutation)
================================================================================
- Mutators
================================================================================
> ""
>> Generated 37 Killed 14 (38%)
> KILLED 12 SURVIVED 1 TIMED_OUT 2 NON_VIABLE 0 
> MEMORY_ERROR 0 NOT_STARTED 0 STARTED 0 RUN_ERROR 0 
> NO_COVERAGE 22 
--------------------------------------------------------------------------------
> 0
>> Generated 3 Killed 1 (33%)
> KILLED 0 SURVIVED 1 TIMED_OUT 1 NON_VIABLE 0 
> MEMORY_ERROR 0 NOT_STARTED 0 STARTED 0 RUN_ERROR 0 
> NO_COVERAGE 1 
--------------------------------------------------------------------------------
> 1
>> Generated 3 Killed 1 (33%)
> KILLED 0 SURVIVED 1 TIMED_OUT 1 NON_VIABLE 0 
> MEMORY_ERROR 0 NOT_STARTED 0 STARTED 0 RUN_ERROR 0 
> NO_COVERAGE 1 
--------------------------------------------------------------------------------
> "A"
>> Generated 37 Killed 13 (35%)
> KILLED 10 SURVIVED 2 TIMED_OUT 3 NON_VIABLE 0 
> MEMORY_ERROR 0 NOT_STARTED 0 STARTED 0 RUN_ERROR 0 
> NO_COVERAGE 22 
--------------------------------------------------------------------------------
> void
>> Generated 79 Killed 15 (19%)
> KILLED 8 SURVIVED 3 TIMED_OUT 7 NON_VIABLE 0 
> MEMORY_ERROR 0 NOT_STARTED 0 STARTED 0 RUN_ERROR 0 
> NO_COVERAGE 61 
--------------------------------------------------------------------------------
> null
>> Generated 438 Killed 215 (49%)
> KILLED 201 SURVIVED 6 TIMED_OUT 14 NON_VIABLE 0 
> MEMORY_ERROR 0 NOT_STARTED 0 STARTED 0 RUN_ERROR 0 
> NO_COVERAGE 217 
--------------------------------------------------------------------------------
> false
>> Generated 12 Killed 3 (25%)
> KILLED 1 SURVIVED 0 TIMED_OUT 2 NON_VIABLE 0 
> MEMORY_ERROR 0 NOT_STARTED 0 STARTED 0 RUN_ERROR 0 
> NO_COVERAGE 9 
--------------------------------------------------------------------------------
> true
>> Generated 12 Killed 2 (17%)
> KILLED 0 SURVIVED 1 TIMED_OUT 2 NON_VIABLE 0 
> MEMORY_ERROR 0 NOT_STARTED 0 STARTED 0 RUN_ERROR 0 
> NO_COVERAGE 9 
--------------------------------------------------------------------------------
> empty
>> Generated 10 Killed 6 (60%)
> KILLED 6 SURVIVED 0 TIMED_OUT 0 NON_VIABLE 0 
> MEMORY_ERROR 0 NOT_STARTED 0 STARTED 0 RUN_ERROR 0 
> NO_COVERAGE 4 
--------------------------------------------------------------------------------
[INFO] ------------------------------------------------------------------------
[INFO] BUILD SUCCESS
[INFO] ------------------------------------------------------------------------
[INFO] Total time: 54:21 min
[INFO] Finished at: 2018-10-18T11:14:49+02:00
[INFO] ------------------------------------------------------------------------
1223.97user 148.25system 54:23.01elapsed 42%CPU (0avgtext+0avgdata 612656maxresident)k
31144inputs+1280312outputs (83major+14587721minor)pagefaults 0swaps
